<?xml version="1.0" encoding="UTF-8"?>
<testsuite xmlns:xsi="http://www.w3.org/2001/XMLSchema-instance" xsi:noNamespaceSchemaLocation="https://maven.apache.org/surefire/maven-failsafe-plugin/xsd/failsafe-test-report-3.0.xsd" version="3.0" name="starter.CucumberTestSuite" time="29.727" tests="1" errors="0" skipped="0" failures="0">
  <properties>
[...]
</properties>
  <testcase name="as user i want to edit data KA" classname="As a user i want to success edit data KA" time="23.108">
    <system-out><![CDATA[20:22:02.978 [main] DEBUG net.thucydides.core.guice.Injectors - Created injector for module net.thucydides.core.guice.ThucydidesModule
20:22:03.552 [main] DEBUG io.cucumber.core.plugin.SerenityReporter - Running feature from file:///D:/D/QE_Alta/capstone/web-automation-test/src/test/resources/features/Admin/DaftarKeretaApi/DeleteKA.feature
20:22:03.831 [main] DEBUG net.thucydides.core.guice.Injectors - Created injector for module net.thucydides.core.guice.webdriver.WebDriverModule
20:22:03.859 [main] INFO  - 

-------------------------------------------------------------------------------------
     _______. _______ .______       _______ .__   __.  __  .___________.____    ____ 
    /       ||   ____||   _  \     |   ____||  \ |  | |  | |           |\   \  /   / 
   |   (----`|  |__   |  |_)  |    |  |__   |   \|  | |  | `---|  |----` \   \/   /  
    \   \    |   __|  |      /     |   __|  |  . `  | |  |     |  |       \_    _/   
.----)   |   |  |____ |  |\  \----.|  |____ |  |\   | |  |     |  |         |  |     
|_______/    |_______|| _| `._____||_______||__| \__| |__|     |__|         |__|    
                                                                                     
 News and tutorials at http://www.serenity-bdd.info                                  
 Documentation at https://wakaleo.gitbooks.io/the-serenity-book/content/             
 Join the Serenity Community on Gitter: https://gitter.im/serenity-bdd/serenity-core 
 Serenity BDD Support and Training at http://serenity-bdd.info/#/trainingandsupport  
-------------------------------------------------------------------------------------

20:22:03.862 [main] DEBUG net.thucydides.core.steps.StepEventBus - Test suite started for story net.thucydides.core.model.Story@b866baff
20:22:03.864 [main] INFO  - Test Suite Started: As a user i want to success see detail data KA
20:22:03.887 [main] DEBUG io.cucumber.core.plugin.SerenityReporter - Running feature from file:///D:/D/QE_Alta/capstone/web-automation-test/src/test/resources/features/Admin/DaftarKeretaApi/DetailKA.feature
20:22:03.893 [main] DEBUG net.thucydides.core.steps.StepEventBus - Test suite started for story net.thucydides.core.model.Story@cae7b625
20:22:03.894 [main] INFO  - Test Suite Started: As a user i want to success see detail data KA
20:22:03.894 [main] DEBUG io.cucumber.core.plugin.SerenityReporter - Running feature from file:///D:/D/QE_Alta/capstone/web-automation-test/src/test/resources/features/Admin/DaftarKeretaApi/EditKA.feature
20:22:03.901 [main] DEBUG net.thucydides.core.steps.StepEventBus - Test suite started for story net.thucydides.core.model.Story@69ea54bf
20:22:03.901 [main] INFO  - Test Suite Started: As a user i want to success edit data KA
20:22:03.902 [main] DEBUG io.cucumber.core.plugin.SerenityReporter - Running feature from file:///D:/D/QE_Alta/capstone/web-automation-test/src/test/resources/features/Admin/DaftarKeretaApi/TambahKA.feature
20:22:03.912 [main] DEBUG net.thucydides.core.steps.StepEventBus - Test suite started for story net.thucydides.core.model.Story@549418e3
20:22:03.913 [main] INFO  - Test Suite Started: As a user i want to add a new KA
20:22:03.914 [main] DEBUG io.cucumber.core.plugin.SerenityReporter - Running feature from file:///D:/D/QE_Alta/capstone/web-automation-test/src/test/resources/features/Admin/DaftarPengguna/EditPengguna.feature
20:22:03.920 [main] DEBUG net.thucydides.core.steps.StepEventBus - Test suite started for story net.thucydides.core.model.Story@7252840b
20:22:03.922 [main] INFO  - Test Suite Started: As a user i want to edit user
20:22:03.922 [main] DEBUG io.cucumber.core.plugin.SerenityReporter - Running feature from file:///D:/D/QE_Alta/capstone/web-automation-test/src/test/resources/features/Admin/DaftarPengguna/TambahPengguna.feature
20:22:03.928 [main] DEBUG net.thucydides.core.steps.StepEventBus - Test suite started for story net.thucydides.core.model.Story@6acd74c3
20:22:03.929 [main] INFO  - Test Suite Started: As a user i want to create a new user
20:22:03.933 [main] DEBUG io.cucumber.core.plugin.SerenityReporter - Running feature from file:///D:/D/QE_Alta/capstone/web-automation-test/src/test/resources/features/Admin/DaftarStasiun/DaftarStasiun.feature
20:22:03.939 [main] DEBUG net.thucydides.core.steps.StepEventBus - Test suite started for story net.thucydides.core.model.Story@ae56d94d
20:22:03.940 [main] INFO  - Test Suite Started: as a admin, i want cek all information about station
20:22:03.941 [main] DEBUG io.cucumber.core.plugin.SerenityReporter - Running feature from file:///D:/D/QE_Alta/capstone/web-automation-test/src/test/resources/features/Admin/DaftarTiketKeretaApi/DaftarTiketKA.feature
20:22:03.950 [main] DEBUG net.thucydides.core.steps.StepEventBus - Test suite started for story net.thucydides.core.model.Story@a81c0e2c
20:22:03.951 [main] INFO  - Test Suite Started: As a admin i want to see ticket of KA
20:22:03.952 [main] DEBUG io.cucumber.core.plugin.SerenityReporter - Running feature from file:///D:/D/QE_Alta/capstone/web-automation-test/src/test/resources/features/Admin/DaftarKeretaApi/EditKA.feature
20:22:03.957 [main] DEBUG net.thucydides.core.steps.StepEventBus - Test suite started for story net.thucydides.core.model.Story@69ea54bf
20:22:03.958 [main] INFO  - Test Suite Started: As a user i want to success edit data KA

@EditKA-EditTambahRutePerjalanan
Scenario: as user i want to edit data KA &amp#27;[90m# src/test/resources/features/Admin/DaftarKeretaApi/EditKA.feature:20&amp#27;[0m
20:22:04.133 [main] DEBUG io.cucumber.core.plugin.SerenityReporter - Running feature from file:///D:/D/QE_Alta/capstone/web-automation-test/src/test/resources/features/Admin/DaftarKeretaApi/EditKA.feature
20:22:04.399 [main] INFO  - 
  _____   ___   ___   _____     ___   _____     _     ___   _____   ___   ___  
 |_   _| | __| / __| |_   _|   / __| |_   _|   /_\   | _ \ |_   _| | __| |   \ 
   | |   | _|  \__ \   | |     \__ \   | |    / _ \  |   /   | |   | _|  | |) |
   |_|   |___| |___/   |_|     |___/   |_|   /_/ \_\ |_|_\   |_|   |___| |___/ 

as user i want to edit data KA(as-a-user-i-want-to-success-edit-data-ka;as-user-i-want-to-edit-data-ka)
--------------------------------------------------------------------------------
20:22:04.483 [main] DEBUG net.thucydides.core.requirements.FileSystemRequirementsTagProvider - Loading requirements from directory: D:\D\QE_Alta\capstone\web-automation-test\src\test\resources\features\Admin (D:\D\QE_Alta\capstone\web-automation-test\src\test\resources\features\Admin)
20:22:04.484 [main] DEBUG net.thucydides.core.requirements.FileSystemRequirementsTagProvider - Get requirements type for: D:\D\QE_Alta\capstone\web-automation-test\src\test\resources\features\Admin (D:\D\QE_Alta\capstone\web-automation-test\src\test\resources\features\Admin)
20:22:04.494 [main] DEBUG net.thucydides.core.requirements.FileSystemRequirementsTagProvider - Loading requirements from directory: D:\D\QE_Alta\capstone\web-automation-test\src\test\resources\features\Admin\DaftarKeretaApi (D:\D\QE_Alta\capstone\web-automation-test\src\test\resources\features\Admin\DaftarKeretaApi)
20:22:04.494 [main] DEBUG net.thucydides.core.requirements.FileSystemRequirementsTagProvider - Get requirements type for: D:\D\QE_Alta\capstone\web-automation-test\src\test\resources\features\Admin\DaftarKeretaApi (D:\D\QE_Alta\capstone\web-automation-test\src\test\resources\features\Admin\DaftarKeretaApi)
20:22:04.515 [main] DEBUG net.thucydides.core.requirements.model.cucumber.CucumberParser - Loading feature D:\D\QE_Alta\capstone\web-automation-test\src\test\resources\features\Admin\DaftarKeretaApi\DeleteKA.feature
20:22:04.539 [main] DEBUG net.thucydides.core.requirements.model.cucumber.CucumberParser - Loading feature D:\D\QE_Alta\capstone\web-automation-test\src\test\resources\features\Admin\DaftarKeretaApi\DetailKA.feature
20:22:04.545 [main] DEBUG net.thucydides.core.requirements.model.cucumber.CucumberParser - Loading feature D:\D\QE_Alta\capstone\web-automation-test\src\test\resources\features\Admin\DaftarKeretaApi\EditKA.feature
20:22:04.555 [main] DEBUG net.thucydides.core.requirements.model.cucumber.CucumberParser - Loading feature D:\D\QE_Alta\capstone\web-automation-test\src\test\resources\features\Admin\DaftarKeretaApi\TambahKA.feature
20:22:04.573 [main] DEBUG net.thucydides.core.requirements.FileSystemRequirementsTagProvider - Loading requirements from directory: D:\D\QE_Alta\capstone\web-automation-test\src\test\resources\features\Admin\DaftarPengguna (D:\D\QE_Alta\capstone\web-automation-test\src\test\resources\features\Admin\DaftarPengguna)
20:22:04.574 [main] DEBUG net.thucydides.core.requirements.FileSystemRequirementsTagProvider - Get requirements type for: D:\D\QE_Alta\capstone\web-automation-test\src\test\resources\features\Admin\DaftarPengguna (D:\D\QE_Alta\capstone\web-automation-test\src\test\resources\features\Admin\DaftarPengguna)
20:22:04.585 [main] DEBUG net.thucydides.core.requirements.model.cucumber.CucumberParser - Loading feature D:\D\QE_Alta\capstone\web-automation-test\src\test\resources\features\Admin\DaftarPengguna\EditPengguna.feature
20:22:04.593 [main] DEBUG net.thucydides.core.requirements.model.cucumber.CucumberParser - Loading feature D:\D\QE_Alta\capstone\web-automation-test\src\test\resources\features\Admin\DaftarPengguna\TambahPengguna.feature
20:22:04.600 [main] DEBUG net.thucydides.core.requirements.FileSystemRequirementsTagProvider - Loading requirements from directory: D:\D\QE_Alta\capstone\web-automation-test\src\test\resources\features\Admin\DaftarStasiun (D:\D\QE_Alta\capstone\web-automation-test\src\test\resources\features\Admin\DaftarStasiun)
20:22:04.601 [main] DEBUG net.thucydides.core.requirements.FileSystemRequirementsTagProvider - Get requirements type for: D:\D\QE_Alta\capstone\web-automation-test\src\test\resources\features\Admin\DaftarStasiun (D:\D\QE_Alta\capstone\web-automation-test\src\test\resources\features\Admin\DaftarStasiun)
20:22:04.616 [main] DEBUG net.thucydides.core.requirements.model.cucumber.CucumberParser - Loading feature D:\D\QE_Alta\capstone\web-automation-test\src\test\resources\features\Admin\DaftarStasiun\DaftarStasiun.feature
20:22:04.624 [main] DEBUG net.thucydides.core.requirements.FileSystemRequirementsTagProvider - Loading requirements from directory: D:\D\QE_Alta\capstone\web-automation-test\src\test\resources\features\Admin\DaftarTiketKeretaApi (D:\D\QE_Alta\capstone\web-automation-test\src\test\resources\features\Admin\DaftarTiketKeretaApi)
20:22:04.624 [main] DEBUG net.thucydides.core.requirements.FileSystemRequirementsTagProvider - Get requirements type for: D:\D\QE_Alta\capstone\web-automation-test\src\test\resources\features\Admin\DaftarTiketKeretaApi (D:\D\QE_Alta\capstone\web-automation-test\src\test\resources\features\Admin\DaftarTiketKeretaApi)
20:22:04.635 [main] DEBUG net.thucydides.core.requirements.model.cucumber.CucumberParser - Loading feature D:\D\QE_Alta\capstone\web-automation-test\src\test\resources\features\Admin\DaftarTiketKeretaApi\DaftarTiketKA.feature
20:22:05.810 [main] DEBUG net.thucydides.core.steps.StepInterceptor - STARTING STEP: DetailKASteps.userOnLoginPage - onLoginPage
20:22:05.864 [main] INFO net.serenitybdd.core.webdriver.driverproviders.DriverProvider - Using WebDriverManager configuration for chrome
20:22:06.806 [main] DEBUG io.github.bonigarcia.wdm.cache.ResolutionCache - Resolution chrome=114 in cache (valid until 20:58:55 20/06/2023 ICT)
20:22:06.807 [main] DEBUG io.github.bonigarcia.wdm.cache.ResolutionCache - Resolution chrome114=114.0.5735.90 in cache (valid until 19:58:55 21/06/2023 ICT)
20:22:06.808 [main] INFO io.github.bonigarcia.wdm.WebDriverManager - Using chromedriver 114.0.5735.90 (resolved driver for Chrome 114)
20:22:06.845 [main] DEBUG io.github.bonigarcia.wdm.WebDriverManager - Driver chromedriver 114.0.5735.90 found in cache
20:22:06.847 [main] INFO io.github.bonigarcia.wdm.WebDriverManager - Exporting webdriver.chrome.driver as C:\Users\ADW User ACR\.cache\selenium\chromedriver\win32\114.0.5735.90\chromedriver.exe
20:22:06.958 [main] INFO net.serenitybdd.core.webdriver.driverproviders.ChromeDriverProvider - Starting Chrome driver instance with capabilities:
20:22:06.962 [main] INFO net.serenitybdd.core.webdriver.driverproviders.ChromeDriverProvider - Capabilities {acceptInsecureCerts: true, browserName: chrome, goog:chromeOptions: {args: [remote-allow-origins=*, test-type, no-sandbox, ignore-certificate-errors, start-maximized, incognito, disable-infobars, disable-gpu, disable-default-apps, disable-popup-blocking, remote-allow-origins=*, test-type, no-sandbox, ignore-certificate-errors, start-maximized, incognito, disable-infobars, disable-gpu, disable-default-apps, disable-popup-blocking, remote-allow-origins=*], extensions: []}}
20:22:07.107 [main] DEBUG io.netty.util.internal.logging.InternalLoggerFactory - Using SLF4J as the default logging framework
20:22:07.111 [main] DEBUG io.netty.util.ResourceLeakDetector - -Dio.netty.leakDetection.level: simple
20:22:07.111 [main] DEBUG io.netty.util.ResourceLeakDetector - -Dio.netty.leakDetection.targetRecords: 4
20:22:07.116 [main] DEBUG io.netty.util.ResourceLeakDetectorFactory - Loaded default ResourceLeakDetector: io.netty.util.ResourceLeakDetector@3bec5821
20:22:07.146 [main] DEBUG io.netty.util.internal.PlatformDependent0 - -Dio.netty.noUnsafe: false
20:22:07.146 [main] DEBUG io.netty.util.internal.PlatformDependent0 - Java version: 8
20:22:07.147 [main] DEBUG io.netty.util.internal.PlatformDependent0 - sun.misc.Unsafe.theUnsafe: available
20:22:07.148 [main] DEBUG io.netty.util.internal.PlatformDependent0 - sun.misc.Unsafe.copyMemory: available
20:22:07.149 [main] DEBUG io.netty.util.internal.PlatformDependent0 - sun.misc.Unsafe.storeFence: available
20:22:07.150 [main] DEBUG io.netty.util.internal.PlatformDependent0 - java.nio.Buffer.address: available
20:22:07.151 [main] DEBUG io.netty.util.internal.PlatformDependent0 - direct buffer constructor: available
20:22:07.153 [main] DEBUG io.netty.util.internal.PlatformDependent0 - java.nio.Bits.unaligned: available, true
20:22:07.153 [main] DEBUG io.netty.util.internal.PlatformDependent0 - jdk.internal.misc.Unsafe.allocateUninitializedArray(int): unavailable prior to Java9
20:22:07.153 [main] DEBUG io.netty.util.internal.PlatformDependent0 - java.nio.DirectByteBuffer.<init>(long, int): available
20:22:07.153 [main] DEBUG io.netty.util.internal.PlatformDependent - sun.misc.Unsafe: available
20:22:07.154 [main] DEBUG io.netty.util.internal.PlatformDependent - -Dio.netty.tmpdir: C:\Users\ADWUSE~1\AppData\Local\Temp (java.io.tmpdir)
20:22:07.154 [main] DEBUG io.netty.util.internal.PlatformDependent - -Dio.netty.bitMode: 64 (sun.arch.data.model)
20:22:07.154 [main] DEBUG io.netty.util.internal.PlatformDependent - Platform: Windows
20:22:07.156 [main] DEBUG io.netty.util.internal.PlatformDependent - -Dio.netty.maxDirectMemory: 1840250880 bytes
20:22:07.156 [main] DEBUG io.netty.util.internal.PlatformDependent - -Dio.netty.uninitializedArrayAllocationThreshold: -1
20:22:07.157 [main] DEBUG io.netty.util.internal.CleanerJava6 - java.nio.ByteBuffer.cleaner(): available
20:22:07.158 [main] DEBUG io.netty.util.internal.PlatformDependent - -Dio.netty.noPreferDirect: false
20:22:07.172 [main] DEBUG io.netty.util.internal.PlatformDependent - org.jctools-core.MpscChunkedArrayQueue: available
20:22:07.207 [main] DEBUG io.netty.util.internal.InternalThreadLocalMap - -Dio.netty.threadLocalMap.stringBuilder.initialSize: 1024
20:22:07.208 [main] DEBUG io.netty.util.internal.InternalThreadLocalMap - -Dio.netty.threadLocalMap.stringBuilder.maxSize: 4096
20:22:07.260 [main] DEBUG io.netty.handler.ssl.JdkSslContext - Default protocols (JDK): [TLSv1.2, TLSv1.1, TLSv1] 
20:22:07.260 [main] DEBUG io.netty.handler.ssl.JdkSslContext - Default cipher suites (JDK): [TLS_ECDHE_ECDSA_WITH_AES_256_GCM_SHA384, TLS_ECDHE_ECDSA_WITH_AES_128_GCM_SHA256, TLS_ECDHE_RSA_WITH_AES_128_GCM_SHA256, TLS_ECDHE_RSA_WITH_AES_256_GCM_SHA384, TLS_ECDHE_RSA_WITH_AES_128_CBC_SHA, TLS_ECDHE_RSA_WITH_AES_256_CBC_SHA, TLS_RSA_WITH_AES_128_GCM_SHA256, TLS_RSA_WITH_AES_128_CBC_SHA, TLS_RSA_WITH_AES_256_CBC_SHA]
20:22:07.388 [main] DEBUG io.netty.channel.MultithreadEventLoopGroup - -Dio.netty.eventLoopThreads: 8
20:22:07.400 [main] DEBUG io.netty.channel.nio.NioEventLoop - -Dio.netty.noKeySetOptimization: false
20:22:07.400 [main] DEBUG io.netty.channel.nio.NioEventLoop - -Dio.netty.selectorAutoRebuildThreshold: 512
20:22:07.451 [main] DEBUG io.netty.buffer.PooledByteBufAllocator - -Dio.netty.allocator.numHeapArenas: 8
20:22:07.451 [main] DEBUG io.netty.buffer.PooledByteBufAllocator - -Dio.netty.allocator.numDirectArenas: 8
20:22:07.451 [main] DEBUG io.netty.buffer.PooledByteBufAllocator - -Dio.netty.allocator.pageSize: 8192
20:22:07.451 [main] DEBUG io.netty.buffer.PooledByteBufAllocator - -Dio.netty.allocator.maxOrder: 9
20:22:07.451 [main] DEBUG io.netty.buffer.PooledByteBufAllocator - -Dio.netty.allocator.chunkSize: 4194304
20:22:07.451 [main] DEBUG io.netty.buffer.PooledByteBufAllocator - -Dio.netty.allocator.smallCacheSize: 256
20:22:07.451 [main] DEBUG io.netty.buffer.PooledByteBufAllocator - -Dio.netty.allocator.normalCacheSize: 64
20:22:07.451 [main] DEBUG io.netty.buffer.PooledByteBufAllocator - -Dio.netty.allocator.maxCachedBufferCapacity: 32768
20:22:07.451 [main] DEBUG io.netty.buffer.PooledByteBufAllocator - -Dio.netty.allocator.cacheTrimInterval: 8192
20:22:07.451 [main] DEBUG io.netty.buffer.PooledByteBufAllocator - -Dio.netty.allocator.cacheTrimIntervalMillis: 0
20:22:07.452 [main] DEBUG io.netty.buffer.PooledByteBufAllocator - -Dio.netty.allocator.useCacheForAllThreads: false
20:22:07.452 [main] DEBUG io.netty.buffer.PooledByteBufAllocator - -Dio.netty.allocator.maxCachedByteBuffersPerChunk: 1023
20:22:07.465 [main] DEBUG io.netty.buffer.ByteBufUtil - -Dio.netty.allocator.type: pooled
20:22:07.466 [main] DEBUG io.netty.buffer.ByteBufUtil - -Dio.netty.threadLocalDirectBufferSize: 0
20:22:07.466 [main] DEBUG io.netty.buffer.ByteBufUtil - -Dio.netty.maxThreadLocalCharBufferSize: 16384
20:22:08.465 [Forwarding newSession on session null to remote] DEBUG io.netty.channel.DefaultChannelId - -Dio.netty.processId: 3000 (auto-detected)
20:22:08.468 [Forwarding newSession on session null to remote] DEBUG io.netty.util.NetUtil - -Djava.net.preferIPv4Stack: false
20:22:08.468 [Forwarding newSession on session null to remote] DEBUG io.netty.util.NetUtil - -Djava.net.preferIPv6Addresses: false
20:22:08.807 [Forwarding newSession on session null to remote] DEBUG io.netty.util.NetUtilInitializations - Loopback interface: lo (Software Loopback Interface 1, 127.0.0.1)
20:22:08.808 [Forwarding newSession on session null to remote] DEBUG io.netty.util.NetUtil - Failed to get SOMAXCONN from sysctl and file \proc\sys\net\core\somaxconn. Default: 200
20:22:08.835 [Forwarding newSession on session null to remote] DEBUG io.netty.channel.DefaultChannelId - -Dio.netty.machineId: a4:02:b9:ff:fe:26:7f:1e (auto-detected)
20:22:08.924 [AsyncHttpClient-1-2] DEBUG io.netty.buffer.AbstractByteBuf - -Dio.netty.buffer.checkAccessible: true
20:22:08.924 [AsyncHttpClient-1-2] DEBUG io.netty.buffer.AbstractByteBuf - -Dio.netty.buffer.checkBounds: true
20:22:08.924 [AsyncHttpClient-1-2] DEBUG io.netty.util.ResourceLeakDetectorFactory - Loaded default ResourceLeakDetector: io.netty.util.ResourceLeakDetector@6b8fc8ed
20:22:08.947 [AsyncHttpClient-1-2] DEBUG org.asynchttpclient.netty.channel.NettyConnectListener - Using new Channel '[id: 0xc2afc00c, L:/127.0.0.1:64706 - R:localhost/127.0.0.1:2768]' for 'POST' to '/session'
20:22:08.977 [AsyncHttpClient-1-2] DEBUG io.netty.util.Recycler - -Dio.netty.recycler.maxCapacityPerThread: 4096
20:22:08.977 [AsyncHttpClient-1-2] DEBUG io.netty.util.Recycler - -Dio.netty.recycler.ratio: 8
20:22:08.977 [AsyncHttpClient-1-2] DEBUG io.netty.util.Recycler - -Dio.netty.recycler.chunkSize: 32
20:22:08.977 [AsyncHttpClient-1-2] DEBUG io.netty.util.Recycler - -Dio.netty.recycler.blocking: false
20:22:09.989 [AsyncHttpClient-1-2] DEBUG io.netty.handler.codec.compression.Brotli - brotli4j not in the classpath; Brotli support will be unavailable.
20:22:09.990 [AsyncHttpClient-1-2] DEBUG org.asynchttpclient.netty.handler.HttpHandler - 

Request DefaultHttpRequest(decodeResult: success, version: HTTP/1.1)
POST /session HTTP/1.1
User-Agent: selenium/4.8.1 (java windows)
Content-Length: 1701
Content-Type: application/json; charset=utf-8
host: localhost:2768
accept: */*

Response DefaultHttpResponse(decodeResult: success, version: HTTP/1.1)
HTTP/1.1 200 OK
Content-Length: 863
Content-Type: application/json; charset=utf-8
cache-control: no-cache

20:22:10.006 [AsyncHttpClient-1-2] DEBUG org.asynchttpclient.netty.channel.ChannelManager - Adding key: http://localhost:2768 for channel [id: 0xc2afc00c, L:/127.0.0.1:64706 - R:localhost/127.0.0.1:2768]
20:22:10.137 [AsyncHttpClient-1-3] DEBUG org.asynchttpclient.netty.channel.NettyConnectListener - Using new Channel '[id: 0x55f549c0, L:/127.0.0.1:64713 - R:localhost/127.0.0.1:64707]' for 'GET' to '/json/version'
20:22:10.140 [AsyncHttpClient-1-3] DEBUG org.asynchttpclient.netty.handler.HttpHandler - 

Request DefaultFullHttpRequest(decodeResult: success, version: HTTP/1.1, content: EmptyByteBufBE)
GET /json/version HTTP/1.1
User-Agent: selenium/4.8.1 (java windows)
host: localhost:64707
accept: */*

Response DefaultHttpResponse(decodeResult: success, version: HTTP/1.1)
HTTP/1.1 200 OK
Content-Security-Policy: frame-ancestors 'none'
Content-Length: 424
Content-Type: application/json; charset=UTF-8

20:22:10.141 [AsyncHttpClient-1-3] DEBUG org.asynchttpclient.netty.channel.ChannelManager - Adding key: http://localhost:64707 for channel [id: 0x55f549c0, L:/127.0.0.1:64713 - R:localhost/127.0.0.1:64707]
20:22:10.154 [main] DEBUG io.netty.util.internal.ThreadLocalRandom - -Dio.netty.initialSeedUniquifier: 0xe03736c4c6d33eb4
20:22:10.163 [AsyncHttpClient-1-4] DEBUG org.asynchttpclient.netty.channel.NettyConnectListener - Using new Channel '[id: 0x8182d44e, L:/127.0.0.1:64714 - R:localhost/127.0.0.1:64707]' for 'GET' to '/devtools/browser/da59dd76-d47a-4702-aac5-ed1b9b02495d'
20:22:10.166 [AsyncHttpClient-1-4] DEBUG org.asynchttpclient.netty.handler.WebSocketHandler - 

Request DefaultFullHttpRequest(decodeResult: success, version: HTTP/1.1, content: EmptyByteBufBE)
GET /devtools/browser/da59dd76-d47a-4702-aac5-ed1b9b02495d HTTP/1.1
upgrade: websocket
connection: upgrade
sec-websocket-key: V1VYt8HMLsP+PfkzTuzwyg==
sec-websocket-version: 13
origin: http://localhost:64707
host: localhost:64707
accept: */*
user-agent: AHC/2.1

Response DefaultHttpResponse(decodeResult: success, version: HTTP/1.1)
HTTP/1.1 101 WebSocket Protocol Handshake
Upgrade: WebSocket
Connection: Upgrade
Sec-WebSocket-Accept: uZHb11kVdsfdKEbJEpM4sL43D1E=

20:22:10.338 [Forwarding get on session c28335c55b1867f470be9ce31c0be510 to remote] DEBUG org.asynchttpclient.netty.request.NettyRequestSender - Using pooled Channel '[id: 0xc2afc00c, L:/127.0.0.1:64706 - R:localhost/127.0.0.1:2768]' for 'POST' to 'http://localhost:2768/session/c28335c55b1867f470be9ce31c0be510/url'
20:22:10.338 [Forwarding get on session c28335c55b1867f470be9ce31c0be510 to remote] DEBUG org.asynchttpclient.netty.request.NettyRequestSender - Using open Channel [id: 0xc2afc00c, L:/127.0.0.1:64706 - R:localhost/127.0.0.1:2768] for POST '/session/c28335c55b1867f470be9ce31c0be510/url'
20:22:10.487 [AsyncHttpClient-1-1] DEBUG org.asynchttpclient.netty.channel.DefaultChannelPool - Entry count for : http://localhost:64707 : 1
20:22:11.274 [AsyncHttpClient-1-2] DEBUG org.asynchttpclient.netty.handler.HttpHandler - 

Request DefaultHttpRequest(decodeResult: success, version: HTTP/1.1)
POST /session/c28335c55b1867f470be9ce31c0be510/url HTTP/1.1
User-Agent: selenium/4.8.1 (java windows)
Content-Length: 64
Content-Type: application/json; charset=utf-8
host: localhost:2768
accept: */*

Response DefaultHttpResponse(decodeResult: success, version: HTTP/1.1)
HTTP/1.1 200 OK
Content-Length: 14
Content-Type: application/json; charset=utf-8
cache-control: no-cache

20:22:11.275 [AsyncHttpClient-1-2] DEBUG org.asynchttpclient.netty.channel.ChannelManager - Adding key: http://localhost:2768 for channel [id: 0xc2afc00c, L:/127.0.0.1:64706 - R:localhost/127.0.0.1:2768]
20:22:11.283 [Forwarding setTimeout on session c28335c55b1867f470be9ce31c0be510 to remote] DEBUG org.asynchttpclient.netty.request.NettyRequestSender - Using pooled Channel '[id: 0xc2afc00c, L:/127.0.0.1:64706 - R:localhost/127.0.0.1:2768]' for 'POST' to 'http://localhost:2768/session/c28335c55b1867f470be9ce31c0be510/timeouts'
20:22:11.283 [Forwarding setTimeout on session c28335c55b1867f470be9ce31c0be510 to remote] DEBUG org.asynchttpclient.netty.request.NettyRequestSender - Using open Channel [id: 0xc2afc00c, L:/127.0.0.1:64706 - R:localhost/127.0.0.1:2768] for POST '/session/c28335c55b1867f470be9ce31c0be510/timeouts'
20:22:11.285 [AsyncHttpClient-1-2] DEBUG org.asynchttpclient.netty.handler.HttpHandler - 

Request DefaultHttpRequest(decodeResult: success, version: HTTP/1.1)
POST /session/c28335c55b1867f470be9ce31c0be510/timeouts HTTP/1.1
User-Agent: selenium/4.8.1 (java windows)
Content-Length: 22
Content-Type: application/json; charset=utf-8
host: localhost:2768
accept: */*

Response DefaultHttpResponse(decodeResult: success, version: HTTP/1.1)
HTTP/1.1 200 OK
Content-Length: 14
Content-Type: application/json; charset=utf-8
cache-control: no-cache

20:22:11.286 [AsyncHttpClient-1-2] DEBUG org.asynchttpclient.netty.channel.ChannelManager - Adding key: http://localhost:2768 for channel [id: 0xc2afc00c, L:/127.0.0.1:64706 - R:localhost/127.0.0.1:2768]
20:22:11.332 [Forwarding findElement on session c28335c55b1867f470be9ce31c0be510 to remote] DEBUG org.asynchttpclient.netty.request.NettyRequestSender - Using pooled Channel '[id: 0xc2afc00c, L:/127.0.0.1:64706 - R:localhost/127.0.0.1:2768]' for 'POST' to 'http://localhost:2768/session/c28335c55b1867f470be9ce31c0be510/element'
20:22:11.333 [Forwarding findElement on session c28335c55b1867f470be9ce31c0be510 to remote] DEBUG org.asynchttpclient.netty.request.NettyRequestSender - Using open Channel [id: 0xc2afc00c, L:/127.0.0.1:64706 - R:localhost/127.0.0.1:2768] for POST '/session/c28335c55b1867f470be9ce31c0be510/element'
20:22:11.479 [AsyncHttpClient-1-2] DEBUG org.asynchttpclient.netty.handler.HttpHandler - 

Request DefaultHttpRequest(decodeResult: success, version: HTTP/1.1)
POST /session/c28335c55b1867f470be9ce31c0be510/element HTTP/1.1
User-Agent: selenium/4.8.1 (java windows)
Content-Length: 67
Content-Type: application/json; charset=utf-8
host: localhost:2768
accept: */*

Response DefaultHttpResponse(decodeResult: success, version: HTTP/1.1)
HTTP/1.1 200 OK
Content-Length: 95
Content-Type: application/json; charset=utf-8
cache-control: no-cache

20:22:11.479 [AsyncHttpClient-1-2] DEBUG org.asynchttpclient.netty.channel.ChannelManager - Adding key: http://localhost:2768 for channel [id: 0xc2afc00c, L:/127.0.0.1:64706 - R:localhost/127.0.0.1:2768]
20:22:11.513 [Forwarding isElementDisplayed on session c28335c55b1867f470be9ce31c0be510 to remote] DEBUG org.asynchttpclient.netty.request.NettyRequestSender - Using pooled Channel '[id: 0xc2afc00c, L:/127.0.0.1:64706 - R:localhost/127.0.0.1:2768]' for 'POST' to 'http://localhost:2768/session/c28335c55b1867f470be9ce31c0be510/execute/sync'
20:22:11.514 [Forwarding isElementDisplayed on session c28335c55b1867f470be9ce31c0be510 to remote] DEBUG org.asynchttpclient.netty.request.NettyRequestSender - Using open Channel [id: 0xc2afc00c, L:/127.0.0.1:64706 - R:localhost/127.0.0.1:2768] for POST '/session/c28335c55b1867f470be9ce31c0be510/execute/sync'
20:22:11.567 [AsyncHttpClient-1-2] DEBUG org.asynchttpclient.netty.handler.HttpHandler - 

Request DefaultHttpRequest(decodeResult: success, version: HTTP/1.1)
POST /session/c28335c55b1867f470be9ce31c0be510/execute/sync HTTP/1.1
User-Agent: selenium/4.8.1 (java windows)
Content-Length: 48814
Content-Type: application/json; charset=utf-8
host: localhost:2768
accept: */*

Response DefaultHttpResponse(decodeResult: success, version: HTTP/1.1)
HTTP/1.1 200 OK
Content-Length: 14
Content-Type: application/json; charset=utf-8
cache-control: no-cache

20:22:11.567 [AsyncHttpClient-1-2] DEBUG org.asynchttpclient.netty.channel.ChannelManager - Adding key: http://localhost:2768 for channel [id: 0xc2afc00c, L:/127.0.0.1:64706 - R:localhost/127.0.0.1:2768]
20:22:11.577 [Forwarding isElementDisplayed on session c28335c55b1867f470be9ce31c0be510 to remote] DEBUG org.asynchttpclient.netty.request.NettyRequestSender - Using pooled Channel '[id: 0xc2afc00c, L:/127.0.0.1:64706 - R:localhost/127.0.0.1:2768]' for 'POST' to 'http://localhost:2768/session/c28335c55b1867f470be9ce31c0be510/execute/sync'
20:22:11.577 [Forwarding isElementDisplayed on session c28335c55b1867f470be9ce31c0be510 to remote] DEBUG org.asynchttpclient.netty.request.NettyRequestSender - Using open Channel [id: 0xc2afc00c, L:/127.0.0.1:64706 - R:localhost/127.0.0.1:2768] for POST '/session/c28335c55b1867f470be9ce31c0be510/execute/sync'
20:22:11.579 [AsyncHttpClient-1-1] DEBUG org.asynchttpclient.netty.channel.DefaultChannelPool - Entry count for : http://localhost:64707 : 1
20:22:11.600 [AsyncHttpClient-1-2] DEBUG org.asynchttpclient.netty.handler.HttpHandler - 

Request DefaultHttpRequest(decodeResult: success, version: HTTP/1.1)
POST /session/c28335c55b1867f470be9ce31c0be510/execute/sync HTTP/1.1
User-Agent: selenium/4.8.1 (java windows)
Content-Length: 48814
Content-Type: application/json; charset=utf-8
host: localhost:2768
accept: */*

Response DefaultHttpResponse(decodeResult: success, version: HTTP/1.1)
HTTP/1.1 200 OK
Content-Length: 14
Content-Type: application/json; charset=utf-8
cache-control: no-cache

20:22:11.601 [AsyncHttpClient-1-2] DEBUG org.asynchttpclient.netty.channel.ChannelManager - Adding key: http://localhost:2768 for channel [id: 0xc2afc00c, L:/127.0.0.1:64706 - R:localhost/127.0.0.1:2768]
20:22:11.625 [main] DEBUG net.thucydides.core.steps.StepInterceptor - STEP DONE: onLoginPage
  &amp#27;[32mGiven &amp#27;[0m&amp#27;[32muser on login page&amp#27;[0m               &amp#27;[90m# starter.stepdefinitions.DetailKASteps.userOnLoginPage()&amp#27;[0m
20:22:11.655 [main] DEBUG net.thucydides.core.steps.StepInterceptor - STARTING STEP: DetailKASteps.userInputEmail - inputEmail
20:22:11.666 [Forwarding findElement on session c28335c55b1867f470be9ce31c0be510 to remote] DEBUG org.asynchttpclient.netty.request.NettyRequestSender - Using pooled Channel '[id: 0xc2afc00c, L:/127.0.0.1:64706 - R:localhost/127.0.0.1:2768]' for 'POST' to 'http://localhost:2768/session/c28335c55b1867f470be9ce31c0be510/element'
20:22:11.666 [Forwarding findElement on session c28335c55b1867f470be9ce31c0be510 to remote] DEBUG org.asynchttpclient.netty.request.NettyRequestSender - Using open Channel [id: 0xc2afc00c, L:/127.0.0.1:64706 - R:localhost/127.0.0.1:2768] for POST '/session/c28335c55b1867f470be9ce31c0be510/element'
20:22:11.685 [AsyncHttpClient-1-2] DEBUG org.asynchttpclient.netty.handler.HttpHandler - 

Request DefaultHttpRequest(decodeResult: success, version: HTTP/1.1)
POST /session/c28335c55b1867f470be9ce31c0be510/element HTTP/1.1
User-Agent: selenium/4.8.1 (java windows)
Content-Length: 59
Content-Type: application/json; charset=utf-8
host: localhost:2768
accept: */*

Response DefaultHttpResponse(decodeResult: success, version: HTTP/1.1)
HTTP/1.1 200 OK
Content-Length: 94
Content-Type: application/json; charset=utf-8
cache-control: no-cache

20:22:11.685 [AsyncHttpClient-1-2] DEBUG org.asynchttpclient.netty.channel.ChannelManager - Adding key: http://localhost:2768 for channel [id: 0xc2afc00c, L:/127.0.0.1:64706 - R:localhost/127.0.0.1:2768]
20:22:11.689 [Forwarding clearElement on session c28335c55b1867f470be9ce31c0be510 to remote] DEBUG org.asynchttpclient.netty.request.NettyRequestSender - Using pooled Channel '[id: 0xc2afc00c, L:/127.0.0.1:64706 - R:localhost/127.0.0.1:2768]' for 'POST' to 'http://localhost:2768/session/c28335c55b1867f470be9ce31c0be510/element/BE28DC81A014B36AE5F332544EAD320C_element_3/clear'
20:22:11.689 [Forwarding clearElement on session c28335c55b1867f470be9ce31c0be510 to remote] DEBUG org.asynchttpclient.netty.request.NettyRequestSender - Using open Channel [id: 0xc2afc00c, L:/127.0.0.1:64706 - R:localhost/127.0.0.1:2768] for POST '/session/c28335c55b1867f470be9ce31c0be510/element/BE28DC81A014B36AE5F332544EAD320C_element_3/clear'
20:22:11.756 [AsyncHttpClient-1-2] DEBUG org.asynchttpclient.netty.handler.HttpHandler - 

Request DefaultHttpRequest(decodeResult: success, version: HTTP/1.1)
POST /session/c28335c55b1867f470be9ce31c0be510/element/BE28DC81A014B36AE5F332544EAD320C_element_3/clear HTTP/1.1
User-Agent: selenium/4.8.1 (java windows)
Content-Length: 56
Content-Type: application/json; charset=utf-8
host: localhost:2768
accept: */*

Response DefaultHttpResponse(decodeResult: success, version: HTTP/1.1)
HTTP/1.1 200 OK
Content-Length: 14
Content-Type: application/json; charset=utf-8
cache-control: no-cache

20:22:11.757 [AsyncHttpClient-1-2] DEBUG org.asynchttpclient.netty.channel.ChannelManager - Adding key: http://localhost:2768 for channel [id: 0xc2afc00c, L:/127.0.0.1:64706 - R:localhost/127.0.0.1:2768]
20:22:11.764 [Forwarding sendKeysToElement on session c28335c55b1867f470be9ce31c0be510 to remote] DEBUG org.asynchttpclient.netty.request.NettyRequestSender - Using pooled Channel '[id: 0xc2afc00c, L:/127.0.0.1:64706 - R:localhost/127.0.0.1:2768]' for 'POST' to 'http://localhost:2768/session/c28335c55b1867f470be9ce31c0be510/element/BE28DC81A014B36AE5F332544EAD320C_element_3/value'
20:22:11.764 [Forwarding sendKeysToElement on session c28335c55b1867f470be9ce31c0be510 to remote] DEBUG org.asynchttpclient.netty.request.NettyRequestSender - Using open Channel [id: 0xc2afc00c, L:/127.0.0.1:64706 - R:localhost/127.0.0.1:2768] for POST '/session/c28335c55b1867f470be9ce31c0be510/element/BE28DC81A014B36AE5F332544EAD320C_element_3/value'
20:22:12.234 [AsyncHttpClient-1-2] DEBUG org.asynchttpclient.netty.handler.HttpHandler - 

Request DefaultHttpRequest(decodeResult: success, version: HTTP/1.1)
POST /session/c28335c55b1867f470be9ce31c0be510/element/BE28DC81A014B36AE5F332544EAD320C_element_3/value HTTP/1.1
User-Agent: selenium/4.8.1 (java windows)
Content-Length: 237
Content-Type: application/json; charset=utf-8
host: localhost:2768
accept: */*

Response DefaultHttpResponse(decodeResult: success, version: HTTP/1.1)
HTTP/1.1 200 OK
Content-Length: 14
Content-Type: application/json; charset=utf-8
cache-control: no-cache

20:22:12.234 [AsyncHttpClient-1-2] DEBUG org.asynchttpclient.netty.channel.ChannelManager - Adding key: http://localhost:2768 for channel [id: 0xc2afc00c, L:/127.0.0.1:64706 - R:localhost/127.0.0.1:2768]
20:22:12.248 [main] DEBUG net.thucydides.core.steps.StepInterceptor - STEP DONE: inputEmail
  &amp#27;[32mWhen &amp#27;[0m&amp#27;[32muser input email&amp#27;[0m                  &amp#27;[90m# starter.stepdefinitions.DetailKASteps.userInputEmail()&amp#27;[0m
20:22:12.264 [main] DEBUG net.thucydides.core.steps.StepInterceptor - STARTING STEP: DetailKASteps.userInputPassword - inputPassword
20:22:12.271 [Forwarding findElement on session c28335c55b1867f470be9ce31c0be510 to remote] DEBUG org.asynchttpclient.netty.request.NettyRequestSender - Using pooled Channel '[id: 0xc2afc00c, L:/127.0.0.1:64706 - R:localhost/127.0.0.1:2768]' for 'POST' to 'http://localhost:2768/session/c28335c55b1867f470be9ce31c0be510/element'
20:22:12.271 [Forwarding findElement on session c28335c55b1867f470be9ce31c0be510 to remote] DEBUG org.asynchttpclient.netty.request.NettyRequestSender - Using open Channel [id: 0xc2afc00c, L:/127.0.0.1:64706 - R:localhost/127.0.0.1:2768] for POST '/session/c28335c55b1867f470be9ce31c0be510/element'
20:22:12.289 [AsyncHttpClient-1-2] DEBUG org.asynchttpclient.netty.handler.HttpHandler - 

Request DefaultHttpRequest(decodeResult: success, version: HTTP/1.1)
POST /session/c28335c55b1867f470be9ce31c0be510/element HTTP/1.1
User-Agent: selenium/4.8.1 (java windows)
Content-Length: 62
Content-Type: application/json; charset=utf-8
host: localhost:2768
accept: */*

Response DefaultHttpResponse(decodeResult: success, version: HTTP/1.1)
HTTP/1.1 200 OK
Content-Length: 94
Content-Type: application/json; charset=utf-8
cache-control: no-cache

20:22:12.290 [AsyncHttpClient-1-2] DEBUG org.asynchttpclient.netty.channel.ChannelManager - Adding key: http://localhost:2768 for channel [id: 0xc2afc00c, L:/127.0.0.1:64706 - R:localhost/127.0.0.1:2768]
20:22:12.295 [Forwarding clearElement on session c28335c55b1867f470be9ce31c0be510 to remote] DEBUG org.asynchttpclient.netty.request.NettyRequestSender - Using pooled Channel '[id: 0xc2afc00c, L:/127.0.0.1:64706 - R:localhost/127.0.0.1:2768]' for 'POST' to 'http://localhost:2768/session/c28335c55b1867f470be9ce31c0be510/element/BE28DC81A014B36AE5F332544EAD320C_element_5/clear'
20:22:12.295 [Forwarding clearElement on session c28335c55b1867f470be9ce31c0be510 to remote] DEBUG org.asynchttpclient.netty.request.NettyRequestSender - Using open Channel [id: 0xc2afc00c, L:/127.0.0.1:64706 - R:localhost/127.0.0.1:2768] for POST '/session/c28335c55b1867f470be9ce31c0be510/element/BE28DC81A014B36AE5F332544EAD320C_element_5/clear'
20:22:12.335 [AsyncHttpClient-1-2] DEBUG org.asynchttpclient.netty.handler.HttpHandler - 

Request DefaultHttpRequest(decodeResult: success, version: HTTP/1.1)
POST /session/c28335c55b1867f470be9ce31c0be510/element/BE28DC81A014B36AE5F332544EAD320C_element_5/clear HTTP/1.1
User-Agent: selenium/4.8.1 (java windows)
Content-Length: 56
Content-Type: application/json; charset=utf-8
host: localhost:2768
accept: */*

Response DefaultHttpResponse(decodeResult: success, version: HTTP/1.1)
HTTP/1.1 200 OK
Content-Length: 14
Content-Type: application/json; charset=utf-8
cache-control: no-cache

20:22:12.336 [AsyncHttpClient-1-2] DEBUG org.asynchttpclient.netty.channel.ChannelManager - Adding key: http://localhost:2768 for channel [id: 0xc2afc00c, L:/127.0.0.1:64706 - R:localhost/127.0.0.1:2768]
20:22:12.340 [Forwarding sendKeysToElement on session c28335c55b1867f470be9ce31c0be510 to remote] DEBUG org.asynchttpclient.netty.request.NettyRequestSender - Using pooled Channel '[id: 0xc2afc00c, L:/127.0.0.1:64706 - R:localhost/127.0.0.1:2768]' for 'POST' to 'http://localhost:2768/session/c28335c55b1867f470be9ce31c0be510/element/BE28DC81A014B36AE5F332544EAD320C_element_5/value'
20:22:12.340 [Forwarding sendKeysToElement on session c28335c55b1867f470be9ce31c0be510 to remote] DEBUG org.asynchttpclient.netty.request.NettyRequestSender - Using open Channel [id: 0xc2afc00c, L:/127.0.0.1:64706 - R:localhost/127.0.0.1:2768] for POST '/session/c28335c55b1867f470be9ce31c0be510/element/BE28DC81A014B36AE5F332544EAD320C_element_5/value'
20:22:12.438 [AsyncHttpClient-1-2] DEBUG org.asynchttpclient.netty.handler.HttpHandler - 

Request DefaultHttpRequest(decodeResult: success, version: HTTP/1.1)
POST /session/c28335c55b1867f470be9ce31c0be510/element/BE28DC81A014B36AE5F332544EAD320C_element_5/value HTTP/1.1
User-Agent: selenium/4.8.1 (java windows)
Content-Length: 177
Content-Type: application/json; charset=utf-8
host: localhost:2768
accept: */*

Response DefaultHttpResponse(decodeResult: success, version: HTTP/1.1)
HTTP/1.1 200 OK
Content-Length: 14
Content-Type: application/json; charset=utf-8
cache-control: no-cache

20:22:12.438 [AsyncHttpClient-1-2] DEBUG org.asynchttpclient.netty.channel.ChannelManager - Adding key: http://localhost:2768 for channel [id: 0xc2afc00c, L:/127.0.0.1:64706 - R:localhost/127.0.0.1:2768]
20:22:12.445 [main] DEBUG net.thucydides.core.steps.StepInterceptor - STEP DONE: inputPassword
  &amp#27;[32mAnd &amp#27;[0m&amp#27;[32muser input password&amp#27;[0m                &amp#27;[90m# starter.stepdefinitions.DetailKASteps.userInputPassword()&amp#27;[0m
20:22:12.460 [main] DEBUG net.thucydides.core.steps.StepInterceptor - STARTING STEP: DetailKASteps.userClickLogin - clickLoginButton
20:22:12.471 [Forwarding findElement on session c28335c55b1867f470be9ce31c0be510 to remote] DEBUG org.asynchttpclient.netty.request.NettyRequestSender - Using pooled Channel '[id: 0xc2afc00c, L:/127.0.0.1:64706 - R:localhost/127.0.0.1:2768]' for 'POST' to 'http://localhost:2768/session/c28335c55b1867f470be9ce31c0be510/element'
20:22:12.472 [Forwarding findElement on session c28335c55b1867f470be9ce31c0be510 to remote] DEBUG org.asynchttpclient.netty.request.NettyRequestSender - Using open Channel [id: 0xc2afc00c, L:/127.0.0.1:64706 - R:localhost/127.0.0.1:2768] for POST '/session/c28335c55b1867f470be9ce31c0be510/element'
20:22:12.493 [AsyncHttpClient-1-2] DEBUG org.asynchttpclient.netty.handler.HttpHandler - 

Request DefaultHttpRequest(decodeResult: success, version: HTTP/1.1)
POST /session/c28335c55b1867f470be9ce31c0be510/element HTTP/1.1
User-Agent: selenium/4.8.1 (java windows)
Content-Length: 97
Content-Type: application/json; charset=utf-8
host: localhost:2768
accept: */*

Response DefaultHttpResponse(decodeResult: success, version: HTTP/1.1)
HTTP/1.1 200 OK
Content-Length: 94
Content-Type: application/json; charset=utf-8
cache-control: no-cache

20:22:12.494 [AsyncHttpClient-1-2] DEBUG org.asynchttpclient.netty.channel.ChannelManager - Adding key: http://localhost:2768 for channel [id: 0xc2afc00c, L:/127.0.0.1:64706 - R:localhost/127.0.0.1:2768]
20:22:12.496 [Forwarding getElementTagName on session c28335c55b1867f470be9ce31c0be510 to remote] DEBUG org.asynchttpclient.netty.request.NettyRequestSender - Using pooled Channel '[id: 0xc2afc00c, L:/127.0.0.1:64706 - R:localhost/127.0.0.1:2768]' for 'GET' to 'http://localhost:2768/session/c28335c55b1867f470be9ce31c0be510/element/BE28DC81A014B36AE5F332544EAD320C_element_8/name'
20:22:12.497 [Forwarding getElementTagName on session c28335c55b1867f470be9ce31c0be510 to remote] DEBUG org.asynchttpclient.netty.request.NettyRequestSender - Using open Channel [id: 0xc2afc00c, L:/127.0.0.1:64706 - R:localhost/127.0.0.1:2768] for GET '/session/c28335c55b1867f470be9ce31c0be510/element/BE28DC81A014B36AE5F332544EAD320C_element_8/name'
20:22:12.505 [AsyncHttpClient-1-2] DEBUG org.asynchttpclient.netty.handler.HttpHandler - 

Request DefaultFullHttpRequest(decodeResult: success, version: HTTP/1.1, content: EmptyByteBufBE)
GET /session/c28335c55b1867f470be9ce31c0be510/element/BE28DC81A014B36AE5F332544EAD320C_element_8/name HTTP/1.1
User-Agent: selenium/4.8.1 (java windows)
Cache-Control: no-cache
Content-Type: application/json; charset=utf-8
host: localhost:2768
accept: */*

Response DefaultHttpResponse(decodeResult: success, version: HTTP/1.1)
HTTP/1.1 200 OK
Content-Length: 18
Content-Type: application/json; charset=utf-8
cache-control: no-cache

20:22:12.505 [AsyncHttpClient-1-2] DEBUG org.asynchttpclient.netty.channel.ChannelManager - Adding key: http://localhost:2768 for channel [id: 0xc2afc00c, L:/127.0.0.1:64706 - R:localhost/127.0.0.1:2768]
20:22:12.508 [Forwarding getElementTagName on session c28335c55b1867f470be9ce31c0be510 to remote] DEBUG org.asynchttpclient.netty.request.NettyRequestSender - Using pooled Channel '[id: 0xc2afc00c, L:/127.0.0.1:64706 - R:localhost/127.0.0.1:2768]' for 'GET' to 'http://localhost:2768/session/c28335c55b1867f470be9ce31c0be510/element/BE28DC81A014B36AE5F332544EAD320C_element_8/name'
20:22:12.508 [Forwarding getElementTagName on session c28335c55b1867f470be9ce31c0be510 to remote] DEBUG org.asynchttpclient.netty.request.NettyRequestSender - Using open Channel [id: 0xc2afc00c, L:/127.0.0.1:64706 - R:localhost/127.0.0.1:2768] for GET '/session/c28335c55b1867f470be9ce31c0be510/element/BE28DC81A014B36AE5F332544EAD320C_element_8/name'
20:22:12.515 [AsyncHttpClient-1-2] DEBUG org.asynchttpclient.netty.handler.HttpHandler - 

Request DefaultFullHttpRequest(decodeResult: success, version: HTTP/1.1, content: EmptyByteBufBE)
GET /session/c28335c55b1867f470be9ce31c0be510/element/BE28DC81A014B36AE5F332544EAD320C_element_8/name HTTP/1.1
User-Agent: selenium/4.8.1 (java windows)
Cache-Control: no-cache
Content-Type: application/json; charset=utf-8
host: localhost:2768
accept: */*

Response DefaultHttpResponse(decodeResult: success, version: HTTP/1.1)
HTTP/1.1 200 OK
Content-Length: 18
Content-Type: application/json; charset=utf-8
cache-control: no-cache

20:22:12.516 [AsyncHttpClient-1-2] DEBUG org.asynchttpclient.netty.channel.ChannelManager - Adding key: http://localhost:2768 for channel [id: 0xc2afc00c, L:/127.0.0.1:64706 - R:localhost/127.0.0.1:2768]
20:22:12.522 [Forwarding isElementEnabled on session c28335c55b1867f470be9ce31c0be510 to remote] DEBUG org.asynchttpclient.netty.request.NettyRequestSender - Using pooled Channel '[id: 0xc2afc00c, L:/127.0.0.1:64706 - R:localhost/127.0.0.1:2768]' for 'GET' to 'http://localhost:2768/session/c28335c55b1867f470be9ce31c0be510/element/BE28DC81A014B36AE5F332544EAD320C_element_8/enabled'
20:22:12.522 [Forwarding isElementEnabled on session c28335c55b1867f470be9ce31c0be510 to remote] DEBUG org.asynchttpclient.netty.request.NettyRequestSender - Using open Channel [id: 0xc2afc00c, L:/127.0.0.1:64706 - R:localhost/127.0.0.1:2768] for GET '/session/c28335c55b1867f470be9ce31c0be510/element/BE28DC81A014B36AE5F332544EAD320C_element_8/enabled'
20:22:12.536 [AsyncHttpClient-1-2] DEBUG org.asynchttpclient.netty.handler.HttpHandler - 

Request DefaultFullHttpRequest(decodeResult: success, version: HTTP/1.1, content: EmptyByteBufBE)
GET /session/c28335c55b1867f470be9ce31c0be510/element/BE28DC81A014B36AE5F332544EAD320C_element_8/enabled HTTP/1.1
User-Agent: selenium/4.8.1 (java windows)
Cache-Control: no-cache
Content-Type: application/json; charset=utf-8
host: localhost:2768
accept: */*

Response DefaultHttpResponse(decodeResult: success, version: HTTP/1.1)
HTTP/1.1 200 OK
Content-Length: 14
Content-Type: application/json; charset=utf-8
cache-control: no-cache

20:22:12.537 [AsyncHttpClient-1-2] DEBUG org.asynchttpclient.netty.channel.ChannelManager - Adding key: http://localhost:2768 for channel [id: 0xc2afc00c, L:/127.0.0.1:64706 - R:localhost/127.0.0.1:2768]
20:22:12.540 [Forwarding isElementEnabled on session c28335c55b1867f470be9ce31c0be510 to remote] DEBUG org.asynchttpclient.netty.request.NettyRequestSender - Using pooled Channel '[id: 0xc2afc00c, L:/127.0.0.1:64706 - R:localhost/127.0.0.1:2768]' for 'GET' to 'http://localhost:2768/session/c28335c55b1867f470be9ce31c0be510/element/BE28DC81A014B36AE5F332544EAD320C_element_8/enabled'
20:22:12.541 [Forwarding isElementEnabled on session c28335c55b1867f470be9ce31c0be510 to remote] DEBUG org.asynchttpclient.netty.request.NettyRequestSender - Using open Channel [id: 0xc2afc00c, L:/127.0.0.1:64706 - R:localhost/127.0.0.1:2768] for GET '/session/c28335c55b1867f470be9ce31c0be510/element/BE28DC81A014B36AE5F332544EAD320C_element_8/enabled'
20:22:12.550 [AsyncHttpClient-1-2] DEBUG org.asynchttpclient.netty.handler.HttpHandler - 

Request DefaultFullHttpRequest(decodeResult: success, version: HTTP/1.1, content: EmptyByteBufBE)
GET /session/c28335c55b1867f470be9ce31c0be510/element/BE28DC81A014B36AE5F332544EAD320C_element_8/enabled HTTP/1.1
User-Agent: selenium/4.8.1 (java windows)
Cache-Control: no-cache
Content-Type: application/json; charset=utf-8
host: localhost:2768
accept: */*

Response DefaultHttpResponse(decodeResult: success, version: HTTP/1.1)
HTTP/1.1 200 OK
Content-Length: 14
Content-Type: application/json; charset=utf-8
cache-control: no-cache

20:22:12.550 [AsyncHttpClient-1-2] DEBUG org.asynchttpclient.netty.channel.ChannelManager - Adding key: http://localhost:2768 for channel [id: 0xc2afc00c, L:/127.0.0.1:64706 - R:localhost/127.0.0.1:2768]
20:22:12.555 [Forwarding findElement on session c28335c55b1867f470be9ce31c0be510 to remote] DEBUG org.asynchttpclient.netty.request.NettyRequestSender - Using pooled Channel '[id: 0xc2afc00c, L:/127.0.0.1:64706 - R:localhost/127.0.0.1:2768]' for 'POST' to 'http://localhost:2768/session/c28335c55b1867f470be9ce31c0be510/element'
20:22:12.555 [Forwarding findElement on session c28335c55b1867f470be9ce31c0be510 to remote] DEBUG org.asynchttpclient.netty.request.NettyRequestSender - Using open Channel [id: 0xc2afc00c, L:/127.0.0.1:64706 - R:localhost/127.0.0.1:2768] for POST '/session/c28335c55b1867f470be9ce31c0be510/element'
20:22:12.566 [AsyncHttpClient-1-2] DEBUG org.asynchttpclient.netty.handler.HttpHandler - 

Request DefaultHttpRequest(decodeResult: success, version: HTTP/1.1)
POST /session/c28335c55b1867f470be9ce31c0be510/element HTTP/1.1
User-Agent: selenium/4.8.1 (java windows)
Content-Length: 97
Content-Type: application/json; charset=utf-8
host: localhost:2768
accept: */*

Response DefaultHttpResponse(decodeResult: success, version: HTTP/1.1)
HTTP/1.1 200 OK
Content-Length: 94
Content-Type: application/json; charset=utf-8
cache-control: no-cache

20:22:12.566 [AsyncHttpClient-1-2] DEBUG org.asynchttpclient.netty.channel.ChannelManager - Adding key: http://localhost:2768 for channel [id: 0xc2afc00c, L:/127.0.0.1:64706 - R:localhost/127.0.0.1:2768]
20:22:12.569 [Forwarding clickElement on session c28335c55b1867f470be9ce31c0be510 to remote] DEBUG org.asynchttpclient.netty.request.NettyRequestSender - Using pooled Channel '[id: 0xc2afc00c, L:/127.0.0.1:64706 - R:localhost/127.0.0.1:2768]' for 'POST' to 'http://localhost:2768/session/c28335c55b1867f470be9ce31c0be510/element/BE28DC81A014B36AE5F332544EAD320C_element_8/click'
20:22:12.569 [Forwarding clickElement on session c28335c55b1867f470be9ce31c0be510 to remote] DEBUG org.asynchttpclient.netty.request.NettyRequestSender - Using open Channel [id: 0xc2afc00c, L:/127.0.0.1:64706 - R:localhost/127.0.0.1:2768] for POST '/session/c28335c55b1867f470be9ce31c0be510/element/BE28DC81A014B36AE5F332544EAD320C_element_8/click'
20:22:12.631 [AsyncHttpClient-1-2] DEBUG org.asynchttpclient.netty.handler.HttpHandler - 

Request DefaultHttpRequest(decodeResult: success, version: HTTP/1.1)
POST /session/c28335c55b1867f470be9ce31c0be510/element/BE28DC81A014B36AE5F332544EAD320C_element_8/click HTTP/1.1
User-Agent: selenium/4.8.1 (java windows)
Content-Length: 56
Content-Type: application/json; charset=utf-8
host: localhost:2768
accept: */*

Response DefaultHttpResponse(decodeResult: success, version: HTTP/1.1)
HTTP/1.1 200 OK
Content-Length: 14
Content-Type: application/json; charset=utf-8
cache-control: no-cache

20:22:12.631 [AsyncHttpClient-1-2] DEBUG org.asynchttpclient.netty.channel.ChannelManager - Adding key: http://localhost:2768 for channel [id: 0xc2afc00c, L:/127.0.0.1:64706 - R:localhost/127.0.0.1:2768]
20:22:12.638 [main] DEBUG net.thucydides.core.steps.StepInterceptor - STEP DONE: clickLoginButton
  &amp#27;[32mAnd &amp#27;[0m&amp#27;[32muser click login&amp#27;[0m                   &amp#27;[90m# starter.stepdefinitions.DetailKASteps.userClickLogin()&amp#27;[0m
20:22:12.653 [main] DEBUG net.thucydides.core.steps.StepInterceptor - STARTING STEP: DetailKASteps.userOnDashboard - onDashboardPage
20:22:12.658 [Forwarding findElement on session c28335c55b1867f470be9ce31c0be510 to remote] DEBUG org.asynchttpclient.netty.request.NettyRequestSender - Using pooled Channel '[id: 0xc2afc00c, L:/127.0.0.1:64706 - R:localhost/127.0.0.1:2768]' for 'POST' to 'http://localhost:2768/session/c28335c55b1867f470be9ce31c0be510/element'
20:22:12.659 [Forwarding findElement on session c28335c55b1867f470be9ce31c0be510 to remote] DEBUG org.asynchttpclient.netty.request.NettyRequestSender - Using open Channel [id: 0xc2afc00c, L:/127.0.0.1:64706 - R:localhost/127.0.0.1:2768] for POST '/session/c28335c55b1867f470be9ce31c0be510/element'
20:22:12.680 [AsyncHttpClient-1-1] DEBUG org.asynchttpclient.netty.channel.DefaultChannelPool - Entry count for : http://localhost:64707 : 1
20:22:13.181 [AsyncHttpClient-1-2] DEBUG org.asynchttpclient.netty.handler.HttpHandler - 

Request DefaultHttpRequest(decodeResult: success, version: HTTP/1.1)
POST /session/c28335c55b1867f470be9ce31c0be510/element HTTP/1.1
User-Agent: selenium/4.8.1 (java windows)
Content-Length: 114
Content-Type: application/json; charset=utf-8
host: localhost:2768
accept: */*

Response DefaultHttpResponse(decodeResult: success, version: HTTP/1.1)
HTTP/1.1 200 OK
Content-Length: 95
Content-Type: application/json; charset=utf-8
cache-control: no-cache

20:22:13.181 [AsyncHttpClient-1-2] DEBUG org.asynchttpclient.netty.channel.ChannelManager - Adding key: http://localhost:2768 for channel [id: 0xc2afc00c, L:/127.0.0.1:64706 - R:localhost/127.0.0.1:2768]
20:22:13.189 [Forwarding isElementDisplayed on session c28335c55b1867f470be9ce31c0be510 to remote] DEBUG org.asynchttpclient.netty.request.NettyRequestSender - Using pooled Channel '[id: 0xc2afc00c, L:/127.0.0.1:64706 - R:localhost/127.0.0.1:2768]' for 'POST' to 'http://localhost:2768/session/c28335c55b1867f470be9ce31c0be510/execute/sync'
20:22:13.189 [Forwarding isElementDisplayed on session c28335c55b1867f470be9ce31c0be510 to remote] DEBUG org.asynchttpclient.netty.request.NettyRequestSender - Using open Channel [id: 0xc2afc00c, L:/127.0.0.1:64706 - R:localhost/127.0.0.1:2768] for POST '/session/c28335c55b1867f470be9ce31c0be510/execute/sync'
20:22:13.208 [AsyncHttpClient-1-2] DEBUG org.asynchttpclient.netty.handler.HttpHandler - 

Request DefaultHttpRequest(decodeResult: success, version: HTTP/1.1)
POST /session/c28335c55b1867f470be9ce31c0be510/execute/sync HTTP/1.1
User-Agent: selenium/4.8.1 (java windows)
Content-Length: 48814
Content-Type: application/json; charset=utf-8
host: localhost:2768
accept: */*

Response DefaultHttpResponse(decodeResult: success, version: HTTP/1.1)
HTTP/1.1 200 OK
Content-Length: 14
Content-Type: application/json; charset=utf-8
cache-control: no-cache

20:22:13.209 [AsyncHttpClient-1-2] DEBUG org.asynchttpclient.netty.channel.ChannelManager - Adding key: http://localhost:2768 for channel [id: 0xc2afc00c, L:/127.0.0.1:64706 - R:localhost/127.0.0.1:2768]
20:22:13.214 [Forwarding isElementDisplayed on session c28335c55b1867f470be9ce31c0be510 to remote] DEBUG org.asynchttpclient.netty.request.NettyRequestSender - Using pooled Channel '[id: 0xc2afc00c, L:/127.0.0.1:64706 - R:localhost/127.0.0.1:2768]' for 'POST' to 'http://localhost:2768/session/c28335c55b1867f470be9ce31c0be510/execute/sync'
20:22:13.214 [Forwarding isElementDisplayed on session c28335c55b1867f470be9ce31c0be510 to remote] DEBUG org.asynchttpclient.netty.request.NettyRequestSender - Using open Channel [id: 0xc2afc00c, L:/127.0.0.1:64706 - R:localhost/127.0.0.1:2768] for POST '/session/c28335c55b1867f470be9ce31c0be510/execute/sync'
20:22:13.268 [AsyncHttpClient-1-2] DEBUG org.asynchttpclient.netty.handler.HttpHandler - 

Request DefaultHttpRequest(decodeResult: success, version: HTTP/1.1)
POST /session/c28335c55b1867f470be9ce31c0be510/execute/sync HTTP/1.1
User-Agent: selenium/4.8.1 (java windows)
Content-Length: 48814
Content-Type: application/json; charset=utf-8
host: localhost:2768
accept: */*

Response DefaultHttpResponse(decodeResult: success, version: HTTP/1.1)
HTTP/1.1 200 OK
Content-Length: 14
Content-Type: application/json; charset=utf-8
cache-control: no-cache

20:22:13.269 [AsyncHttpClient-1-2] DEBUG org.asynchttpclient.netty.channel.ChannelManager - Adding key: http://localhost:2768 for channel [id: 0xc2afc00c, L:/127.0.0.1:64706 - R:localhost/127.0.0.1:2768]
20:22:13.275 [main] DEBUG net.thucydides.core.steps.StepInterceptor - STEP DONE: onDashboardPage
  &amp#27;[32mAnd &amp#27;[0m&amp#27;[32muser on dashboard&amp#27;[0m                  &amp#27;[90m# starter.stepdefinitions.DetailKASteps.userOnDashboard()&amp#27;[0m
20:22:13.293 [main] DEBUG net.thucydides.core.steps.StepInterceptor - STARTING STEP: DetailKASteps.userClickKeretaApiMenu - clickMenuKA
20:22:13.301 [Forwarding findElement on session c28335c55b1867f470be9ce31c0be510 to remote] DEBUG org.asynchttpclient.netty.request.NettyRequestSender - Using pooled Channel '[id: 0xc2afc00c, L:/127.0.0.1:64706 - R:localhost/127.0.0.1:2768]' for 'POST' to 'http://localhost:2768/session/c28335c55b1867f470be9ce31c0be510/element'
20:22:13.301 [Forwarding findElement on session c28335c55b1867f470be9ce31c0be510 to remote] DEBUG org.asynchttpclient.netty.request.NettyRequestSender - Using open Channel [id: 0xc2afc00c, L:/127.0.0.1:64706 - R:localhost/127.0.0.1:2768] for POST '/session/c28335c55b1867f470be9ce31c0be510/element'
20:22:13.330 [AsyncHttpClient-1-2] DEBUG org.asynchttpclient.netty.handler.HttpHandler - 

Request DefaultHttpRequest(decodeResult: success, version: HTTP/1.1)
POST /session/c28335c55b1867f470be9ce31c0be510/element HTTP/1.1
User-Agent: selenium/4.8.1 (java windows)
Content-Length: 143
Content-Type: application/json; charset=utf-8
host: localhost:2768
accept: */*

Response DefaultHttpResponse(decodeResult: success, version: HTTP/1.1)
HTTP/1.1 200 OK
Content-Length: 95
Content-Type: application/json; charset=utf-8
cache-control: no-cache

20:22:13.330 [AsyncHttpClient-1-2] DEBUG org.asynchttpclient.netty.channel.ChannelManager - Adding key: http://localhost:2768 for channel [id: 0xc2afc00c, L:/127.0.0.1:64706 - R:localhost/127.0.0.1:2768]
20:22:13.333 [Forwarding getElementTagName on session c28335c55b1867f470be9ce31c0be510 to remote] DEBUG org.asynchttpclient.netty.request.NettyRequestSender - Using pooled Channel '[id: 0xc2afc00c, L:/127.0.0.1:64706 - R:localhost/127.0.0.1:2768]' for 'GET' to 'http://localhost:2768/session/c28335c55b1867f470be9ce31c0be510/element/BE28DC81A014B36AE5F332544EAD320C_element_47/name'
20:22:13.333 [Forwarding getElementTagName on session c28335c55b1867f470be9ce31c0be510 to remote] DEBUG org.asynchttpclient.netty.request.NettyRequestSender - Using open Channel [id: 0xc2afc00c, L:/127.0.0.1:64706 - R:localhost/127.0.0.1:2768] for GET '/session/c28335c55b1867f470be9ce31c0be510/element/BE28DC81A014B36AE5F332544EAD320C_element_47/name'
20:22:13.343 [AsyncHttpClient-1-2] DEBUG org.asynchttpclient.netty.handler.HttpHandler - 

Request DefaultFullHttpRequest(decodeResult: success, version: HTTP/1.1, content: EmptyByteBufBE)
GET /session/c28335c55b1867f470be9ce31c0be510/element/BE28DC81A014B36AE5F332544EAD320C_element_47/name HTTP/1.1
User-Agent: selenium/4.8.1 (java windows)
Cache-Control: no-cache
Content-Type: application/json; charset=utf-8
host: localhost:2768
accept: */*

Response DefaultHttpResponse(decodeResult: success, version: HTTP/1.1)
HTTP/1.1 200 OK
Content-Length: 13
Content-Type: application/json; charset=utf-8
cache-control: no-cache

20:22:13.344 [AsyncHttpClient-1-2] DEBUG org.asynchttpclient.netty.channel.ChannelManager - Adding key: http://localhost:2768 for channel [id: 0xc2afc00c, L:/127.0.0.1:64706 - R:localhost/127.0.0.1:2768]
20:22:13.346 [Forwarding getElementTagName on session c28335c55b1867f470be9ce31c0be510 to remote] DEBUG org.asynchttpclient.netty.request.NettyRequestSender - Using pooled Channel '[id: 0xc2afc00c, L:/127.0.0.1:64706 - R:localhost/127.0.0.1:2768]' for 'GET' to 'http://localhost:2768/session/c28335c55b1867f470be9ce31c0be510/element/BE28DC81A014B36AE5F332544EAD320C_element_47/name'
20:22:13.346 [Forwarding getElementTagName on session c28335c55b1867f470be9ce31c0be510 to remote] DEBUG org.asynchttpclient.netty.request.NettyRequestSender - Using open Channel [id: 0xc2afc00c, L:/127.0.0.1:64706 - R:localhost/127.0.0.1:2768] for GET '/session/c28335c55b1867f470be9ce31c0be510/element/BE28DC81A014B36AE5F332544EAD320C_element_47/name'
20:22:13.463 [AsyncHttpClient-1-2] DEBUG org.asynchttpclient.netty.handler.HttpHandler - 

Request DefaultFullHttpRequest(decodeResult: success, version: HTTP/1.1, content: EmptyByteBufBE)
GET /session/c28335c55b1867f470be9ce31c0be510/element/BE28DC81A014B36AE5F332544EAD320C_element_47/name HTTP/1.1
User-Agent: selenium/4.8.1 (java windows)
Cache-Control: no-cache
Content-Type: application/json; charset=utf-8
host: localhost:2768
accept: */*

Response DefaultHttpResponse(decodeResult: success, version: HTTP/1.1)
HTTP/1.1 200 OK
Content-Length: 13
Content-Type: application/json; charset=utf-8
cache-control: no-cache

20:22:13.464 [AsyncHttpClient-1-2] DEBUG org.asynchttpclient.netty.channel.ChannelManager - Adding key: http://localhost:2768 for channel [id: 0xc2afc00c, L:/127.0.0.1:64706 - R:localhost/127.0.0.1:2768]
20:22:13.473 [Forwarding findElement on session c28335c55b1867f470be9ce31c0be510 to remote] DEBUG org.asynchttpclient.netty.request.NettyRequestSender - Using pooled Channel '[id: 0xc2afc00c, L:/127.0.0.1:64706 - R:localhost/127.0.0.1:2768]' for 'POST' to 'http://localhost:2768/session/c28335c55b1867f470be9ce31c0be510/element'
20:22:13.473 [Forwarding findElement on session c28335c55b1867f470be9ce31c0be510 to remote] DEBUG org.asynchttpclient.netty.request.NettyRequestSender - Using open Channel [id: 0xc2afc00c, L:/127.0.0.1:64706 - R:localhost/127.0.0.1:2768] for POST '/session/c28335c55b1867f470be9ce31c0be510/element'
20:22:13.492 [AsyncHttpClient-1-2] DEBUG org.asynchttpclient.netty.handler.HttpHandler - 

Request DefaultHttpRequest(decodeResult: success, version: HTTP/1.1)
POST /session/c28335c55b1867f470be9ce31c0be510/element HTTP/1.1
User-Agent: selenium/4.8.1 (java windows)
Content-Length: 143
Content-Type: application/json; charset=utf-8
host: localhost:2768
accept: */*

Response DefaultHttpResponse(decodeResult: success, version: HTTP/1.1)
HTTP/1.1 200 OK
Content-Length: 95
Content-Type: application/json; charset=utf-8
cache-control: no-cache

20:22:13.492 [AsyncHttpClient-1-2] DEBUG org.asynchttpclient.netty.channel.ChannelManager - Adding key: http://localhost:2768 for channel [id: 0xc2afc00c, L:/127.0.0.1:64706 - R:localhost/127.0.0.1:2768]
20:22:13.494 [Forwarding clickElement on session c28335c55b1867f470be9ce31c0be510 to remote] DEBUG org.asynchttpclient.netty.request.NettyRequestSender - Using pooled Channel '[id: 0xc2afc00c, L:/127.0.0.1:64706 - R:localhost/127.0.0.1:2768]' for 'POST' to 'http://localhost:2768/session/c28335c55b1867f470be9ce31c0be510/element/BE28DC81A014B36AE5F332544EAD320C_element_47/click'
20:22:13.495 [Forwarding clickElement on session c28335c55b1867f470be9ce31c0be510 to remote] DEBUG org.asynchttpclient.netty.request.NettyRequestSender - Using open Channel [id: 0xc2afc00c, L:/127.0.0.1:64706 - R:localhost/127.0.0.1:2768] for POST '/session/c28335c55b1867f470be9ce31c0be510/element/BE28DC81A014B36AE5F332544EAD320C_element_47/click'
20:22:13.795 [AsyncHttpClient-1-1] DEBUG org.asynchttpclient.netty.channel.DefaultChannelPool - Entry count for : http://localhost:64707 : 1
20:22:14.561 [AsyncHttpClient-1-2] DEBUG org.asynchttpclient.netty.handler.HttpHandler - 

Request DefaultHttpRequest(decodeResult: success, version: HTTP/1.1)
POST /session/c28335c55b1867f470be9ce31c0be510/element/BE28DC81A014B36AE5F332544EAD320C_element_47/click HTTP/1.1
User-Agent: selenium/4.8.1 (java windows)
Content-Length: 57
Content-Type: application/json; charset=utf-8
host: localhost:2768
accept: */*

Response DefaultHttpResponse(decodeResult: success, version: HTTP/1.1)
HTTP/1.1 400 Bad Request
Content-Length: 1303
Content-Type: application/json; charset=utf-8
cache-control: no-cache

20:22:14.562 [AsyncHttpClient-1-2] DEBUG org.asynchttpclient.netty.channel.ChannelManager - Adding key: http://localhost:2768 for channel [id: 0xc2afc00c, L:/127.0.0.1:64706 - R:localhost/127.0.0.1:2768]
20:22:14.831 [Forwarding clickElement on session c28335c55b1867f470be9ce31c0be510 to remote] DEBUG org.asynchttpclient.netty.request.NettyRequestSender - Using pooled Channel '[id: 0xc2afc00c, L:/127.0.0.1:64706 - R:localhost/127.0.0.1:2768]' for 'POST' to 'http://localhost:2768/session/c28335c55b1867f470be9ce31c0be510/element/BE28DC81A014B36AE5F332544EAD320C_element_47/click'
20:22:14.831 [Forwarding clickElement on session c28335c55b1867f470be9ce31c0be510 to remote] DEBUG org.asynchttpclient.netty.request.NettyRequestSender - Using open Channel [id: 0xc2afc00c, L:/127.0.0.1:64706 - R:localhost/127.0.0.1:2768] for POST '/session/c28335c55b1867f470be9ce31c0be510/element/BE28DC81A014B36AE5F332544EAD320C_element_47/click'
20:22:14.891 [AsyncHttpClient-1-1] DEBUG org.asynchttpclient.netty.channel.DefaultChannelPool - Entry count for : http://localhost:64707 : 1
20:22:15.324 [AsyncHttpClient-1-2] DEBUG org.asynchttpclient.netty.handler.HttpHandler - 

Request DefaultHttpRequest(decodeResult: success, version: HTTP/1.1)
POST /session/c28335c55b1867f470be9ce31c0be510/element/BE28DC81A014B36AE5F332544EAD320C_element_47/click HTTP/1.1
User-Agent: selenium/4.8.1 (java windows)
Content-Length: 57
Content-Type: application/json; charset=utf-8
host: localhost:2768
accept: */*

Response DefaultHttpResponse(decodeResult: success, version: HTTP/1.1)
HTTP/1.1 200 OK
Content-Length: 14
Content-Type: application/json; charset=utf-8
cache-control: no-cache

20:22:15.325 [AsyncHttpClient-1-2] DEBUG org.asynchttpclient.netty.channel.ChannelManager - Adding key: http://localhost:2768 for channel [id: 0xc2afc00c, L:/127.0.0.1:64706 - R:localhost/127.0.0.1:2768]
20:22:15.331 [main] DEBUG net.thucydides.core.steps.StepInterceptor - STEP DONE: clickMenuKA
  &amp#27;[32mAnd &amp#27;[0m&amp#27;[32muser click Kereta Api menu&amp#27;[0m         &amp#27;[90m# starter.stepdefinitions.DetailKASteps.userClickKeretaApiMenu()&amp#27;[0m
20:22:15.725 [Forwarding findElement on session c28335c55b1867f470be9ce31c0be510 to remote] DEBUG org.asynchttpclient.netty.request.NettyRequestSender - Using pooled Channel '[id: 0xc2afc00c, L:/127.0.0.1:64706 - R:localhost/127.0.0.1:2768]' for 'POST' to 'http://localhost:2768/session/c28335c55b1867f470be9ce31c0be510/element'
20:22:15.726 [Forwarding findElement on session c28335c55b1867f470be9ce31c0be510 to remote] DEBUG org.asynchttpclient.netty.request.NettyRequestSender - Using open Channel [id: 0xc2afc00c, L:/127.0.0.1:64706 - R:localhost/127.0.0.1:2768] for POST '/session/c28335c55b1867f470be9ce31c0be510/element'
20:22:15.747 [AsyncHttpClient-1-2] DEBUG org.asynchttpclient.netty.handler.HttpHandler - 

Request DefaultHttpRequest(decodeResult: success, version: HTTP/1.1)
POST /session/c28335c55b1867f470be9ce31c0be510/element HTTP/1.1
User-Agent: selenium/4.8.1 (java windows)
Content-Length: 118
Content-Type: application/json; charset=utf-8
host: localhost:2768
accept: */*

Response DefaultHttpResponse(decodeResult: success, version: HTTP/1.1)
HTTP/1.1 200 OK
Content-Length: 96
Content-Type: application/json; charset=utf-8
cache-control: no-cache

20:22:15.748 [AsyncHttpClient-1-2] DEBUG org.asynchttpclient.netty.channel.ChannelManager - Adding key: http://localhost:2768 for channel [id: 0xc2afc00c, L:/127.0.0.1:64706 - R:localhost/127.0.0.1:2768]
20:22:15.751 [Forwarding getElementTagName on session c28335c55b1867f470be9ce31c0be510 to remote] DEBUG org.asynchttpclient.netty.request.NettyRequestSender - Using pooled Channel '[id: 0xc2afc00c, L:/127.0.0.1:64706 - R:localhost/127.0.0.1:2768]' for 'GET' to 'http://localhost:2768/session/c28335c55b1867f470be9ce31c0be510/element/BE28DC81A014B36AE5F332544EAD320C_element_108/name'
20:22:15.751 [Forwarding getElementTagName on session c28335c55b1867f470be9ce31c0be510 to remote] DEBUG org.asynchttpclient.netty.request.NettyRequestSender - Using open Channel [id: 0xc2afc00c, L:/127.0.0.1:64706 - R:localhost/127.0.0.1:2768] for GET '/session/c28335c55b1867f470be9ce31c0be510/element/BE28DC81A014B36AE5F332544EAD320C_element_108/name'
20:22:15.761 [AsyncHttpClient-1-2] DEBUG org.asynchttpclient.netty.handler.HttpHandler - 

Request DefaultFullHttpRequest(decodeResult: success, version: HTTP/1.1, content: EmptyByteBufBE)
GET /session/c28335c55b1867f470be9ce31c0be510/element/BE28DC81A014B36AE5F332544EAD320C_element_108/name HTTP/1.1
User-Agent: selenium/4.8.1 (java windows)
Cache-Control: no-cache
Content-Type: application/json; charset=utf-8
host: localhost:2768
accept: */*

Response DefaultHttpResponse(decodeResult: success, version: HTTP/1.1)
HTTP/1.1 200 OK
Content-Length: 15
Content-Type: application/json; charset=utf-8
cache-control: no-cache

20:22:15.761 [AsyncHttpClient-1-2] DEBUG org.asynchttpclient.netty.channel.ChannelManager - Adding key: http://localhost:2768 for channel [id: 0xc2afc00c, L:/127.0.0.1:64706 - R:localhost/127.0.0.1:2768]
20:22:15.764 [Forwarding getElementTagName on session c28335c55b1867f470be9ce31c0be510 to remote] DEBUG org.asynchttpclient.netty.request.NettyRequestSender - Using pooled Channel '[id: 0xc2afc00c, L:/127.0.0.1:64706 - R:localhost/127.0.0.1:2768]' for 'GET' to 'http://localhost:2768/session/c28335c55b1867f470be9ce31c0be510/element/BE28DC81A014B36AE5F332544EAD320C_element_108/name'
20:22:15.764 [Forwarding getElementTagName on session c28335c55b1867f470be9ce31c0be510 to remote] DEBUG org.asynchttpclient.netty.request.NettyRequestSender - Using open Channel [id: 0xc2afc00c, L:/127.0.0.1:64706 - R:localhost/127.0.0.1:2768] for GET '/session/c28335c55b1867f470be9ce31c0be510/element/BE28DC81A014B36AE5F332544EAD320C_element_108/name'
20:22:15.773 [AsyncHttpClient-1-2] DEBUG org.asynchttpclient.netty.handler.HttpHandler - 

Request DefaultFullHttpRequest(decodeResult: success, version: HTTP/1.1, content: EmptyByteBufBE)
GET /session/c28335c55b1867f470be9ce31c0be510/element/BE28DC81A014B36AE5F332544EAD320C_element_108/name HTTP/1.1
User-Agent: selenium/4.8.1 (java windows)
Cache-Control: no-cache
Content-Type: application/json; charset=utf-8
host: localhost:2768
accept: */*

Response DefaultHttpResponse(decodeResult: success, version: HTTP/1.1)
HTTP/1.1 200 OK
Content-Length: 15
Content-Type: application/json; charset=utf-8
cache-control: no-cache

20:22:15.774 [AsyncHttpClient-1-2] DEBUG org.asynchttpclient.netty.channel.ChannelManager - Adding key: http://localhost:2768 for channel [id: 0xc2afc00c, L:/127.0.0.1:64706 - R:localhost/127.0.0.1:2768]
20:22:15.778 [Forwarding findElement on session c28335c55b1867f470be9ce31c0be510 to remote] DEBUG org.asynchttpclient.netty.request.NettyRequestSender - Using pooled Channel '[id: 0xc2afc00c, L:/127.0.0.1:64706 - R:localhost/127.0.0.1:2768]' for 'POST' to 'http://localhost:2768/session/c28335c55b1867f470be9ce31c0be510/element'
20:22:15.778 [Forwarding findElement on session c28335c55b1867f470be9ce31c0be510 to remote] DEBUG org.asynchttpclient.netty.request.NettyRequestSender - Using open Channel [id: 0xc2afc00c, L:/127.0.0.1:64706 - R:localhost/127.0.0.1:2768] for POST '/session/c28335c55b1867f470be9ce31c0be510/element'
20:22:15.791 [AsyncHttpClient-1-2] DEBUG org.asynchttpclient.netty.handler.HttpHandler - 

Request DefaultHttpRequest(decodeResult: success, version: HTTP/1.1)
POST /session/c28335c55b1867f470be9ce31c0be510/element HTTP/1.1
User-Agent: selenium/4.8.1 (java windows)
Content-Length: 118
Content-Type: application/json; charset=utf-8
host: localhost:2768
accept: */*

Response DefaultHttpResponse(decodeResult: success, version: HTTP/1.1)
HTTP/1.1 200 OK
Content-Length: 96
Content-Type: application/json; charset=utf-8
cache-control: no-cache

20:22:15.791 [AsyncHttpClient-1-2] DEBUG org.asynchttpclient.netty.channel.ChannelManager - Adding key: http://localhost:2768 for channel [id: 0xc2afc00c, L:/127.0.0.1:64706 - R:localhost/127.0.0.1:2768]
20:22:15.794 [Forwarding clickElement on session c28335c55b1867f470be9ce31c0be510 to remote] DEBUG org.asynchttpclient.netty.request.NettyRequestSender - Using pooled Channel '[id: 0xc2afc00c, L:/127.0.0.1:64706 - R:localhost/127.0.0.1:2768]' for 'POST' to 'http://localhost:2768/session/c28335c55b1867f470be9ce31c0be510/element/BE28DC81A014B36AE5F332544EAD320C_element_108/click'
20:22:15.794 [Forwarding clickElement on session c28335c55b1867f470be9ce31c0be510 to remote] DEBUG org.asynchttpclient.netty.request.NettyRequestSender - Using open Channel [id: 0xc2afc00c, L:/127.0.0.1:64706 - R:localhost/127.0.0.1:2768] for POST '/session/c28335c55b1867f470be9ce31c0be510/element/BE28DC81A014B36AE5F332544EAD320C_element_108/click'
20:22:15.892 [AsyncHttpClient-1-2] DEBUG org.asynchttpclient.netty.handler.HttpHandler - 

Request DefaultHttpRequest(decodeResult: success, version: HTTP/1.1)
POST /session/c28335c55b1867f470be9ce31c0be510/element/BE28DC81A014B36AE5F332544EAD320C_element_108/click HTTP/1.1
User-Agent: selenium/4.8.1 (java windows)
Content-Length: 58
Content-Type: application/json; charset=utf-8
host: localhost:2768
accept: */*

Response DefaultHttpResponse(decodeResult: success, version: HTTP/1.1)
HTTP/1.1 200 OK
Content-Length: 14
Content-Type: application/json; charset=utf-8
cache-control: no-cache

20:22:15.892 [AsyncHttpClient-1-2] DEBUG org.asynchttpclient.netty.channel.ChannelManager - Adding key: http://localhost:2768 for channel [id: 0xc2afc00c, L:/127.0.0.1:64706 - R:localhost/127.0.0.1:2768]
  &amp#27;[32mAnd &amp#27;[0m&amp#27;[32muser click data KA status active&amp#27;[0m   &amp#27;[90m# starter.stepdefinitions.EditKASteps.userClickDataKAStatusActive()&amp#27;[0m
20:22:15.915 [Forwarding findElement on session c28335c55b1867f470be9ce31c0be510 to remote] DEBUG org.asynchttpclient.netty.request.NettyRequestSender - Using pooled Channel '[id: 0xc2afc00c, L:/127.0.0.1:64706 - R:localhost/127.0.0.1:2768]' for 'POST' to 'http://localhost:2768/session/c28335c55b1867f470be9ce31c0be510/element'
20:22:15.915 [Forwarding findElement on session c28335c55b1867f470be9ce31c0be510 to remote] DEBUG org.asynchttpclient.netty.request.NettyRequestSender - Using open Channel [id: 0xc2afc00c, L:/127.0.0.1:64706 - R:localhost/127.0.0.1:2768] for POST '/session/c28335c55b1867f470be9ce31c0be510/element'
20:22:15.935 [AsyncHttpClient-1-2] DEBUG org.asynchttpclient.netty.handler.HttpHandler - 

Request DefaultHttpRequest(decodeResult: success, version: HTTP/1.1)
POST /session/c28335c55b1867f470be9ce31c0be510/element HTTP/1.1
User-Agent: selenium/4.8.1 (java windows)
Content-Length: 151
Content-Type: application/json; charset=utf-8
host: localhost:2768
accept: */*

Response DefaultHttpResponse(decodeResult: success, version: HTTP/1.1)
HTTP/1.1 200 OK
Content-Length: 96
Content-Type: application/json; charset=utf-8
cache-control: no-cache

20:22:15.935 [AsyncHttpClient-1-2] DEBUG org.asynchttpclient.netty.channel.ChannelManager - Adding key: http://localhost:2768 for channel [id: 0xc2afc00c, L:/127.0.0.1:64706 - R:localhost/127.0.0.1:2768]
20:22:15.940 [Forwarding getElementTagName on session c28335c55b1867f470be9ce31c0be510 to remote] DEBUG org.asynchttpclient.netty.request.NettyRequestSender - Using pooled Channel '[id: 0xc2afc00c, L:/127.0.0.1:64706 - R:localhost/127.0.0.1:2768]' for 'GET' to 'http://localhost:2768/session/c28335c55b1867f470be9ce31c0be510/element/BE28DC81A014B36AE5F332544EAD320C_element_109/name'
20:22:15.940 [Forwarding getElementTagName on session c28335c55b1867f470be9ce31c0be510 to remote] DEBUG org.asynchttpclient.netty.request.NettyRequestSender - Using open Channel [id: 0xc2afc00c, L:/127.0.0.1:64706 - R:localhost/127.0.0.1:2768] for GET '/session/c28335c55b1867f470be9ce31c0be510/element/BE28DC81A014B36AE5F332544EAD320C_element_109/name'
20:22:15.947 [AsyncHttpClient-1-2] DEBUG org.asynchttpclient.netty.handler.HttpHandler - 

Request DefaultFullHttpRequest(decodeResult: success, version: HTTP/1.1, content: EmptyByteBufBE)
GET /session/c28335c55b1867f470be9ce31c0be510/element/BE28DC81A014B36AE5F332544EAD320C_element_109/name HTTP/1.1
User-Agent: selenium/4.8.1 (java windows)
Cache-Control: no-cache
Content-Type: application/json; charset=utf-8
host: localhost:2768
accept: */*

Response DefaultHttpResponse(decodeResult: success, version: HTTP/1.1)
HTTP/1.1 200 OK
Content-Length: 18
Content-Type: application/json; charset=utf-8
cache-control: no-cache

20:22:15.948 [AsyncHttpClient-1-2] DEBUG org.asynchttpclient.netty.channel.ChannelManager - Adding key: http://localhost:2768 for channel [id: 0xc2afc00c, L:/127.0.0.1:64706 - R:localhost/127.0.0.1:2768]
20:22:15.951 [Forwarding getElementTagName on session c28335c55b1867f470be9ce31c0be510 to remote] DEBUG org.asynchttpclient.netty.request.NettyRequestSender - Using pooled Channel '[id: 0xc2afc00c, L:/127.0.0.1:64706 - R:localhost/127.0.0.1:2768]' for 'GET' to 'http://localhost:2768/session/c28335c55b1867f470be9ce31c0be510/element/BE28DC81A014B36AE5F332544EAD320C_element_109/name'
20:22:15.951 [Forwarding getElementTagName on session c28335c55b1867f470be9ce31c0be510 to remote] DEBUG org.asynchttpclient.netty.request.NettyRequestSender - Using open Channel [id: 0xc2afc00c, L:/127.0.0.1:64706 - R:localhost/127.0.0.1:2768] for GET '/session/c28335c55b1867f470be9ce31c0be510/element/BE28DC81A014B36AE5F332544EAD320C_element_109/name'
20:22:15.959 [AsyncHttpClient-1-2] DEBUG org.asynchttpclient.netty.handler.HttpHandler - 

Request DefaultFullHttpRequest(decodeResult: success, version: HTTP/1.1, content: EmptyByteBufBE)
GET /session/c28335c55b1867f470be9ce31c0be510/element/BE28DC81A014B36AE5F332544EAD320C_element_109/name HTTP/1.1
User-Agent: selenium/4.8.1 (java windows)
Cache-Control: no-cache
Content-Type: application/json; charset=utf-8
host: localhost:2768
accept: */*

Response DefaultHttpResponse(decodeResult: success, version: HTTP/1.1)
HTTP/1.1 200 OK
Content-Length: 18
Content-Type: application/json; charset=utf-8
cache-control: no-cache

20:22:15.959 [AsyncHttpClient-1-2] DEBUG org.asynchttpclient.netty.channel.ChannelManager - Adding key: http://localhost:2768 for channel [id: 0xc2afc00c, L:/127.0.0.1:64706 - R:localhost/127.0.0.1:2768]
20:22:15.973 [Forwarding isElementEnabled on session c28335c55b1867f470be9ce31c0be510 to remote] DEBUG org.asynchttpclient.netty.request.NettyRequestSender - Using pooled Channel '[id: 0xc2afc00c, L:/127.0.0.1:64706 - R:localhost/127.0.0.1:2768]' for 'GET' to 'http://localhost:2768/session/c28335c55b1867f470be9ce31c0be510/element/BE28DC81A014B36AE5F332544EAD320C_element_109/enabled'
20:22:15.973 [Forwarding isElementEnabled on session c28335c55b1867f470be9ce31c0be510 to remote] DEBUG org.asynchttpclient.netty.request.NettyRequestSender - Using open Channel [id: 0xc2afc00c, L:/127.0.0.1:64706 - R:localhost/127.0.0.1:2768] for GET '/session/c28335c55b1867f470be9ce31c0be510/element/BE28DC81A014B36AE5F332544EAD320C_element_109/enabled'
20:22:15.986 [AsyncHttpClient-1-1] DEBUG org.asynchttpclient.netty.channel.DefaultChannelPool - Entry count for : http://localhost:64707 : 1
20:22:16.115 [AsyncHttpClient-1-2] DEBUG org.asynchttpclient.netty.handler.HttpHandler - 

Request DefaultFullHttpRequest(decodeResult: success, version: HTTP/1.1, content: EmptyByteBufBE)
GET /session/c28335c55b1867f470be9ce31c0be510/element/BE28DC81A014B36AE5F332544EAD320C_element_109/enabled HTTP/1.1
User-Agent: selenium/4.8.1 (java windows)
Cache-Control: no-cache
Content-Type: application/json; charset=utf-8
host: localhost:2768
accept: */*

Response DefaultHttpResponse(decodeResult: success, version: HTTP/1.1)
HTTP/1.1 200 OK
Content-Length: 14
Content-Type: application/json; charset=utf-8
cache-control: no-cache

20:22:16.116 [AsyncHttpClient-1-2] DEBUG org.asynchttpclient.netty.channel.ChannelManager - Adding key: http://localhost:2768 for channel [id: 0xc2afc00c, L:/127.0.0.1:64706 - R:localhost/127.0.0.1:2768]
20:22:16.123 [Forwarding isElementEnabled on session c28335c55b1867f470be9ce31c0be510 to remote] DEBUG org.asynchttpclient.netty.request.NettyRequestSender - Using pooled Channel '[id: 0xc2afc00c, L:/127.0.0.1:64706 - R:localhost/127.0.0.1:2768]' for 'GET' to 'http://localhost:2768/session/c28335c55b1867f470be9ce31c0be510/element/BE28DC81A014B36AE5F332544EAD320C_element_109/enabled'
[...]
20:22:20.303 [Forwarding getElementTagName on session c28335c55b1867f470be9ce31c0be510 to remote] DEBUG org.asynchttpclient.netty.request.NettyRequestSender - Using pooled Channel '[id: 0xc2afc00c, L:/127.0.0.1:64706 - R:localhost/127.0.0.1:2768]' for 'GET' to 'http://localhost:2768/session/c28335c55b1867f470be9ce31c0be510/element/BE28DC81A014B36AE5F332544EAD320C_element_139/name'
20:22:20.304 [Forwarding getElementTagName on session c28335c55b1867f470be9ce31c0be510 to remote] DEBUG org.asynchttpclient.netty.request.NettyRequestSender - Using open Channel [id: 0xc2afc00c, L:/127.0.0.1:64706 - R:localhost/127.0.0.1:2768] for GET '/session/c28335c55b1867f470be9ce31c0be510/element/BE28DC81A014B36AE5F332544EAD320C_element_139/name'
20:22:20.311 [AsyncHttpClient-1-2] DEBUG org.asynchttpclient.netty.handler.HttpHandler - 

Request DefaultFullHttpRequest(decodeResult: success, version: HTTP/1.1, content: EmptyByteBufBE)
GET /session/c28335c55b1867f470be9ce31c0be510/element/BE28DC81A014B36AE5F332544EAD320C_element_139/name HTTP/1.1
User-Agent: selenium/4.8.1 (java windows)
Cache-Control: no-cache
Content-Type: application/json; charset=utf-8
host: localhost:2768
accept: */*

Response DefaultHttpResponse(decodeResult: success, version: HTTP/1.1)
HTTP/1.1 200 OK
Content-Length: 18
Content-Type: application/json; charset=utf-8
cache-control: no-cache

20:22:20.311 [AsyncHttpClient-1-2] DEBUG org.asynchttpclient.netty.channel.ChannelManager - Adding key: http://localhost:2768 for channel [id: 0xc2afc00c, L:/127.0.0.1:64706 - R:localhost/127.0.0.1:2768]
20:22:20.313 [Forwarding getElementTagName on session c28335c55b1867f470be9ce31c0be510 to remote] DEBUG org.asynchttpclient.netty.request.NettyRequestSender - Using pooled Channel '[id: 0xc2afc00c, L:/127.0.0.1:64706 - R:localhost/127.0.0.1:2768]' for 'GET' to 'http://localhost:2768/session/c28335c55b1867f470be9ce31c0be510/element/BE28DC81A014B36AE5F332544EAD320C_element_139/name'
20:22:20.314 [Forwarding getElementTagName on session c28335c55b1867f470be9ce31c0be510 to remote] DEBUG org.asynchttpclient.netty.request.NettyRequestSender - Using open Channel [id: 0xc2afc00c, L:/127.0.0.1:64706 - R:localhost/127.0.0.1:2768] for GET '/session/c28335c55b1867f470be9ce31c0be510/element/BE28DC81A014B36AE5F332544EAD320C_element_139/name'
20:22:20.321 [AsyncHttpClient-1-2] DEBUG org.asynchttpclient.netty.handler.HttpHandler - 

Request DefaultFullHttpRequest(decodeResult: success, version: HTTP/1.1, content: EmptyByteBufBE)
GET /session/c28335c55b1867f470be9ce31c0be510/element/BE28DC81A014B36AE5F332544EAD320C_element_139/name HTTP/1.1
User-Agent: selenium/4.8.1 (java windows)
Cache-Control: no-cache
Content-Type: application/json; charset=utf-8
host: localhost:2768
accept: */*

Response DefaultHttpResponse(decodeResult: success, version: HTTP/1.1)
HTTP/1.1 200 OK
Content-Length: 18
Content-Type: application/json; charset=utf-8
cache-control: no-cache

20:22:20.321 [AsyncHttpClient-1-2] DEBUG org.asynchttpclient.netty.channel.ChannelManager - Adding key: http://localhost:2768 for channel [id: 0xc2afc00c, L:/127.0.0.1:64706 - R:localhost/127.0.0.1:2768]
20:22:20.325 [Forwarding isElementEnabled on session c28335c55b1867f470be9ce31c0be510 to remote] DEBUG org.asynchttpclient.netty.request.NettyRequestSender - Using pooled Channel '[id: 0xc2afc00c, L:/127.0.0.1:64706 - R:localhost/127.0.0.1:2768]' for 'GET' to 'http://localhost:2768/session/c28335c55b1867f470be9ce31c0be510/element/BE28DC81A014B36AE5F332544EAD320C_element_139/enabled'
20:22:20.325 [Forwarding isElementEnabled on session c28335c55b1867f470be9ce31c0be510 to remote] DEBUG org.asynchttpclient.netty.request.NettyRequestSender - Using open Channel [id: 0xc2afc00c, L:/127.0.0.1:64706 - R:localhost/127.0.0.1:2768] for GET '/session/c28335c55b1867f470be9ce31c0be510/element/BE28DC81A014B36AE5F332544EAD320C_element_139/enabled'
20:22:20.336 [AsyncHttpClient-1-2] DEBUG org.asynchttpclient.netty.handler.HttpHandler - 

Request DefaultFullHttpRequest(decodeResult: success, version: HTTP/1.1, content: EmptyByteBufBE)
GET /session/c28335c55b1867f470be9ce31c0be510/element/BE28DC81A014B36AE5F332544EAD320C_element_139/enabled HTTP/1.1
User-Agent: selenium/4.8.1 (java windows)
Cache-Control: no-cache
Content-Type: application/json; charset=utf-8
host: localhost:2768
accept: */*

Response DefaultHttpResponse(decodeResult: success, version: HTTP/1.1)
HTTP/1.1 200 OK
Content-Length: 14
Content-Type: application/json; charset=utf-8
cache-control: no-cache

20:22:20.336 [AsyncHttpClient-1-2] DEBUG org.asynchttpclient.netty.channel.ChannelManager - Adding key: http://localhost:2768 for channel [id: 0xc2afc00c, L:/127.0.0.1:64706 - R:localhost/127.0.0.1:2768]
20:22:20.339 [Forwarding isElementEnabled on session c28335c55b1867f470be9ce31c0be510 to remote] DEBUG org.asynchttpclient.netty.request.NettyRequestSender - Using pooled Channel '[id: 0xc2afc00c, L:/127.0.0.1:64706 - R:localhost/127.0.0.1:2768]' for 'GET' to 'http://localhost:2768/session/c28335c55b1867f470be9ce31c0be510/element/BE28DC81A014B36AE5F332544EAD320C_element_139/enabled'
20:22:20.339 [Forwarding isElementEnabled on session c28335c55b1867f470be9ce31c0be510 to remote] DEBUG org.asynchttpclient.netty.request.NettyRequestSender - Using open Channel [id: 0xc2afc00c, L:/127.0.0.1:64706 - R:localhost/127.0.0.1:2768] for GET '/session/c28335c55b1867f470be9ce31c0be510/element/BE28DC81A014B36AE5F332544EAD320C_element_139/enabled'
20:22:20.348 [AsyncHttpClient-1-2] DEBUG org.asynchttpclient.netty.handler.HttpHandler - 

Request DefaultFullHttpRequest(decodeResult: success, version: HTTP/1.1, content: EmptyByteBufBE)
GET /session/c28335c55b1867f470be9ce31c0be510/element/BE28DC81A014B36AE5F332544EAD320C_element_139/enabled HTTP/1.1
User-Agent: selenium/4.8.1 (java windows)
Cache-Control: no-cache
Content-Type: application/json; charset=utf-8
host: localhost:2768
accept: */*

Response DefaultHttpResponse(decodeResult: success, version: HTTP/1.1)
HTTP/1.1 200 OK
Content-Length: 14
Content-Type: application/json; charset=utf-8
cache-control: no-cache

20:22:20.349 [AsyncHttpClient-1-2] DEBUG org.asynchttpclient.netty.channel.ChannelManager - Adding key: http://localhost:2768 for channel [id: 0xc2afc00c, L:/127.0.0.1:64706 - R:localhost/127.0.0.1:2768]
20:22:20.352 [Forwarding findElement on session c28335c55b1867f470be9ce31c0be510 to remote] DEBUG org.asynchttpclient.netty.request.NettyRequestSender - Using pooled Channel '[id: 0xc2afc00c, L:/127.0.0.1:64706 - R:localhost/127.0.0.1:2768]' for 'POST' to 'http://localhost:2768/session/c28335c55b1867f470be9ce31c0be510/element'
20:22:20.352 [Forwarding findElement on session c28335c55b1867f470be9ce31c0be510 to remote] DEBUG org.asynchttpclient.netty.request.NettyRequestSender - Using open Channel [id: 0xc2afc00c, L:/127.0.0.1:64706 - R:localhost/127.0.0.1:2768] for POST '/session/c28335c55b1867f470be9ce31c0be510/element'
20:22:20.364 [AsyncHttpClient-1-2] DEBUG org.asynchttpclient.netty.handler.HttpHandler - 

Request DefaultHttpRequest(decodeResult: success, version: HTTP/1.1)
POST /session/c28335c55b1867f470be9ce31c0be510/element HTTP/1.1
User-Agent: selenium/4.8.1 (java windows)
Content-Length: 139
Content-Type: application/json; charset=utf-8
host: localhost:2768
accept: */*

Response DefaultHttpResponse(decodeResult: success, version: HTTP/1.1)
HTTP/1.1 200 OK
Content-Length: 96
Content-Type: application/json; charset=utf-8
cache-control: no-cache

20:22:20.364 [AsyncHttpClient-1-2] DEBUG org.asynchttpclient.netty.channel.ChannelManager - Adding key: http://localhost:2768 for channel [id: 0xc2afc00c, L:/127.0.0.1:64706 - R:localhost/127.0.0.1:2768]
20:22:20.366 [Forwarding clickElement on session c28335c55b1867f470be9ce31c0be510 to remote] DEBUG org.asynchttpclient.netty.request.NettyRequestSender - Using pooled Channel '[id: 0xc2afc00c, L:/127.0.0.1:64706 - R:localhost/127.0.0.1:2768]' for 'POST' to 'http://localhost:2768/session/c28335c55b1867f470be9ce31c0be510/element/BE28DC81A014B36AE5F332544EAD320C_element_139/click'
20:22:20.366 [Forwarding clickElement on session c28335c55b1867f470be9ce31c0be510 to remote] DEBUG org.asynchttpclient.netty.request.NettyRequestSender - Using open Channel [id: 0xc2afc00c, L:/127.0.0.1:64706 - R:localhost/127.0.0.1:2768] for POST '/session/c28335c55b1867f470be9ce31c0be510/element/BE28DC81A014B36AE5F332544EAD320C_element_139/click'
20:22:20.386 [AsyncHttpClient-1-1] DEBUG org.asynchttpclient.netty.channel.DefaultChannelPool - Entry count for : http://localhost:64707 : 1
20:22:20.418 [AsyncHttpClient-1-2] DEBUG org.asynchttpclient.netty.handler.HttpHandler - 

Request DefaultHttpRequest(decodeResult: success, version: HTTP/1.1)
POST /session/c28335c55b1867f470be9ce31c0be510/element/BE28DC81A014B36AE5F332544EAD320C_element_139/click HTTP/1.1
User-Agent: selenium/4.8.1 (java windows)
Content-Length: 58
Content-Type: application/json; charset=utf-8
host: localhost:2768
accept: */*

Response DefaultHttpResponse(decodeResult: success, version: HTTP/1.1)
HTTP/1.1 200 OK
Content-Length: 14
Content-Type: application/json; charset=utf-8
cache-control: no-cache

20:22:20.418 [AsyncHttpClient-1-2] DEBUG org.asynchttpclient.netty.channel.ChannelManager - Adding key: http://localhost:2768 for channel [id: 0xc2afc00c, L:/127.0.0.1:64706 - R:localhost/127.0.0.1:2768]
  &amp#27;[32mThen &amp#27;[0m&amp#27;[32muser click Simpan Perubahan&amp#27;[0m       &amp#27;[90m# starter.stepdefinitions.EditKASteps.userClickSimpanPerubahan()&amp#27;[0m
20:22:20.432 [main] INFO  - 
  _____   ___   ___   _____     ___     _     ___   ___   ___   ___  
 |_   _| | __| / __| |_   _|   | _ \   /_\   / __| / __| | __| |   \ 
   | |   | _|  \__ \   | |     |  _/  / _ \  \__ \ \__ \ | _|  | |) |
   |_|   |___| |___/   |_|     |_|   /_/ \_\ |___/ |___/ |___| |___/ 

as user i want to edit data KA
----------------------------------------------------------------------
20:22:20.531 [Driver Command Executor] DEBUG org.asynchttpclient.netty.request.NettyRequestSender - Using pooled Channel '[id: 0xc2afc00c, L:/127.0.0.1:64706 - R:localhost/127.0.0.1:2768]' for 'DELETE' to 'http://localhost:2768/session/c28335c55b1867f470be9ce31c0be510'
20:22:20.531 [Driver Command Executor] DEBUG org.asynchttpclient.netty.request.NettyRequestSender - Using open Channel [id: 0xc2afc00c, L:/127.0.0.1:64706 - R:localhost/127.0.0.1:2768] for DELETE '/session/c28335c55b1867f470be9ce31c0be510'
20:22:20.675 [AsyncHttpClient-1-4] DEBUG org.asynchttpclient.netty.handler.WebSocketHandler - Unexpected I/O exception on channel [id: 0x8182d44e, L:/127.0.0.1:64714 - R:localhost/127.0.0.1:64707]
java.io.IOException: An existing connection was forcibly closed by the remote host
	at sun.nio.ch.SocketDispatcher.read0(Native Method)
	at sun.nio.ch.SocketDispatcher.read(SocketDispatcher.java:43)
	at sun.nio.ch.IOUtil.readIntoNativeBuffer(IOUtil.java:223)
	at sun.nio.ch.IOUtil.read(IOUtil.java:192)
	at sun.nio.ch.SocketChannelImpl.read(SocketChannelImpl.java:380)
	at io.netty.buffer.PooledByteBuf.setBytes(PooledByteBuf.java:259)
	at io.netty.buffer.AbstractByteBuf.writeBytes(AbstractByteBuf.java:1132)
	at io.netty.channel.socket.nio.NioSocketChannel.doReadBytes(NioSocketChannel.java:357)
	at io.netty.channel.nio.AbstractNioByteChannel$NioByteUnsafe.read(AbstractNioByteChannel.java:151)
	at io.netty.channel.nio.NioEventLoop.processSelectedKey(NioEventLoop.java:788)
	at io.netty.channel.nio.NioEventLoop.processSelectedKeysOptimized(NioEventLoop.java:724)
	at io.netty.channel.nio.NioEventLoop.processSelectedKeys(NioEventLoop.java:650)
	at io.netty.channel.nio.NioEventLoop.run(NioEventLoop.java:562)
	at io.netty.util.concurrent.SingleThreadEventExecutor$4.run(SingleThreadEventExecutor.java:997)
	at io.netty.util.internal.ThreadExecutorMap$2.run(ThreadExecutorMap.java:74)
	at io.netty.util.concurrent.FastThreadLocalRunnable.run(FastThreadLocalRunnable.java:30)
	at java.lang.Thread.run(Thread.java:748)
20:22:20.676 [AsyncHttpClient-1-4] DEBUG org.asynchttpclient.netty.handler.WebSocketHandler - Trying to recover from dead Channel: [id: 0x8182d44e, L:/127.0.0.1:64714 - R:localhost/127.0.0.1:64707]
20:22:20.700 [AsyncHttpClient-1-4] DEBUG org.asynchttpclient.netty.handler.WebSocketHandler - Channel Closed: [id: 0x8182d44e, L:/127.0.0.1:64714 ! R:localhost/127.0.0.1:64707] with attribute NettyResponseFuture{currentRetry=0,
	isDone=1,
	isCancelled=0,
	asyncHandler=org.asynchttpclient.ws.WebSocketUpgradeHandler@6dedf793,
	nettyRequest=org.asynchttpclient.netty.request.NettyRequest@6b5e9751,
	future=java.util.concurrent.CompletableFuture@590f5b4a[Completed normally],
	uri=ws://localhost:64707/devtools/browser/da59dd76-d47a-4702-aac5-ed1b9b02495d,
	keepAlive=true,
	redirectCount=0,
	timeoutsHolder=null,
	inAuth=0,
	touch=1687267340676}
20:22:20.702 [AsyncHttpClient-1-4] DEBUG org.asynchttpclient.netty.channel.ChannelManager - Closing Channel [id: 0x8182d44e, L:/127.0.0.1:64714 ! R:localhost/127.0.0.1:64707] 
20:22:20.709 [AsyncHttpClient-1-3] DEBUG org.asynchttpclient.netty.handler.HttpHandler - Unexpected I/O exception on channel [id: 0x55f549c0, L:/127.0.0.1:64713 - R:localhost/127.0.0.1:64707]
java.io.IOException: An existing connection was forcibly closed by the remote host
	at sun.nio.ch.SocketDispatcher.read0(Native Method)
	at sun.nio.ch.SocketDispatcher.read(SocketDispatcher.java:43)
	at sun.nio.ch.IOUtil.readIntoNativeBuffer(IOUtil.java:223)
	at sun.nio.ch.IOUtil.read(IOUtil.java:192)
	at sun.nio.ch.SocketChannelImpl.read(SocketChannelImpl.java:380)
	at io.netty.buffer.PooledByteBuf.setBytes(PooledByteBuf.java:259)
	at io.netty.buffer.AbstractByteBuf.writeBytes(AbstractByteBuf.java:1132)
	at io.netty.channel.socket.nio.NioSocketChannel.doReadBytes(NioSocketChannel.java:357)
	at io.netty.channel.nio.AbstractNioByteChannel$NioByteUnsafe.read(AbstractNioByteChannel.java:151)
	at io.netty.channel.nio.NioEventLoop.processSelectedKey(NioEventLoop.java:788)
	at io.netty.channel.nio.NioEventLoop.processSelectedKeysOptimized(NioEventLoop.java:724)
	at io.netty.channel.nio.NioEventLoop.processSelectedKeys(NioEventLoop.java:650)
	at io.netty.channel.nio.NioEventLoop.run(NioEventLoop.java:562)
	at io.netty.util.concurrent.SingleThreadEventExecutor$4.run(SingleThreadEventExecutor.java:997)
	at io.netty.util.internal.ThreadExecutorMap$2.run(ThreadExecutorMap.java:74)
	at io.netty.util.concurrent.FastThreadLocalRunnable.run(FastThreadLocalRunnable.java:30)
	at java.lang.Thread.run(Thread.java:748)
20:22:20.709 [AsyncHttpClient-1-3] DEBUG org.asynchttpclient.netty.channel.ChannelManager - Closing Channel [id: 0x55f549c0, L:/127.0.0.1:64713 - R:localhost/127.0.0.1:64707] 
20:22:20.711 [AsyncHttpClient-1-3] DEBUG org.asynchttpclient.netty.handler.HttpHandler - Channel Closed: [id: 0x55f549c0, L:/127.0.0.1:64713 ! R:localhost/127.0.0.1:64707] with attribute DISCARD
20:22:20.788 [AsyncHttpClient-1-2] DEBUG org.asynchttpclient.netty.handler.HttpHandler - 

Request DefaultFullHttpRequest(decodeResult: success, version: HTTP/1.1, content: EmptyByteBufBE)
DELETE /session/c28335c55b1867f470be9ce31c0be510 HTTP/1.1
User-Agent: selenium/4.8.1 (java windows)
Content-Type: application/json; charset=utf-8
host: localhost:2768
accept: */*

Response DefaultHttpResponse(decodeResult: success, version: HTTP/1.1)
HTTP/1.1 200 OK
Content-Length: 14
Content-Type: application/json; charset=utf-8
cache-control: no-cache

20:22:20.788 [AsyncHttpClient-1-2] DEBUG org.asynchttpclient.netty.channel.ChannelManager - Adding key: http://localhost:2768 for channel [id: 0xc2afc00c, L:/127.0.0.1:64706 - R:localhost/127.0.0.1:2768]
20:22:21.550 [AsyncHttpClient-1-1] DEBUG org.asynchttpclient.netty.channel.DefaultChannelPool - Entry count for : http://localhost:64707 : 1
20:22:21.550 [AsyncHttpClient-1-1] DEBUG org.asynchttpclient.netty.channel.DefaultChannelPool - Entry count for : http://localhost:2768 : 1
20:22:21.550 [AsyncHttpClient-1-1] DEBUG org.asynchttpclient.netty.channel.DefaultChannelPool - Adding Candidate expired Channel [id: 0x55f549c0, L:/127.0.0.1:64713 ! R:localhost/127.0.0.1:64707] isIdleTimeoutExpired=false isRemotelyClosed=true isTtlExpired=false
20:22:21.550 [AsyncHttpClient-1-1] DEBUG org.asynchttpclient.netty.channel.DefaultChannelPool - Closing Idle Channel [id: 0x55f549c0, L:/127.0.0.1:64713 ! R:localhost/127.0.0.1:64707]
20:22:21.551 [AsyncHttpClient-1-1] DEBUG org.asynchttpclient.netty.channel.DefaultChannelPool - Closed 1 connections out of 2 in 1 ms
20:22:22.833 [AsyncHttpClient-1-1] DEBUG org.asynchttpclient.netty.channel.DefaultChannelPool - Entry count for : http://localhost:2768 : 1
20:22:23.424 [AsyncHttpClient-1-2] DEBUG org.asynchttpclient.netty.handler.HttpHandler - Unexpected I/O exception on channel [id: 0xc2afc00c, L:/127.0.0.1:64706 - R:localhost/127.0.0.1:2768]
java.io.IOException: An existing connection was forcibly closed by the remote host
	at sun.nio.ch.SocketDispatcher.read0(Native Method)
	at sun.nio.ch.SocketDispatcher.read(SocketDispatcher.java:43)
	at sun.nio.ch.IOUtil.readIntoNativeBuffer(IOUtil.java:223)
	at sun.nio.ch.IOUtil.read(IOUtil.java:192)
	at sun.nio.ch.SocketChannelImpl.read(SocketChannelImpl.java:380)
	at io.netty.buffer.PooledByteBuf.setBytes(PooledByteBuf.java:259)
	at io.netty.buffer.AbstractByteBuf.writeBytes(AbstractByteBuf.java:1132)
	at io.netty.channel.socket.nio.NioSocketChannel.doReadBytes(NioSocketChannel.java:357)
	at io.netty.channel.nio.AbstractNioByteChannel$NioByteUnsafe.read(AbstractNioByteChannel.java:151)
	at io.netty.channel.nio.NioEventLoop.processSelectedKey(NioEventLoop.java:788)
	at io.netty.channel.nio.NioEventLoop.processSelectedKeysOptimized(NioEventLoop.java:724)
	at io.netty.channel.nio.NioEventLoop.processSelectedKeys(NioEventLoop.java:650)
	at io.netty.channel.nio.NioEventLoop.run(NioEventLoop.java:562)
	at io.netty.util.concurrent.SingleThreadEventExecutor$4.run(SingleThreadEventExecutor.java:997)
	at io.netty.util.internal.ThreadExecutorMap$2.run(ThreadExecutorMap.java:74)
	at io.netty.util.concurrent.FastThreadLocalRunnable.run(FastThreadLocalRunnable.java:30)
	at java.lang.Thread.run(Thread.java:748)
20:22:23.425 [AsyncHttpClient-1-2] DEBUG org.asynchttpclient.netty.channel.ChannelManager - Closing Channel [id: 0xc2afc00c, L:/127.0.0.1:64706 - R:localhost/127.0.0.1:2768] 
20:22:23.425 [AsyncHttpClient-1-2] DEBUG org.asynchttpclient.netty.handler.HttpHandler - Channel Closed: [id: 0xc2afc00c, L:/127.0.0.1:64706 ! R:localhost/127.0.0.1:2768] with attribute DISCARD
20:22:23.887 [AsyncHttpClient-1-1] DEBUG org.asynchttpclient.netty.channel.DefaultChannelPool - Entry count for : http://localhost:2768 : 1
20:22:23.887 [AsyncHttpClient-1-1] DEBUG org.asynchttpclient.netty.channel.DefaultChannelPool - Adding Candidate expired Channel [id: 0xc2afc00c, L:/127.0.0.1:64706 ! R:localhost/127.0.0.1:2768] isIdleTimeoutExpired=false isRemotelyClosed=true isTtlExpired=false
20:22:23.887 [AsyncHttpClient-1-1] DEBUG org.asynchttpclient.netty.channel.DefaultChannelPool - Closing Idle Channel [id: 0xc2afc00c, L:/127.0.0.1:64706 ! R:localhost/127.0.0.1:2768]
20:22:23.887 [AsyncHttpClient-1-1] DEBUG org.asynchttpclient.netty.channel.DefaultChannelPool - Closed 1 connections out of 1 in 0 ms
]]></system-out>
    <system-err><![CDATA[Starting ChromeDriver 114.0.5735.90 (386bc09e8f4f2e025eddae123f36f6263096ae49-refs/branch-heads/5735@{#1052}) on port 2768
Only local connections are allowed.
Please see https://chromedriver.chromium.org/security-considerations for suggestions on keeping ChromeDriver safe.
ChromeDriver was started successfully.
Jun 20, 2023 8:22:10 PM org.openqa.selenium.devtools.CdpVersionFinder findNearestMatch
WARNING: Unable to find an exact match for CDP version 114, so returning the closest version found: 110
Jun 20, 2023 8:22:23 PM org.openqa.selenium.os.OsProcess destroy
SEVERE: Unable to kill process java.lang.ProcessImpl@61808ecd
]]></system-err>
  </testcase>
</testsuite>