<?xml version="1.0" encoding="UTF-8"?>
<testsuite xmlns:xsi="http://www.w3.org/2001/XMLSchema-instance" xsi:noNamespaceSchemaLocation="https://maven.apache.org/surefire/maven-failsafe-plugin/xsd/failsafe-test-report-3.0.xsd" version="3.0" name="starter.CucumberTestSuite" time="45.176" tests="1" errors="1" skipped="0" failures="0">
  <properties>
[...]
</properties>
  <testcase name="as user i want to adding KA data with complete data" classname="As a user i want to add a new KA" time="20.61">
    <error type="io.cucumber.core.runner.AmbiguousStepDefinitionsException"><![CDATA[io.cucumber.core.runner.AmbiguousStepDefinitionsException: 
"User set rute2" matches more than one step definition:
  "User set rute2" in starter.stepdefinitions.Admin.DaftarKeretaApi.TambahKASteps.userChecklistRute1()
  "User set rute{int}" in starter.stepdefinitions.Admin.DaftarKeretaApi.TambahKASteps.userSetRute(int)
]]></error>
    <system-out><![CDATA[10:43:48.144 [main] DEBUG net.thucydides.core.guice.Injectors - Created injector for module net.thucydides.core.guice.ThucydidesModule
10:43:49.025 [main] DEBUG io.cucumber.core.plugin.SerenityReporter - Running feature from file:///D:/D/QE_Alta/capstone/web-automation-test/src/test/resources/features/Admin/DaftarHotel/TambahDaftarHotel.feature
10:43:49.488 [main] DEBUG net.thucydides.core.guice.Injectors - Created injector for module net.thucydides.core.guice.webdriver.WebDriverModule
10:43:49.528 [main] INFO  - 

-------------------------------------------------------------------------------------
     _______. _______ .______       _______ .__   __.  __  .___________.____    ____ 
    /       ||   ____||   _  \     |   ____||  \ |  | |  | |           |\   \  /   / 
   |   (----`|  |__   |  |_)  |    |  |__   |   \|  | |  | `---|  |----` \   \/   /  
    \   \    |   __|  |      /     |   __|  |  . `  | |  |     |  |       \_    _/   
.----)   |   |  |____ |  |\  \----.|  |____ |  |\   | |  |     |  |         |  |     
|_______/    |_______|| _| `._____||_______||__| \__| |__|     |__|         |__|    
                                                                                     
 News and tutorials at http://www.serenity-bdd.info                                  
 Documentation at https://wakaleo.gitbooks.io/the-serenity-book/content/             
 Join the Serenity Community on Gitter: https://gitter.im/serenity-bdd/serenity-core 
 Serenity BDD Support and Training at http://serenity-bdd.info/#/trainingandsupport  
-------------------------------------------------------------------------------------

10:43:49.533 [main] DEBUG net.thucydides.core.steps.StepEventBus - Test suite started for story net.thucydides.core.model.Story@ef2155f9
10:43:49.537 [main] INFO  - Test Suite Started: As a user i want to create a new data hotel
10:43:49.574 [main] DEBUG io.cucumber.core.plugin.SerenityReporter - Running feature from file:///D:/D/QE_Alta/capstone/web-automation-test/src/test/resources/features/Admin/DaftarKeretaApi/DeleteKA.feature
10:43:49.581 [main] DEBUG net.thucydides.core.steps.StepEventBus - Test suite started for story net.thucydides.core.model.Story@b866baff
10:43:49.582 [main] INFO  - Test Suite Started: As a user i want to success see detail data KA
10:43:49.582 [main] DEBUG io.cucumber.core.plugin.SerenityReporter - Running feature from file:///D:/D/QE_Alta/capstone/web-automation-test/src/test/resources/features/Admin/DaftarKeretaApi/DetailKA.feature
10:43:49.588 [main] DEBUG net.thucydides.core.steps.StepEventBus - Test suite started for story net.thucydides.core.model.Story@cae7b625
10:43:49.589 [main] INFO  - Test Suite Started: As a user i want to success see detail data KA
10:43:49.589 [main] DEBUG io.cucumber.core.plugin.SerenityReporter - Running feature from file:///D:/D/QE_Alta/capstone/web-automation-test/src/test/resources/features/Admin/DaftarKeretaApi/EditKA.feature
10:43:49.602 [main] DEBUG net.thucydides.core.steps.StepEventBus - Test suite started for story net.thucydides.core.model.Story@69ea54bf
10:43:49.604 [main] INFO  - Test Suite Started: As a user i want to success edit data KA
10:43:49.604 [main] DEBUG io.cucumber.core.plugin.SerenityReporter - Running feature from file:///D:/D/QE_Alta/capstone/web-automation-test/src/test/resources/features/Admin/DaftarKeretaApi/TambahKA.feature
10:43:49.616 [main] DEBUG net.thucydides.core.steps.StepEventBus - Test suite started for story net.thucydides.core.model.Story@549418e3
10:43:49.618 [main] INFO  - Test Suite Started: As a user i want to add a new KA
10:43:49.618 [main] DEBUG io.cucumber.core.plugin.SerenityReporter - Running feature from file:///D:/D/QE_Alta/capstone/web-automation-test/src/test/resources/features/Admin/DaftarPengguna/EditPengguna.feature
10:43:49.625 [main] DEBUG net.thucydides.core.steps.StepEventBus - Test suite started for story net.thucydides.core.model.Story@7252840b
10:43:49.626 [main] INFO  - Test Suite Started: As a user i want to edit user
10:43:49.627 [main] DEBUG io.cucumber.core.plugin.SerenityReporter - Running feature from file:///D:/D/QE_Alta/capstone/web-automation-test/src/test/resources/features/Admin/DaftarPengguna/TambahPengguna.feature
10:43:49.633 [main] DEBUG net.thucydides.core.steps.StepEventBus - Test suite started for story net.thucydides.core.model.Story@6acd74c3
10:43:49.634 [main] INFO  - Test Suite Started: As a user i want to create a new user
10:43:49.634 [main] DEBUG io.cucumber.core.plugin.SerenityReporter - Running feature from file:///D:/D/QE_Alta/capstone/web-automation-test/src/test/resources/features/Admin/DaftarStasiun/DaftarStasiun.feature
10:43:49.640 [main] DEBUG net.thucydides.core.steps.StepEventBus - Test suite started for story net.thucydides.core.model.Story@ae56d94d
10:43:49.641 [main] INFO  - Test Suite Started: as a admin, i want cek all information about station
10:43:49.642 [main] DEBUG io.cucumber.core.plugin.SerenityReporter - Running feature from file:///D:/D/QE_Alta/capstone/web-automation-test/src/test/resources/features/Admin/DaftarTiketKeretaApi/DaftarTiketKA.feature
10:43:49.649 [main] DEBUG net.thucydides.core.steps.StepEventBus - Test suite started for story net.thucydides.core.model.Story@a81c0e2c
10:43:49.650 [main] INFO  - Test Suite Started: As a admin i want to see ticket of KA
10:43:49.651 [main] DEBUG io.cucumber.core.plugin.SerenityReporter - Running feature from file:///D:/D/QE_Alta/capstone/web-automation-test/src/test/resources/features/Admin/TransaksiPesananHotel/LihatDetailTransaksiPesananHotel.feature
10:43:49.656 [main] DEBUG net.thucydides.core.steps.StepEventBus - Test suite started for story net.thucydides.core.model.Story@6f0f3c6
10:43:49.657 [main] INFO  - Test Suite Started: As a admin i want to see detail transaction hotel order
10:43:49.658 [main] DEBUG io.cucumber.core.plugin.SerenityReporter - Running feature from file:///D:/D/QE_Alta/capstone/web-automation-test/src/test/resources/features/Admin/TransaksiPesananKA/LihatDetailTransaksiPesananKA.feature
10:43:49.663 [main] DEBUG net.thucydides.core.steps.StepEventBus - Test suite started for story net.thucydides.core.model.Story@8965902a
10:43:49.663 [main] INFO  - Test Suite Started: As a admin i want to see detail transaction KA order
10:43:49.664 [main] DEBUG io.cucumber.core.plugin.SerenityReporter - Running feature from file:///D:/D/QE_Alta/capstone/web-automation-test/src/test/resources/features/Login/Login.feature
10:43:49.668 [main] DEBUG net.thucydides.core.steps.StepEventBus - Test suite started for story net.thucydides.core.model.Story@d0e1a1e9
10:43:49.670 [main] INFO  - Test Suite Started: As a admin i can login so that i can see dashboard page
10:43:49.670 [main] DEBUG io.cucumber.core.plugin.SerenityReporter - Running feature from file:///D:/D/QE_Alta/capstone/web-automation-test/src/test/resources/features/Logout/Logout.feature
10:43:49.675 [main] DEBUG net.thucydides.core.steps.StepEventBus - Test suite started for story net.thucydides.core.model.Story@34ac5a95
10:43:49.676 [main] INFO  - Test Suite Started: As a admin i can login so that i can see dashboard page
10:43:49.678 [main] DEBUG io.cucumber.core.plugin.SerenityReporter - Running feature from file:///D:/D/QE_Alta/capstone/web-automation-test/src/test/resources/features/Admin/DaftarKeretaApi/TambahKA.feature
10:43:49.683 [main] DEBUG net.thucydides.core.steps.StepEventBus - Test suite started for story net.thucydides.core.model.Story@549418e3
10:43:49.683 [main] INFO  - Test Suite Started: As a user i want to add a new KA

@TambahKA @TambahKAALL
Scenario: as user i want to adding KA data with complete data          &amp#27;[90m# src/test/resources/features/Admin/DaftarKeretaApi/TambahKA.feature:5&amp#27;[0m
10:43:50.029 [main] DEBUG io.cucumber.core.plugin.SerenityReporter - Running feature from file:///D:/D/QE_Alta/capstone/web-automation-test/src/test/resources/features/Admin/DaftarKeretaApi/TambahKA.feature
10:43:50.405 [main] INFO  - 
  _____   ___   ___   _____     ___   _____     _     ___   _____   ___   ___  
 |_   _| | __| / __| |_   _|   / __| |_   _|   /_\   | _ \ |_   _| | __| |   \ 
   | |   | _|  \__ \   | |     \__ \   | |    / _ \  |   /   | |   | _|  | |) |
   |_|   |___| |___/   |_|     |___/   |_|   /_/ \_\ |_|_\   |_|   |___| |___/ 

as user i want to adding KA data with complete data(as-a-user-i-want-to-add-a-new-ka;as-user-i-want-to-adding-ka-data-with-complete-data)
--------------------------------------------------------------------------------
10:43:50.532 [main] DEBUG net.thucydides.core.requirements.FileSystemRequirementsTagProvider - Loading requirements from directory: D:\D\QE_Alta\capstone\web-automation-test\src\test\resources\features\Admin (D:\D\QE_Alta\capstone\web-automation-test\src\test\resources\features\Admin)
10:43:50.532 [main] DEBUG net.thucydides.core.requirements.FileSystemRequirementsTagProvider - Get requirements type for: D:\D\QE_Alta\capstone\web-automation-test\src\test\resources\features\Admin (D:\D\QE_Alta\capstone\web-automation-test\src\test\resources\features\Admin)
10:43:50.561 [main] DEBUG net.thucydides.core.requirements.FileSystemRequirementsTagProvider - Loading requirements from directory: D:\D\QE_Alta\capstone\web-automation-test\src\test\resources\features\Admin\DaftarHotel (D:\D\QE_Alta\capstone\web-automation-test\src\test\resources\features\Admin\DaftarHotel)
10:43:50.561 [main] DEBUG net.thucydides.core.requirements.FileSystemRequirementsTagProvider - Get requirements type for: D:\D\QE_Alta\capstone\web-automation-test\src\test\resources\features\Admin\DaftarHotel (D:\D\QE_Alta\capstone\web-automation-test\src\test\resources\features\Admin\DaftarHotel)
10:43:50.597 [main] DEBUG net.thucydides.core.requirements.model.cucumber.CucumberParser - Loading feature D:\D\QE_Alta\capstone\web-automation-test\src\test\resources\features\Admin\DaftarHotel\TambahDaftarHotel.feature
10:43:50.630 [main] DEBUG net.thucydides.core.requirements.FileSystemRequirementsTagProvider - Loading requirements from directory: D:\D\QE_Alta\capstone\web-automation-test\src\test\resources\features\Admin\DaftarKeretaApi (D:\D\QE_Alta\capstone\web-automation-test\src\test\resources\features\Admin\DaftarKeretaApi)
10:43:50.631 [main] DEBUG net.thucydides.core.requirements.FileSystemRequirementsTagProvider - Get requirements type for: D:\D\QE_Alta\capstone\web-automation-test\src\test\resources\features\Admin\DaftarKeretaApi (D:\D\QE_Alta\capstone\web-automation-test\src\test\resources\features\Admin\DaftarKeretaApi)
10:43:50.644 [main] DEBUG net.thucydides.core.requirements.model.cucumber.CucumberParser - Loading feature D:\D\QE_Alta\capstone\web-automation-test\src\test\resources\features\Admin\DaftarKeretaApi\DeleteKA.feature
10:43:50.651 [main] DEBUG net.thucydides.core.requirements.model.cucumber.CucumberParser - Loading feature D:\D\QE_Alta\capstone\web-automation-test\src\test\resources\features\Admin\DaftarKeretaApi\DetailKA.feature
10:43:50.657 [main] DEBUG net.thucydides.core.requirements.model.cucumber.CucumberParser - Loading feature D:\D\QE_Alta\capstone\web-automation-test\src\test\resources\features\Admin\DaftarKeretaApi\EditKA.feature
10:43:50.664 [main] DEBUG net.thucydides.core.requirements.model.cucumber.CucumberParser - Loading feature D:\D\QE_Alta\capstone\web-automation-test\src\test\resources\features\Admin\DaftarKeretaApi\TambahKA.feature
10:43:50.678 [main] DEBUG net.thucydides.core.requirements.FileSystemRequirementsTagProvider - Loading requirements from directory: D:\D\QE_Alta\capstone\web-automation-test\src\test\resources\features\Admin\DaftarPengguna (D:\D\QE_Alta\capstone\web-automation-test\src\test\resources\features\Admin\DaftarPengguna)
10:43:50.679 [main] DEBUG net.thucydides.core.requirements.FileSystemRequirementsTagProvider - Get requirements type for: D:\D\QE_Alta\capstone\web-automation-test\src\test\resources\features\Admin\DaftarPengguna (D:\D\QE_Alta\capstone\web-automation-test\src\test\resources\features\Admin\DaftarPengguna)
10:43:50.690 [main] DEBUG net.thucydides.core.requirements.model.cucumber.CucumberParser - Loading feature D:\D\QE_Alta\capstone\web-automation-test\src\test\resources\features\Admin\DaftarPengguna\EditPengguna.feature
10:43:50.696 [main] DEBUG net.thucydides.core.requirements.model.cucumber.CucumberParser - Loading feature D:\D\QE_Alta\capstone\web-automation-test\src\test\resources\features\Admin\DaftarPengguna\TambahPengguna.feature
10:43:50.704 [main] DEBUG net.thucydides.core.requirements.FileSystemRequirementsTagProvider - Loading requirements from directory: D:\D\QE_Alta\capstone\web-automation-test\src\test\resources\features\Admin\DaftarStasiun (D:\D\QE_Alta\capstone\web-automation-test\src\test\resources\features\Admin\DaftarStasiun)
10:43:50.704 [main] DEBUG net.thucydides.core.requirements.FileSystemRequirementsTagProvider - Get requirements type for: D:\D\QE_Alta\capstone\web-automation-test\src\test\resources\features\Admin\DaftarStasiun (D:\D\QE_Alta\capstone\web-automation-test\src\test\resources\features\Admin\DaftarStasiun)
10:43:50.715 [main] DEBUG net.thucydides.core.requirements.model.cucumber.CucumberParser - Loading feature D:\D\QE_Alta\capstone\web-automation-test\src\test\resources\features\Admin\DaftarStasiun\DaftarStasiun.feature
10:43:50.721 [main] DEBUG net.thucydides.core.requirements.FileSystemRequirementsTagProvider - Loading requirements from directory: D:\D\QE_Alta\capstone\web-automation-test\src\test\resources\features\Admin\DaftarTiketKeretaApi (D:\D\QE_Alta\capstone\web-automation-test\src\test\resources\features\Admin\DaftarTiketKeretaApi)
10:43:50.722 [main] DEBUG net.thucydides.core.requirements.FileSystemRequirementsTagProvider - Get requirements type for: D:\D\QE_Alta\capstone\web-automation-test\src\test\resources\features\Admin\DaftarTiketKeretaApi (D:\D\QE_Alta\capstone\web-automation-test\src\test\resources\features\Admin\DaftarTiketKeretaApi)
10:43:50.732 [main] DEBUG net.thucydides.core.requirements.model.cucumber.CucumberParser - Loading feature D:\D\QE_Alta\capstone\web-automation-test\src\test\resources\features\Admin\DaftarTiketKeretaApi\DaftarTiketKA.feature
10:43:50.742 [main] DEBUG net.thucydides.core.requirements.FileSystemRequirementsTagProvider - Loading requirements from directory: D:\D\QE_Alta\capstone\web-automation-test\src\test\resources\features\Admin\TransaksiPesananHotel (D:\D\QE_Alta\capstone\web-automation-test\src\test\resources\features\Admin\TransaksiPesananHotel)
10:43:50.742 [main] DEBUG net.thucydides.core.requirements.FileSystemRequirementsTagProvider - Get requirements type for: D:\D\QE_Alta\capstone\web-automation-test\src\test\resources\features\Admin\TransaksiPesananHotel (D:\D\QE_Alta\capstone\web-automation-test\src\test\resources\features\Admin\TransaksiPesananHotel)
10:43:50.843 [main] DEBUG net.thucydides.core.requirements.model.cucumber.CucumberParser - Loading feature D:\D\QE_Alta\capstone\web-automation-test\src\test\resources\features\Admin\TransaksiPesananHotel\LihatDetailTransaksiPesananHotel.feature
10:43:50.849 [main] DEBUG net.thucydides.core.requirements.FileSystemRequirementsTagProvider - Loading requirements from directory: D:\D\QE_Alta\capstone\web-automation-test\src\test\resources\features\Admin\TransaksiPesananKA (D:\D\QE_Alta\capstone\web-automation-test\src\test\resources\features\Admin\TransaksiPesananKA)
10:43:50.849 [main] DEBUG net.thucydides.core.requirements.FileSystemRequirementsTagProvider - Get requirements type for: D:\D\QE_Alta\capstone\web-automation-test\src\test\resources\features\Admin\TransaksiPesananKA (D:\D\QE_Alta\capstone\web-automation-test\src\test\resources\features\Admin\TransaksiPesananKA)
10:43:50.860 [main] DEBUG net.thucydides.core.requirements.model.cucumber.CucumberParser - Loading feature D:\D\QE_Alta\capstone\web-automation-test\src\test\resources\features\Admin\TransaksiPesananKA\LihatDetailTransaksiPesananKA.feature
10:43:50.864 [main] DEBUG net.thucydides.core.requirements.FileSystemRequirementsTagProvider - Loading requirements from directory: D:\D\QE_Alta\capstone\web-automation-test\src\test\resources\features\Login (D:\D\QE_Alta\capstone\web-automation-test\src\test\resources\features\Login)
10:43:50.864 [main] DEBUG net.thucydides.core.requirements.FileSystemRequirementsTagProvider - Get requirements type for: D:\D\QE_Alta\capstone\web-automation-test\src\test\resources\features\Login (D:\D\QE_Alta\capstone\web-automation-test\src\test\resources\features\Login)
10:43:50.876 [main] DEBUG net.thucydides.core.requirements.model.cucumber.CucumberParser - Loading feature D:\D\QE_Alta\capstone\web-automation-test\src\test\resources\features\Login\Login.feature
10:43:50.881 [main] DEBUG net.thucydides.core.requirements.FileSystemRequirementsTagProvider - Loading requirements from directory: D:\D\QE_Alta\capstone\web-automation-test\src\test\resources\features\Logout (D:\D\QE_Alta\capstone\web-automation-test\src\test\resources\features\Logout)
10:43:50.881 [main] DEBUG net.thucydides.core.requirements.FileSystemRequirementsTagProvider - Get requirements type for: D:\D\QE_Alta\capstone\web-automation-test\src\test\resources\features\Logout (D:\D\QE_Alta\capstone\web-automation-test\src\test\resources\features\Logout)
10:43:50.892 [main] DEBUG net.thucydides.core.requirements.model.cucumber.CucumberParser - Loading feature D:\D\QE_Alta\capstone\web-automation-test\src\test\resources\features\Logout\Logout.feature
10:43:52.540 [main] DEBUG net.thucydides.core.steps.StepInterceptor - STARTING STEP: TambahKASteps.userOnLoginPage - onLoginPage
10:43:52.650 [main] INFO net.serenitybdd.core.webdriver.driverproviders.DriverProvider - Using WebDriverManager configuration for chrome
10:43:54.213 [main] DEBUG io.github.bonigarcia.wdm.cache.ResolutionCache - Removing resolution chrome=114 from cache (expired on Mon Jun 26 10:42:35 ICT 2023)
10:43:54.265 [main] DEBUG org.apache.hc.client5.http.impl.classic.InternalHttpClient - ex-0000000001 preparing request execution
10:43:54.286 [main] DEBUG org.apache.hc.client5.http.protocol.RequestAddCookies - ex-0000000001 Cookie spec selected: strict
10:43:54.300 [main] DEBUG org.apache.hc.client5.http.protocol.RequestAuthCache - ex-0000000001 Auth cache not set in the context
10:43:54.300 [main] DEBUG org.apache.hc.client5.http.impl.classic.ProtocolExec - ex-0000000001 target auth state: UNCHALLENGED
10:43:54.303 [main] DEBUG org.apache.hc.client5.http.impl.classic.ProtocolExec - ex-0000000001 proxy auth state: UNCHALLENGED
10:43:54.303 [main] DEBUG org.apache.hc.client5.http.impl.classic.ConnectExec - ex-0000000001 acquiring connection with route {s}->https://raw.githubusercontent.com:443
10:43:54.303 [main] DEBUG org.apache.hc.client5.http.impl.classic.InternalHttpClient - ex-0000000001 acquiring endpoint (3 MINUTES)
10:43:54.307 [main] DEBUG org.apache.hc.client5.http.impl.io.PoolingHttpClientConnectionManager - ex-0000000001 endpoint lease request (3 MINUTES) [route: {s}->https://raw.githubusercontent.com:443][total available: 0; route allocated: 0 of 5; total allocated: 0 of 25]
10:43:54.317 [main] DEBUG org.apache.hc.client5.http.impl.io.PoolingHttpClientConnectionManager - ex-0000000001 endpoint leased [route: {s}->https://raw.githubusercontent.com:443][total available: 0; route allocated: 1 of 5; total allocated: 1 of 25]
10:43:54.357 [main] DEBUG org.apache.hc.client5.http.impl.io.PoolingHttpClientConnectionManager - ex-0000000001 acquired ep-0000000000
10:43:54.357 [main] DEBUG org.apache.hc.client5.http.impl.classic.InternalHttpClient - ex-0000000001 acquired endpoint ep-0000000000
10:43:54.357 [main] DEBUG org.apache.hc.client5.http.impl.classic.ConnectExec - ex-0000000001 opening connection {s}->https://raw.githubusercontent.com:443
10:43:54.359 [main] DEBUG org.apache.hc.client5.http.impl.classic.InternalHttpClient - ep-0000000000 connecting endpoint (30 SECONDS)
10:43:54.360 [main] DEBUG org.apache.hc.client5.http.impl.io.PoolingHttpClientConnectionManager - ep-0000000000 connecting endpoint to https://raw.githubusercontent.com:443 (30 SECONDS)
10:43:54.413 [main] DEBUG org.apache.hc.client5.http.impl.io.DefaultHttpClientConnectionOperator - http-outgoing-0 connecting to raw.githubusercontent.com/185.199.109.133:443
10:43:54.414 [main] DEBUG org.apache.hc.client5.http.ssl.SSLConnectionSocketFactory - Connecting socket to raw.githubusercontent.com/185.199.109.133:443 with timeout 30 SECONDS
10:43:55.592 [main] DEBUG org.apache.hc.client5.http.ssl.SSLConnectionSocketFactory - Enabled protocols: [TLSv1.2]
10:43:55.593 [main] DEBUG org.apache.hc.client5.http.ssl.SSLConnectionSocketFactory - Enabled cipher suites: [TLS_ECDHE_ECDSA_WITH_AES_256_CBC_SHA384, TLS_ECDHE_RSA_WITH_AES_256_CBC_SHA384, TLS_RSA_WITH_AES_256_CBC_SHA256, TLS_ECDH_ECDSA_WITH_AES_256_CBC_SHA384, TLS_ECDH_RSA_WITH_AES_256_CBC_SHA384, TLS_DHE_RSA_WITH_AES_256_CBC_SHA256, TLS_DHE_DSS_WITH_AES_256_CBC_SHA256, TLS_ECDHE_ECDSA_WITH_AES_256_CBC_SHA, TLS_ECDHE_RSA_WITH_AES_256_CBC_SHA, TLS_RSA_WITH_AES_256_CBC_SHA, TLS_ECDH_ECDSA_WITH_AES_256_CBC_SHA, TLS_ECDH_RSA_WITH_AES_256_CBC_SHA, TLS_DHE_RSA_WITH_AES_256_CBC_SHA, TLS_DHE_DSS_WITH_AES_256_CBC_SHA, TLS_ECDHE_ECDSA_WITH_AES_128_CBC_SHA256, TLS_ECDHE_RSA_WITH_AES_128_CBC_SHA256, TLS_RSA_WITH_AES_128_CBC_SHA256, TLS_ECDH_ECDSA_WITH_AES_128_CBC_SHA256, TLS_ECDH_RSA_WITH_AES_128_CBC_SHA256, TLS_DHE_RSA_WITH_AES_128_CBC_SHA256, TLS_DHE_DSS_WITH_AES_128_CBC_SHA256, TLS_ECDHE_ECDSA_WITH_AES_128_CBC_SHA, TLS_ECDHE_RSA_WITH_AES_128_CBC_SHA, TLS_RSA_WITH_AES_128_CBC_SHA, TLS_ECDH_ECDSA_WITH_AES_128_CBC_SHA, TLS_ECDH_RSA_WITH_AES_128_CBC_SHA, TLS_DHE_RSA_WITH_AES_128_CBC_SHA, TLS_DHE_DSS_WITH_AES_128_CBC_SHA, TLS_ECDHE_ECDSA_WITH_AES_256_GCM_SHA384, TLS_ECDHE_ECDSA_WITH_AES_128_GCM_SHA256, TLS_ECDHE_RSA_WITH_AES_256_GCM_SHA384, TLS_RSA_WITH_AES_256_GCM_SHA384, TLS_ECDH_ECDSA_WITH_AES_256_GCM_SHA384, TLS_ECDH_RSA_WITH_AES_256_GCM_SHA384, TLS_DHE_RSA_WITH_AES_256_GCM_SHA384, TLS_DHE_DSS_WITH_AES_256_GCM_SHA384, TLS_ECDHE_RSA_WITH_AES_128_GCM_SHA256, TLS_RSA_WITH_AES_128_GCM_SHA256, TLS_ECDH_ECDSA_WITH_AES_128_GCM_SHA256, TLS_ECDH_RSA_WITH_AES_128_GCM_SHA256, TLS_DHE_RSA_WITH_AES_128_GCM_SHA256, TLS_DHE_DSS_WITH_AES_128_GCM_SHA256]
10:43:55.593 [main] DEBUG org.apache.hc.client5.http.ssl.SSLConnectionSocketFactory - Starting handshake
10:43:55.743 [main] DEBUG org.apache.hc.client5.http.ssl.SSLConnectionSocketFactory - Secure session established
10:43:55.743 [main] DEBUG org.apache.hc.client5.http.ssl.SSLConnectionSocketFactory -  negotiated protocol: TLSv1.2
10:43:55.743 [main] DEBUG org.apache.hc.client5.http.ssl.SSLConnectionSocketFactory -  negotiated cipher suite: TLS_ECDHE_RSA_WITH_AES_128_GCM_SHA256
10:43:55.743 [main] DEBUG org.apache.hc.client5.http.ssl.SSLConnectionSocketFactory -  peer principal: CN=*.github.io, O="GitHub, Inc.", L=San Francisco, ST=California, C=US
10:43:55.744 [main] DEBUG org.apache.hc.client5.http.ssl.SSLConnectionSocketFactory -  peer alternative names: [*.github.io, github.io, *.github.com, github.com, www.github.com, *.githubusercontent.com, githubusercontent.com]
10:43:55.744 [main] DEBUG org.apache.hc.client5.http.ssl.SSLConnectionSocketFactory -  issuer principal: CN=DigiCert TLS RSA SHA256 2020 CA1, O=DigiCert Inc, C=US
10:43:55.745 [main] DEBUG org.apache.hc.client5.http.impl.io.DefaultHttpClientConnectionOperator - http-outgoing-0 connection established 192.168.86.98:53205<->185.199.109.133:443
10:43:55.746 [main] DEBUG org.apache.hc.client5.http.impl.io.PoolingHttpClientConnectionManager - ep-0000000000 connected http-outgoing-0
10:43:55.746 [main] DEBUG org.apache.hc.client5.http.impl.classic.InternalHttpClient - ep-0000000000 endpoint connected
10:43:55.747 [main] DEBUG org.apache.hc.client5.http.impl.classic.MainClientExec - ex-0000000001 executing GET /bonigarcia/webdrivermanager/master/src/main/resources/commands.properties HTTP/1.1
10:43:55.748 [main] DEBUG org.apache.hc.client5.http.impl.classic.InternalHttpClient - ep-0000000000 start execution ex-0000000001
10:43:55.748 [main] DEBUG org.apache.hc.client5.http.impl.io.PoolingHttpClientConnectionManager - ep-0000000000 executing exchange ex-0000000001 over http-outgoing-0
10:43:55.749 [main] DEBUG org.apache.hc.client5.http.headers - http-outgoing-0 >> GET /bonigarcia/webdrivermanager/master/src/main/resources/commands.properties HTTP/1.1
10:43:55.749 [main] DEBUG org.apache.hc.client5.http.headers - http-outgoing-0 >> user-agent: Apache-HttpClient/5.0
10:43:55.749 [main] DEBUG org.apache.hc.client5.http.headers - http-outgoing-0 >> accept-encoding: gzip, deflate, br
10:43:55.749 [main] DEBUG org.apache.hc.client5.http.headers - http-outgoing-0 >> cache-control: max-age=0
10:43:55.749 [main] DEBUG org.apache.hc.client5.http.headers - http-outgoing-0 >> connection: keep-alive
10:43:55.749 [main] DEBUG org.apache.hc.client5.http.headers - http-outgoing-0 >> Host: raw.githubusercontent.com
10:43:55.750 [main] DEBUG org.apache.hc.client5.http.wire - http-outgoing-0 >> "GET /bonigarcia/webdrivermanager/master/src/main/resources/commands.properties HTTP/1.1[\r][\n]"
10:43:55.750 [main] DEBUG org.apache.hc.client5.http.wire - http-outgoing-0 >> "user-agent: Apache-HttpClient/5.0[\r][\n]"
10:43:55.750 [main] DEBUG org.apache.hc.client5.http.wire - http-outgoing-0 >> "accept-encoding: gzip, deflate, br[\r][\n]"
10:43:55.750 [main] DEBUG org.apache.hc.client5.http.wire - http-outgoing-0 >> "cache-control: max-age=0[\r][\n]"
10:43:55.750 [main] DEBUG org.apache.hc.client5.http.wire - http-outgoing-0 >> "connection: keep-alive[\r][\n]"
10:43:55.750 [main] DEBUG org.apache.hc.client5.http.wire - http-outgoing-0 >> "Host: raw.githubusercontent.com[\r][\n]"
10:43:55.750 [main] DEBUG org.apache.hc.client5.http.wire - http-outgoing-0 >> "[\r][\n]"
10:43:55.774 [main] DEBUG org.apache.hc.client5.http.wire - http-outgoing-0 << "HTTP/1.1 200 OK[\r][\n]"
10:43:55.775 [main] DEBUG org.apache.hc.client5.http.wire - http-outgoing-0 << "Connection: keep-alive[\r][\n]"
10:43:55.775 [main] DEBUG org.apache.hc.client5.http.wire - http-outgoing-0 << "Content-Length: 723[\r][\n]"
10:43:55.775 [main] DEBUG org.apache.hc.client5.http.wire - http-outgoing-0 << "Cache-Control: max-age=300[\r][\n]"
10:43:55.775 [main] DEBUG org.apache.hc.client5.http.wire - http-outgoing-0 << "Content-Security-Policy: default-src 'none'; style-src 'unsafe-inline'; sandbox[\r][\n]"
10:43:55.775 [main] DEBUG org.apache.hc.client5.http.wire - http-outgoing-0 << "Content-Type: text/plain; charset=utf-8[\r][\n]"
10:43:55.775 [main] DEBUG org.apache.hc.client5.http.wire - http-outgoing-0 << "ETag: W/"e82b438271e9e8680c688b0b680efd0bdd22faa6d6f0a32fc1fd8accc486b67e"[\r][\n]"
10:43:55.775 [main] DEBUG org.apache.hc.client5.http.wire - http-outgoing-0 << "Strict-Transport-Security: max-age=31536000[\r][\n]"
10:43:55.775 [main] DEBUG org.apache.hc.client5.http.wire - http-outgoing-0 << "X-Content-Type-Options: nosniff[\r][\n]"
10:43:55.775 [main] DEBUG org.apache.hc.client5.http.wire - http-outgoing-0 << "X-Frame-Options: deny[\r][\n]"
10:43:55.775 [main] DEBUG org.apache.hc.client5.http.wire - http-outgoing-0 << "X-XSS-Protection: 1; mode=block[\r][\n]"
10:43:55.776 [main] DEBUG org.apache.hc.client5.http.wire - http-outgoing-0 << "X-GitHub-Request-Id: 2E88:739A:463FCE:50FB0E:64780588[\r][\n]"
10:43:55.776 [main] DEBUG org.apache.hc.client5.http.wire - http-outgoing-0 << "Content-Encoding: gzip[\r][\n]"
10:43:55.776 [main] DEBUG org.apache.hc.client5.http.wire - http-outgoing-0 << "Accept-Ranges: bytes[\r][\n]"
10:43:55.776 [main] DEBUG org.apache.hc.client5.http.wire - http-outgoing-0 << "Date: Mon, 26 Jun 2023 03:43:56 GMT[\r][\n]"
10:43:55.776 [main] DEBUG org.apache.hc.client5.http.wire - http-outgoing-0 << "Via: 1.1 varnish[\r][\n]"
10:43:55.776 [main] DEBUG org.apache.hc.client5.http.wire - http-outgoing-0 << "X-Served-By: cache-qpg1221-QPG[\r][\n]"
10:43:55.776 [main] DEBUG org.apache.hc.client5.http.wire - http-outgoing-0 << "X-Cache: HIT[\r][\n]"
10:43:55.776 [main] DEBUG org.apache.hc.client5.http.wire - http-outgoing-0 << "X-Cache-Hits: 3[\r][\n]"
10:43:55.776 [main] DEBUG org.apache.hc.client5.http.wire - http-outgoing-0 << "X-Timer: S1687751037.778471,VS0,VE0[\r][\n]"
10:43:55.776 [main] DEBUG org.apache.hc.client5.http.wire - http-outgoing-0 << "Vary: Authorization,Accept-Encoding,Origin[\r][\n]"
10:43:55.776 [main] DEBUG org.apache.hc.client5.http.wire - http-outgoing-0 << "Access-Control-Allow-Origin: *[\r][\n]"
10:43:55.776 [main] DEBUG org.apache.hc.client5.http.wire - http-outgoing-0 << "Cross-Origin-Resource-Policy: cross-origin[\r][\n]"
10:43:55.776 [main] DEBUG org.apache.hc.client5.http.wire - http-outgoing-0 << "X-Fastly-Request-ID: fe3d2276a017d5207b40454663794468c1c5184c[\r][\n]"
10:43:55.777 [main] DEBUG org.apache.hc.client5.http.wire - http-outgoing-0 << "Expires: Mon, 26 Jun 2023 03:48:56 GMT[\r][\n]"
10:43:55.777 [main] DEBUG org.apache.hc.client5.http.wire - http-outgoing-0 << "Source-Age: 245[\r][\n]"
10:43:55.777 [main] DEBUG org.apache.hc.client5.http.wire - http-outgoing-0 << "[\r][\n]"
10:43:55.782 [main] DEBUG org.apache.hc.client5.http.headers - http-outgoing-0 << HTTP/1.1 200 OK
10:43:55.782 [main] DEBUG org.apache.hc.client5.http.headers - http-outgoing-0 << Connection: keep-alive
10:43:55.782 [main] DEBUG org.apache.hc.client5.http.headers - http-outgoing-0 << Content-Length: 723
10:43:55.783 [main] DEBUG org.apache.hc.client5.http.headers - http-outgoing-0 << Cache-Control: max-age=300
10:43:55.783 [main] DEBUG org.apache.hc.client5.http.headers - http-outgoing-0 << Content-Security-Policy: default-src 'none'; style-src 'unsafe-inline'; sandbox
10:43:55.783 [main] DEBUG org.apache.hc.client5.http.headers - http-outgoing-0 << Content-Type: text/plain; charset=utf-8
10:43:55.783 [main] DEBUG org.apache.hc.client5.http.headers - http-outgoing-0 << ETag: W/"e82b438271e9e8680c688b0b680efd0bdd22faa6d6f0a32fc1fd8accc486b67e"
10:43:55.783 [main] DEBUG org.apache.hc.client5.http.headers - http-outgoing-0 << Strict-Transport-Security: max-age=31536000
10:43:55.783 [main] DEBUG org.apache.hc.client5.http.headers - http-outgoing-0 << X-Content-Type-Options: nosniff
10:43:55.783 [main] DEBUG org.apache.hc.client5.http.headers - http-outgoing-0 << X-Frame-Options: deny
10:43:55.783 [main] DEBUG org.apache.hc.client5.http.headers - http-outgoing-0 << X-XSS-Protection: 1; mode=block
10:43:55.783 [main] DEBUG org.apache.hc.client5.http.headers - http-outgoing-0 << X-GitHub-Request-Id: 2E88:739A:463FCE:50FB0E:64780588
10:43:55.783 [main] DEBUG org.apache.hc.client5.http.headers - http-outgoing-0 << Content-Encoding: gzip
10:43:55.783 [main] DEBUG org.apache.hc.client5.http.headers - http-outgoing-0 << Accept-Ranges: bytes
10:43:55.783 [main] DEBUG org.apache.hc.client5.http.headers - http-outgoing-0 << Date: Mon, 26 Jun 2023 03:43:56 GMT
10:43:55.784 [main] DEBUG org.apache.hc.client5.http.headers - http-outgoing-0 << Via: 1.1 varnish
10:43:55.784 [main] DEBUG org.apache.hc.client5.http.headers - http-outgoing-0 << X-Served-By: cache-qpg1221-QPG
10:43:55.784 [main] DEBUG org.apache.hc.client5.http.headers - http-outgoing-0 << X-Cache: HIT
10:43:55.784 [main] DEBUG org.apache.hc.client5.http.headers - http-outgoing-0 << X-Cache-Hits: 3
10:43:55.784 [main] DEBUG org.apache.hc.client5.http.headers - http-outgoing-0 << X-Timer: S1687751037.778471,VS0,VE0
10:43:55.784 [main] DEBUG org.apache.hc.client5.http.headers - http-outgoing-0 << Vary: Authorization,Accept-Encoding,Origin
10:43:55.784 [main] DEBUG org.apache.hc.client5.http.headers - http-outgoing-0 << Access-Control-Allow-Origin: *
10:43:55.784 [main] DEBUG org.apache.hc.client5.http.headers - http-outgoing-0 << Cross-Origin-Resource-Policy: cross-origin
10:43:55.785 [main] DEBUG org.apache.hc.client5.http.headers - http-outgoing-0 << X-Fastly-Request-ID: fe3d2276a017d5207b40454663794468c1c5184c
10:43:55.785 [main] DEBUG org.apache.hc.client5.http.headers - http-outgoing-0 << Expires: Mon, 26 Jun 2023 03:48:56 GMT
10:43:55.785 [main] DEBUG org.apache.hc.client5.http.headers - http-outgoing-0 << Source-Age: 245
10:43:55.793 [main] DEBUG org.apache.hc.client5.http.impl.classic.MainClientExec - ex-0000000001 connection can be kept alive for 3 MINUTES
10:43:55.807 [main] DEBUG org.apache.hc.client5.http.wire - http-outgoing-0 << "[0x1f][0xffffff8b][0x8][0x0][0x0][0x0][0x0][0x0][0x0][0x3][0xffffffb5]V]o[0xffffffda]0[0x14]}[0xffffffe7]W\[0xffffff81]*[0xffffffb5][0x12][0x1f][[M[0xffffffd3]$[0x1e]hF[0xffffffbb]i [0x18][0xffffffb4][0xffffffdd]&[0xfffffff9][0xffffffc5]$7[0xffffffc1]R[0x12]#;[0xffffff94]v[0xffffffbf]~[0xffffffb6][0xfffffff3]1[0xffffff92][0xffffff9a][0xffffffc1][0x1a]x[0xffffffcb][0xffffffb5][0xffffffaf][0xffffffcf]9[0xffffffbe][0xfffffff7]8v[0xb][0x1c][0x1e]E4[0xfffffff6]$x4[0xffffffa1][0xb]*[0xffffffb1][0xffffffd1][0xffffff82][0xfffffffb]%[0xffffff93][0xffffffe0][0xffffffb3][0x10][0xffffffc1][0xffffffe5]qBY,!Y[0xffffffea] KM8,[0x10][0xfffffff0][0x19][0xffffffdd]u[0xffffff82][0x1e][0xffffffb0][0xffffffd8]L[0xffffffcb]%[0xffffff86][0xffffffa1][0xe][0xffffffb8][0xfffffff0]P[0xffffffe8]$[0xf][0x13]t[0x13]3[0xfffffff9][0xffffff84]B2[0xffffffae][0xffffffe6]|@[0xfffffff5][0x1d][0x8][0xffffffc4][0x18][0x16][0xffffff82]o[0xffffffa4][0xffffff9a]P[0xffffff94][0xffffffe7][0xffffffce]R[0xfffffff0][0x8][0xffffffdb]p[0xffffffcb][0x4][0xfffffffa][0xfffffffc][0xffffffb9][\r][0xffffff93][0x15][\n]"
10:43:55.808 [main] DEBUG org.apache.hc.client5.http.wire - http-outgoing-0 << "[0xffffffda][0xffffff86][0xffffffa1][0x17][0xffffffa8]Q3[0xffffffcb][0xffffffd6][0xffffffd1][0xffffff85][0xffffffc6][0xfffffff7][0xffffff98][0xffffffef][0xffffffa3][0xffffffc0]8[0x1][0xffffffae]s[0x12][0x16][0x7] _d[0xffffff82][0xffffff91][0xffffff84][0xfffffff3][0x1f],[0xfffffff6][0x14]j[0x1b]F,^+[0xffffff98]1ua2[0xffffffbf]h([0xffffff8e][0xffffff94][0xffffffa2][0xffffff91]m[0xffffffa3][0xffffffeb][0xffffff9a][0xffffffb0][0xffffffbb]I[0x17]t[0xffffffdf][0xffffffbd][0xffffffef][0xffffffbb][0xffffff91][0xffffffd7]U[0xffffffbb][0xffffff82][0xffffff9e][0x3][0xffffff9b][0xffffff88][0xffffffb9][0xffffffa6]$[0xffffffa6][0xc][0xffffff9b][0xffffffa5][0xffffffe2][0xffffff83][0xffffff98]F[0xffffffd8]o[0xffffff9e]Mg[0xffffff93][0xffffffbb][0xffffffd9]`|[0xfffffffb]u4[0xffffff9c][0x7f]"}B[0xffffffce][0x8][0xffffffb9][0xffffffe3]<[0x8][0xffffff91][0xffffff90][0xffffff94][0xffffff82][0xffffff90][0xffffffc1]j[0x15]2WI[0xffffffe3]1![0x19][0xffffff91]BnB[0xffffff80][0x9]<f[0xffffffb5][0xffffffe8]=[0xffffffd1]p[0xffffffbd][[0xffffffcf][0xffffffe5][0x1b][0xfffffff4][0xffffff9c][0xffffffff][0xfffffffc][0xfffffff8][0xffffffe1][0xffffffe2][0xffffff94][0xffffffa2][0xffffffae][0xe][0x14]5[0xffffff9a]8[0xffffff83][0xffffffd1]`:[0xfffffffd]<[0xffffffb8][0x1f][0xffffff9c]R[0xffffffcf]u[0x7f]6[0xffffffbc][0xffffff83][0xffffffef][0xf][0xffffffc3][0xffffffd9]/[0xfffffff8][0xfffffff2][0xffffffcd]y s[0xffffffee]'[0x1b]*0g[0xffffffcb][0xffffffc8]nF7H][0xffffff83][0xffffff97]{[0xffffffb1]Q[0x5][\r][0xffffffb5]c[0xffffffb4][0xf][0x2][0xffffffb3][0xffffffb4][0xffffff93][0xe]C[0xffffffa7][0xffffffb3]kAD][0xffffff9d][0xffffffde][0xffffffdb][0xffffffda][0xffffff88][0xffffffec][0xffffffa5][0xffffffbc][0xffffff99][0xffffffd9][0xffffffba]t[0xffffffb5][0xffffffea]9[0xffffffea][0x10])[0xffffffb7][0xffffffca][0xffffff9e][0xfffffff2][0xffffffe2]d^N[0xffffffd8]FW[0x16][0xffffffcd][0xffffffdc]_[0x10][0xfffffff9]i|[0x1c][0xffffff93][0xffffff8e][0xfffffff9]o[0x16][0xffffff86]4'!$G[0xffffffdf]W[0xfffffff4]W*j[[0xfffffff3]xR[0xffffffae][0xffffffb6][0xc][0xffffffd0],; #[0xffffffa9][0xffffff92]5[0xffffffb5][0x7][0xffffff9c][0xffffffb5][0xffffffd0][0x7f][0xffffff90][0xffffffc7]jgs[0xfffffffc][0xffffffc2][0xb][0xffffffd9][0x0]t[0xffffff9e]^'Y[0xfffffffb][0xffffff9f][0xffffffb1][0xffffffd8]:[0xffffffbf][0xffffff8d][0xffffffa5][0xffffff9a][0xffffffad][0x7f]m[0x5]&[0xffffffaa][0xffffffa0]^[0xffffff9b][0xffffffcb][0x5]f[0xffffffae][0xffffffe0]RU[0xffffff82][0x10]MS9l[0xffffff91]4t[0xfffffffb][0xffffff8a]][0xffffffd6][0xfffffff4][0xffffff96][0xffffffa6][0xffffff9f]P[0xffffffce][0xffffffd5][0xffffffce][0xffffff93][0xffffffff][0xffffff97][0xffffffcc]p[0xfffffffd][0xfffffff3][0xffffffe8][0x1b][0xffffffcc][0xffffffa2][0xffffffd9]Q[0xffffffbe][0xffffffb2][0xffffffa3][0xffffffc7]m'[0xffffffdf][0xffffffe4][[0xfffffffb]^[0xffffffb0][0xffffff9a][0xffffffbe][0xffffffda][0xffffffda]_[0xffffffce][0xffffff80][0xffffffd2][0xffffffc1]7[0xffffffb7]][0xffffffc1]b[0xffffffee][0xffffffb5][0xffffffff]w[0xffffff83][0xffffffed][0xffffffa7];[0x15]<[0x10]4[0xffffff92][0xffffff84][0x18][\n]"
10:43:55.808 [main] DEBUG org.apache.hc.client5.http.wire - http-outgoing-0 << "BB[0xffffffba][0xffffff8e]][0xffffffb5]jo[0xffffffb9]+"[0xffffffea][0xffffffb4][0xffffffff]h"[0xffffffea]\?5[0xffffffa9][0xffffffaf]k[0xffffffec][0xffffffff]P[0xffffffea][\n]"
10:43:55.808 [main] DEBUG org.apache.hc.client5.http.wire - http-outgoing-0 << "w[0xffffffe1]K[0x13][0xffffffda][0xffffffec][0xffffff98][0xffffffe6]Y[0xfffffffd]h8m6[0xffffff9c]T[0xffffffc1][0xfffffff2][0xffffffa7][0xffffff91]z_[0xffffff95]o85p[0x1c][0x13][0xffffffe6][0xfffffff0]5[0xffffffee][0xfffffffc][0xffffff92][0xffffff96][0xffffffda][0xfffffff7][0xffffffcf][0xffffffb1][0x5][0x1d][0xffffffea]K[0xffffff9b]9[0xffffff8e][0xffffffad]e[0xfffffff7][0xffffff93][0xffffffa8]`[0xffffffda][0xffffffff][0x1a][0xffffffd2][0xffffff88][0xffffff85][0xfffffffd][0xfffffff2][0xffffff91]N[0xfffffff6]`[0xffffffdf]2[0xffffffcf][0xffffffae]E[0xffffff97][0xffffffc5][0xffffffa2][0xffffff9d][0xffffffef]'[0xffffff9d]mun.[0xffffffd3]f^[0xffffffc7][0xffffff82][0xffffffda][0xffffff82]9[0xfffffff5][0xffffffa9]`[0x5][0xffffffbc]4[0xffffffa1][0x1d]<M[0xffffffb5]A[0xffffffa7]3[[0xffffffc0][0x7f][0x0][0xffffffc1][0xffffffd0]$[0xffffff85][0x1d][\r][0x0][0x0]"
10:43:55.811 [main] DEBUG org.apache.hc.client5.http.impl.classic.InternalHttpClient - ep-0000000000 releasing valid endpoint
10:43:55.811 [main] DEBUG org.apache.hc.client5.http.impl.io.PoolingHttpClientConnectionManager - ep-0000000000 releasing endpoint
10:43:55.811 [main] DEBUG org.apache.hc.client5.http.impl.io.PoolingHttpClientConnectionManager - ep-0000000000 connection http-outgoing-0 can be kept alive for 3 MINUTES
10:43:55.812 [main] DEBUG org.apache.hc.client5.http.impl.io.PoolingHttpClientConnectionManager - ep-0000000000 connection released [route: {s}->https://raw.githubusercontent.com:443][total available: 1; route allocated: 1 of 5; total allocated: 1 of 25]
10:43:55.812 [main] DEBUG io.github.bonigarcia.wdm.versions.VersionDetector - Detecting chrome version using online commands.properties
10:43:55.817 [main] DEBUG io.github.bonigarcia.wdm.versions.Shell - Running command on the shell: [cmd.exe, /C, wmic, datafile, where, name="%PROGRAMFILES:\=\\%\\Google\\Chrome\\Application\\chrome.exe", get, Version, /value]
10:43:56.254 [main] DEBUG io.github.bonigarcia.wdm.versions.Shell - Result: Version=114.0.5735.134
10:43:56.258 [main] DEBUG io.github.bonigarcia.wdm.cache.ResolutionCache - Resolution chrome114=114.0.5735.90 in cache (valid until 09:42:35 27/06/2023 ICT)
10:43:56.258 [main] INFO io.github.bonigarcia.wdm.WebDriverManager - Using chromedriver 114.0.5735.90 (resolved driver for Chrome 114)
10:43:56.262 [main] DEBUG io.github.bonigarcia.wdm.cache.ResolutionCache - Storing resolution chrome=114 in cache (valid until 11:43:56 26/06/2023 ICT)
10:43:56.280 [main] DEBUG io.github.bonigarcia.wdm.WebDriverManager - Driver chromedriver 114.0.5735.90 found in cache
10:43:56.282 [main] INFO io.github.bonigarcia.wdm.WebDriverManager - Exporting webdriver.chrome.driver as C:\Users\ADW User ACR\.cache\selenium\chromedriver\win32\114.0.5735.90\chromedriver.exe
10:43:56.522 [main] INFO net.serenitybdd.core.webdriver.driverproviders.ChromeDriverProvider - Starting Chrome driver instance with capabilities:
10:43:56.526 [main] INFO net.serenitybdd.core.webdriver.driverproviders.ChromeDriverProvider - Capabilities {acceptInsecureCerts: true, browserName: chrome, goog:chromeOptions: {args: [remote-allow-origins=*, test-type, no-sandbox, ignore-certificate-errors, start-maximized, incognito, disable-infobars, disable-gpu, disable-default-apps, disable-popup-blocking, remote-allow-origins=*, test-type, no-sandbox, ignore-certificate-errors, start-maximized, incognito, disable-infobars, disable-gpu, disable-default-apps, disable-popup-blocking, remote-allow-origins=*], extensions: []}}
10:43:57.081 [main] DEBUG io.netty.util.internal.logging.InternalLoggerFactory - Using SLF4J as the default logging framework
10:43:57.094 [main] DEBUG io.netty.util.ResourceLeakDetector - -Dio.netty.leakDetection.level: simple
10:43:57.094 [main] DEBUG io.netty.util.ResourceLeakDetector - -Dio.netty.leakDetection.targetRecords: 4
10:43:57.102 [main] DEBUG io.netty.util.ResourceLeakDetectorFactory - Loaded default ResourceLeakDetector: io.netty.util.ResourceLeakDetector@6e31d989
10:43:57.160 [main] DEBUG io.netty.util.internal.PlatformDependent0 - -Dio.netty.noUnsafe: false
10:43:57.160 [main] DEBUG io.netty.util.internal.PlatformDependent0 - Java version: 8
10:43:57.162 [main] DEBUG io.netty.util.internal.PlatformDependent0 - sun.misc.Unsafe.theUnsafe: available
10:43:57.163 [main] DEBUG io.netty.util.internal.PlatformDependent0 - sun.misc.Unsafe.copyMemory: available
10:43:57.164 [main] DEBUG io.netty.util.internal.PlatformDependent0 - sun.misc.Unsafe.storeFence: available
10:43:57.165 [main] DEBUG io.netty.util.internal.PlatformDependent0 - java.nio.Buffer.address: available
10:43:57.166 [main] DEBUG io.netty.util.internal.PlatformDependent0 - direct buffer constructor: available
10:43:57.168 [main] DEBUG io.netty.util.internal.PlatformDependent0 - java.nio.Bits.unaligned: available, true
10:43:57.169 [main] DEBUG io.netty.util.internal.PlatformDependent0 - jdk.internal.misc.Unsafe.allocateUninitializedArray(int): unavailable prior to Java9
10:43:57.169 [main] DEBUG io.netty.util.internal.PlatformDependent0 - java.nio.DirectByteBuffer.<init>(long, int): available
10:43:57.169 [main] DEBUG io.netty.util.internal.PlatformDependent - sun.misc.Unsafe: available
10:43:57.170 [main] DEBUG io.netty.util.internal.PlatformDependent - -Dio.netty.tmpdir: C:\Users\ADWUSE~1\AppData\Local\Temp (java.io.tmpdir)
10:43:57.170 [main] DEBUG io.netty.util.internal.PlatformDependent - -Dio.netty.bitMode: 64 (sun.arch.data.model)
10:43:57.170 [main] DEBUG io.netty.util.internal.PlatformDependent - Platform: Windows
10:43:57.172 [main] DEBUG io.netty.util.internal.PlatformDependent - -Dio.netty.maxDirectMemory: 1840250880 bytes
10:43:57.172 [main] DEBUG io.netty.util.internal.PlatformDependent - -Dio.netty.uninitializedArrayAllocationThreshold: -1
10:43:57.175 [main] DEBUG io.netty.util.internal.CleanerJava6 - java.nio.ByteBuffer.cleaner(): available
10:43:57.175 [main] DEBUG io.netty.util.internal.PlatformDependent - -Dio.netty.noPreferDirect: false
10:43:57.196 [main] DEBUG io.netty.util.internal.PlatformDependent - org.jctools-core.MpscChunkedArrayQueue: available
10:43:57.249 [main] DEBUG io.netty.util.internal.InternalThreadLocalMap - -Dio.netty.threadLocalMap.stringBuilder.initialSize: 1024
10:43:57.249 [main] DEBUG io.netty.util.internal.InternalThreadLocalMap - -Dio.netty.threadLocalMap.stringBuilder.maxSize: 4096
10:43:57.289 [main] DEBUG io.netty.handler.ssl.JdkSslContext - Default protocols (JDK): [TLSv1.2, TLSv1.1, TLSv1] 
10:43:57.289 [main] DEBUG io.netty.handler.ssl.JdkSslContext - Default cipher suites (JDK): [TLS_ECDHE_ECDSA_WITH_AES_256_GCM_SHA384, TLS_ECDHE_ECDSA_WITH_AES_128_GCM_SHA256, TLS_ECDHE_RSA_WITH_AES_128_GCM_SHA256, TLS_ECDHE_RSA_WITH_AES_256_GCM_SHA384, TLS_ECDHE_RSA_WITH_AES_128_CBC_SHA, TLS_ECDHE_RSA_WITH_AES_256_CBC_SHA, TLS_RSA_WITH_AES_128_GCM_SHA256, TLS_RSA_WITH_AES_128_CBC_SHA, TLS_RSA_WITH_AES_256_CBC_SHA]
10:43:57.379 [main] DEBUG io.netty.channel.MultithreadEventLoopGroup - -Dio.netty.eventLoopThreads: 8
10:43:57.406 [main] DEBUG io.netty.channel.nio.NioEventLoop - -Dio.netty.noKeySetOptimization: false
10:43:57.406 [main] DEBUG io.netty.channel.nio.NioEventLoop - -Dio.netty.selectorAutoRebuildThreshold: 512
10:43:57.496 [main] DEBUG io.netty.buffer.PooledByteBufAllocator - -Dio.netty.allocator.numHeapArenas: 8
10:43:57.496 [main] DEBUG io.netty.buffer.PooledByteBufAllocator - -Dio.netty.allocator.numDirectArenas: 8
10:43:57.496 [main] DEBUG io.netty.buffer.PooledByteBufAllocator - -Dio.netty.allocator.pageSize: 8192
10:43:57.496 [main] DEBUG io.netty.buffer.PooledByteBufAllocator - -Dio.netty.allocator.maxOrder: 9
10:43:57.496 [main] DEBUG io.netty.buffer.PooledByteBufAllocator - -Dio.netty.allocator.chunkSize: 4194304
10:43:57.496 [main] DEBUG io.netty.buffer.PooledByteBufAllocator - -Dio.netty.allocator.smallCacheSize: 256
10:43:57.496 [main] DEBUG io.netty.buffer.PooledByteBufAllocator - -Dio.netty.allocator.normalCacheSize: 64
10:43:57.497 [main] DEBUG io.netty.buffer.PooledByteBufAllocator - -Dio.netty.allocator.maxCachedBufferCapacity: 32768
10:43:57.497 [main] DEBUG io.netty.buffer.PooledByteBufAllocator - -Dio.netty.allocator.cacheTrimInterval: 8192
10:43:57.497 [main] DEBUG io.netty.buffer.PooledByteBufAllocator - -Dio.netty.allocator.cacheTrimIntervalMillis: 0
10:43:57.497 [main] DEBUG io.netty.buffer.PooledByteBufAllocator - -Dio.netty.allocator.useCacheForAllThreads: false
10:43:57.497 [main] DEBUG io.netty.buffer.PooledByteBufAllocator - -Dio.netty.allocator.maxCachedByteBuffersPerChunk: 1023
10:43:57.525 [main] DEBUG io.netty.buffer.ByteBufUtil - -Dio.netty.allocator.type: pooled
10:43:57.525 [main] DEBUG io.netty.buffer.ByteBufUtil - -Dio.netty.threadLocalDirectBufferSize: 0
10:43:57.526 [main] DEBUG io.netty.buffer.ByteBufUtil - -Dio.netty.maxThreadLocalCharBufferSize: 16384
10:43:58.680 [Forwarding newSession on session null to remote] DEBUG io.netty.channel.DefaultChannelId - -Dio.netty.processId: 6380 (auto-detected)
10:43:58.684 [Forwarding newSession on session null to remote] DEBUG io.netty.util.NetUtil - -Djava.net.preferIPv4Stack: false
10:43:58.684 [Forwarding newSession on session null to remote] DEBUG io.netty.util.NetUtil - -Djava.net.preferIPv6Addresses: false
10:43:59.451 [Forwarding newSession on session null to remote] DEBUG io.netty.util.NetUtilInitializations - Loopback interface: lo (Software Loopback Interface 1, 127.0.0.1)
10:43:59.453 [Forwarding newSession on session null to remote] DEBUG io.netty.util.NetUtil - Failed to get SOMAXCONN from sysctl and file \proc\sys\net\core\somaxconn. Default: 200
10:43:59.502 [Forwarding newSession on session null to remote] DEBUG io.netty.channel.DefaultChannelId - -Dio.netty.machineId: a4:02:b9:ff:fe:26:7f:1e (auto-detected)
10:43:59.649 [AsyncHttpClient-1-2] DEBUG io.netty.buffer.AbstractByteBuf - -Dio.netty.buffer.checkAccessible: true
10:43:59.649 [AsyncHttpClient-1-2] DEBUG io.netty.buffer.AbstractByteBuf - -Dio.netty.buffer.checkBounds: true
10:43:59.649 [AsyncHttpClient-1-2] DEBUG io.netty.util.ResourceLeakDetectorFactory - Loaded default ResourceLeakDetector: io.netty.util.ResourceLeakDetector@37344f28
10:43:59.684 [AsyncHttpClient-1-2] DEBUG org.asynchttpclient.netty.channel.NettyConnectListener - Using new Channel '[id: 0x9ef91374, L:/127.0.0.1:53224 - R:localhost/127.0.0.1:11663]' for 'POST' to '/session'
10:43:59.735 [AsyncHttpClient-1-2] DEBUG io.netty.util.Recycler - -Dio.netty.recycler.maxCapacityPerThread: 4096
10:43:59.736 [AsyncHttpClient-1-2] DEBUG io.netty.util.Recycler - -Dio.netty.recycler.ratio: 8
10:43:59.736 [AsyncHttpClient-1-2] DEBUG io.netty.util.Recycler - -Dio.netty.recycler.chunkSize: 32
10:43:59.737 [AsyncHttpClient-1-2] DEBUG io.netty.util.Recycler - -Dio.netty.recycler.blocking: false
10:44:01.289 [AsyncHttpClient-1-2] DEBUG io.netty.handler.codec.compression.Brotli - brotli4j not in the classpath; Brotli support will be unavailable.
10:44:01.289 [AsyncHttpClient-1-2] DEBUG org.asynchttpclient.netty.handler.HttpHandler - 

Request DefaultHttpRequest(decodeResult: success, version: HTTP/1.1)
POST /session HTTP/1.1
User-Agent: selenium/4.8.1 (java windows)
Content-Length: 1701
Content-Type: application/json; charset=utf-8
host: localhost:11663
accept: */*

Response DefaultHttpResponse(decodeResult: success, version: HTTP/1.1)
HTTP/1.1 200 OK
Content-Length: 863
Content-Type: application/json; charset=utf-8
cache-control: no-cache

10:44:01.308 [AsyncHttpClient-1-2] DEBUG org.asynchttpclient.netty.channel.ChannelManager - Adding key: http://localhost:11663 for channel [id: 0x9ef91374, L:/127.0.0.1:53224 - R:localhost/127.0.0.1:11663]
10:44:01.476 [AsyncHttpClient-1-3] DEBUG org.asynchttpclient.netty.channel.NettyConnectListener - Using new Channel '[id: 0xd0f04d85, L:/127.0.0.1:53233 - R:localhost/127.0.0.1:53225]' for 'GET' to '/json/version'
10:44:01.479 [AsyncHttpClient-1-3] DEBUG org.asynchttpclient.netty.handler.HttpHandler - 

Request DefaultFullHttpRequest(decodeResult: success, version: HTTP/1.1, content: EmptyByteBufBE)
GET /json/version HTTP/1.1
User-Agent: selenium/4.8.1 (java windows)
host: localhost:53225
accept: */*

Response DefaultHttpResponse(decodeResult: success, version: HTTP/1.1)
HTTP/1.1 200 OK
Content-Security-Policy: frame-ancestors 'none'
Content-Length: 424
Content-Type: application/json; charset=UTF-8

10:44:01.480 [AsyncHttpClient-1-3] DEBUG org.asynchttpclient.netty.channel.ChannelManager - Adding key: http://localhost:53225 for channel [id: 0xd0f04d85, L:/127.0.0.1:53233 - R:localhost/127.0.0.1:53225]
10:44:01.497 [main] DEBUG io.netty.util.internal.ThreadLocalRandom - -Dio.netty.initialSeedUniquifier: 0xe9ff14de9a3b11ef
10:44:01.505 [AsyncHttpClient-1-4] DEBUG org.asynchttpclient.netty.channel.NettyConnectListener - Using new Channel '[id: 0x216efd89, L:/127.0.0.1:53234 - R:localhost/127.0.0.1:53225]' for 'GET' to '/devtools/browser/e5cfb144-0c0f-4347-b6a3-d14844652162'
10:44:01.508 [AsyncHttpClient-1-4] DEBUG org.asynchttpclient.netty.handler.WebSocketHandler - 

Request DefaultFullHttpRequest(decodeResult: success, version: HTTP/1.1, content: EmptyByteBufBE)
GET /devtools/browser/e5cfb144-0c0f-4347-b6a3-d14844652162 HTTP/1.1
upgrade: websocket
connection: upgrade
sec-websocket-key: aIcRR+rNcQCOsqzGJpXe7g==
sec-websocket-version: 13
origin: http://localhost:53225
host: localhost:53225
accept: */*
user-agent: AHC/2.1

Response DefaultHttpResponse(decodeResult: success, version: HTTP/1.1)
HTTP/1.1 101 WebSocket Protocol Handshake
Upgrade: WebSocket
Connection: Upgrade
Sec-WebSocket-Accept: X4nKBxKZAuMZZvIqI9OVHRvR7TY=

10:44:01.609 [AsyncHttpClient-1-1] DEBUG org.asynchttpclient.netty.channel.DefaultChannelPool - Entry count for : http://localhost:11663 : 1
10:44:01.609 [AsyncHttpClient-1-1] DEBUG org.asynchttpclient.netty.channel.DefaultChannelPool - Entry count for : http://localhost:53225 : 1
10:44:01.739 [Forwarding get on session 5d7275685be6a5fb8a9d77f23e824c3b to remote] DEBUG org.asynchttpclient.netty.request.NettyRequestSender - Using pooled Channel '[id: 0x9ef91374, L:/127.0.0.1:53224 - R:localhost/127.0.0.1:11663]' for 'POST' to 'http://localhost:11663/session/5d7275685be6a5fb8a9d77f23e824c3b/url'
10:44:01.739 [Forwarding get on session 5d7275685be6a5fb8a9d77f23e824c3b to remote] DEBUG org.asynchttpclient.netty.request.NettyRequestSender - Using open Channel [id: 0x9ef91374, L:/127.0.0.1:53224 - R:localhost/127.0.0.1:11663] for POST '/session/5d7275685be6a5fb8a9d77f23e824c3b/url'
10:44:02.315 [AsyncHttpClient-1-2] DEBUG org.asynchttpclient.netty.handler.HttpHandler - 

Request DefaultHttpRequest(decodeResult: success, version: HTTP/1.1)
POST /session/5d7275685be6a5fb8a9d77f23e824c3b/url HTTP/1.1
User-Agent: selenium/4.8.1 (java windows)
Content-Length: 64
Content-Type: application/json; charset=utf-8
host: localhost:11663
accept: */*

Response DefaultHttpResponse(decodeResult: success, version: HTTP/1.1)
HTTP/1.1 200 OK
Content-Length: 14
Content-Type: application/json; charset=utf-8
cache-control: no-cache

10:44:02.315 [AsyncHttpClient-1-2] DEBUG org.asynchttpclient.netty.channel.ChannelManager - Adding key: http://localhost:11663 for channel [id: 0x9ef91374, L:/127.0.0.1:53224 - R:localhost/127.0.0.1:11663]
10:44:02.329 [Forwarding setTimeout on session 5d7275685be6a5fb8a9d77f23e824c3b to remote] DEBUG org.asynchttpclient.netty.request.NettyRequestSender - Using pooled Channel '[id: 0x9ef91374, L:/127.0.0.1:53224 - R:localhost/127.0.0.1:11663]' for 'POST' to 'http://localhost:11663/session/5d7275685be6a5fb8a9d77f23e824c3b/timeouts'
10:44:02.330 [Forwarding setTimeout on session 5d7275685be6a5fb8a9d77f23e824c3b to remote] DEBUG org.asynchttpclient.netty.request.NettyRequestSender - Using open Channel [id: 0x9ef91374, L:/127.0.0.1:53224 - R:localhost/127.0.0.1:11663] for POST '/session/5d7275685be6a5fb8a9d77f23e824c3b/timeouts'
10:44:02.337 [AsyncHttpClient-1-2] DEBUG org.asynchttpclient.netty.handler.HttpHandler - 

Request DefaultHttpRequest(decodeResult: success, version: HTTP/1.1)
POST /session/5d7275685be6a5fb8a9d77f23e824c3b/timeouts HTTP/1.1
User-Agent: selenium/4.8.1 (java windows)
Content-Length: 22
Content-Type: application/json; charset=utf-8
host: localhost:11663
accept: */*

Response DefaultHttpResponse(decodeResult: success, version: HTTP/1.1)
HTTP/1.1 200 OK
Content-Length: 14
Content-Type: application/json; charset=utf-8
cache-control: no-cache

10:44:02.338 [AsyncHttpClient-1-2] DEBUG org.asynchttpclient.netty.channel.ChannelManager - Adding key: http://localhost:11663 for channel [id: 0x9ef91374, L:/127.0.0.1:53224 - R:localhost/127.0.0.1:11663]
10:44:02.394 [Forwarding findElement on session 5d7275685be6a5fb8a9d77f23e824c3b to remote] DEBUG org.asynchttpclient.netty.request.NettyRequestSender - Using pooled Channel '[id: 0x9ef91374, L:/127.0.0.1:53224 - R:localhost/127.0.0.1:11663]' for 'POST' to 'http://localhost:11663/session/5d7275685be6a5fb8a9d77f23e824c3b/element'
10:44:02.395 [Forwarding findElement on session 5d7275685be6a5fb8a9d77f23e824c3b to remote] DEBUG org.asynchttpclient.netty.request.NettyRequestSender - Using open Channel [id: 0x9ef91374, L:/127.0.0.1:53224 - R:localhost/127.0.0.1:11663] for POST '/session/5d7275685be6a5fb8a9d77f23e824c3b/element'
10:44:02.430 [AsyncHttpClient-1-2] DEBUG org.asynchttpclient.netty.handler.HttpHandler - 

Request DefaultHttpRequest(decodeResult: success, version: HTTP/1.1)
POST /session/5d7275685be6a5fb8a9d77f23e824c3b/element HTTP/1.1
User-Agent: selenium/4.8.1 (java windows)
Content-Length: 67
Content-Type: application/json; charset=utf-8
host: localhost:11663
accept: */*

Response DefaultHttpResponse(decodeResult: success, version: HTTP/1.1)
HTTP/1.1 200 OK
Content-Length: 95
Content-Type: application/json; charset=utf-8
cache-control: no-cache

10:44:02.431 [AsyncHttpClient-1-2] DEBUG org.asynchttpclient.netty.channel.ChannelManager - Adding key: http://localhost:11663 for channel [id: 0x9ef91374, L:/127.0.0.1:53224 - R:localhost/127.0.0.1:11663]
10:44:02.523 [Forwarding isElementDisplayed on session 5d7275685be6a5fb8a9d77f23e824c3b to remote] DEBUG org.asynchttpclient.netty.request.NettyRequestSender - Using pooled Channel '[id: 0x9ef91374, L:/127.0.0.1:53224 - R:localhost/127.0.0.1:11663]' for 'POST' to 'http://localhost:11663/session/5d7275685be6a5fb8a9d77f23e824c3b/execute/sync'
10:44:02.523 [Forwarding isElementDisplayed on session 5d7275685be6a5fb8a9d77f23e824c3b to remote] DEBUG org.asynchttpclient.netty.request.NettyRequestSender - Using open Channel [id: 0x9ef91374, L:/127.0.0.1:53224 - R:localhost/127.0.0.1:11663] for POST '/session/5d7275685be6a5fb8a9d77f23e824c3b/execute/sync'
10:44:02.554 [AsyncHttpClient-1-2] DEBUG org.asynchttpclient.netty.handler.HttpHandler - 

Request DefaultHttpRequest(decodeResult: success, version: HTTP/1.1)
POST /session/5d7275685be6a5fb8a9d77f23e824c3b/execute/sync HTTP/1.1
User-Agent: selenium/4.8.1 (java windows)
Content-Length: 48814
Content-Type: application/json; charset=utf-8
host: localhost:11663
accept: */*

Response DefaultHttpResponse(decodeResult: success, version: HTTP/1.1)
HTTP/1.1 200 OK
Content-Length: 14
Content-Type: application/json; charset=utf-8
cache-control: no-cache

10:44:02.554 [AsyncHttpClient-1-2] DEBUG org.asynchttpclient.netty.channel.ChannelManager - Adding key: http://localhost:11663 for channel [id: 0x9ef91374, L:/127.0.0.1:53224 - R:localhost/127.0.0.1:11663]
10:44:02.567 [Forwarding isElementDisplayed on session 5d7275685be6a5fb8a9d77f23e824c3b to remote] DEBUG org.asynchttpclient.netty.request.NettyRequestSender - Using pooled Channel '[id: 0x9ef91374, L:/127.0.0.1:53224 - R:localhost/127.0.0.1:11663]' for 'POST' to 'http://localhost:11663/session/5d7275685be6a5fb8a9d77f23e824c3b/execute/sync'
10:44:02.567 [Forwarding isElementDisplayed on session 5d7275685be6a5fb8a9d77f23e824c3b to remote] DEBUG org.asynchttpclient.netty.request.NettyRequestSender - Using open Channel [id: 0x9ef91374, L:/127.0.0.1:53224 - R:localhost/127.0.0.1:11663] for POST '/session/5d7275685be6a5fb8a9d77f23e824c3b/execute/sync'
10:44:02.598 [AsyncHttpClient-1-2] DEBUG org.asynchttpclient.netty.handler.HttpHandler - 

Request DefaultHttpRequest(decodeResult: success, version: HTTP/1.1)
POST /session/5d7275685be6a5fb8a9d77f23e824c3b/execute/sync HTTP/1.1
User-Agent: selenium/4.8.1 (java windows)
Content-Length: 48814
Content-Type: application/json; charset=utf-8
host: localhost:11663
accept: */*

Response DefaultHttpResponse(decodeResult: success, version: HTTP/1.1)
HTTP/1.1 200 OK
Content-Length: 14
Content-Type: application/json; charset=utf-8
cache-control: no-cache

10:44:02.598 [AsyncHttpClient-1-2] DEBUG org.asynchttpclient.netty.channel.ChannelManager - Adding key: http://localhost:11663 for channel [id: 0x9ef91374, L:/127.0.0.1:53224 - R:localhost/127.0.0.1:11663]
10:44:02.643 [main] DEBUG net.thucydides.core.steps.StepInterceptor - STEP DONE: onLoginPage
  &amp#27;[32mGiven &amp#27;[0m&amp#27;[32muser on login page2&amp#27;[0m                                            &amp#27;[90m# starter.stepdefinitions.Admin.DaftarKeretaApi.TambahKASteps.userOnLoginPage()&amp#27;[0m
10:44:02.681 [main] DEBUG net.thucydides.core.steps.StepInterceptor - STARTING STEP: TambahKASteps.userInputEmail - inputEmail
10:44:02.694 [Forwarding findElement on session 5d7275685be6a5fb8a9d77f23e824c3b to remote] DEBUG org.asynchttpclient.netty.request.NettyRequestSender - Using pooled Channel '[id: 0x9ef91374, L:/127.0.0.1:53224 - R:localhost/127.0.0.1:11663]' for 'POST' to 'http://localhost:11663/session/5d7275685be6a5fb8a9d77f23e824c3b/element'
10:44:02.694 [Forwarding findElement on session 5d7275685be6a5fb8a9d77f23e824c3b to remote] DEBUG org.asynchttpclient.netty.request.NettyRequestSender - Using open Channel [id: 0x9ef91374, L:/127.0.0.1:53224 - R:localhost/127.0.0.1:11663] for POST '/session/5d7275685be6a5fb8a9d77f23e824c3b/element'
10:44:02.709 [AsyncHttpClient-1-1] DEBUG org.asynchttpclient.netty.channel.DefaultChannelPool - Entry count for : http://localhost:53225 : 1
10:44:02.715 [AsyncHttpClient-1-2] DEBUG org.asynchttpclient.netty.handler.HttpHandler - 

Request DefaultHttpRequest(decodeResult: success, version: HTTP/1.1)
POST /session/5d7275685be6a5fb8a9d77f23e824c3b/element HTTP/1.1
User-Agent: selenium/4.8.1 (java windows)
Content-Length: 59
Content-Type: application/json; charset=utf-8
host: localhost:11663
accept: */*

Response DefaultHttpResponse(decodeResult: success, version: HTTP/1.1)
HTTP/1.1 200 OK
Content-Length: 95
Content-Type: application/json; charset=utf-8
cache-control: no-cache

10:44:02.716 [AsyncHttpClient-1-2] DEBUG org.asynchttpclient.netty.channel.ChannelManager - Adding key: http://localhost:11663 for channel [id: 0x9ef91374, L:/127.0.0.1:53224 - R:localhost/127.0.0.1:11663]
10:44:02.721 [Forwarding clearElement on session 5d7275685be6a5fb8a9d77f23e824c3b to remote] DEBUG org.asynchttpclient.netty.request.NettyRequestSender - Using pooled Channel '[id: 0x9ef91374, L:/127.0.0.1:53224 - R:localhost/127.0.0.1:11663]' for 'POST' to 'http://localhost:11663/session/5d7275685be6a5fb8a9d77f23e824c3b/element/7A7ADE5A1A9923ADAD15C53BA4B0868F_element_10/clear'
10:44:02.721 [Forwarding clearElement on session 5d7275685be6a5fb8a9d77f23e824c3b to remote] DEBUG org.asynchttpclient.netty.request.NettyRequestSender - Using open Channel [id: 0x9ef91374, L:/127.0.0.1:53224 - R:localhost/127.0.0.1:11663] for POST '/session/5d7275685be6a5fb8a9d77f23e824c3b/element/7A7ADE5A1A9923ADAD15C53BA4B0868F_element_10/clear'
10:44:02.803 [AsyncHttpClient-1-2] DEBUG org.asynchttpclient.netty.handler.HttpHandler - 

Request DefaultHttpRequest(decodeResult: success, version: HTTP/1.1)
POST /session/5d7275685be6a5fb8a9d77f23e824c3b/element/7A7ADE5A1A9923ADAD15C53BA4B0868F_element_10/clear HTTP/1.1
User-Agent: selenium/4.8.1 (java windows)
Content-Length: 57
Content-Type: application/json; charset=utf-8
host: localhost:11663
accept: */*

Response DefaultHttpResponse(decodeResult: success, version: HTTP/1.1)
HTTP/1.1 200 OK
Content-Length: 14
Content-Type: application/json; charset=utf-8
cache-control: no-cache

10:44:02.804 [AsyncHttpClient-1-2] DEBUG org.asynchttpclient.netty.channel.ChannelManager - Adding key: http://localhost:11663 for channel [id: 0x9ef91374, L:/127.0.0.1:53224 - R:localhost/127.0.0.1:11663]
10:44:02.815 [Forwarding sendKeysToElement on session 5d7275685be6a5fb8a9d77f23e824c3b to remote] DEBUG org.asynchttpclient.netty.request.NettyRequestSender - Using pooled Channel '[id: 0x9ef91374, L:/127.0.0.1:53224 - R:localhost/127.0.0.1:11663]' for 'POST' to 'http://localhost:11663/session/5d7275685be6a5fb8a9d77f23e824c3b/element/7A7ADE5A1A9923ADAD15C53BA4B0868F_element_10/value'
10:44:02.815 [Forwarding sendKeysToElement on session 5d7275685be6a5fb8a9d77f23e824c3b to remote] DEBUG org.asynchttpclient.netty.request.NettyRequestSender - Using open Channel [id: 0x9ef91374, L:/127.0.0.1:53224 - R:localhost/127.0.0.1:11663] for POST '/session/5d7275685be6a5fb8a9d77f23e824c3b/element/7A7ADE5A1A9923ADAD15C53BA4B0868F_element_10/value'
10:44:02.979 [AsyncHttpClient-1-2] DEBUG org.asynchttpclient.netty.handler.HttpHandler - 

Request DefaultHttpRequest(decodeResult: success, version: HTTP/1.1)
POST /session/5d7275685be6a5fb8a9d77f23e824c3b/element/7A7ADE5A1A9923ADAD15C53BA4B0868F_element_10/value HTTP/1.1
User-Agent: selenium/4.8.1 (java windows)
Content-Length: 238
Content-Type: application/json; charset=utf-8
host: localhost:11663
accept: */*

Response DefaultHttpResponse(decodeResult: success, version: HTTP/1.1)
HTTP/1.1 200 OK
Content-Length: 14
Content-Type: application/json; charset=utf-8
cache-control: no-cache

10:44:02.980 [AsyncHttpClient-1-2] DEBUG org.asynchttpclient.netty.channel.ChannelManager - Adding key: http://localhost:11663 for channel [id: 0x9ef91374, L:/127.0.0.1:53224 - R:localhost/127.0.0.1:11663]
10:44:02.997 [main] DEBUG net.thucydides.core.steps.StepInterceptor - STEP DONE: inputEmail
  &amp#27;[32mWhen &amp#27;[0m&amp#27;[32muser input email2&amp#27;[0m                                               &amp#27;[90m# starter.stepdefinitions.Admin.DaftarKeretaApi.TambahKASteps.userInputEmail()&amp#27;[0m
10:44:03.024 [main] DEBUG net.thucydides.core.steps.StepInterceptor - STARTING STEP: TambahKASteps.userInputPassword - inputPassword
10:44:03.033 [Forwarding findElement on session 5d7275685be6a5fb8a9d77f23e824c3b to remote] DEBUG org.asynchttpclient.netty.request.NettyRequestSender - Using pooled Channel '[id: 0x9ef91374, L:/127.0.0.1:53224 - R:localhost/127.0.0.1:11663]' for 'POST' to 'http://localhost:11663/session/5d7275685be6a5fb8a9d77f23e824c3b/element'
10:44:03.033 [Forwarding findElement on session 5d7275685be6a5fb8a9d77f23e824c3b to remote] DEBUG org.asynchttpclient.netty.request.NettyRequestSender - Using open Channel [id: 0x9ef91374, L:/127.0.0.1:53224 - R:localhost/127.0.0.1:11663] for POST '/session/5d7275685be6a5fb8a9d77f23e824c3b/element'
10:44:03.110 [AsyncHttpClient-1-2] DEBUG org.asynchttpclient.netty.handler.HttpHandler - 

Request DefaultHttpRequest(decodeResult: success, version: HTTP/1.1)
POST /session/5d7275685be6a5fb8a9d77f23e824c3b/element HTTP/1.1
User-Agent: selenium/4.8.1 (java windows)
Content-Length: 62
Content-Type: application/json; charset=utf-8
host: localhost:11663
accept: */*

Response DefaultHttpResponse(decodeResult: success, version: HTTP/1.1)
HTTP/1.1 200 OK
Content-Length: 94
Content-Type: application/json; charset=utf-8
cache-control: no-cache

10:44:03.110 [AsyncHttpClient-1-2] DEBUG org.asynchttpclient.netty.channel.ChannelManager - Adding key: http://localhost:11663 for channel [id: 0x9ef91374, L:/127.0.0.1:53224 - R:localhost/127.0.0.1:11663]
10:44:03.114 [Forwarding clearElement on session 5d7275685be6a5fb8a9d77f23e824c3b to remote] DEBUG org.asynchttpclient.netty.request.NettyRequestSender - Using pooled Channel '[id: 0x9ef91374, L:/127.0.0.1:53224 - R:localhost/127.0.0.1:11663]' for 'POST' to 'http://localhost:11663/session/5d7275685be6a5fb8a9d77f23e824c3b/element/7A7ADE5A1A9923ADAD15C53BA4B0868F_element_2/clear'
10:44:03.114 [Forwarding clearElement on session 5d7275685be6a5fb8a9d77f23e824c3b to remote] DEBUG org.asynchttpclient.netty.request.NettyRequestSender - Using open Channel [id: 0x9ef91374, L:/127.0.0.1:53224 - R:localhost/127.0.0.1:11663] for POST '/session/5d7275685be6a5fb8a9d77f23e824c3b/element/7A7ADE5A1A9923ADAD15C53BA4B0868F_element_2/clear'
10:44:03.483 [AsyncHttpClient-1-2] DEBUG org.asynchttpclient.netty.handler.HttpHandler - 

Request DefaultHttpRequest(decodeResult: success, version: HTTP/1.1)
POST /session/5d7275685be6a5fb8a9d77f23e824c3b/element/7A7ADE5A1A9923ADAD15C53BA4B0868F_element_2/clear HTTP/1.1
User-Agent: selenium/4.8.1 (java windows)
Content-Length: 56
Content-Type: application/json; charset=utf-8
host: localhost:11663
accept: */*

Response DefaultHttpResponse(decodeResult: success, version: HTTP/1.1)
HTTP/1.1 200 OK
Content-Length: 14
Content-Type: application/json; charset=utf-8
cache-control: no-cache

10:44:03.485 [AsyncHttpClient-1-2] DEBUG org.asynchttpclient.netty.channel.ChannelManager - Adding key: http://localhost:11663 for channel [id: 0x9ef91374, L:/127.0.0.1:53224 - R:localhost/127.0.0.1:11663]
10:44:03.491 [Forwarding sendKeysToElement on session 5d7275685be6a5fb8a9d77f23e824c3b to remote] DEBUG org.asynchttpclient.netty.request.NettyRequestSender - Using pooled Channel '[id: 0x9ef91374, L:/127.0.0.1:53224 - R:localhost/127.0.0.1:11663]' for 'POST' to 'http://localhost:11663/session/5d7275685be6a5fb8a9d77f23e824c3b/element/7A7ADE5A1A9923ADAD15C53BA4B0868F_element_2/value'
10:44:03.491 [Forwarding sendKeysToElement on session 5d7275685be6a5fb8a9d77f23e824c3b to remote] DEBUG org.asynchttpclient.netty.request.NettyRequestSender - Using open Channel [id: 0x9ef91374, L:/127.0.0.1:53224 - R:localhost/127.0.0.1:11663] for POST '/session/5d7275685be6a5fb8a9d77f23e824c3b/element/7A7ADE5A1A9923ADAD15C53BA4B0868F_element_2/value'
10:44:03.756 [AsyncHttpClient-1-2] DEBUG org.asynchttpclient.netty.handler.HttpHandler - 

Request DefaultHttpRequest(decodeResult: success, version: HTTP/1.1)
POST /session/5d7275685be6a5fb8a9d77f23e824c3b/element/7A7ADE5A1A9923ADAD15C53BA4B0868F_element_2/value HTTP/1.1
User-Agent: selenium/4.8.1 (java windows)
Content-Length: 177
Content-Type: application/json; charset=utf-8
host: localhost:11663
accept: */*

Response DefaultHttpResponse(decodeResult: success, version: HTTP/1.1)
HTTP/1.1 200 OK
Content-Length: 14
Content-Type: application/json; charset=utf-8
cache-control: no-cache

10:44:03.756 [AsyncHttpClient-1-2] DEBUG org.asynchttpclient.netty.channel.ChannelManager - Adding key: http://localhost:11663 for channel [id: 0x9ef91374, L:/127.0.0.1:53224 - R:localhost/127.0.0.1:11663]
10:44:03.764 [main] DEBUG net.thucydides.core.steps.StepInterceptor - STEP DONE: inputPassword
  &amp#27;[32mAnd &amp#27;[0m&amp#27;[32muser input password2&amp#27;[0m                                             &amp#27;[90m# starter.stepdefinitions.Admin.DaftarKeretaApi.TambahKASteps.userInputPassword()&amp#27;[0m
10:44:03.785 [main] DEBUG net.thucydides.core.steps.StepInterceptor - STARTING STEP: TambahKASteps.userClickLogin - clickLoginButton
10:44:03.798 [Forwarding findElement on session 5d7275685be6a5fb8a9d77f23e824c3b to remote] DEBUG org.asynchttpclient.netty.request.NettyRequestSender - Using pooled Channel '[id: 0x9ef91374, L:/127.0.0.1:53224 - R:localhost/127.0.0.1:11663]' for 'POST' to 'http://localhost:11663/session/5d7275685be6a5fb8a9d77f23e824c3b/element'
10:44:03.799 [Forwarding findElement on session 5d7275685be6a5fb8a9d77f23e824c3b to remote] DEBUG org.asynchttpclient.netty.request.NettyRequestSender - Using open Channel [id: 0x9ef91374, L:/127.0.0.1:53224 - R:localhost/127.0.0.1:11663] for POST '/session/5d7275685be6a5fb8a9d77f23e824c3b/element'
10:44:03.809 [AsyncHttpClient-1-1] DEBUG org.asynchttpclient.netty.channel.DefaultChannelPool - Entry count for : http://localhost:53225 : 1
10:44:03.822 [AsyncHttpClient-1-2] DEBUG org.asynchttpclient.netty.handler.HttpHandler - 

Request DefaultHttpRequest(decodeResult: success, version: HTTP/1.1)
POST /session/5d7275685be6a5fb8a9d77f23e824c3b/element HTTP/1.1
User-Agent: selenium/4.8.1 (java windows)
Content-Length: 97
Content-Type: application/json; charset=utf-8
host: localhost:11663
accept: */*

Response DefaultHttpResponse(decodeResult: success, version: HTTP/1.1)
HTTP/1.1 200 OK
Content-Length: 94
Content-Type: application/json; charset=utf-8
cache-control: no-cache

10:44:03.823 [AsyncHttpClient-1-2] DEBUG org.asynchttpclient.netty.channel.ChannelManager - Adding key: http://localhost:11663 for channel [id: 0x9ef91374, L:/127.0.0.1:53224 - R:localhost/127.0.0.1:11663]
10:44:03.826 [Forwarding getElementTagName on session 5d7275685be6a5fb8a9d77f23e824c3b to remote] DEBUG org.asynchttpclient.netty.request.NettyRequestSender - Using pooled Channel '[id: 0x9ef91374, L:/127.0.0.1:53224 - R:localhost/127.0.0.1:11663]' for 'GET' to 'http://localhost:11663/session/5d7275685be6a5fb8a9d77f23e824c3b/element/7A7ADE5A1A9923ADAD15C53BA4B0868F_element_4/name'
10:44:03.826 [Forwarding getElementTagName on session 5d7275685be6a5fb8a9d77f23e824c3b to remote] DEBUG org.asynchttpclient.netty.request.NettyRequestSender - Using open Channel [id: 0x9ef91374, L:/127.0.0.1:53224 - R:localhost/127.0.0.1:11663] for GET '/session/5d7275685be6a5fb8a9d77f23e824c3b/element/7A7ADE5A1A9923ADAD15C53BA4B0868F_element_4/name'
10:44:03.835 [AsyncHttpClient-1-2] DEBUG org.asynchttpclient.netty.handler.HttpHandler - 

Request DefaultFullHttpRequest(decodeResult: success, version: HTTP/1.1, content: EmptyByteBufBE)
GET /session/5d7275685be6a5fb8a9d77f23e824c3b/element/7A7ADE5A1A9923ADAD15C53BA4B0868F_element_4/name HTTP/1.1
User-Agent: selenium/4.8.1 (java windows)
Cache-Control: no-cache
Content-Type: application/json; charset=utf-8
host: localhost:11663
accept: */*

Response DefaultHttpResponse(decodeResult: success, version: HTTP/1.1)
HTTP/1.1 200 OK
Content-Length: 18
Content-Type: application/json; charset=utf-8
cache-control: no-cache

10:44:03.836 [AsyncHttpClient-1-2] DEBUG org.asynchttpclient.netty.channel.ChannelManager - Adding key: http://localhost:11663 for channel [id: 0x9ef91374, L:/127.0.0.1:53224 - R:localhost/127.0.0.1:11663]
10:44:03.839 [Forwarding getElementTagName on session 5d7275685be6a5fb8a9d77f23e824c3b to remote] DEBUG org.asynchttpclient.netty.request.NettyRequestSender - Using pooled Channel '[id: 0x9ef91374, L:/127.0.0.1:53224 - R:localhost/127.0.0.1:11663]' for 'GET' to 'http://localhost:11663/session/5d7275685be6a5fb8a9d77f23e824c3b/element/7A7ADE5A1A9923ADAD15C53BA4B0868F_element_4/name'
10:44:03.839 [Forwarding getElementTagName on session 5d7275685be6a5fb8a9d77f23e824c3b to remote] DEBUG org.asynchttpclient.netty.request.NettyRequestSender - Using open Channel [id: 0x9ef91374, L:/127.0.0.1:53224 - R:localhost/127.0.0.1:11663] for GET '/session/5d7275685be6a5fb8a9d77f23e824c3b/element/7A7ADE5A1A9923ADAD15C53BA4B0868F_element_4/name'
10:44:03.847 [AsyncHttpClient-1-2] DEBUG org.asynchttpclient.netty.handler.HttpHandler - 

Request DefaultFullHttpRequest(decodeResult: success, version: HTTP/1.1, content: EmptyByteBufBE)
GET /session/5d7275685be6a5fb8a9d77f23e824c3b/element/7A7ADE5A1A9923ADAD15C53BA4B0868F_element_4/name HTTP/1.1
User-Agent: selenium/4.8.1 (java windows)
Cache-Control: no-cache
Content-Type: application/json; charset=utf-8
host: localhost:11663
accept: */*

Response DefaultHttpResponse(decodeResult: success, version: HTTP/1.1)
HTTP/1.1 200 OK
Content-Length: 18
Content-Type: application/json; charset=utf-8
cache-control: no-cache

10:44:03.847 [AsyncHttpClient-1-2] DEBUG org.asynchttpclient.netty.channel.ChannelManager - Adding key: http://localhost:11663 for channel [id: 0x9ef91374, L:/127.0.0.1:53224 - R:localhost/127.0.0.1:11663]
10:44:03.855 [Forwarding isElementEnabled on session 5d7275685be6a5fb8a9d77f23e824c3b to remote] DEBUG org.asynchttpclient.netty.request.NettyRequestSender - Using pooled Channel '[id: 0x9ef91374, L:/127.0.0.1:53224 - R:localhost/127.0.0.1:11663]' for 'GET' to 'http://localhost:11663/session/5d7275685be6a5fb8a9d77f23e824c3b/element/7A7ADE5A1A9923ADAD15C53BA4B0868F_element_4/enabled'
10:44:03.855 [Forwarding isElementEnabled on session 5d7275685be6a5fb8a9d77f23e824c3b to remote] DEBUG org.asynchttpclient.netty.request.NettyRequestSender - Using open Channel [id: 0x9ef91374, L:/127.0.0.1:53224 - R:localhost/127.0.0.1:11663] for GET '/session/5d7275685be6a5fb8a9d77f23e824c3b/element/7A7ADE5A1A9923ADAD15C53BA4B0868F_element_4/enabled'
10:44:03.869 [AsyncHttpClient-1-2] DEBUG org.asynchttpclient.netty.handler.HttpHandler - 

Request DefaultFullHttpRequest(decodeResult: success, version: HTTP/1.1, content: EmptyByteBufBE)
GET /session/5d7275685be6a5fb8a9d77f23e824c3b/element/7A7ADE5A1A9923ADAD15C53BA4B0868F_element_4/enabled HTTP/1.1
User-Agent: selenium/4.8.1 (java windows)
Cache-Control: no-cache
Content-Type: application/json; charset=utf-8
host: localhost:11663
accept: */*

Response DefaultHttpResponse(decodeResult: success, version: HTTP/1.1)
HTTP/1.1 200 OK
Content-Length: 14
Content-Type: application/json; charset=utf-8
cache-control: no-cache

10:44:03.869 [AsyncHttpClient-1-2] DEBUG org.asynchttpclient.netty.channel.ChannelManager - Adding key: http://localhost:11663 for channel [id: 0x9ef91374, L:/127.0.0.1:53224 - R:localhost/127.0.0.1:11663]
10:44:03.872 [Forwarding isElementEnabled on session 5d7275685be6a5fb8a9d77f23e824c3b to remote] DEBUG org.asynchttpclient.netty.request.NettyRequestSender - Using pooled Channel '[id: 0x9ef91374, L:/127.0.0.1:53224 - R:localhost/127.0.0.1:11663]' for 'GET' to 'http://localhost:11663/session/5d7275685be6a5fb8a9d77f23e824c3b/element/7A7ADE5A1A9923ADAD15C53BA4B0868F_element_4/enabled'
10:44:03.872 [Forwarding isElementEnabled on session 5d7275685be6a5fb8a9d77f23e824c3b to remote] DEBUG org.asynchttpclient.netty.request.NettyRequestSender - Using open Channel [id: 0x9ef91374, L:/127.0.0.1:53224 - R:localhost/127.0.0.1:11663] for GET '/session/5d7275685be6a5fb8a9d77f23e824c3b/element/7A7ADE5A1A9923ADAD15C53BA4B0868F_element_4/enabled'
10:44:03.892 [AsyncHttpClient-1-2] DEBUG org.asynchttpclient.netty.handler.HttpHandler - 

Request DefaultFullHttpRequest(decodeResult: success, version: HTTP/1.1, content: EmptyByteBufBE)
GET /session/5d7275685be6a5fb8a9d77f23e824c3b/element/7A7ADE5A1A9923ADAD15C53BA4B0868F_element_4/enabled HTTP/1.1
User-Agent: selenium/4.8.1 (java windows)
Cache-Control: no-cache
Content-Type: application/json; charset=utf-8
host: localhost:11663
accept: */*

Response DefaultHttpResponse(decodeResult: success, version: HTTP/1.1)
HTTP/1.1 200 OK
Content-Length: 14
Content-Type: application/json; charset=utf-8
cache-control: no-cache

10:44:03.892 [AsyncHttpClient-1-2] DEBUG org.asynchttpclient.netty.channel.ChannelManager - Adding key: http://localhost:11663 for channel [id: 0x9ef91374, L:/127.0.0.1:53224 - R:localhost/127.0.0.1:11663]
10:44:03.898 [Forwarding findElement on session 5d7275685be6a5fb8a9d77f23e824c3b to remote] DEBUG org.asynchttpclient.netty.request.NettyRequestSender - Using pooled Channel '[id: 0x9ef91374, L:/127.0.0.1:53224 - R:localhost/127.0.0.1:11663]' for 'POST' to 'http://localhost:11663/session/5d7275685be6a5fb8a9d77f23e824c3b/element'
10:44:03.899 [Forwarding findElement on session 5d7275685be6a5fb8a9d77f23e824c3b to remote] DEBUG org.asynchttpclient.netty.request.NettyRequestSender - Using open Channel [id: 0x9ef91374, L:/127.0.0.1:53224 - R:localhost/127.0.0.1:11663] for POST '/session/5d7275685be6a5fb8a9d77f23e824c3b/element'
10:44:03.913 [AsyncHttpClient-1-2] DEBUG org.asynchttpclient.netty.handler.HttpHandler - 

Request DefaultHttpRequest(decodeResult: success, version: HTTP/1.1)
POST /session/5d7275685be6a5fb8a9d77f23e824c3b/element HTTP/1.1
User-Agent: selenium/4.8.1 (java windows)
Content-Length: 97
Content-Type: application/json; charset=utf-8
host: localhost:11663
accept: */*

Response DefaultHttpResponse(decodeResult: success, version: HTTP/1.1)
HTTP/1.1 200 OK
Content-Length: 94
Content-Type: application/json; charset=utf-8
cache-control: no-cache

10:44:03.914 [AsyncHttpClient-1-2] DEBUG org.asynchttpclient.netty.channel.ChannelManager - Adding key: http://localhost:11663 for channel [id: 0x9ef91374, L:/127.0.0.1:53224 - R:localhost/127.0.0.1:11663]
10:44:03.917 [Forwarding clickElement on session 5d7275685be6a5fb8a9d77f23e824c3b to remote] DEBUG org.asynchttpclient.netty.request.NettyRequestSender - Using pooled Channel '[id: 0x9ef91374, L:/127.0.0.1:53224 - R:localhost/127.0.0.1:11663]' for 'POST' to 'http://localhost:11663/session/5d7275685be6a5fb8a9d77f23e824c3b/element/7A7ADE5A1A9923ADAD15C53BA4B0868F_element_4/click'
10:44:03.917 [Forwarding clickElement on session 5d7275685be6a5fb8a9d77f23e824c3b to remote] DEBUG org.asynchttpclient.netty.request.NettyRequestSender - Using open Channel [id: 0x9ef91374, L:/127.0.0.1:53224 - R:localhost/127.0.0.1:11663] for POST '/session/5d7275685be6a5fb8a9d77f23e824c3b/element/7A7ADE5A1A9923ADAD15C53BA4B0868F_element_4/click'
10:44:04.175 [AsyncHttpClient-1-2] DEBUG org.asynchttpclient.netty.handler.HttpHandler - 

Request DefaultHttpRequest(decodeResult: success, version: HTTP/1.1)
POST /session/5d7275685be6a5fb8a9d77f23e824c3b/element/7A7ADE5A1A9923ADAD15C53BA4B0868F_element_4/click HTTP/1.1
User-Agent: selenium/4.8.1 (java windows)
Content-Length: 56
Content-Type: application/json; charset=utf-8
host: localhost:11663
accept: */*

Response DefaultHttpResponse(decodeResult: success, version: HTTP/1.1)
HTTP/1.1 200 OK
Content-Length: 14
Content-Type: application/json; charset=utf-8
cache-control: no-cache

10:44:04.176 [AsyncHttpClient-1-2] DEBUG org.asynchttpclient.netty.channel.ChannelManager - Adding key: http://localhost:11663 for channel [id: 0x9ef91374, L:/127.0.0.1:53224 - R:localhost/127.0.0.1:11663]
10:44:04.188 [main] DEBUG net.thucydides.core.steps.StepInterceptor - STEP DONE: clickLoginButton
[...]
10:44:08.696 [Forwarding getElementTagName on session 5d7275685be6a5fb8a9d77f23e824c3b to remote] DEBUG org.asynchttpclient.netty.request.NettyRequestSender - Using open Channel [id: 0x9ef91374, L:/127.0.0.1:53224 - R:localhost/127.0.0.1:11663] for GET '/session/5d7275685be6a5fb8a9d77f23e824c3b/element/7A7ADE5A1A9923ADAD15C53BA4B0868F_element_119/name'
10:44:08.703 [AsyncHttpClient-1-2] DEBUG org.asynchttpclient.netty.handler.HttpHandler - 

Request DefaultFullHttpRequest(decodeResult: success, version: HTTP/1.1, content: EmptyByteBufBE)
GET /session/5d7275685be6a5fb8a9d77f23e824c3b/element/7A7ADE5A1A9923ADAD15C53BA4B0868F_element_119/name HTTP/1.1
User-Agent: selenium/4.8.1 (java windows)
Cache-Control: no-cache
Content-Type: application/json; charset=utf-8
host: localhost:11663
accept: */*

Response DefaultHttpResponse(decodeResult: success, version: HTTP/1.1)
HTTP/1.1 200 OK
Content-Length: 18
Content-Type: application/json; charset=utf-8
cache-control: no-cache

10:44:08.703 [AsyncHttpClient-1-2] DEBUG org.asynchttpclient.netty.channel.ChannelManager - Adding key: http://localhost:11663 for channel [id: 0x9ef91374, L:/127.0.0.1:53224 - R:localhost/127.0.0.1:11663]
10:44:08.706 [Forwarding isElementEnabled on session 5d7275685be6a5fb8a9d77f23e824c3b to remote] DEBUG org.asynchttpclient.netty.request.NettyRequestSender - Using pooled Channel '[id: 0x9ef91374, L:/127.0.0.1:53224 - R:localhost/127.0.0.1:11663]' for 'GET' to 'http://localhost:11663/session/5d7275685be6a5fb8a9d77f23e824c3b/element/7A7ADE5A1A9923ADAD15C53BA4B0868F_element_119/enabled'
10:44:08.707 [Forwarding isElementEnabled on session 5d7275685be6a5fb8a9d77f23e824c3b to remote] DEBUG org.asynchttpclient.netty.request.NettyRequestSender - Using open Channel [id: 0x9ef91374, L:/127.0.0.1:53224 - R:localhost/127.0.0.1:11663] for GET '/session/5d7275685be6a5fb8a9d77f23e824c3b/element/7A7ADE5A1A9923ADAD15C53BA4B0868F_element_119/enabled'
10:44:08.718 [AsyncHttpClient-1-2] DEBUG org.asynchttpclient.netty.handler.HttpHandler - 

Request DefaultFullHttpRequest(decodeResult: success, version: HTTP/1.1, content: EmptyByteBufBE)
GET /session/5d7275685be6a5fb8a9d77f23e824c3b/element/7A7ADE5A1A9923ADAD15C53BA4B0868F_element_119/enabled HTTP/1.1
User-Agent: selenium/4.8.1 (java windows)
Cache-Control: no-cache
Content-Type: application/json; charset=utf-8
host: localhost:11663
accept: */*

Response DefaultHttpResponse(decodeResult: success, version: HTTP/1.1)
HTTP/1.1 200 OK
Content-Length: 14
Content-Type: application/json; charset=utf-8
cache-control: no-cache

10:44:08.718 [AsyncHttpClient-1-2] DEBUG org.asynchttpclient.netty.channel.ChannelManager - Adding key: http://localhost:11663 for channel [id: 0x9ef91374, L:/127.0.0.1:53224 - R:localhost/127.0.0.1:11663]
10:44:08.721 [Forwarding isElementEnabled on session 5d7275685be6a5fb8a9d77f23e824c3b to remote] DEBUG org.asynchttpclient.netty.request.NettyRequestSender - Using pooled Channel '[id: 0x9ef91374, L:/127.0.0.1:53224 - R:localhost/127.0.0.1:11663]' for 'GET' to 'http://localhost:11663/session/5d7275685be6a5fb8a9d77f23e824c3b/element/7A7ADE5A1A9923ADAD15C53BA4B0868F_element_119/enabled'
10:44:08.721 [Forwarding isElementEnabled on session 5d7275685be6a5fb8a9d77f23e824c3b to remote] DEBUG org.asynchttpclient.netty.request.NettyRequestSender - Using open Channel [id: 0x9ef91374, L:/127.0.0.1:53224 - R:localhost/127.0.0.1:11663] for GET '/session/5d7275685be6a5fb8a9d77f23e824c3b/element/7A7ADE5A1A9923ADAD15C53BA4B0868F_element_119/enabled'
10:44:08.731 [AsyncHttpClient-1-2] DEBUG org.asynchttpclient.netty.handler.HttpHandler - 

Request DefaultFullHttpRequest(decodeResult: success, version: HTTP/1.1, content: EmptyByteBufBE)
GET /session/5d7275685be6a5fb8a9d77f23e824c3b/element/7A7ADE5A1A9923ADAD15C53BA4B0868F_element_119/enabled HTTP/1.1
User-Agent: selenium/4.8.1 (java windows)
Cache-Control: no-cache
Content-Type: application/json; charset=utf-8
host: localhost:11663
accept: */*

Response DefaultHttpResponse(decodeResult: success, version: HTTP/1.1)
HTTP/1.1 200 OK
Content-Length: 14
Content-Type: application/json; charset=utf-8
cache-control: no-cache

10:44:08.732 [AsyncHttpClient-1-2] DEBUG org.asynchttpclient.netty.channel.ChannelManager - Adding key: http://localhost:11663 for channel [id: 0x9ef91374, L:/127.0.0.1:53224 - R:localhost/127.0.0.1:11663]
10:44:08.735 [Forwarding findElement on session 5d7275685be6a5fb8a9d77f23e824c3b to remote] DEBUG org.asynchttpclient.netty.request.NettyRequestSender - Using pooled Channel '[id: 0x9ef91374, L:/127.0.0.1:53224 - R:localhost/127.0.0.1:11663]' for 'POST' to 'http://localhost:11663/session/5d7275685be6a5fb8a9d77f23e824c3b/element'
10:44:08.735 [Forwarding findElement on session 5d7275685be6a5fb8a9d77f23e824c3b to remote] DEBUG org.asynchttpclient.netty.request.NettyRequestSender - Using open Channel [id: 0x9ef91374, L:/127.0.0.1:53224 - R:localhost/127.0.0.1:11663] for POST '/session/5d7275685be6a5fb8a9d77f23e824c3b/element'
10:44:08.749 [AsyncHttpClient-1-2] DEBUG org.asynchttpclient.netty.handler.HttpHandler - 

Request DefaultHttpRequest(decodeResult: success, version: HTTP/1.1)
POST /session/5d7275685be6a5fb8a9d77f23e824c3b/element HTTP/1.1
User-Agent: selenium/4.8.1 (java windows)
Content-Length: 151
Content-Type: application/json; charset=utf-8
host: localhost:11663
accept: */*

Response DefaultHttpResponse(decodeResult: success, version: HTTP/1.1)
HTTP/1.1 200 OK
Content-Length: 96
Content-Type: application/json; charset=utf-8
cache-control: no-cache

10:44:08.749 [AsyncHttpClient-1-2] DEBUG org.asynchttpclient.netty.channel.ChannelManager - Adding key: http://localhost:11663 for channel [id: 0x9ef91374, L:/127.0.0.1:53224 - R:localhost/127.0.0.1:11663]
10:44:08.752 [Forwarding clickElement on session 5d7275685be6a5fb8a9d77f23e824c3b to remote] DEBUG org.asynchttpclient.netty.request.NettyRequestSender - Using pooled Channel '[id: 0x9ef91374, L:/127.0.0.1:53224 - R:localhost/127.0.0.1:11663]' for 'POST' to 'http://localhost:11663/session/5d7275685be6a5fb8a9d77f23e824c3b/element/7A7ADE5A1A9923ADAD15C53BA4B0868F_element_119/click'
10:44:08.752 [Forwarding clickElement on session 5d7275685be6a5fb8a9d77f23e824c3b to remote] DEBUG org.asynchttpclient.netty.request.NettyRequestSender - Using open Channel [id: 0x9ef91374, L:/127.0.0.1:53224 - R:localhost/127.0.0.1:11663] for POST '/session/5d7275685be6a5fb8a9d77f23e824c3b/element/7A7ADE5A1A9923ADAD15C53BA4B0868F_element_119/click'
10:44:08.847 [AsyncHttpClient-1-2] DEBUG org.asynchttpclient.netty.handler.HttpHandler - 

Request DefaultHttpRequest(decodeResult: success, version: HTTP/1.1)
POST /session/5d7275685be6a5fb8a9d77f23e824c3b/element/7A7ADE5A1A9923ADAD15C53BA4B0868F_element_119/click HTTP/1.1
User-Agent: selenium/4.8.1 (java windows)
Content-Length: 58
Content-Type: application/json; charset=utf-8
host: localhost:11663
accept: */*

Response DefaultHttpResponse(decodeResult: success, version: HTTP/1.1)
HTTP/1.1 200 OK
Content-Length: 14
Content-Type: application/json; charset=utf-8
cache-control: no-cache

10:44:08.848 [AsyncHttpClient-1-2] DEBUG org.asynchttpclient.netty.channel.ChannelManager - Adding key: http://localhost:11663 for channel [id: 0x9ef91374, L:/127.0.0.1:53224 - R:localhost/127.0.0.1:11663]
  &amp#27;[32mAnd &amp#27;[0m&amp#27;[32muser click Tambah Rute&amp#27;[0m                                           &amp#27;[90m# starter.stepdefinitions.EditKASteps.userClickTambahRute()&amp#27;[0m
  &amp#27;[31mAnd &amp#27;[0m&amp#27;[31mUser set rute2&amp#27;[0m
      &amp#27;[31mio.cucumber.core.runner.AmbiguousStepDefinitionsException: "User set rute2" matches more than one step definition:
  "User set rute2" in starter.stepdefinitions.Admin.DaftarKeretaApi.TambahKASteps.userChecklistRute1()
  "User set rute{int}" in starter.stepdefinitions.Admin.DaftarKeretaApi.TambahKASteps.userSetRute(int)
	at io.cucumber.core.runner.CachingGlue.findStepDefinitionMatch(CachingGlue.java:402)
	at io.cucumber.core.runner.CachingGlue.stepDefinitionMatch(CachingGlue.java:370)
	at io.cucumber.core.runner.Runner.matchStepToStepDefinition(Runner.java:183)
	at io.cucumber.core.runner.Runner.createTestStepsForPickleSteps(Runner.java:163)
	at io.cucumber.core.runner.Runner.createTestCaseForPickle(Runner.java:146)
	at io.cucumber.core.runner.Runner.runPickle(Runner.java:74)
	at io.cucumber.junit.PickleRunners$NoStepDescriptions.lambda$run$0(PickleRunners.java:151)
	at io.cucumber.core.runtime.CucumberExecutionContext.lambda$runTestCase$5(CucumberExecutionContext.java:130)
	at io.cucumber.core.runtime.RethrowingThrowableCollector.executeAndThrow(RethrowingThrowableCollector.java:23)
	at io.cucumber.core.runtime.CucumberExecutionContext.runTestCase(CucumberExecutionContext.java:130)
	at io.cucumber.junit.PickleRunners$NoStepDescriptions.run(PickleRunners.java:148)
	at io.cucumber.junit.FeatureRunner.runChild(FeatureRunner.java:144)
	at io.cucumber.junit.FeatureRunner.runChild(FeatureRunner.java:28)
	at org.junit.runners.ParentRunner$4.run(ParentRunner.java:331)
	at org.junit.runners.ParentRunner$1.schedule(ParentRunner.java:79)
	at org.junit.runners.ParentRunner.runChildren(ParentRunner.java:329)
	at org.junit.runners.ParentRunner.access$100(ParentRunner.java:66)
	at org.junit.runners.ParentRunner$2.evaluate(ParentRunner.java:293)
	at org.junit.runners.ParentRunner$3.evaluate(ParentRunner.java:306)
	at org.junit.runners.ParentRunner.run(ParentRunner.java:413)
	at io.cucumber.junit.FeatureRunner.run(FeatureRunner.java:137)
	at io.cucumber.junit.CucumberSerenityBaseRunner.runChild(CucumberSerenityBaseRunner.java:330)
	at io.cucumber.junit.CucumberSerenityBaseRunner.runChild(CucumberSerenityBaseRunner.java:51)
	at org.junit.runners.ParentRunner$4.run(ParentRunner.java:331)
	at org.junit.runners.ParentRunner$1.schedule(ParentRunner.java:79)
	at org.junit.runners.ParentRunner.runChildren(ParentRunner.java:329)
	at org.junit.runners.ParentRunner.access$100(ParentRunner.java:66)
	at org.junit.runners.ParentRunner$2.evaluate(ParentRunner.java:293)
	at io.cucumber.junit.CucumberSerenityBaseRunner$RunCucumber.evaluate(CucumberSerenityBaseRunner.java:361)
	at org.junit.runners.ParentRunner$3.evaluate(ParentRunner.java:306)
	at org.junit.runners.ParentRunner.run(ParentRunner.java:413)
	at org.junit.runner.JUnitCore.run(JUnitCore.java:137)
	at org.junit.runner.JUnitCore.run(JUnitCore.java:115)
	at org.junit.vintage.engine.execution.RunnerExecutor.execute(RunnerExecutor.java:42)
	at org.junit.vintage.engine.VintageTestEngine.executeAllChildren(VintageTestEngine.java:80)
	at org.junit.vintage.engine.VintageTestEngine.execute(VintageTestEngine.java:72)
	at org.junit.platform.launcher.core.EngineExecutionOrchestrator.execute(EngineExecutionOrchestrator.java:107)
	at org.junit.platform.launcher.core.EngineExecutionOrchestrator.execute(EngineExecutionOrchestrator.java:88)
	at org.junit.platform.launcher.core.EngineExecutionOrchestrator.lambda$execute$0(EngineExecutionOrchestrator.java:54)
	at org.junit.platform.launcher.core.EngineExecutionOrchestrator.withInterceptedStreams(EngineExecutionOrchestrator.java:67)
	at org.junit.platform.launcher.core.EngineExecutionOrchestrator.execute(EngineExecutionOrchestrator.java:52)
	at org.junit.platform.launcher.core.DefaultLauncher.execute(DefaultLauncher.java:114)
	at org.junit.platform.launcher.core.DefaultLauncher.execute(DefaultLauncher.java:86)
	at org.junit.platform.launcher.core.DefaultLauncherSession$DelegatingLauncher.execute(DefaultLauncherSession.java:86)
	at org.junit.platform.launcher.core.SessionPerRequestLauncher.execute(SessionPerRequestLauncher.java:53)
	at org.apache.maven.surefire.junitplatform.JUnitPlatformProvider.execute(JUnitPlatformProvider.java:188)
	at org.apache.maven.surefire.junitplatform.JUnitPlatformProvider.invokeAllTests(JUnitPlatformProvider.java:154)
	at org.apache.maven.surefire.junitplatform.JUnitPlatformProvider.invoke(JUnitPlatformProvider.java:128)
	at org.apache.maven.surefire.booter.ForkedBooter.runSuitesInProcess(ForkedBooter.java:428)
	at org.apache.maven.surefire.booter.ForkedBooter.execute(ForkedBooter.java:162)
	at org.apache.maven.surefire.booter.ForkedBooter.run(ForkedBooter.java:562)
	at org.apache.maven.surefire.booter.ForkedBooter.main(ForkedBooter.java:548)
&amp#27;[0m
  &amp#27;[36mAnd &amp#27;[0m&amp#27;[36mUser set rute&amp#27;[0m&amp#27;[36m&amp#27;[1m21&amp#27;[0m                                                  &amp#27;[90m# starter.stepdefinitions.Admin.DaftarKeretaApi.TambahKASteps.userSetRute(int)&amp#27;[0m
  &amp#27;[36mAnd &amp#27;[0m&amp#27;[36mUser set arrived time of KA2&amp#27;[0m
  &amp#27;[36mAnd &amp#27;[0m&amp#27;[36mUser set arrived time of KA&amp#27;[0m&amp#27;[36m&amp#27;[1m21&amp#27;[0m                                    &amp#27;[90m# starter.stepdefinitions.Admin.DaftarKeretaApi.TambahKASteps.userSetArrivedTimeOfKA(int)&amp#27;[0m
  &amp#27;[36mAnd &amp#27;[0m&amp#27;[36mUser click Lanjutkan&amp#27;[0m                                             &amp#27;[90m# starter.stepdefinitions.Admin.DaftarKeretaApi.TambahKASteps.userClickLanjutkan()&amp#27;[0m
  &amp#27;[36mAnd &amp#27;[0m&amp#27;[36mUser click Simpan Perubahan&amp#27;[0m                                      &amp#27;[90m# starter.stepdefinitions.Admin.DaftarKeretaApi.TambahKASteps.userClickSimpanPerubahan()&amp#27;[0m
  &amp#27;[36mAnd &amp#27;[0m&amp#27;[36mUser set price&amp#27;[0m                                                   &amp#27;[90m# starter.stepdefinitions.Admin.DaftarKeretaApi.TambahKASteps.userInputHargaTiket1()&amp#27;[0m
  &amp#27;[36mAnd &amp#27;[0m&amp#27;[36mUser add Gerbong and input name of gerbong&amp#27;[0m                       &amp#27;[90m# starter.stepdefinitions.Admin.DaftarKeretaApi.TambahKASteps.userChooseGerbongAndAddNameOfGerbong()&amp#27;[0m
  &amp#27;[36mAnd &amp#27;[0m&amp#27;[36mUser save a new KA&amp#27;[0m                                               &amp#27;[90m# starter.stepdefinitions.Admin.DaftarKeretaApi.TambahKASteps.userSaveKA()&amp#27;[0m
  &amp#27;[36mThen &amp#27;[0m&amp#27;[36mUser has succesfully save a New KA and Return to Menu Daftar KA&amp#27;[0m &amp#27;[90m# starter.stepdefinitions.Admin.DaftarKeretaApi.TambahKASteps.ValidateSaveKAandReturnToMenuDaftarKA()&amp#27;[0m
10:44:09.074 [main] INFO  - 
  _____   ___   ___   _____     ___   _  __  ___   ___   ___   ___   ___  
 |_   _| | __| / __| |_   _|   / __| | |/ / |_ _| | _ \ | _ \ | __| |   \ 
   | |   | _|  \__ \   | |     \__ \ | ' <   | |  |  _/ |  _/ | _|  | |) |
   |_|   |___| |___/   |_|     |___/ |_|\_\ |___| |_|   |_|   |___| |___/ 

as user i want to adding KA data with complete data
---------------------------------------------------------------------------
10:44:09.325 [AsyncHttpClient-1-1] DEBUG org.asynchttpclient.netty.channel.DefaultChannelPool - Entry count for : http://localhost:11663 : 1
10:44:09.325 [AsyncHttpClient-1-1] DEBUG org.asynchttpclient.netty.channel.DefaultChannelPool - Entry count for : http://localhost:53225 : 1
10:44:09.372 [Driver Command Executor] DEBUG org.asynchttpclient.netty.request.NettyRequestSender - Using pooled Channel '[id: 0x9ef91374, L:/127.0.0.1:53224 - R:localhost/127.0.0.1:11663]' for 'DELETE' to 'http://localhost:11663/session/5d7275685be6a5fb8a9d77f23e824c3b'
10:44:09.372 [Driver Command Executor] DEBUG org.asynchttpclient.netty.request.NettyRequestSender - Using open Channel [id: 0x9ef91374, L:/127.0.0.1:53224 - R:localhost/127.0.0.1:11663] for DELETE '/session/5d7275685be6a5fb8a9d77f23e824c3b'
10:44:09.374 [AsyncHttpClient-1-4] DEBUG org.asynchttpclient.netty.handler.WebSocketHandler - Channel Closed: [id: 0x216efd89, L:/127.0.0.1:53234 ! R:localhost/127.0.0.1:53225] with attribute NettyResponseFuture{currentRetry=0,
	isDone=1,
	isCancelled=0,
	asyncHandler=org.asynchttpclient.ws.WebSocketUpgradeHandler@3aa7f73e,
	nettyRequest=org.asynchttpclient.netty.request.NettyRequest@1c227e,
	future=java.util.concurrent.CompletableFuture@26ae47bb[Completed normally],
	uri=ws://localhost:53225/devtools/browser/e5cfb144-0c0f-4347-b6a3-d14844652162,
	keepAlive=true,
	redirectCount=0,
	timeoutsHolder=null,
	inAuth=0,
	touch=1687751041536}
10:44:09.374 [AsyncHttpClient-1-4] DEBUG org.asynchttpclient.netty.channel.ChannelManager - Closing Channel [id: 0x216efd89, L:/127.0.0.1:53234 ! R:localhost/127.0.0.1:53225] 
10:44:09.553 [AsyncHttpClient-1-3] DEBUG org.asynchttpclient.netty.handler.HttpHandler - Unexpected I/O exception on channel [id: 0xd0f04d85, L:/127.0.0.1:53233 - R:localhost/127.0.0.1:53225]
java.io.IOException: An existing connection was forcibly closed by the remote host
	at sun.nio.ch.SocketDispatcher.read0(Native Method)
	at sun.nio.ch.SocketDispatcher.read(SocketDispatcher.java:43)
	at sun.nio.ch.IOUtil.readIntoNativeBuffer(IOUtil.java:223)
	at sun.nio.ch.IOUtil.read(IOUtil.java:192)
	at sun.nio.ch.SocketChannelImpl.read(SocketChannelImpl.java:380)
	at io.netty.buffer.PooledByteBuf.setBytes(PooledByteBuf.java:259)
	at io.netty.buffer.AbstractByteBuf.writeBytes(AbstractByteBuf.java:1132)
	at io.netty.channel.socket.nio.NioSocketChannel.doReadBytes(NioSocketChannel.java:357)
	at io.netty.channel.nio.AbstractNioByteChannel$NioByteUnsafe.read(AbstractNioByteChannel.java:151)
	at io.netty.channel.nio.NioEventLoop.processSelectedKey(NioEventLoop.java:788)
	at io.netty.channel.nio.NioEventLoop.processSelectedKeysOptimized(NioEventLoop.java:724)
	at io.netty.channel.nio.NioEventLoop.processSelectedKeys(NioEventLoop.java:650)
	at io.netty.channel.nio.NioEventLoop.run(NioEventLoop.java:562)
	at io.netty.util.concurrent.SingleThreadEventExecutor$4.run(SingleThreadEventExecutor.java:997)
	at io.netty.util.internal.ThreadExecutorMap$2.run(ThreadExecutorMap.java:74)
	at io.netty.util.concurrent.FastThreadLocalRunnable.run(FastThreadLocalRunnable.java:30)
	at java.lang.Thread.run(Thread.java:748)
10:44:09.553 [AsyncHttpClient-1-3] DEBUG org.asynchttpclient.netty.channel.ChannelManager - Closing Channel [id: 0xd0f04d85, L:/127.0.0.1:53233 - R:localhost/127.0.0.1:53225] 
10:44:09.556 [AsyncHttpClient-1-3] DEBUG org.asynchttpclient.netty.handler.HttpHandler - Channel Closed: [id: 0xd0f04d85, L:/127.0.0.1:53233 ! R:localhost/127.0.0.1:53225] with attribute DISCARD
10:44:09.589 [AsyncHttpClient-1-2] DEBUG org.asynchttpclient.netty.handler.HttpHandler - 

Request DefaultFullHttpRequest(decodeResult: success, version: HTTP/1.1, content: EmptyByteBufBE)
DELETE /session/5d7275685be6a5fb8a9d77f23e824c3b HTTP/1.1
User-Agent: selenium/4.8.1 (java windows)
Content-Type: application/json; charset=utf-8
host: localhost:11663
accept: */*

Response DefaultHttpResponse(decodeResult: success, version: HTTP/1.1)
HTTP/1.1 200 OK
Content-Length: 14
Content-Type: application/json; charset=utf-8
cache-control: no-cache

10:44:09.589 [AsyncHttpClient-1-2] DEBUG org.asynchttpclient.netty.channel.ChannelManager - Adding key: http://localhost:11663 for channel [id: 0x9ef91374, L:/127.0.0.1:53224 - R:localhost/127.0.0.1:11663]
10:44:09.779 [AsyncHttpClient-1-2] DEBUG org.asynchttpclient.netty.handler.HttpHandler - Channel Closed: [id: 0x9ef91374, L:/127.0.0.1:53224 ! R:localhost/127.0.0.1:11663] with attribute DISCARD
]]></system-out>
    <system-err><![CDATA[Starting ChromeDriver 114.0.5735.90 (386bc09e8f4f2e025eddae123f36f6263096ae49-refs/branch-heads/5735@{#1052}) on port 11663
Only local connections are allowed.
Please see https://chromedriver.chromium.org/security-considerations for suggestions on keeping ChromeDriver safe.
ChromeDriver was started successfully.
Jun 26, 2023 10:44:01 AM org.openqa.selenium.devtools.CdpVersionFinder findNearestMatch
WARNING: Unable to find an exact match for CDP version 114, so returning the closest version found: 110
]]></system-err>
  </testcase>
</testsuite>