<?xml version="1.0" encoding="UTF-8"?>
<testsuite xmlns:xsi="http://www.w3.org/2001/XMLSchema-instance" xsi:noNamespaceSchemaLocation="https://maven.apache.org/surefire/maven-failsafe-plugin/xsd/failsafe-test-report-3.0.xsd" version="3.0" name="starter.CucumberTestSuite" time="29.556" tests="1" errors="0" skipped="0" failures="0">
  <properties>
[...]
</properties>
  <testcase name="as admin i can login so that i can see dashboard page" classname="As a admin i can login so that i can see dashboard page" time="20.164">
    <system-out><![CDATA[00:08:38.577 [main] DEBUG net.thucydides.core.guice.Injectors - Created injector for module net.thucydides.core.guice.ThucydidesModule
00:08:39.281 [main] DEBUG io.cucumber.core.plugin.SerenityReporter - Running feature from file:///D:/D/QE_Alta/capstone/web-automation-test/src/test/resources/features/Admin/DaftarKeretaApi/DeleteKA.feature
00:08:39.586 [main] DEBUG net.thucydides.core.guice.Injectors - Created injector for module net.thucydides.core.guice.webdriver.WebDriverModule
00:08:39.618 [main] INFO  - 

-------------------------------------------------------------------------------------
     _______. _______ .______       _______ .__   __.  __  .___________.____    ____ 
    /       ||   ____||   _  \     |   ____||  \ |  | |  | |           |\   \  /   / 
   |   (----`|  |__   |  |_)  |    |  |__   |   \|  | |  | `---|  |----` \   \/   /  
    \   \    |   __|  |      /     |   __|  |  . `  | |  |     |  |       \_    _/   
.----)   |   |  |____ |  |\  \----.|  |____ |  |\   | |  |     |  |         |  |     
|_______/    |_______|| _| `._____||_______||__| \__| |__|     |__|         |__|    
                                                                                     
 News and tutorials at http://www.serenity-bdd.info                                  
 Documentation at https://wakaleo.gitbooks.io/the-serenity-book/content/             
 Join the Serenity Community on Gitter: https://gitter.im/serenity-bdd/serenity-core 
 Serenity BDD Support and Training at http://serenity-bdd.info/#/trainingandsupport  
-------------------------------------------------------------------------------------

00:08:39.622 [main] DEBUG net.thucydides.core.steps.StepEventBus - Test suite started for story net.thucydides.core.model.Story@b866baff
00:08:39.624 [main] INFO  - Test Suite Started: As a user i want to success see detail data KA
00:08:39.662 [main] DEBUG io.cucumber.core.plugin.SerenityReporter - Running feature from file:///D:/D/QE_Alta/capstone/web-automation-test/src/test/resources/features/Admin/DaftarKeretaApi/DetailKA.feature
00:08:39.669 [main] DEBUG net.thucydides.core.steps.StepEventBus - Test suite started for story net.thucydides.core.model.Story@cae7b625
00:08:39.671 [main] INFO  - Test Suite Started: As a user i want to success see detail data KA
00:08:39.671 [main] DEBUG io.cucumber.core.plugin.SerenityReporter - Running feature from file:///D:/D/QE_Alta/capstone/web-automation-test/src/test/resources/features/Admin/DaftarKeretaApi/EditKA.feature
00:08:39.679 [main] DEBUG net.thucydides.core.steps.StepEventBus - Test suite started for story net.thucydides.core.model.Story@69ea54bf
00:08:39.679 [main] INFO  - Test Suite Started: As a user i want to success edit data KA
00:08:39.681 [main] DEBUG io.cucumber.core.plugin.SerenityReporter - Running feature from file:///D:/D/QE_Alta/capstone/web-automation-test/src/test/resources/features/Admin/DaftarKeretaApi/TambahKA.feature
00:08:39.709 [main] DEBUG net.thucydides.core.steps.StepEventBus - Test suite started for story net.thucydides.core.model.Story@549418e3
00:08:39.710 [main] INFO  - Test Suite Started: As a user i want to add a new KA
00:08:39.710 [main] DEBUG io.cucumber.core.plugin.SerenityReporter - Running feature from file:///D:/D/QE_Alta/capstone/web-automation-test/src/test/resources/features/Admin/DaftarPengguna/EditPengguna.feature
00:08:39.722 [main] DEBUG net.thucydides.core.steps.StepEventBus - Test suite started for story net.thucydides.core.model.Story@7252840b
00:08:39.723 [main] INFO  - Test Suite Started: As a user i want to edit user
00:08:39.724 [main] DEBUG io.cucumber.core.plugin.SerenityReporter - Running feature from file:///D:/D/QE_Alta/capstone/web-automation-test/src/test/resources/features/Admin/DaftarPengguna/TambahPengguna.feature
00:08:39.736 [main] DEBUG net.thucydides.core.steps.StepEventBus - Test suite started for story net.thucydides.core.model.Story@6acd74c3
00:08:39.737 [main] INFO  - Test Suite Started: As a user i want to create a new user
00:08:39.737 [main] DEBUG io.cucumber.core.plugin.SerenityReporter - Running feature from file:///D:/D/QE_Alta/capstone/web-automation-test/src/test/resources/features/Admin/DaftarStasiun/DaftarStasiun.feature
00:08:39.744 [main] DEBUG net.thucydides.core.steps.StepEventBus - Test suite started for story net.thucydides.core.model.Story@ae56d94d
00:08:39.746 [main] INFO  - Test Suite Started: as a admin, i want cek all information about station
00:08:39.746 [main] DEBUG io.cucumber.core.plugin.SerenityReporter - Running feature from file:///D:/D/QE_Alta/capstone/web-automation-test/src/test/resources/features/Admin/DaftarTiketKeretaApi/DaftarTiketKA.feature
00:08:39.766 [main] DEBUG net.thucydides.core.steps.StepEventBus - Test suite started for story net.thucydides.core.model.Story@a81c0e2c
00:08:39.767 [main] INFO  - Test Suite Started: As a admin i want to see ticket of KA
00:08:39.768 [main] DEBUG io.cucumber.core.plugin.SerenityReporter - Running feature from file:///D:/D/QE_Alta/capstone/web-automation-test/src/test/resources/features/Admin/TransaksiPesananHotel/LihatDetailTransaksiPesananHotel.feature
00:08:39.778 [main] DEBUG net.thucydides.core.steps.StepEventBus - Test suite started for story net.thucydides.core.model.Story@6f0f3c6
00:08:39.779 [main] INFO  - Test Suite Started: As a admin i want to see detail transaction hotel order
00:08:39.779 [main] DEBUG io.cucumber.core.plugin.SerenityReporter - Running feature from file:///D:/D/QE_Alta/capstone/web-automation-test/src/test/resources/features/Admin/TransaksiPesananKA/LihatDetailTransaksiPesananKA.feature
00:08:39.787 [main] DEBUG net.thucydides.core.steps.StepEventBus - Test suite started for story net.thucydides.core.model.Story@8965902a
00:08:39.788 [main] INFO  - Test Suite Started: As a admin i want to see detail transaction KA order
00:08:39.788 [main] DEBUG io.cucumber.core.plugin.SerenityReporter - Running feature from file:///D:/D/QE_Alta/capstone/web-automation-test/src/test/resources/features/Login/Login.feature
00:08:39.794 [main] DEBUG net.thucydides.core.steps.StepEventBus - Test suite started for story net.thucydides.core.model.Story@d0e1a1e9
00:08:39.795 [main] INFO  - Test Suite Started: As a admin i can login so that i can see dashboard page
00:08:39.797 [main] DEBUG io.cucumber.core.plugin.SerenityReporter - Running feature from file:///D:/D/QE_Alta/capstone/web-automation-test/src/test/resources/features/Login/Login.feature
00:08:39.802 [main] DEBUG net.thucydides.core.steps.StepEventBus - Test suite started for story net.thucydides.core.model.Story@d0e1a1e9
00:08:39.803 [main] INFO  - Test Suite Started: As a admin i can login so that i can see dashboard page

@Login
Scenario: as admin i can login so that i can see dashboard page &amp#27;[90m# src/test/resources/features/Login/Login.feature:4&amp#27;[0m
00:08:40.449 [main] DEBUG io.cucumber.core.plugin.SerenityReporter - Running feature from file:///D:/D/QE_Alta/capstone/web-automation-test/src/test/resources/features/Login/Login.feature
00:08:40.744 [main] INFO  - 
  _____   ___   ___   _____     ___   _____     _     ___   _____   ___   ___  
 |_   _| | __| / __| |_   _|   / __| |_   _|   /_\   | _ \ |_   _| | __| |   \ 
   | |   | _|  \__ \   | |     \__ \   | |    / _ \  |   /   | |   | _|  | |) |
   |_|   |___| |___/   |_|     |___/   |_|   /_/ \_\ |_|_\   |_|   |___| |___/ 

as admin i can login so that i can see dashboard page(as-a-admin-i-can-login-so-that-i-can-see-dashboard-page;as-admin-i-can-login-so-that-i-can-see-dashboard-page)
--------------------------------------------------------------------------------
00:08:40.837 [main] DEBUG net.thucydides.core.requirements.FileSystemRequirementsTagProvider - Loading requirements from directory: D:\D\QE_Alta\capstone\web-automation-test\src\test\resources\features\Admin (D:\D\QE_Alta\capstone\web-automation-test\src\test\resources\features\Admin)
00:08:40.838 [main] DEBUG net.thucydides.core.requirements.FileSystemRequirementsTagProvider - Get requirements type for: D:\D\QE_Alta\capstone\web-automation-test\src\test\resources\features\Admin (D:\D\QE_Alta\capstone\web-automation-test\src\test\resources\features\Admin)
00:08:40.855 [main] DEBUG net.thucydides.core.requirements.FileSystemRequirementsTagProvider - Loading requirements from directory: D:\D\QE_Alta\capstone\web-automation-test\src\test\resources\features\Admin\DaftarKeretaApi (D:\D\QE_Alta\capstone\web-automation-test\src\test\resources\features\Admin\DaftarKeretaApi)
00:08:40.856 [main] DEBUG net.thucydides.core.requirements.FileSystemRequirementsTagProvider - Get requirements type for: D:\D\QE_Alta\capstone\web-automation-test\src\test\resources\features\Admin\DaftarKeretaApi (D:\D\QE_Alta\capstone\web-automation-test\src\test\resources\features\Admin\DaftarKeretaApi)
00:08:40.896 [main] DEBUG net.thucydides.core.requirements.model.cucumber.CucumberParser - Loading feature D:\D\QE_Alta\capstone\web-automation-test\src\test\resources\features\Admin\DaftarKeretaApi\DeleteKA.feature
00:08:41.026 [main] DEBUG net.thucydides.core.requirements.model.cucumber.CucumberParser - Loading feature D:\D\QE_Alta\capstone\web-automation-test\src\test\resources\features\Admin\DaftarKeretaApi\DetailKA.feature
00:08:41.038 [main] DEBUG net.thucydides.core.requirements.model.cucumber.CucumberParser - Loading feature D:\D\QE_Alta\capstone\web-automation-test\src\test\resources\features\Admin\DaftarKeretaApi\EditKA.feature
00:08:41.049 [main] DEBUG net.thucydides.core.requirements.model.cucumber.CucumberParser - Loading feature D:\D\QE_Alta\capstone\web-automation-test\src\test\resources\features\Admin\DaftarKeretaApi\TambahKA.feature
00:08:41.061 [main] DEBUG net.thucydides.core.requirements.FileSystemRequirementsTagProvider - Loading requirements from directory: D:\D\QE_Alta\capstone\web-automation-test\src\test\resources\features\Admin\DaftarPengguna (D:\D\QE_Alta\capstone\web-automation-test\src\test\resources\features\Admin\DaftarPengguna)
00:08:41.062 [main] DEBUG net.thucydides.core.requirements.FileSystemRequirementsTagProvider - Get requirements type for: D:\D\QE_Alta\capstone\web-automation-test\src\test\resources\features\Admin\DaftarPengguna (D:\D\QE_Alta\capstone\web-automation-test\src\test\resources\features\Admin\DaftarPengguna)
00:08:41.075 [main] DEBUG net.thucydides.core.requirements.model.cucumber.CucumberParser - Loading feature D:\D\QE_Alta\capstone\web-automation-test\src\test\resources\features\Admin\DaftarPengguna\EditPengguna.feature
00:08:41.080 [main] DEBUG net.thucydides.core.requirements.model.cucumber.CucumberParser - Loading feature D:\D\QE_Alta\capstone\web-automation-test\src\test\resources\features\Admin\DaftarPengguna\TambahPengguna.feature
00:08:41.086 [main] DEBUG net.thucydides.core.requirements.FileSystemRequirementsTagProvider - Loading requirements from directory: D:\D\QE_Alta\capstone\web-automation-test\src\test\resources\features\Admin\DaftarStasiun (D:\D\QE_Alta\capstone\web-automation-test\src\test\resources\features\Admin\DaftarStasiun)
00:08:41.086 [main] DEBUG net.thucydides.core.requirements.FileSystemRequirementsTagProvider - Get requirements type for: D:\D\QE_Alta\capstone\web-automation-test\src\test\resources\features\Admin\DaftarStasiun (D:\D\QE_Alta\capstone\web-automation-test\src\test\resources\features\Admin\DaftarStasiun)
00:08:41.095 [main] DEBUG net.thucydides.core.requirements.model.cucumber.CucumberParser - Loading feature D:\D\QE_Alta\capstone\web-automation-test\src\test\resources\features\Admin\DaftarStasiun\DaftarStasiun.feature
00:08:41.099 [main] DEBUG net.thucydides.core.requirements.FileSystemRequirementsTagProvider - Loading requirements from directory: D:\D\QE_Alta\capstone\web-automation-test\src\test\resources\features\Admin\DaftarTiketKeretaApi (D:\D\QE_Alta\capstone\web-automation-test\src\test\resources\features\Admin\DaftarTiketKeretaApi)
00:08:41.099 [main] DEBUG net.thucydides.core.requirements.FileSystemRequirementsTagProvider - Get requirements type for: D:\D\QE_Alta\capstone\web-automation-test\src\test\resources\features\Admin\DaftarTiketKeretaApi (D:\D\QE_Alta\capstone\web-automation-test\src\test\resources\features\Admin\DaftarTiketKeretaApi)
00:08:41.108 [main] DEBUG net.thucydides.core.requirements.model.cucumber.CucumberParser - Loading feature D:\D\QE_Alta\capstone\web-automation-test\src\test\resources\features\Admin\DaftarTiketKeretaApi\DaftarTiketKA.feature
00:08:41.113 [main] DEBUG net.thucydides.core.requirements.FileSystemRequirementsTagProvider - Loading requirements from directory: D:\D\QE_Alta\capstone\web-automation-test\src\test\resources\features\Admin\TransaksiPesananHotel (D:\D\QE_Alta\capstone\web-automation-test\src\test\resources\features\Admin\TransaksiPesananHotel)
00:08:41.114 [main] DEBUG net.thucydides.core.requirements.FileSystemRequirementsTagProvider - Get requirements type for: D:\D\QE_Alta\capstone\web-automation-test\src\test\resources\features\Admin\TransaksiPesananHotel (D:\D\QE_Alta\capstone\web-automation-test\src\test\resources\features\Admin\TransaksiPesananHotel)
00:08:41.121 [main] DEBUG net.thucydides.core.requirements.model.cucumber.CucumberParser - Loading feature D:\D\QE_Alta\capstone\web-automation-test\src\test\resources\features\Admin\TransaksiPesananHotel\LihatDetailTransaksiPesananHotel.feature
00:08:41.125 [main] DEBUG net.thucydides.core.requirements.FileSystemRequirementsTagProvider - Loading requirements from directory: D:\D\QE_Alta\capstone\web-automation-test\src\test\resources\features\Admin\TransaksiPesananKA (D:\D\QE_Alta\capstone\web-automation-test\src\test\resources\features\Admin\TransaksiPesananKA)
00:08:41.125 [main] DEBUG net.thucydides.core.requirements.FileSystemRequirementsTagProvider - Get requirements type for: D:\D\QE_Alta\capstone\web-automation-test\src\test\resources\features\Admin\TransaksiPesananKA (D:\D\QE_Alta\capstone\web-automation-test\src\test\resources\features\Admin\TransaksiPesananKA)
00:08:41.132 [main] DEBUG net.thucydides.core.requirements.model.cucumber.CucumberParser - Loading feature D:\D\QE_Alta\capstone\web-automation-test\src\test\resources\features\Admin\TransaksiPesananKA\LihatDetailTransaksiPesananKA.feature
00:08:41.138 [main] DEBUG net.thucydides.core.requirements.FileSystemRequirementsTagProvider - Loading requirements from directory: D:\D\QE_Alta\capstone\web-automation-test\src\test\resources\features\Login (D:\D\QE_Alta\capstone\web-automation-test\src\test\resources\features\Login)
00:08:41.138 [main] DEBUG net.thucydides.core.requirements.FileSystemRequirementsTagProvider - Get requirements type for: D:\D\QE_Alta\capstone\web-automation-test\src\test\resources\features\Login (D:\D\QE_Alta\capstone\web-automation-test\src\test\resources\features\Login)
00:08:41.148 [main] DEBUG net.thucydides.core.requirements.model.cucumber.CucumberParser - Loading feature D:\D\QE_Alta\capstone\web-automation-test\src\test\resources\features\Login\Login.feature
00:08:42.447 [main] DEBUG net.thucydides.core.steps.StepInterceptor - STARTING STEP: DetailKASteps.userOnLoginPage - onLoginPage
00:08:42.503 [main] INFO net.serenitybdd.core.webdriver.driverproviders.DriverProvider - Using WebDriverManager configuration for chrome
00:08:43.627 [main] DEBUG io.github.bonigarcia.wdm.cache.ResolutionCache - Resolution chrome=114 in cache (valid until 00:51:51 22/06/2023 ICT)
00:08:43.629 [main] DEBUG io.github.bonigarcia.wdm.cache.ResolutionCache - Resolution chrome114=114.0.5735.90 in cache (valid until 23:51:51 22/06/2023 ICT)
00:08:43.630 [main] INFO io.github.bonigarcia.wdm.WebDriverManager - Using chromedriver 114.0.5735.90 (resolved driver for Chrome 114)
00:08:43.659 [main] DEBUG io.github.bonigarcia.wdm.WebDriverManager - Driver chromedriver 114.0.5735.90 found in cache
00:08:43.663 [main] INFO io.github.bonigarcia.wdm.WebDriverManager - Exporting webdriver.chrome.driver as C:\Users\ADW User ACR\.cache\selenium\chromedriver\win32\114.0.5735.90\chromedriver.exe
00:08:43.778 [main] INFO net.serenitybdd.core.webdriver.driverproviders.ChromeDriverProvider - Starting Chrome driver instance with capabilities:
00:08:43.783 [main] INFO net.serenitybdd.core.webdriver.driverproviders.ChromeDriverProvider - Capabilities {acceptInsecureCerts: true, browserName: chrome, goog:chromeOptions: {args: [remote-allow-origins=*, test-type, no-sandbox, ignore-certificate-errors, start-maximized, incognito, disable-infobars, disable-gpu, disable-default-apps, disable-popup-blocking, remote-allow-origins=*, test-type, no-sandbox, ignore-certificate-errors, start-maximized, incognito, disable-infobars, disable-gpu, disable-default-apps, disable-popup-blocking, remote-allow-origins=*], extensions: []}}
00:08:43.931 [main] DEBUG io.netty.util.internal.logging.InternalLoggerFactory - Using SLF4J as the default logging framework
00:08:43.956 [main] DEBUG io.netty.util.ResourceLeakDetector - -Dio.netty.leakDetection.level: simple
00:08:43.956 [main] DEBUG io.netty.util.ResourceLeakDetector - -Dio.netty.leakDetection.targetRecords: 4
00:08:44.006 [main] DEBUG io.netty.util.ResourceLeakDetectorFactory - Loaded default ResourceLeakDetector: io.netty.util.ResourceLeakDetector@6b63e6ad
00:08:44.070 [main] DEBUG io.netty.util.internal.PlatformDependent0 - -Dio.netty.noUnsafe: false
00:08:44.070 [main] DEBUG io.netty.util.internal.PlatformDependent0 - Java version: 8
00:08:44.072 [main] DEBUG io.netty.util.internal.PlatformDependent0 - sun.misc.Unsafe.theUnsafe: available
00:08:44.073 [main] DEBUG io.netty.util.internal.PlatformDependent0 - sun.misc.Unsafe.copyMemory: available
00:08:44.074 [main] DEBUG io.netty.util.internal.PlatformDependent0 - sun.misc.Unsafe.storeFence: available
00:08:44.075 [main] DEBUG io.netty.util.internal.PlatformDependent0 - java.nio.Buffer.address: available
00:08:44.075 [main] DEBUG io.netty.util.internal.PlatformDependent0 - direct buffer constructor: available
00:08:44.077 [main] DEBUG io.netty.util.internal.PlatformDependent0 - java.nio.Bits.unaligned: available, true
00:08:44.077 [main] DEBUG io.netty.util.internal.PlatformDependent0 - jdk.internal.misc.Unsafe.allocateUninitializedArray(int): unavailable prior to Java9
00:08:44.077 [main] DEBUG io.netty.util.internal.PlatformDependent0 - java.nio.DirectByteBuffer.<init>(long, int): available
00:08:44.077 [main] DEBUG io.netty.util.internal.PlatformDependent - sun.misc.Unsafe: available
00:08:44.079 [main] DEBUG io.netty.util.internal.PlatformDependent - -Dio.netty.tmpdir: C:\Users\ADWUSE~1\AppData\Local\Temp (java.io.tmpdir)
00:08:44.079 [main] DEBUG io.netty.util.internal.PlatformDependent - -Dio.netty.bitMode: 64 (sun.arch.data.model)
00:08:44.079 [main] DEBUG io.netty.util.internal.PlatformDependent - Platform: Windows
00:08:44.081 [main] DEBUG io.netty.util.internal.PlatformDependent - -Dio.netty.maxDirectMemory: 1840250880 bytes
00:08:44.081 [main] DEBUG io.netty.util.internal.PlatformDependent - -Dio.netty.uninitializedArrayAllocationThreshold: -1
00:08:44.085 [main] DEBUG io.netty.util.internal.CleanerJava6 - java.nio.ByteBuffer.cleaner(): available
00:08:44.085 [main] DEBUG io.netty.util.internal.PlatformDependent - -Dio.netty.noPreferDirect: false
00:08:44.100 [main] DEBUG io.netty.util.internal.PlatformDependent - org.jctools-core.MpscChunkedArrayQueue: available
00:08:44.138 [main] DEBUG io.netty.util.internal.InternalThreadLocalMap - -Dio.netty.threadLocalMap.stringBuilder.initialSize: 1024
00:08:44.138 [main] DEBUG io.netty.util.internal.InternalThreadLocalMap - -Dio.netty.threadLocalMap.stringBuilder.maxSize: 4096
00:08:44.193 [main] DEBUG io.netty.handler.ssl.JdkSslContext - Default protocols (JDK): [TLSv1.2, TLSv1.1, TLSv1] 
00:08:44.193 [main] DEBUG io.netty.handler.ssl.JdkSslContext - Default cipher suites (JDK): [TLS_ECDHE_ECDSA_WITH_AES_256_GCM_SHA384, TLS_ECDHE_ECDSA_WITH_AES_128_GCM_SHA256, TLS_ECDHE_RSA_WITH_AES_128_GCM_SHA256, TLS_ECDHE_RSA_WITH_AES_256_GCM_SHA384, TLS_ECDHE_RSA_WITH_AES_128_CBC_SHA, TLS_ECDHE_RSA_WITH_AES_256_CBC_SHA, TLS_RSA_WITH_AES_128_GCM_SHA256, TLS_RSA_WITH_AES_128_CBC_SHA, TLS_RSA_WITH_AES_256_CBC_SHA]
00:08:44.376 [main] DEBUG io.netty.channel.MultithreadEventLoopGroup - -Dio.netty.eventLoopThreads: 8
00:08:44.393 [main] DEBUG io.netty.channel.nio.NioEventLoop - -Dio.netty.noKeySetOptimization: false
00:08:44.393 [main] DEBUG io.netty.channel.nio.NioEventLoop - -Dio.netty.selectorAutoRebuildThreshold: 512
00:08:44.456 [main] DEBUG io.netty.buffer.PooledByteBufAllocator - -Dio.netty.allocator.numHeapArenas: 8
00:08:44.456 [main] DEBUG io.netty.buffer.PooledByteBufAllocator - -Dio.netty.allocator.numDirectArenas: 8
00:08:44.457 [main] DEBUG io.netty.buffer.PooledByteBufAllocator - -Dio.netty.allocator.pageSize: 8192
00:08:44.457 [main] DEBUG io.netty.buffer.PooledByteBufAllocator - -Dio.netty.allocator.maxOrder: 9
00:08:44.457 [main] DEBUG io.netty.buffer.PooledByteBufAllocator - -Dio.netty.allocator.chunkSize: 4194304
00:08:44.457 [main] DEBUG io.netty.buffer.PooledByteBufAllocator - -Dio.netty.allocator.smallCacheSize: 256
00:08:44.457 [main] DEBUG io.netty.buffer.PooledByteBufAllocator - -Dio.netty.allocator.normalCacheSize: 64
00:08:44.457 [main] DEBUG io.netty.buffer.PooledByteBufAllocator - -Dio.netty.allocator.maxCachedBufferCapacity: 32768
00:08:44.457 [main] DEBUG io.netty.buffer.PooledByteBufAllocator - -Dio.netty.allocator.cacheTrimInterval: 8192
00:08:44.457 [main] DEBUG io.netty.buffer.PooledByteBufAllocator - -Dio.netty.allocator.cacheTrimIntervalMillis: 0
00:08:44.457 [main] DEBUG io.netty.buffer.PooledByteBufAllocator - -Dio.netty.allocator.useCacheForAllThreads: false
00:08:44.457 [main] DEBUG io.netty.buffer.PooledByteBufAllocator - -Dio.netty.allocator.maxCachedByteBuffersPerChunk: 1023
00:08:44.474 [main] DEBUG io.netty.buffer.ByteBufUtil - -Dio.netty.allocator.type: pooled
00:08:44.474 [main] DEBUG io.netty.buffer.ByteBufUtil - -Dio.netty.threadLocalDirectBufferSize: 0
00:08:44.474 [main] DEBUG io.netty.buffer.ByteBufUtil - -Dio.netty.maxThreadLocalCharBufferSize: 16384
00:08:45.591 [Forwarding newSession on session null to remote] DEBUG io.netty.channel.DefaultChannelId - -Dio.netty.processId: 10080 (auto-detected)
00:08:45.594 [Forwarding newSession on session null to remote] DEBUG io.netty.util.NetUtil - -Djava.net.preferIPv4Stack: false
00:08:45.595 [Forwarding newSession on session null to remote] DEBUG io.netty.util.NetUtil - -Djava.net.preferIPv6Addresses: false
00:08:46.010 [Forwarding newSession on session null to remote] DEBUG io.netty.util.NetUtilInitializations - Loopback interface: lo (Software Loopback Interface 1, 127.0.0.1)
00:08:46.012 [Forwarding newSession on session null to remote] DEBUG io.netty.util.NetUtil - Failed to get SOMAXCONN from sysctl and file \proc\sys\net\core\somaxconn. Default: 200
00:08:46.042 [Forwarding newSession on session null to remote] DEBUG io.netty.channel.DefaultChannelId - -Dio.netty.machineId: a4:02:b9:ff:fe:26:7f:1e (auto-detected)
00:08:46.145 [AsyncHttpClient-1-2] DEBUG io.netty.buffer.AbstractByteBuf - -Dio.netty.buffer.checkAccessible: true
00:08:46.145 [AsyncHttpClient-1-2] DEBUG io.netty.buffer.AbstractByteBuf - -Dio.netty.buffer.checkBounds: true
00:08:46.145 [AsyncHttpClient-1-2] DEBUG io.netty.util.ResourceLeakDetectorFactory - Loaded default ResourceLeakDetector: io.netty.util.ResourceLeakDetector@2f181cb6
00:08:46.185 [AsyncHttpClient-1-2] DEBUG org.asynchttpclient.netty.channel.NettyConnectListener - Using new Channel '[id: 0x281a090c, L:/127.0.0.1:56110 - R:localhost/127.0.0.1:27299]' for 'POST' to '/session'
00:08:46.218 [AsyncHttpClient-1-2] DEBUG io.netty.util.Recycler - -Dio.netty.recycler.maxCapacityPerThread: 4096
00:08:46.219 [AsyncHttpClient-1-2] DEBUG io.netty.util.Recycler - -Dio.netty.recycler.ratio: 8
00:08:46.219 [AsyncHttpClient-1-2] DEBUG io.netty.util.Recycler - -Dio.netty.recycler.chunkSize: 32
00:08:46.219 [AsyncHttpClient-1-2] DEBUG io.netty.util.Recycler - -Dio.netty.recycler.blocking: false
00:08:48.293 [AsyncHttpClient-1-2] DEBUG io.netty.handler.codec.compression.Brotli - brotli4j not in the classpath; Brotli support will be unavailable.
00:08:48.294 [AsyncHttpClient-1-2] DEBUG org.asynchttpclient.netty.handler.HttpHandler - 

Request DefaultHttpRequest(decodeResult: success, version: HTTP/1.1)
POST /session HTTP/1.1
User-Agent: selenium/4.8.1 (java windows)
Content-Length: 1701
Content-Type: application/json; charset=utf-8
host: localhost:27299
accept: */*

Response DefaultHttpResponse(decodeResult: success, version: HTTP/1.1)
HTTP/1.1 200 OK
Content-Length: 862
Content-Type: application/json; charset=utf-8
cache-control: no-cache

00:08:48.311 [AsyncHttpClient-1-2] DEBUG org.asynchttpclient.netty.channel.ChannelManager - Adding key: http://localhost:27299 for channel [id: 0x281a090c, L:/127.0.0.1:56110 - R:localhost/127.0.0.1:27299]
00:08:48.529 [AsyncHttpClient-1-1] DEBUG org.asynchttpclient.netty.channel.DefaultChannelPool - Entry count for : http://localhost:27299 : 1
00:08:48.543 [AsyncHttpClient-1-3] DEBUG org.asynchttpclient.netty.channel.NettyConnectListener - Using new Channel '[id: 0xa65f373e, L:/127.0.0.1:56119 - R:localhost/127.0.0.1:56111]' for 'GET' to '/json/version'
00:08:48.549 [AsyncHttpClient-1-3] DEBUG org.asynchttpclient.netty.handler.HttpHandler - 

Request DefaultFullHttpRequest(decodeResult: success, version: HTTP/1.1, content: EmptyByteBufBE)
GET /json/version HTTP/1.1
User-Agent: selenium/4.8.1 (java windows)
host: localhost:56111
accept: */*

Response DefaultHttpResponse(decodeResult: success, version: HTTP/1.1)
HTTP/1.1 200 OK
Content-Security-Policy: frame-ancestors 'none'
Content-Length: 424
Content-Type: application/json; charset=UTF-8

00:08:48.550 [AsyncHttpClient-1-3] DEBUG org.asynchttpclient.netty.channel.ChannelManager - Adding key: http://localhost:56111 for channel [id: 0xa65f373e, L:/127.0.0.1:56119 - R:localhost/127.0.0.1:56111]
00:08:48.568 [main] DEBUG io.netty.util.internal.ThreadLocalRandom - -Dio.netty.initialSeedUniquifier: 0xa9dd8dc892741337
00:08:48.601 [AsyncHttpClient-1-4] DEBUG org.asynchttpclient.netty.channel.NettyConnectListener - Using new Channel '[id: 0xd7a21639, L:/127.0.0.1:56120 - R:localhost/127.0.0.1:56111]' for 'GET' to '/devtools/browser/3b41c506-1ca2-4c53-a559-e49ebc29aeb0'
00:08:48.604 [AsyncHttpClient-1-4] DEBUG org.asynchttpclient.netty.handler.WebSocketHandler - 

Request DefaultFullHttpRequest(decodeResult: success, version: HTTP/1.1, content: EmptyByteBufBE)
GET /devtools/browser/3b41c506-1ca2-4c53-a559-e49ebc29aeb0 HTTP/1.1
upgrade: websocket
connection: upgrade
sec-websocket-key: s+FVZg4nmzpEbaJMfW1f2w==
sec-websocket-version: 13
origin: http://localhost:56111
host: localhost:56111
accept: */*
user-agent: AHC/2.1

Response DefaultHttpResponse(decodeResult: success, version: HTTP/1.1)
HTTP/1.1 101 WebSocket Protocol Handshake
Upgrade: WebSocket
Connection: Upgrade
Sec-WebSocket-Accept: QgT9/EzAXlHb4I434Ghwk5uE8RQ=

00:08:48.951 [Forwarding get on session 0eee76be83adca31affb25c9a34734b5 to remote] DEBUG org.asynchttpclient.netty.request.NettyRequestSender - Using pooled Channel '[id: 0x281a090c, L:/127.0.0.1:56110 - R:localhost/127.0.0.1:27299]' for 'POST' to 'http://localhost:27299/session/0eee76be83adca31affb25c9a34734b5/url'
00:08:48.951 [Forwarding get on session 0eee76be83adca31affb25c9a34734b5 to remote] DEBUG org.asynchttpclient.netty.request.NettyRequestSender - Using open Channel [id: 0x281a090c, L:/127.0.0.1:56110 - R:localhost/127.0.0.1:27299] for POST '/session/0eee76be83adca31affb25c9a34734b5/url'
00:08:49.624 [AsyncHttpClient-1-1] DEBUG org.asynchttpclient.netty.channel.DefaultChannelPool - Entry count for : http://localhost:56111 : 1
00:08:50.592 [AsyncHttpClient-1-2] DEBUG org.asynchttpclient.netty.handler.HttpHandler - 

Request DefaultHttpRequest(decodeResult: success, version: HTTP/1.1)
POST /session/0eee76be83adca31affb25c9a34734b5/url HTTP/1.1
User-Agent: selenium/4.8.1 (java windows)
Content-Length: 64
Content-Type: application/json; charset=utf-8
host: localhost:27299
accept: */*

Response DefaultHttpResponse(decodeResult: success, version: HTTP/1.1)
HTTP/1.1 200 OK
Content-Length: 14
Content-Type: application/json; charset=utf-8
cache-control: no-cache

00:08:50.593 [AsyncHttpClient-1-2] DEBUG org.asynchttpclient.netty.channel.ChannelManager - Adding key: http://localhost:27299 for channel [id: 0x281a090c, L:/127.0.0.1:56110 - R:localhost/127.0.0.1:27299]
00:08:50.602 [Forwarding setTimeout on session 0eee76be83adca31affb25c9a34734b5 to remote] DEBUG org.asynchttpclient.netty.request.NettyRequestSender - Using pooled Channel '[id: 0x281a090c, L:/127.0.0.1:56110 - R:localhost/127.0.0.1:27299]' for 'POST' to 'http://localhost:27299/session/0eee76be83adca31affb25c9a34734b5/timeouts'
00:08:50.603 [Forwarding setTimeout on session 0eee76be83adca31affb25c9a34734b5 to remote] DEBUG org.asynchttpclient.netty.request.NettyRequestSender - Using open Channel [id: 0x281a090c, L:/127.0.0.1:56110 - R:localhost/127.0.0.1:27299] for POST '/session/0eee76be83adca31affb25c9a34734b5/timeouts'
00:08:50.609 [AsyncHttpClient-1-2] DEBUG org.asynchttpclient.netty.handler.HttpHandler - 

Request DefaultHttpRequest(decodeResult: success, version: HTTP/1.1)
POST /session/0eee76be83adca31affb25c9a34734b5/timeouts HTTP/1.1
User-Agent: selenium/4.8.1 (java windows)
Content-Length: 22
Content-Type: application/json; charset=utf-8
host: localhost:27299
accept: */*

Response DefaultHttpResponse(decodeResult: success, version: HTTP/1.1)
HTTP/1.1 200 OK
Content-Length: 14
Content-Type: application/json; charset=utf-8
cache-control: no-cache

00:08:50.610 [AsyncHttpClient-1-2] DEBUG org.asynchttpclient.netty.channel.ChannelManager - Adding key: http://localhost:27299 for channel [id: 0x281a090c, L:/127.0.0.1:56110 - R:localhost/127.0.0.1:27299]
00:08:50.653 [Forwarding findElement on session 0eee76be83adca31affb25c9a34734b5 to remote] DEBUG org.asynchttpclient.netty.request.NettyRequestSender - Using pooled Channel '[id: 0x281a090c, L:/127.0.0.1:56110 - R:localhost/127.0.0.1:27299]' for 'POST' to 'http://localhost:27299/session/0eee76be83adca31affb25c9a34734b5/element'
00:08:50.654 [Forwarding findElement on session 0eee76be83adca31affb25c9a34734b5 to remote] DEBUG org.asynchttpclient.netty.request.NettyRequestSender - Using open Channel [id: 0x281a090c, L:/127.0.0.1:56110 - R:localhost/127.0.0.1:27299] for POST '/session/0eee76be83adca31affb25c9a34734b5/element'
00:08:50.690 [AsyncHttpClient-1-2] DEBUG org.asynchttpclient.netty.handler.HttpHandler - 

Request DefaultHttpRequest(decodeResult: success, version: HTTP/1.1)
POST /session/0eee76be83adca31affb25c9a34734b5/element HTTP/1.1
User-Agent: selenium/4.8.1 (java windows)
Content-Length: 67
Content-Type: application/json; charset=utf-8
host: localhost:27299
accept: */*

Response DefaultHttpResponse(decodeResult: success, version: HTTP/1.1)
HTTP/1.1 200 OK
Content-Length: 95
Content-Type: application/json; charset=utf-8
cache-control: no-cache

00:08:50.691 [AsyncHttpClient-1-2] DEBUG org.asynchttpclient.netty.channel.ChannelManager - Adding key: http://localhost:27299 for channel [id: 0x281a090c, L:/127.0.0.1:56110 - R:localhost/127.0.0.1:27299]
00:08:50.717 [AsyncHttpClient-1-1] DEBUG org.asynchttpclient.netty.channel.DefaultChannelPool - Entry count for : http://localhost:56111 : 1
00:08:50.717 [AsyncHttpClient-1-1] DEBUG org.asynchttpclient.netty.channel.DefaultChannelPool - Entry count for : http://localhost:27299 : 1
00:08:50.750 [Forwarding isElementDisplayed on session 0eee76be83adca31affb25c9a34734b5 to remote] DEBUG org.asynchttpclient.netty.request.NettyRequestSender - Using pooled Channel '[id: 0x281a090c, L:/127.0.0.1:56110 - R:localhost/127.0.0.1:27299]' for 'POST' to 'http://localhost:27299/session/0eee76be83adca31affb25c9a34734b5/execute/sync'
00:08:50.750 [Forwarding isElementDisplayed on session 0eee76be83adca31affb25c9a34734b5 to remote] DEBUG org.asynchttpclient.netty.request.NettyRequestSender - Using open Channel [id: 0x281a090c, L:/127.0.0.1:56110 - R:localhost/127.0.0.1:27299] for POST '/session/0eee76be83adca31affb25c9a34734b5/execute/sync'
00:08:50.810 [AsyncHttpClient-1-2] DEBUG org.asynchttpclient.netty.handler.HttpHandler - 

Request DefaultHttpRequest(decodeResult: success, version: HTTP/1.1)
POST /session/0eee76be83adca31affb25c9a34734b5/execute/sync HTTP/1.1
User-Agent: selenium/4.8.1 (java windows)
Content-Length: 48814
Content-Type: application/json; charset=utf-8
host: localhost:27299
accept: */*

Response DefaultHttpResponse(decodeResult: success, version: HTTP/1.1)
HTTP/1.1 200 OK
Content-Length: 14
Content-Type: application/json; charset=utf-8
cache-control: no-cache

00:08:50.811 [AsyncHttpClient-1-2] DEBUG org.asynchttpclient.netty.channel.ChannelManager - Adding key: http://localhost:27299 for channel [id: 0x281a090c, L:/127.0.0.1:56110 - R:localhost/127.0.0.1:27299]
00:08:50.822 [Forwarding isElementDisplayed on session 0eee76be83adca31affb25c9a34734b5 to remote] DEBUG org.asynchttpclient.netty.request.NettyRequestSender - Using pooled Channel '[id: 0x281a090c, L:/127.0.0.1:56110 - R:localhost/127.0.0.1:27299]' for 'POST' to 'http://localhost:27299/session/0eee76be83adca31affb25c9a34734b5/execute/sync'
00:08:50.822 [Forwarding isElementDisplayed on session 0eee76be83adca31affb25c9a34734b5 to remote] DEBUG org.asynchttpclient.netty.request.NettyRequestSender - Using open Channel [id: 0x281a090c, L:/127.0.0.1:56110 - R:localhost/127.0.0.1:27299] for POST '/session/0eee76be83adca31affb25c9a34734b5/execute/sync'
00:08:50.867 [AsyncHttpClient-1-2] DEBUG org.asynchttpclient.netty.handler.HttpHandler - 

Request DefaultHttpRequest(decodeResult: success, version: HTTP/1.1)
POST /session/0eee76be83adca31affb25c9a34734b5/execute/sync HTTP/1.1
User-Agent: selenium/4.8.1 (java windows)
Content-Length: 48814
Content-Type: application/json; charset=utf-8
host: localhost:27299
accept: */*

Response DefaultHttpResponse(decodeResult: success, version: HTTP/1.1)
HTTP/1.1 200 OK
Content-Length: 14
Content-Type: application/json; charset=utf-8
cache-control: no-cache

00:08:50.868 [AsyncHttpClient-1-2] DEBUG org.asynchttpclient.netty.channel.ChannelManager - Adding key: http://localhost:27299 for channel [id: 0x281a090c, L:/127.0.0.1:56110 - R:localhost/127.0.0.1:27299]
00:08:50.904 [main] DEBUG net.thucydides.core.steps.StepInterceptor - STEP DONE: onLoginPage
  &amp#27;[32mGiven &amp#27;[0m&amp#27;[32muser on login page&amp#27;[0m                                      &amp#27;[90m# starter.stepdefinitions.DetailKASteps.userOnLoginPage()&amp#27;[0m
00:08:50.966 [main] DEBUG net.thucydides.core.steps.StepInterceptor - STARTING STEP: DetailKASteps.userInputEmail - inputEmail
00:08:50.994 [Forwarding findElement on session 0eee76be83adca31affb25c9a34734b5 to remote] DEBUG org.asynchttpclient.netty.request.NettyRequestSender - Using pooled Channel '[id: 0x281a090c, L:/127.0.0.1:56110 - R:localhost/127.0.0.1:27299]' for 'POST' to 'http://localhost:27299/session/0eee76be83adca31affb25c9a34734b5/element'
00:08:50.994 [Forwarding findElement on session 0eee76be83adca31affb25c9a34734b5 to remote] DEBUG org.asynchttpclient.netty.request.NettyRequestSender - Using open Channel [id: 0x281a090c, L:/127.0.0.1:56110 - R:localhost/127.0.0.1:27299] for POST '/session/0eee76be83adca31affb25c9a34734b5/element'
00:08:51.703 [AsyncHttpClient-1-2] DEBUG org.asynchttpclient.netty.handler.HttpHandler - 

Request DefaultHttpRequest(decodeResult: success, version: HTTP/1.1)
POST /session/0eee76be83adca31affb25c9a34734b5/element HTTP/1.1
User-Agent: selenium/4.8.1 (java windows)
Content-Length: 59
Content-Type: application/json; charset=utf-8
host: localhost:27299
accept: */*

Response DefaultHttpResponse(decodeResult: success, version: HTTP/1.1)
HTTP/1.1 200 OK
Content-Length: 94
Content-Type: application/json; charset=utf-8
cache-control: no-cache

00:08:51.703 [AsyncHttpClient-1-2] DEBUG org.asynchttpclient.netty.channel.ChannelManager - Adding key: http://localhost:27299 for channel [id: 0x281a090c, L:/127.0.0.1:56110 - R:localhost/127.0.0.1:27299]
00:08:51.708 [Forwarding clearElement on session 0eee76be83adca31affb25c9a34734b5 to remote] DEBUG org.asynchttpclient.netty.request.NettyRequestSender - Using pooled Channel '[id: 0x281a090c, L:/127.0.0.1:56110 - R:localhost/127.0.0.1:27299]' for 'POST' to 'http://localhost:27299/session/0eee76be83adca31affb25c9a34734b5/element/5CC36090EB44735C19DDE6549A362CBF_element_3/clear'
00:08:51.708 [Forwarding clearElement on session 0eee76be83adca31affb25c9a34734b5 to remote] DEBUG org.asynchttpclient.netty.request.NettyRequestSender - Using open Channel [id: 0x281a090c, L:/127.0.0.1:56110 - R:localhost/127.0.0.1:27299] for POST '/session/0eee76be83adca31affb25c9a34734b5/element/5CC36090EB44735C19DDE6549A362CBF_element_3/clear'
00:08:51.806 [AsyncHttpClient-1-2] DEBUG org.asynchttpclient.netty.handler.HttpHandler - 

Request DefaultHttpRequest(decodeResult: success, version: HTTP/1.1)
POST /session/0eee76be83adca31affb25c9a34734b5/element/5CC36090EB44735C19DDE6549A362CBF_element_3/clear HTTP/1.1
User-Agent: selenium/4.8.1 (java windows)
Content-Length: 56
Content-Type: application/json; charset=utf-8
host: localhost:27299
accept: */*

Response DefaultHttpResponse(decodeResult: success, version: HTTP/1.1)
HTTP/1.1 200 OK
Content-Length: 14
Content-Type: application/json; charset=utf-8
cache-control: no-cache

00:08:51.806 [AsyncHttpClient-1-2] DEBUG org.asynchttpclient.netty.channel.ChannelManager - Adding key: http://localhost:27299 for channel [id: 0x281a090c, L:/127.0.0.1:56110 - R:localhost/127.0.0.1:27299]
00:08:51.811 [AsyncHttpClient-1-1] DEBUG org.asynchttpclient.netty.channel.DefaultChannelPool - Entry count for : http://localhost:56111 : 1
00:08:51.812 [AsyncHttpClient-1-1] DEBUG org.asynchttpclient.netty.channel.DefaultChannelPool - Entry count for : http://localhost:27299 : 1
00:08:51.816 [Forwarding sendKeysToElement on session 0eee76be83adca31affb25c9a34734b5 to remote] DEBUG org.asynchttpclient.netty.request.NettyRequestSender - Using pooled Channel '[id: 0x281a090c, L:/127.0.0.1:56110 - R:localhost/127.0.0.1:27299]' for 'POST' to 'http://localhost:27299/session/0eee76be83adca31affb25c9a34734b5/element/5CC36090EB44735C19DDE6549A362CBF_element_3/value'
00:08:51.816 [Forwarding sendKeysToElement on session 0eee76be83adca31affb25c9a34734b5 to remote] DEBUG org.asynchttpclient.netty.request.NettyRequestSender - Using open Channel [id: 0x281a090c, L:/127.0.0.1:56110 - R:localhost/127.0.0.1:27299] for POST '/session/0eee76be83adca31affb25c9a34734b5/element/5CC36090EB44735C19DDE6549A362CBF_element_3/value'
00:08:51.978 [AsyncHttpClient-1-2] DEBUG org.asynchttpclient.netty.handler.HttpHandler - 

Request DefaultHttpRequest(decodeResult: success, version: HTTP/1.1)
POST /session/0eee76be83adca31affb25c9a34734b5/element/5CC36090EB44735C19DDE6549A362CBF_element_3/value HTTP/1.1
User-Agent: selenium/4.8.1 (java windows)
Content-Length: 237
Content-Type: application/json; charset=utf-8
host: localhost:27299
accept: */*

Response DefaultHttpResponse(decodeResult: success, version: HTTP/1.1)
HTTP/1.1 200 OK
Content-Length: 14
Content-Type: application/json; charset=utf-8
cache-control: no-cache

00:08:51.978 [AsyncHttpClient-1-2] DEBUG org.asynchttpclient.netty.channel.ChannelManager - Adding key: http://localhost:27299 for channel [id: 0x281a090c, L:/127.0.0.1:56110 - R:localhost/127.0.0.1:27299]
00:08:51.995 [main] DEBUG net.thucydides.core.steps.StepInterceptor - STEP DONE: inputEmail
  &amp#27;[32mWhen &amp#27;[0m&amp#27;[32muser input email&amp#27;[0m                                         &amp#27;[90m# starter.stepdefinitions.DetailKASteps.userInputEmail()&amp#27;[0m
00:08:52.012 [main] DEBUG net.thucydides.core.steps.StepInterceptor - STARTING STEP: DetailKASteps.userInputPassword - inputPassword
00:08:52.067 [Forwarding findElement on session 0eee76be83adca31affb25c9a34734b5 to remote] DEBUG org.asynchttpclient.netty.request.NettyRequestSender - Using pooled Channel '[id: 0x281a090c, L:/127.0.0.1:56110 - R:localhost/127.0.0.1:27299]' for 'POST' to 'http://localhost:27299/session/0eee76be83adca31affb25c9a34734b5/element'
00:08:52.068 [Forwarding findElement on session 0eee76be83adca31affb25c9a34734b5 to remote] DEBUG org.asynchttpclient.netty.request.NettyRequestSender - Using open Channel [id: 0x281a090c, L:/127.0.0.1:56110 - R:localhost/127.0.0.1:27299] for POST '/session/0eee76be83adca31affb25c9a34734b5/element'
00:08:52.094 [AsyncHttpClient-1-2] DEBUG org.asynchttpclient.netty.handler.HttpHandler - 

Request DefaultHttpRequest(decodeResult: success, version: HTTP/1.1)
POST /session/0eee76be83adca31affb25c9a34734b5/element HTTP/1.1
User-Agent: selenium/4.8.1 (java windows)
Content-Length: 62
Content-Type: application/json; charset=utf-8
host: localhost:27299
accept: */*

Response DefaultHttpResponse(decodeResult: success, version: HTTP/1.1)
HTTP/1.1 200 OK
Content-Length: 94
Content-Type: application/json; charset=utf-8
cache-control: no-cache

00:08:52.094 [AsyncHttpClient-1-2] DEBUG org.asynchttpclient.netty.channel.ChannelManager - Adding key: http://localhost:27299 for channel [id: 0x281a090c, L:/127.0.0.1:56110 - R:localhost/127.0.0.1:27299]
00:08:52.098 [Forwarding clearElement on session 0eee76be83adca31affb25c9a34734b5 to remote] DEBUG org.asynchttpclient.netty.request.NettyRequestSender - Using pooled Channel '[id: 0x281a090c, L:/127.0.0.1:56110 - R:localhost/127.0.0.1:27299]' for 'POST' to 'http://localhost:27299/session/0eee76be83adca31affb25c9a34734b5/element/5CC36090EB44735C19DDE6549A362CBF_element_5/clear'
00:08:52.098 [Forwarding clearElement on session 0eee76be83adca31affb25c9a34734b5 to remote] DEBUG org.asynchttpclient.netty.request.NettyRequestSender - Using open Channel [id: 0x281a090c, L:/127.0.0.1:56110 - R:localhost/127.0.0.1:27299] for POST '/session/0eee76be83adca31affb25c9a34734b5/element/5CC36090EB44735C19DDE6549A362CBF_element_5/clear'
00:08:52.141 [AsyncHttpClient-1-2] DEBUG org.asynchttpclient.netty.handler.HttpHandler - 

Request DefaultHttpRequest(decodeResult: success, version: HTTP/1.1)
POST /session/0eee76be83adca31affb25c9a34734b5/element/5CC36090EB44735C19DDE6549A362CBF_element_5/clear HTTP/1.1
User-Agent: selenium/4.8.1 (java windows)
Content-Length: 56
Content-Type: application/json; charset=utf-8
host: localhost:27299
accept: */*

Response DefaultHttpResponse(decodeResult: success, version: HTTP/1.1)
HTTP/1.1 200 OK
Content-Length: 14
Content-Type: application/json; charset=utf-8
cache-control: no-cache

00:08:52.142 [AsyncHttpClient-1-2] DEBUG org.asynchttpclient.netty.channel.ChannelManager - Adding key: http://localhost:27299 for channel [id: 0x281a090c, L:/127.0.0.1:56110 - R:localhost/127.0.0.1:27299]
00:08:52.149 [Forwarding sendKeysToElement on session 0eee76be83adca31affb25c9a34734b5 to remote] DEBUG org.asynchttpclient.netty.request.NettyRequestSender - Using pooled Channel '[id: 0x281a090c, L:/127.0.0.1:56110 - R:localhost/127.0.0.1:27299]' for 'POST' to 'http://localhost:27299/session/0eee76be83adca31affb25c9a34734b5/element/5CC36090EB44735C19DDE6549A362CBF_element_5/value'
00:08:52.149 [Forwarding sendKeysToElement on session 0eee76be83adca31affb25c9a34734b5 to remote] DEBUG org.asynchttpclient.netty.request.NettyRequestSender - Using open Channel [id: 0x281a090c, L:/127.0.0.1:56110 - R:localhost/127.0.0.1:27299] for POST '/session/0eee76be83adca31affb25c9a34734b5/element/5CC36090EB44735C19DDE6549A362CBF_element_5/value'
00:08:52.256 [AsyncHttpClient-1-2] DEBUG org.asynchttpclient.netty.handler.HttpHandler - 

Request DefaultHttpRequest(decodeResult: success, version: HTTP/1.1)
POST /session/0eee76be83adca31affb25c9a34734b5/element/5CC36090EB44735C19DDE6549A362CBF_element_5/value HTTP/1.1
User-Agent: selenium/4.8.1 (java windows)
Content-Length: 177
Content-Type: application/json; charset=utf-8
host: localhost:27299
accept: */*

Response DefaultHttpResponse(decodeResult: success, version: HTTP/1.1)
HTTP/1.1 200 OK
Content-Length: 14
Content-Type: application/json; charset=utf-8
cache-control: no-cache

00:08:52.257 [AsyncHttpClient-1-2] DEBUG org.asynchttpclient.netty.channel.ChannelManager - Adding key: http://localhost:27299 for channel [id: 0x281a090c, L:/127.0.0.1:56110 - R:localhost/127.0.0.1:27299]
00:08:52.267 [main] DEBUG net.thucydides.core.steps.StepInterceptor - STEP DONE: inputPassword
  &amp#27;[32mAnd &amp#27;[0m&amp#27;[32muser input password&amp#27;[0m                                       &amp#27;[90m# starter.stepdefinitions.DetailKASteps.userInputPassword()&amp#27;[0m
00:08:52.909 [Forwarding findElement on session 0eee76be83adca31affb25c9a34734b5 to remote] DEBUG org.asynchttpclient.netty.request.NettyRequestSender - Using pooled Channel '[id: 0x281a090c, L:/127.0.0.1:56110 - R:localhost/127.0.0.1:27299]' for 'POST' to 'http://localhost:27299/session/0eee76be83adca31affb25c9a34734b5/element'
00:08:52.909 [Forwarding findElement on session 0eee76be83adca31affb25c9a34734b5 to remote] DEBUG org.asynchttpclient.netty.request.NettyRequestSender - Using open Channel [id: 0x281a090c, L:/127.0.0.1:56110 - R:localhost/127.0.0.1:27299] for POST '/session/0eee76be83adca31affb25c9a34734b5/element'
00:08:52.913 [AsyncHttpClient-1-1] DEBUG org.asynchttpclient.netty.channel.DefaultChannelPool - Entry count for : http://localhost:56111 : 1
00:08:52.955 [AsyncHttpClient-1-2] DEBUG org.asynchttpclient.netty.handler.HttpHandler - 

Request DefaultHttpRequest(decodeResult: success, version: HTTP/1.1)
POST /session/0eee76be83adca31affb25c9a34734b5/element HTTP/1.1
User-Agent: selenium/4.8.1 (java windows)
Content-Length: 97
Content-Type: application/json; charset=utf-8
host: localhost:27299
accept: */*

Response DefaultHttpResponse(decodeResult: success, version: HTTP/1.1)
HTTP/1.1 200 OK
Content-Length: 94
Content-Type: application/json; charset=utf-8
cache-control: no-cache

00:08:52.955 [AsyncHttpClient-1-2] DEBUG org.asynchttpclient.netty.channel.ChannelManager - Adding key: http://localhost:27299 for channel [id: 0x281a090c, L:/127.0.0.1:56110 - R:localhost/127.0.0.1:27299]
00:08:52.959 [Forwarding getElementTagName on session 0eee76be83adca31affb25c9a34734b5 to remote] DEBUG org.asynchttpclient.netty.request.NettyRequestSender - Using pooled Channel '[id: 0x281a090c, L:/127.0.0.1:56110 - R:localhost/127.0.0.1:27299]' for 'GET' to 'http://localhost:27299/session/0eee76be83adca31affb25c9a34734b5/element/5CC36090EB44735C19DDE6549A362CBF_element_8/name'
00:08:52.959 [Forwarding getElementTagName on session 0eee76be83adca31affb25c9a34734b5 to remote] DEBUG org.asynchttpclient.netty.request.NettyRequestSender - Using open Channel [id: 0x281a090c, L:/127.0.0.1:56110 - R:localhost/127.0.0.1:27299] for GET '/session/0eee76be83adca31affb25c9a34734b5/element/5CC36090EB44735C19DDE6549A362CBF_element_8/name'
00:08:52.973 [AsyncHttpClient-1-2] DEBUG org.asynchttpclient.netty.handler.HttpHandler - 

Request DefaultFullHttpRequest(decodeResult: success, version: HTTP/1.1, content: EmptyByteBufBE)
GET /session/0eee76be83adca31affb25c9a34734b5/element/5CC36090EB44735C19DDE6549A362CBF_element_8/name HTTP/1.1
User-Agent: selenium/4.8.1 (java windows)
Cache-Control: no-cache
Content-Type: application/json; charset=utf-8
host: localhost:27299
accept: */*

Response DefaultHttpResponse(decodeResult: success, version: HTTP/1.1)
HTTP/1.1 200 OK
Content-Length: 18
Content-Type: application/json; charset=utf-8
cache-control: no-cache

00:08:52.974 [AsyncHttpClient-1-2] DEBUG org.asynchttpclient.netty.channel.ChannelManager - Adding key: http://localhost:27299 for channel [id: 0x281a090c, L:/127.0.0.1:56110 - R:localhost/127.0.0.1:27299]
00:08:52.977 [Forwarding getElementTagName on session 0eee76be83adca31affb25c9a34734b5 to remote] DEBUG org.asynchttpclient.netty.request.NettyRequestSender - Using pooled Channel '[id: 0x281a090c, L:/127.0.0.1:56110 - R:localhost/127.0.0.1:27299]' for 'GET' to 'http://localhost:27299/session/0eee76be83adca31affb25c9a34734b5/element/5CC36090EB44735C19DDE6549A362CBF_element_8/name'
00:08:52.977 [Forwarding getElementTagName on session 0eee76be83adca31affb25c9a34734b5 to remote] DEBUG org.asynchttpclient.netty.request.NettyRequestSender - Using open Channel [id: 0x281a090c, L:/127.0.0.1:56110 - R:localhost/127.0.0.1:27299] for GET '/session/0eee76be83adca31affb25c9a34734b5/element/5CC36090EB44735C19DDE6549A362CBF_element_8/name'
00:08:52.993 [AsyncHttpClient-1-2] DEBUG org.asynchttpclient.netty.handler.HttpHandler - 

Request DefaultFullHttpRequest(decodeResult: success, version: HTTP/1.1, content: EmptyByteBufBE)
GET /session/0eee76be83adca31affb25c9a34734b5/element/5CC36090EB44735C19DDE6549A362CBF_element_8/name HTTP/1.1
User-Agent: selenium/4.8.1 (java windows)
Cache-Control: no-cache
Content-Type: application/json; charset=utf-8
host: localhost:27299
accept: */*

Response DefaultHttpResponse(decodeResult: success, version: HTTP/1.1)
HTTP/1.1 200 OK
Content-Length: 18
Content-Type: application/json; charset=utf-8
cache-control: no-cache

00:08:52.993 [AsyncHttpClient-1-2] DEBUG org.asynchttpclient.netty.channel.ChannelManager - Adding key: http://localhost:27299 for channel [id: 0x281a090c, L:/127.0.0.1:56110 - R:localhost/127.0.0.1:27299]
00:08:53.001 [Forwarding isElementEnabled on session 0eee76be83adca31affb25c9a34734b5 to remote] DEBUG org.asynchttpclient.netty.request.NettyRequestSender - Using pooled Channel '[id: 0x281a090c, L:/127.0.0.1:56110 - R:localhost/127.0.0.1:27299]' for 'GET' to 'http://localhost:27299/session/0eee76be83adca31affb25c9a34734b5/element/5CC36090EB44735C19DDE6549A362CBF_element_8/enabled'
00:08:53.001 [Forwarding isElementEnabled on session 0eee76be83adca31affb25c9a34734b5 to remote] DEBUG org.asynchttpclient.netty.request.NettyRequestSender - Using open Channel [id: 0x281a090c, L:/127.0.0.1:56110 - R:localhost/127.0.0.1:27299] for GET '/session/0eee76be83adca31affb25c9a34734b5/element/5CC36090EB44735C19DDE6549A362CBF_element_8/enabled'
00:08:53.017 [AsyncHttpClient-1-2] DEBUG org.asynchttpclient.netty.handler.HttpHandler - 

Request DefaultFullHttpRequest(decodeResult: success, version: HTTP/1.1, content: EmptyByteBufBE)
GET /session/0eee76be83adca31affb25c9a34734b5/element/5CC36090EB44735C19DDE6549A362CBF_element_8/enabled HTTP/1.1
User-Agent: selenium/4.8.1 (java windows)
Cache-Control: no-cache
Content-Type: application/json; charset=utf-8
host: localhost:27299
accept: */*

Response DefaultHttpResponse(decodeResult: success, version: HTTP/1.1)
HTTP/1.1 200 OK
Content-Length: 14
Content-Type: application/json; charset=utf-8
cache-control: no-cache

00:08:53.018 [AsyncHttpClient-1-2] DEBUG org.asynchttpclient.netty.channel.ChannelManager - Adding key: http://localhost:27299 for channel [id: 0x281a090c, L:/127.0.0.1:56110 - R:localhost/127.0.0.1:27299]
00:08:53.022 [Forwarding isElementEnabled on session 0eee76be83adca31affb25c9a34734b5 to remote] DEBUG org.asynchttpclient.netty.request.NettyRequestSender - Using pooled Channel '[id: 0x281a090c, L:/127.0.0.1:56110 - R:localhost/127.0.0.1:27299]' for 'GET' to 'http://localhost:27299/session/0eee76be83adca31affb25c9a34734b5/element/5CC36090EB44735C19DDE6549A362CBF_element_8/enabled'
00:08:53.023 [Forwarding isElementEnabled on session 0eee76be83adca31affb25c9a34734b5 to remote] DEBUG org.asynchttpclient.netty.request.NettyRequestSender - Using open Channel [id: 0x281a090c, L:/127.0.0.1:56110 - R:localhost/127.0.0.1:27299] for GET '/session/0eee76be83adca31affb25c9a34734b5/element/5CC36090EB44735C19DDE6549A362CBF_element_8/enabled'
00:08:53.037 [AsyncHttpClient-1-2] DEBUG org.asynchttpclient.netty.handler.HttpHandler - 

Request DefaultFullHttpRequest(decodeResult: success, version: HTTP/1.1, content: EmptyByteBufBE)
GET /session/0eee76be83adca31affb25c9a34734b5/element/5CC36090EB44735C19DDE6549A362CBF_element_8/enabled HTTP/1.1
User-Agent: selenium/4.8.1 (java windows)
Cache-Control: no-cache
Content-Type: application/json; charset=utf-8
host: localhost:27299
accept: */*

Response DefaultHttpResponse(decodeResult: success, version: HTTP/1.1)
HTTP/1.1 200 OK
Content-Length: 14
Content-Type: application/json; charset=utf-8
cache-control: no-cache

00:08:53.038 [AsyncHttpClient-1-2] DEBUG org.asynchttpclient.netty.channel.ChannelManager - Adding key: http://localhost:27299 for channel [id: 0x281a090c, L:/127.0.0.1:56110 - R:localhost/127.0.0.1:27299]
00:08:53.043 [Forwarding findElement on session 0eee76be83adca31affb25c9a34734b5 to remote] DEBUG org.asynchttpclient.netty.request.NettyRequestSender - Using pooled Channel '[id: 0x281a090c, L:/127.0.0.1:56110 - R:localhost/127.0.0.1:27299]' for 'POST' to 'http://localhost:27299/session/0eee76be83adca31affb25c9a34734b5/element'
00:08:53.044 [Forwarding findElement on session 0eee76be83adca31affb25c9a34734b5 to remote] DEBUG org.asynchttpclient.netty.request.NettyRequestSender - Using open Channel [id: 0x281a090c, L:/127.0.0.1:56110 - R:localhost/127.0.0.1:27299] for POST '/session/0eee76be83adca31affb25c9a34734b5/element'
00:08:53.057 [AsyncHttpClient-1-2] DEBUG org.asynchttpclient.netty.handler.HttpHandler - 

Request DefaultHttpRequest(decodeResult: success, version: HTTP/1.1)
POST /session/0eee76be83adca31affb25c9a34734b5/element HTTP/1.1
User-Agent: selenium/4.8.1 (java windows)
Content-Length: 97
Content-Type: application/json; charset=utf-8
host: localhost:27299
accept: */*

Response DefaultHttpResponse(decodeResult: success, version: HTTP/1.1)
HTTP/1.1 200 OK
Content-Length: 94
Content-Type: application/json; charset=utf-8
cache-control: no-cache

00:08:53.057 [AsyncHttpClient-1-2] DEBUG org.asynchttpclient.netty.channel.ChannelManager - Adding key: http://localhost:27299 for channel [id: 0x281a090c, L:/127.0.0.1:56110 - R:localhost/127.0.0.1:27299]
00:08:53.060 [Forwarding clickElement on session 0eee76be83adca31affb25c9a34734b5 to remote] DEBUG org.asynchttpclient.netty.request.NettyRequestSender - Using pooled Channel '[id: 0x281a090c, L:/127.0.0.1:56110 - R:localhost/127.0.0.1:27299]' for 'POST' to 'http://localhost:27299/session/0eee76be83adca31affb25c9a34734b5/element/5CC36090EB44735C19DDE6549A362CBF_element_8/click'
00:08:53.061 [Forwarding clickElement on session 0eee76be83adca31affb25c9a34734b5 to remote] DEBUG org.asynchttpclient.netty.request.NettyRequestSender - Using open Channel [id: 0x281a090c, L:/127.0.0.1:56110 - R:localhost/127.0.0.1:27299] for POST '/session/0eee76be83adca31affb25c9a34734b5/element/5CC36090EB44735C19DDE6549A362CBF_element_8/click'
00:08:53.138 [AsyncHttpClient-1-2] DEBUG org.asynchttpclient.netty.handler.HttpHandler - 

Request DefaultHttpRequest(decodeResult: success, version: HTTP/1.1)
POST /session/0eee76be83adca31affb25c9a34734b5/element/5CC36090EB44735C19DDE6549A362CBF_element_8/click HTTP/1.1
User-Agent: selenium/4.8.1 (java windows)
Content-Length: 56
Content-Type: application/json; charset=utf-8
host: localhost:27299
accept: */*

Response DefaultHttpResponse(decodeResult: success, version: HTTP/1.1)
HTTP/1.1 200 OK
Content-Length: 14
Content-Type: application/json; charset=utf-8
cache-control: no-cache

00:08:53.138 [AsyncHttpClient-1-2] DEBUG org.asynchttpclient.netty.channel.ChannelManager - Adding key: http://localhost:27299 for channel [id: 0x281a090c, L:/127.0.0.1:56110 - R:localhost/127.0.0.1:27299]
  &amp#27;[32mAnd &amp#27;[0m&amp#27;[32muser click login button&amp#27;[0m                                   &amp#27;[90m# starter.stepdefinitions.Login.LoginSteps.userClickLoginButton()&amp#27;[0m
00:08:53.164 [main] DEBUG net.thucydides.core.steps.StepInterceptor - STARTING STEP: DetailKASteps.userOnDashboard - onDashboardPage
00:08:53.173 [Forwarding findElement on session 0eee76be83adca31affb25c9a34734b5 to remote] DEBUG org.asynchttpclient.netty.request.NettyRequestSender - Using pooled Channel '[id: 0x281a090c, L:/127.0.0.1:56110 - R:localhost/127.0.0.1:27299]' for 'POST' to 'http://localhost:27299/session/0eee76be83adca31affb25c9a34734b5/element'
00:08:53.173 [Forwarding findElement on session 0eee76be83adca31affb25c9a34734b5 to remote] DEBUG org.asynchttpclient.netty.request.NettyRequestSender - Using open Channel [id: 0x281a090c, L:/127.0.0.1:56110 - R:localhost/127.0.0.1:27299] for POST '/session/0eee76be83adca31affb25c9a34734b5/element'
00:08:53.729 [AsyncHttpClient-1-2] DEBUG org.asynchttpclient.netty.handler.HttpHandler - 

Request DefaultHttpRequest(decodeResult: success, version: HTTP/1.1)
POST /session/0eee76be83adca31affb25c9a34734b5/element HTTP/1.1
User-Agent: selenium/4.8.1 (java windows)
Content-Length: 114
Content-Type: application/json; charset=utf-8
host: localhost:27299
accept: */*

Response DefaultHttpResponse(decodeResult: success, version: HTTP/1.1)
HTTP/1.1 200 OK
Content-Length: 95
Content-Type: application/json; charset=utf-8
cache-control: no-cache

00:08:53.730 [AsyncHttpClient-1-2] DEBUG org.asynchttpclient.netty.channel.ChannelManager - Adding key: http://localhost:27299 for channel [id: 0x281a090c, L:/127.0.0.1:56110 - R:localhost/127.0.0.1:27299]
00:08:53.746 [Forwarding isElementDisplayed on session 0eee76be83adca31affb25c9a34734b5 to remote] DEBUG org.asynchttpclient.netty.request.NettyRequestSender - Using pooled Channel '[id: 0x281a090c, L:/127.0.0.1:56110 - R:localhost/127.0.0.1:27299]' for 'POST' to 'http://localhost:27299/session/0eee76be83adca31affb25c9a34734b5/execute/sync'
00:08:53.746 [Forwarding isElementDisplayed on session 0eee76be83adca31affb25c9a34734b5 to remote] DEBUG org.asynchttpclient.netty.request.NettyRequestSender - Using open Channel [id: 0x281a090c, L:/127.0.0.1:56110 - R:localhost/127.0.0.1:27299] for POST '/session/0eee76be83adca31affb25c9a34734b5/execute/sync'
00:08:53.780 [AsyncHttpClient-1-2] DEBUG org.asynchttpclient.netty.handler.HttpHandler - 

Request DefaultHttpRequest(decodeResult: success, version: HTTP/1.1)
POST /session/0eee76be83adca31affb25c9a34734b5/execute/sync HTTP/1.1
User-Agent: selenium/4.8.1 (java windows)
Content-Length: 48814
Content-Type: application/json; charset=utf-8
host: localhost:27299
accept: */*

Response DefaultHttpResponse(decodeResult: success, version: HTTP/1.1)
HTTP/1.1 200 OK
Content-Length: 14
Content-Type: application/json; charset=utf-8
cache-control: no-cache

00:08:53.780 [AsyncHttpClient-1-2] DEBUG org.asynchttpclient.netty.channel.ChannelManager - Adding key: http://localhost:27299 for channel [id: 0x281a090c, L:/127.0.0.1:56110 - R:localhost/127.0.0.1:27299]
00:08:53.792 [Forwarding isElementDisplayed on session 0eee76be83adca31affb25c9a34734b5 to remote] DEBUG org.asynchttpclient.netty.request.NettyRequestSender - Using pooled Channel '[id: 0x281a090c, L:/127.0.0.1:56110 - R:localhost/127.0.0.1:27299]' for 'POST' to 'http://localhost:27299/session/0eee76be83adca31affb25c9a34734b5/execute/sync'
00:08:53.792 [Forwarding isElementDisplayed on session 0eee76be83adca31affb25c9a34734b5 to remote] DEBUG org.asynchttpclient.netty.request.NettyRequestSender - Using open Channel [id: 0x281a090c, L:/127.0.0.1:56110 - R:localhost/127.0.0.1:27299] for POST '/session/0eee76be83adca31affb25c9a34734b5/execute/sync'
00:08:53.875 [AsyncHttpClient-1-2] DEBUG org.asynchttpclient.netty.handler.HttpHandler - 

Request DefaultHttpRequest(decodeResult: success, version: HTTP/1.1)
POST /session/0eee76be83adca31affb25c9a34734b5/execute/sync HTTP/1.1
User-Agent: selenium/4.8.1 (java windows)
Content-Length: 48814
Content-Type: application/json; charset=utf-8
host: localhost:27299
accept: */*

Response DefaultHttpResponse(decodeResult: success, version: HTTP/1.1)
HTTP/1.1 200 OK
Content-Length: 14
Content-Type: application/json; charset=utf-8
cache-control: no-cache

00:08:53.875 [AsyncHttpClient-1-2] DEBUG org.asynchttpclient.netty.channel.ChannelManager - Adding key: http://localhost:27299 for channel [id: 0x281a090c, L:/127.0.0.1:56110 - R:localhost/127.0.0.1:27299]
00:08:53.886 [main] DEBUG net.thucydides.core.steps.StepInterceptor - STEP DONE: onDashboardPage
  &amp#27;[32mAnd &amp#27;[0m&amp#27;[32muser on dashboard&amp#27;[0m                                         &amp#27;[90m# starter.stepdefinitions.DetailKASteps.userOnDashboard()&amp#27;[0m
00:08:53.904 [main] INFO  - 
  _____   ___   ___   _____     ___     _     ___   ___   ___   ___  
 |_   _| | __| / __| |_   _|   | _ \   /_\   / __| / __| | __| |   \ 
   | |   | _|  \__ \   | |     |  _/  / _ \  \__ \ \__ \ | _|  | |) |
   |_|   |___| |___/   |_|     |_|   /_/ \_\ |___/ |___/ |___| |___/ 

as admin i can login so that i can see dashboard page
----------------------------------------------------------------------
00:08:54.107 [AsyncHttpClient-1-1] DEBUG org.asynchttpclient.netty.channel.DefaultChannelPool - Entry count for : http://localhost:56111 : 1
00:08:54.107 [AsyncHttpClient-1-1] DEBUG org.asynchttpclient.netty.channel.DefaultChannelPool - Entry count for : http://localhost:27299 : 1
00:08:54.285 [AsyncHttpClient-1-4] DEBUG org.asynchttpclient.netty.handler.WebSocketHandler - Channel Closed: [id: 0xd7a21639, L:/127.0.0.1:56120 ! R:localhost/127.0.0.1:56111] with attribute NettyResponseFuture{currentRetry=0,
	isDone=1,
	isCancelled=0,
	asyncHandler=org.asynchttpclient.ws.WebSocketUpgradeHandler@6fe1b404,
	nettyRequest=org.asynchttpclient.netty.request.NettyRequest@22af503f,
	future=java.util.concurrent.CompletableFuture@7bb45ab6[Completed normally],
	uri=ws://localhost:56111/devtools/browser/3b41c506-1ca2-4c53-a559-e49ebc29aeb0,
	keepAlive=true,
	redirectCount=0,
	timeoutsHolder=null,
	inAuth=0,
	touch=1687367328633}
00:08:54.286 [AsyncHttpClient-1-4] DEBUG org.asynchttpclient.netty.channel.ChannelManager - Closing Channel [id: 0xd7a21639, L:/127.0.0.1:56120 ! R:localhost/127.0.0.1:56111] 
00:08:54.300 [Driver Command Executor] DEBUG org.asynchttpclient.netty.request.NettyRequestSender - Using pooled Channel '[id: 0x281a090c, L:/127.0.0.1:56110 - R:localhost/127.0.0.1:27299]' for 'DELETE' to 'http://localhost:27299/session/0eee76be83adca31affb25c9a34734b5'
00:08:54.300 [Driver Command Executor] DEBUG org.asynchttpclient.netty.request.NettyRequestSender - Using open Channel [id: 0x281a090c, L:/127.0.0.1:56110 - R:localhost/127.0.0.1:27299] for DELETE '/session/0eee76be83adca31affb25c9a34734b5'
00:08:54.917 [AsyncHttpClient-1-3] DEBUG org.asynchttpclient.netty.handler.HttpHandler - Unexpected I/O exception on channel [id: 0xa65f373e, L:/127.0.0.1:56119 - R:localhost/127.0.0.1:56111]
java.io.IOException: An existing connection was forcibly closed by the remote host
	at sun.nio.ch.SocketDispatcher.read0(Native Method)
	at sun.nio.ch.SocketDispatcher.read(SocketDispatcher.java:43)
	at sun.nio.ch.IOUtil.readIntoNativeBuffer(IOUtil.java:223)
	at sun.nio.ch.IOUtil.read(IOUtil.java:192)
	at sun.nio.ch.SocketChannelImpl.read(SocketChannelImpl.java:380)
	at io.netty.buffer.PooledByteBuf.setBytes(PooledByteBuf.java:259)
	at io.netty.buffer.AbstractByteBuf.writeBytes(AbstractByteBuf.java:1132)
	at io.netty.channel.socket.nio.NioSocketChannel.doReadBytes(NioSocketChannel.java:357)
	at io.netty.channel.nio.AbstractNioByteChannel$NioByteUnsafe.read(AbstractNioByteChannel.java:151)
	at io.netty.channel.nio.NioEventLoop.processSelectedKey(NioEventLoop.java:788)
	at io.netty.channel.nio.NioEventLoop.processSelectedKeysOptimized(NioEventLoop.java:724)
	at io.netty.channel.nio.NioEventLoop.processSelectedKeys(NioEventLoop.java:650)
	at io.netty.channel.nio.NioEventLoop.run(NioEventLoop.java:562)
	at io.netty.util.concurrent.SingleThreadEventExecutor$4.run(SingleThreadEventExecutor.java:997)
	at io.netty.util.internal.ThreadExecutorMap$2.run(ThreadExecutorMap.java:74)
	at io.netty.util.concurrent.FastThreadLocalRunnable.run(FastThreadLocalRunnable.java:30)
	at java.lang.Thread.run(Thread.java:748)
00:08:54.918 [AsyncHttpClient-1-3] DEBUG org.asynchttpclient.netty.channel.ChannelManager - Closing Channel [id: 0xa65f373e, L:/127.0.0.1:56119 - R:localhost/127.0.0.1:56111] 
00:08:54.921 [AsyncHttpClient-1-3] DEBUG org.asynchttpclient.netty.handler.HttpHandler - Channel Closed: [id: 0xa65f373e, L:/127.0.0.1:56119 ! R:localhost/127.0.0.1:56111] with attribute DISCARD
00:08:55.769 [AsyncHttpClient-1-1] DEBUG org.asynchttpclient.netty.channel.DefaultChannelPool - Entry count for : http://localhost:56111 : 1
00:08:55.769 [AsyncHttpClient-1-1] DEBUG org.asynchttpclient.netty.channel.DefaultChannelPool - Adding Candidate expired Channel [id: 0xa65f373e, L:/127.0.0.1:56119 ! R:localhost/127.0.0.1:56111] isIdleTimeoutExpired=false isRemotelyClosed=true isTtlExpired=false
00:08:55.769 [AsyncHttpClient-1-1] DEBUG org.asynchttpclient.netty.channel.DefaultChannelPool - Closing Idle Channel [id: 0xa65f373e, L:/127.0.0.1:56119 ! R:localhost/127.0.0.1:56111]
00:08:55.770 [AsyncHttpClient-1-1] DEBUG org.asynchttpclient.netty.channel.DefaultChannelPool - Closed 1 connections out of 1 in 1 ms
00:08:57.820 [AsyncHttpClient-1-2] DEBUG org.asynchttpclient.netty.handler.HttpHandler - 

Request DefaultFullHttpRequest(decodeResult: success, version: HTTP/1.1, content: EmptyByteBufBE)
DELETE /session/0eee76be83adca31affb25c9a34734b5 HTTP/1.1
User-Agent: selenium/4.8.1 (java windows)
Content-Type: application/json; charset=utf-8
host: localhost:27299
accept: */*

Response DefaultHttpResponse(decodeResult: success, version: HTTP/1.1)
HTTP/1.1 200 OK
Content-Length: 14
Content-Type: application/json; charset=utf-8
cache-control: no-cache

00:08:57.821 [AsyncHttpClient-1-2] DEBUG org.asynchttpclient.netty.channel.ChannelManager - Adding key: http://localhost:27299 for channel [id: 0x281a090c, L:/127.0.0.1:56110 - R:localhost/127.0.0.1:27299]
00:08:58.218 [AsyncHttpClient-1-1] DEBUG org.asynchttpclient.netty.channel.DefaultChannelPool - Entry count for : http://localhost:27299 : 1
00:08:59.417 [AsyncHttpClient-1-1] DEBUG org.asynchttpclient.netty.channel.DefaultChannelPool - Entry count for : http://localhost:27299 : 1
00:08:59.926 [AsyncHttpClient-1-2] DEBUG org.asynchttpclient.netty.handler.HttpHandler - Unexpected I/O exception on channel [id: 0x281a090c, L:/127.0.0.1:56110 - R:localhost/127.0.0.1:27299]
java.io.IOException: An existing connection was forcibly closed by the remote host
	at sun.nio.ch.SocketDispatcher.read0(Native Method)
	at sun.nio.ch.SocketDispatcher.read(SocketDispatcher.java:43)
	at sun.nio.ch.IOUtil.readIntoNativeBuffer(IOUtil.java:223)
	at sun.nio.ch.IOUtil.read(IOUtil.java:192)
	at sun.nio.ch.SocketChannelImpl.read(SocketChannelImpl.java:380)
	at io.netty.buffer.PooledByteBuf.setBytes(PooledByteBuf.java:259)
	at io.netty.buffer.AbstractByteBuf.writeBytes(AbstractByteBuf.java:1132)
	at io.netty.channel.socket.nio.NioSocketChannel.doReadBytes(NioSocketChannel.java:357)
	at io.netty.channel.nio.AbstractNioByteChannel$NioByteUnsafe.read(AbstractNioByteChannel.java:151)
	at io.netty.channel.nio.NioEventLoop.processSelectedKey(NioEventLoop.java:788)
	at io.netty.channel.nio.NioEventLoop.processSelectedKeysOptimized(NioEventLoop.java:724)
	at io.netty.channel.nio.NioEventLoop.processSelectedKeys(NioEventLoop.java:650)
	at io.netty.channel.nio.NioEventLoop.run(NioEventLoop.java:562)
	at io.netty.util.concurrent.SingleThreadEventExecutor$4.run(SingleThreadEventExecutor.java:997)
	at io.netty.util.internal.ThreadExecutorMap$2.run(ThreadExecutorMap.java:74)
	at io.netty.util.concurrent.FastThreadLocalRunnable.run(FastThreadLocalRunnable.java:30)
	at java.lang.Thread.run(Thread.java:748)
00:08:59.926 [AsyncHttpClient-1-2] DEBUG org.asynchttpclient.netty.channel.ChannelManager - Closing Channel [id: 0x281a090c, L:/127.0.0.1:56110 - R:localhost/127.0.0.1:27299] 
00:08:59.927 [AsyncHttpClient-1-2] DEBUG org.asynchttpclient.netty.handler.HttpHandler - Channel Closed: [id: 0x281a090c, L:/127.0.0.1:56110 ! R:localhost/127.0.0.1:27299] with attribute DISCARD
]]></system-out>
    <system-err><![CDATA[Starting ChromeDriver 114.0.5735.90 (386bc09e8f4f2e025eddae123f36f6263096ae49-refs/branch-heads/5735@{#1052}) on port 27299
Only local connections are allowed.
Please see https://chromedriver.chromium.org/security-considerations for suggestions on keeping ChromeDriver safe.
ChromeDriver was started successfully.
Jun 22, 2023 12:08:48 AM org.openqa.selenium.devtools.CdpVersionFinder findNearestMatch
WARNING: Unable to find an exact match for CDP version 114, so returning the closest version found: 110
Jun 22, 2023 12:08:59 AM org.openqa.selenium.os.OsProcess destroy
SEVERE: Unable to kill process java.lang.ProcessImpl@48567727
]]></system-err>
  </testcase>
</testsuite>