<?xml version="1.0" encoding="UTF-8"?>
<testsuite xmlns:xsi="http://www.w3.org/2001/XMLSchema-instance" xsi:noNamespaceSchemaLocation="https://maven.apache.org/surefire/maven-failsafe-plugin/xsd/failsafe-test-report-3.0.xsd" version="3.0" name="starter.CucumberTestSuite" time="64.625" tests="1" errors="0" skipped="0" failures="0">
  <properties>
[...]
</properties>
  <testcase name="as admin i can login so that i can see dashboard page" classname="As a admin i can login so that i can see dashboard page #2" time="21.024">
    <system-out><![CDATA[00:19:36.119 [main] DEBUG net.thucydides.core.guice.Injectors - Created injector for module net.thucydides.core.guice.ThucydidesModule
00:19:37.402 [main] DEBUG io.cucumber.core.plugin.SerenityReporter - Running feature from file:///D:/D/QE_Alta/capstone/web-automation-test/src/test/resources/features/Admin/DaftarKeretaApi/DeleteKA.feature
00:19:38.220 [main] DEBUG net.thucydides.core.guice.Injectors - Created injector for module net.thucydides.core.guice.webdriver.WebDriverModule
00:19:38.306 [main] INFO  - 

-------------------------------------------------------------------------------------
     _______. _______ .______       _______ .__   __.  __  .___________.____    ____ 
    /       ||   ____||   _  \     |   ____||  \ |  | |  | |           |\   \  /   / 
   |   (----`|  |__   |  |_)  |    |  |__   |   \|  | |  | `---|  |----` \   \/   /  
    \   \    |   __|  |      /     |   __|  |  . `  | |  |     |  |       \_    _/   
.----)   |   |  |____ |  |\  \----.|  |____ |  |\   | |  |     |  |         |  |     
|_______/    |_______|| _| `._____||_______||__| \__| |__|     |__|         |__|    
                                                                                     
 News and tutorials at http://www.serenity-bdd.info                                  
 Documentation at https://wakaleo.gitbooks.io/the-serenity-book/content/             
 Join the Serenity Community on Gitter: https://gitter.im/serenity-bdd/serenity-core 
 Serenity BDD Support and Training at http://serenity-bdd.info/#/trainingandsupport  
-------------------------------------------------------------------------------------

00:19:38.314 [main] DEBUG net.thucydides.core.steps.StepEventBus - Test suite started for story net.thucydides.core.model.Story@b866baff
00:19:38.331 [main] INFO  - Test Suite Started: As a user i want to success see detail data KA
00:19:38.443 [main] DEBUG io.cucumber.core.plugin.SerenityReporter - Running feature from file:///D:/D/QE_Alta/capstone/web-automation-test/src/test/resources/features/Admin/DaftarKeretaApi/DetailKA.feature
00:19:38.466 [main] DEBUG net.thucydides.core.steps.StepEventBus - Test suite started for story net.thucydides.core.model.Story@cae7b625
00:19:38.468 [main] INFO  - Test Suite Started: As a user i want to success see detail data KA
00:19:38.469 [main] DEBUG io.cucumber.core.plugin.SerenityReporter - Running feature from file:///D:/D/QE_Alta/capstone/web-automation-test/src/test/resources/features/Admin/DaftarKeretaApi/EditKA.feature
00:19:38.514 [main] DEBUG net.thucydides.core.steps.StepEventBus - Test suite started for story net.thucydides.core.model.Story@69ea54bf
00:19:38.520 [main] INFO  - Test Suite Started: As a user i want to success edit data KA
00:19:38.520 [main] DEBUG io.cucumber.core.plugin.SerenityReporter - Running feature from file:///D:/D/QE_Alta/capstone/web-automation-test/src/test/resources/features/Admin/DaftarKeretaApi/TambahKA.feature
00:19:38.548 [main] DEBUG net.thucydides.core.steps.StepEventBus - Test suite started for story net.thucydides.core.model.Story@549418e3
00:19:38.553 [main] INFO  - Test Suite Started: As a user i want to add a new KA
00:19:38.553 [main] DEBUG io.cucumber.core.plugin.SerenityReporter - Running feature from file:///D:/D/QE_Alta/capstone/web-automation-test/src/test/resources/features/Admin/DaftarPengguna/EditPengguna.feature
00:19:38.577 [main] DEBUG net.thucydides.core.steps.StepEventBus - Test suite started for story net.thucydides.core.model.Story@7252840b
00:19:38.578 [main] INFO  - Test Suite Started: As a user i want to edit user
00:19:38.584 [main] DEBUG io.cucumber.core.plugin.SerenityReporter - Running feature from file:///D:/D/QE_Alta/capstone/web-automation-test/src/test/resources/features/Admin/DaftarPengguna/TambahPengguna.feature
00:19:38.603 [main] DEBUG net.thucydides.core.steps.StepEventBus - Test suite started for story net.thucydides.core.model.Story@6acd74c3
00:19:38.609 [main] INFO  - Test Suite Started: As a user i want to create a new user
00:19:38.610 [main] DEBUG io.cucumber.core.plugin.SerenityReporter - Running feature from file:///D:/D/QE_Alta/capstone/web-automation-test/src/test/resources/features/Admin/DaftarStasiun/DaftarStasiun.feature
00:19:38.663 [main] DEBUG net.thucydides.core.steps.StepEventBus - Test suite started for story net.thucydides.core.model.Story@ae56d94d
00:19:38.669 [main] INFO  - Test Suite Started: as a admin, i want cek all information about station
00:19:38.669 [main] DEBUG io.cucumber.core.plugin.SerenityReporter - Running feature from file:///D:/D/QE_Alta/capstone/web-automation-test/src/test/resources/features/Admin/DaftarTiketKeretaApi/DaftarTiketKA.feature
00:19:38.728 [main] DEBUG net.thucydides.core.steps.StepEventBus - Test suite started for story net.thucydides.core.model.Story@a81c0e2c
00:19:38.729 [main] INFO  - Test Suite Started: As a admin i want to see ticket of KA
00:19:38.729 [main] DEBUG io.cucumber.core.plugin.SerenityReporter - Running feature from file:///D:/D/QE_Alta/capstone/web-automation-test/src/test/resources/features/Admin/TransaksiPesananHotel/LihatDetailTransaksiPesananHotel.feature
00:19:38.741 [main] DEBUG net.thucydides.core.steps.StepEventBus - Test suite started for story net.thucydides.core.model.Story@6f0f3c6
00:19:38.742 [main] INFO  - Test Suite Started: As a admin i want to see detail transaction hotel order
00:19:38.743 [main] DEBUG io.cucumber.core.plugin.SerenityReporter - Running feature from file:///D:/D/QE_Alta/capstone/web-automation-test/src/test/resources/features/Admin/TransaksiPesananKA/LihatDetailTransaksiPesananKA.feature
00:19:38.760 [main] DEBUG net.thucydides.core.steps.StepEventBus - Test suite started for story net.thucydides.core.model.Story@8965902a
00:19:38.761 [main] INFO  - Test Suite Started: As a admin i want to see detail transaction KA order
00:19:38.762 [main] DEBUG io.cucumber.core.plugin.SerenityReporter - Running feature from file:///D:/D/QE_Alta/capstone/web-automation-test/src/test/resources/features/Login/Login.feature
00:19:38.796 [main] DEBUG net.thucydides.core.steps.StepEventBus - Test suite started for story net.thucydides.core.model.Story@d0e1a1e9
00:19:38.798 [main] INFO  - Test Suite Started: As a admin i can login so that i can see dashboard page
00:19:38.812 [main] DEBUG io.cucumber.core.plugin.SerenityReporter - Running feature from file:///D:/D/QE_Alta/capstone/web-automation-test/src/test/resources/features/Logout/Logout.feature
00:19:38.828 [main] DEBUG net.thucydides.core.steps.StepEventBus - Test suite started for story net.thucydides.core.model.Story@34ac5a95
00:19:38.830 [main] INFO  - Test Suite Started: As a admin i can login so that i can see dashboard page
00:19:38.855 [main] DEBUG io.cucumber.core.plugin.SerenityReporter - Running feature from file:///D:/D/QE_Alta/capstone/web-automation-test/src/test/resources/features/Logout/Logout.feature
00:19:38.876 [main] DEBUG net.thucydides.core.steps.StepEventBus - Test suite started for story net.thucydides.core.model.Story@34ac5a95
00:19:38.881 [main] INFO  - Test Suite Started: As a admin i can login so that i can see dashboard page

@Logout
Scenario: as admin i can login so that i can see dashboard page &amp#27;[90m# src/test/resources/features/Logout/Logout.feature:4&amp#27;[0m
00:19:39.455 [main] DEBUG io.cucumber.core.plugin.SerenityReporter - Running feature from file:///D:/D/QE_Alta/capstone/web-automation-test/src/test/resources/features/Logout/Logout.feature
00:19:39.778 [main] INFO  - 
  _____   ___   ___   _____     ___   _____     _     ___   _____   ___   ___  
 |_   _| | __| / __| |_   _|   / __| |_   _|   /_\   | _ \ |_   _| | __| |   \ 
   | |   | _|  \__ \   | |     \__ \   | |    / _ \  |   /   | |   | _|  | |) |
   |_|   |___| |___/   |_|     |___/   |_|   /_/ \_\ |_|_\   |_|   |___| |___/ 

as admin i can login so that i can see dashboard page(as-a-admin-i-can-login-so-that-i-can-see-dashboard-page;as-admin-i-can-login-so-that-i-can-see-dashboard-page)
--------------------------------------------------------------------------------
00:19:39.939 [main] DEBUG net.thucydides.core.requirements.FileSystemRequirementsTagProvider - Loading requirements from directory: D:\D\QE_Alta\capstone\web-automation-test\src\test\resources\features\Admin (D:\D\QE_Alta\capstone\web-automation-test\src\test\resources\features\Admin)
00:19:39.940 [main] DEBUG net.thucydides.core.requirements.FileSystemRequirementsTagProvider - Get requirements type for: D:\D\QE_Alta\capstone\web-automation-test\src\test\resources\features\Admin (D:\D\QE_Alta\capstone\web-automation-test\src\test\resources\features\Admin)
00:19:39.966 [main] DEBUG net.thucydides.core.requirements.FileSystemRequirementsTagProvider - Loading requirements from directory: D:\D\QE_Alta\capstone\web-automation-test\src\test\resources\features\Admin\DaftarKeretaApi (D:\D\QE_Alta\capstone\web-automation-test\src\test\resources\features\Admin\DaftarKeretaApi)
00:19:39.967 [main] DEBUG net.thucydides.core.requirements.FileSystemRequirementsTagProvider - Get requirements type for: D:\D\QE_Alta\capstone\web-automation-test\src\test\resources\features\Admin\DaftarKeretaApi (D:\D\QE_Alta\capstone\web-automation-test\src\test\resources\features\Admin\DaftarKeretaApi)
00:19:40.054 [main] DEBUG net.thucydides.core.requirements.model.cucumber.CucumberParser - Loading feature D:\D\QE_Alta\capstone\web-automation-test\src\test\resources\features\Admin\DaftarKeretaApi\DeleteKA.feature
00:19:40.109 [main] DEBUG net.thucydides.core.requirements.model.cucumber.CucumberParser - Loading feature D:\D\QE_Alta\capstone\web-automation-test\src\test\resources\features\Admin\DaftarKeretaApi\DetailKA.feature
00:19:40.117 [main] DEBUG net.thucydides.core.requirements.model.cucumber.CucumberParser - Loading feature D:\D\QE_Alta\capstone\web-automation-test\src\test\resources\features\Admin\DaftarKeretaApi\EditKA.feature
00:19:40.127 [main] DEBUG net.thucydides.core.requirements.model.cucumber.CucumberParser - Loading feature D:\D\QE_Alta\capstone\web-automation-test\src\test\resources\features\Admin\DaftarKeretaApi\TambahKA.feature
00:19:40.139 [main] DEBUG net.thucydides.core.requirements.FileSystemRequirementsTagProvider - Loading requirements from directory: D:\D\QE_Alta\capstone\web-automation-test\src\test\resources\features\Admin\DaftarPengguna (D:\D\QE_Alta\capstone\web-automation-test\src\test\resources\features\Admin\DaftarPengguna)
00:19:40.139 [main] DEBUG net.thucydides.core.requirements.FileSystemRequirementsTagProvider - Get requirements type for: D:\D\QE_Alta\capstone\web-automation-test\src\test\resources\features\Admin\DaftarPengguna (D:\D\QE_Alta\capstone\web-automation-test\src\test\resources\features\Admin\DaftarPengguna)
00:19:40.158 [main] DEBUG net.thucydides.core.requirements.model.cucumber.CucumberParser - Loading feature D:\D\QE_Alta\capstone\web-automation-test\src\test\resources\features\Admin\DaftarPengguna\EditPengguna.feature
00:19:40.163 [main] DEBUG net.thucydides.core.requirements.model.cucumber.CucumberParser - Loading feature D:\D\QE_Alta\capstone\web-automation-test\src\test\resources\features\Admin\DaftarPengguna\TambahPengguna.feature
00:19:40.173 [main] DEBUG net.thucydides.core.requirements.FileSystemRequirementsTagProvider - Loading requirements from directory: D:\D\QE_Alta\capstone\web-automation-test\src\test\resources\features\Admin\DaftarStasiun (D:\D\QE_Alta\capstone\web-automation-test\src\test\resources\features\Admin\DaftarStasiun)
00:19:40.173 [main] DEBUG net.thucydides.core.requirements.FileSystemRequirementsTagProvider - Get requirements type for: D:\D\QE_Alta\capstone\web-automation-test\src\test\resources\features\Admin\DaftarStasiun (D:\D\QE_Alta\capstone\web-automation-test\src\test\resources\features\Admin\DaftarStasiun)
00:19:40.187 [main] DEBUG net.thucydides.core.requirements.model.cucumber.CucumberParser - Loading feature D:\D\QE_Alta\capstone\web-automation-test\src\test\resources\features\Admin\DaftarStasiun\DaftarStasiun.feature
00:19:40.193 [main] DEBUG net.thucydides.core.requirements.FileSystemRequirementsTagProvider - Loading requirements from directory: D:\D\QE_Alta\capstone\web-automation-test\src\test\resources\features\Admin\DaftarTiketKeretaApi (D:\D\QE_Alta\capstone\web-automation-test\src\test\resources\features\Admin\DaftarTiketKeretaApi)
00:19:40.193 [main] DEBUG net.thucydides.core.requirements.FileSystemRequirementsTagProvider - Get requirements type for: D:\D\QE_Alta\capstone\web-automation-test\src\test\resources\features\Admin\DaftarTiketKeretaApi (D:\D\QE_Alta\capstone\web-automation-test\src\test\resources\features\Admin\DaftarTiketKeretaApi)
00:19:40.210 [main] DEBUG net.thucydides.core.requirements.model.cucumber.CucumberParser - Loading feature D:\D\QE_Alta\capstone\web-automation-test\src\test\resources\features\Admin\DaftarTiketKeretaApi\DaftarTiketKA.feature
00:19:40.221 [main] DEBUG net.thucydides.core.requirements.FileSystemRequirementsTagProvider - Loading requirements from directory: D:\D\QE_Alta\capstone\web-automation-test\src\test\resources\features\Admin\TransaksiPesananHotel (D:\D\QE_Alta\capstone\web-automation-test\src\test\resources\features\Admin\TransaksiPesananHotel)
00:19:40.221 [main] DEBUG net.thucydides.core.requirements.FileSystemRequirementsTagProvider - Get requirements type for: D:\D\QE_Alta\capstone\web-automation-test\src\test\resources\features\Admin\TransaksiPesananHotel (D:\D\QE_Alta\capstone\web-automation-test\src\test\resources\features\Admin\TransaksiPesananHotel)
00:19:40.240 [main] DEBUG net.thucydides.core.requirements.model.cucumber.CucumberParser - Loading feature D:\D\QE_Alta\capstone\web-automation-test\src\test\resources\features\Admin\TransaksiPesananHotel\LihatDetailTransaksiPesananHotel.feature
00:19:40.246 [main] DEBUG net.thucydides.core.requirements.FileSystemRequirementsTagProvider - Loading requirements from directory: D:\D\QE_Alta\capstone\web-automation-test\src\test\resources\features\Admin\TransaksiPesananKA (D:\D\QE_Alta\capstone\web-automation-test\src\test\resources\features\Admin\TransaksiPesananKA)
00:19:40.246 [main] DEBUG net.thucydides.core.requirements.FileSystemRequirementsTagProvider - Get requirements type for: D:\D\QE_Alta\capstone\web-automation-test\src\test\resources\features\Admin\TransaksiPesananKA (D:\D\QE_Alta\capstone\web-automation-test\src\test\resources\features\Admin\TransaksiPesananKA)
00:19:40.258 [main] DEBUG net.thucydides.core.requirements.model.cucumber.CucumberParser - Loading feature D:\D\QE_Alta\capstone\web-automation-test\src\test\resources\features\Admin\TransaksiPesananKA\LihatDetailTransaksiPesananKA.feature
00:19:40.266 [main] DEBUG net.thucydides.core.requirements.FileSystemRequirementsTagProvider - Loading requirements from directory: D:\D\QE_Alta\capstone\web-automation-test\src\test\resources\features\Login (D:\D\QE_Alta\capstone\web-automation-test\src\test\resources\features\Login)
00:19:40.267 [main] DEBUG net.thucydides.core.requirements.FileSystemRequirementsTagProvider - Get requirements type for: D:\D\QE_Alta\capstone\web-automation-test\src\test\resources\features\Login (D:\D\QE_Alta\capstone\web-automation-test\src\test\resources\features\Login)
00:19:40.277 [main] DEBUG net.thucydides.core.requirements.model.cucumber.CucumberParser - Loading feature D:\D\QE_Alta\capstone\web-automation-test\src\test\resources\features\Login\Login.feature
00:19:40.281 [main] DEBUG net.thucydides.core.requirements.FileSystemRequirementsTagProvider - Loading requirements from directory: D:\D\QE_Alta\capstone\web-automation-test\src\test\resources\features\Logout (D:\D\QE_Alta\capstone\web-automation-test\src\test\resources\features\Logout)
00:19:40.282 [main] DEBUG net.thucydides.core.requirements.FileSystemRequirementsTagProvider - Get requirements type for: D:\D\QE_Alta\capstone\web-automation-test\src\test\resources\features\Logout (D:\D\QE_Alta\capstone\web-automation-test\src\test\resources\features\Logout)
00:19:40.296 [main] DEBUG net.thucydides.core.requirements.model.cucumber.CucumberParser - Loading feature D:\D\QE_Alta\capstone\web-automation-test\src\test\resources\features\Logout\Logout.feature
00:19:42.318 [main] DEBUG net.thucydides.core.steps.StepInterceptor - STARTING STEP: DetailKASteps.userOnLoginPage - onLoginPage
00:19:42.400 [main] INFO net.serenitybdd.core.webdriver.driverproviders.DriverProvider - Using WebDriverManager configuration for chrome
00:19:43.898 [main] DEBUG io.github.bonigarcia.wdm.cache.ResolutionCache - Resolution chrome=114 in cache (valid until 00:51:51 22/06/2023 ICT)
00:19:43.901 [main] DEBUG io.github.bonigarcia.wdm.cache.ResolutionCache - Resolution chrome114=114.0.5735.90 in cache (valid until 23:51:51 22/06/2023 ICT)
00:19:43.903 [main] INFO io.github.bonigarcia.wdm.WebDriverManager - Using chromedriver 114.0.5735.90 (resolved driver for Chrome 114)
00:19:43.952 [main] DEBUG io.github.bonigarcia.wdm.WebDriverManager - Driver chromedriver 114.0.5735.90 found in cache
00:19:43.954 [main] INFO io.github.bonigarcia.wdm.WebDriverManager - Exporting webdriver.chrome.driver as C:\Users\ADW User ACR\.cache\selenium\chromedriver\win32\114.0.5735.90\chromedriver.exe
00:19:44.139 [main] INFO net.serenitybdd.core.webdriver.driverproviders.ChromeDriverProvider - Starting Chrome driver instance with capabilities:
00:19:44.149 [main] INFO net.serenitybdd.core.webdriver.driverproviders.ChromeDriverProvider - Capabilities {acceptInsecureCerts: true, browserName: chrome, goog:chromeOptions: {args: [remote-allow-origins=*, test-type, no-sandbox, ignore-certificate-errors, start-maximized, incognito, disable-infobars, disable-gpu, disable-default-apps, disable-popup-blocking, remote-allow-origins=*, test-type, no-sandbox, ignore-certificate-errors, start-maximized, incognito, disable-infobars, disable-gpu, disable-default-apps, disable-popup-blocking, remote-allow-origins=*], extensions: []}}
00:19:44.338 [main] DEBUG io.netty.util.internal.logging.InternalLoggerFactory - Using SLF4J as the default logging framework
00:19:44.346 [main] DEBUG io.netty.util.ResourceLeakDetector - -Dio.netty.leakDetection.level: simple
00:19:44.346 [main] DEBUG io.netty.util.ResourceLeakDetector - -Dio.netty.leakDetection.targetRecords: 4
00:19:44.355 [main] DEBUG io.netty.util.ResourceLeakDetectorFactory - Loaded default ResourceLeakDetector: io.netty.util.ResourceLeakDetector@794366a5
00:19:44.405 [main] DEBUG io.netty.util.internal.PlatformDependent0 - -Dio.netty.noUnsafe: false
00:19:44.405 [main] DEBUG io.netty.util.internal.PlatformDependent0 - Java version: 8
00:19:44.406 [main] DEBUG io.netty.util.internal.PlatformDependent0 - sun.misc.Unsafe.theUnsafe: available
00:19:44.408 [main] DEBUG io.netty.util.internal.PlatformDependent0 - sun.misc.Unsafe.copyMemory: available
00:19:44.409 [main] DEBUG io.netty.util.internal.PlatformDependent0 - sun.misc.Unsafe.storeFence: available
00:19:44.410 [main] DEBUG io.netty.util.internal.PlatformDependent0 - java.nio.Buffer.address: available
00:19:44.411 [main] DEBUG io.netty.util.internal.PlatformDependent0 - direct buffer constructor: available
00:19:44.413 [main] DEBUG io.netty.util.internal.PlatformDependent0 - java.nio.Bits.unaligned: available, true
00:19:44.413 [main] DEBUG io.netty.util.internal.PlatformDependent0 - jdk.internal.misc.Unsafe.allocateUninitializedArray(int): unavailable prior to Java9
00:19:44.413 [main] DEBUG io.netty.util.internal.PlatformDependent0 - java.nio.DirectByteBuffer.<init>(long, int): available
00:19:44.413 [main] DEBUG io.netty.util.internal.PlatformDependent - sun.misc.Unsafe: available
00:19:44.416 [main] DEBUG io.netty.util.internal.PlatformDependent - -Dio.netty.tmpdir: C:\Users\ADWUSE~1\AppData\Local\Temp (java.io.tmpdir)
00:19:44.417 [main] DEBUG io.netty.util.internal.PlatformDependent - -Dio.netty.bitMode: 64 (sun.arch.data.model)
00:19:44.417 [main] DEBUG io.netty.util.internal.PlatformDependent - Platform: Windows
00:19:44.420 [main] DEBUG io.netty.util.internal.PlatformDependent - -Dio.netty.maxDirectMemory: 1840250880 bytes
00:19:44.420 [main] DEBUG io.netty.util.internal.PlatformDependent - -Dio.netty.uninitializedArrayAllocationThreshold: -1
00:19:44.422 [main] DEBUG io.netty.util.internal.CleanerJava6 - java.nio.ByteBuffer.cleaner(): available
00:19:44.422 [main] DEBUG io.netty.util.internal.PlatformDependent - -Dio.netty.noPreferDirect: false
00:19:44.440 [main] DEBUG io.netty.util.internal.PlatformDependent - org.jctools-core.MpscChunkedArrayQueue: available
00:19:44.489 [main] DEBUG io.netty.util.internal.InternalThreadLocalMap - -Dio.netty.threadLocalMap.stringBuilder.initialSize: 1024
00:19:44.489 [main] DEBUG io.netty.util.internal.InternalThreadLocalMap - -Dio.netty.threadLocalMap.stringBuilder.maxSize: 4096
00:19:44.558 [main] DEBUG io.netty.handler.ssl.JdkSslContext - Default protocols (JDK): [TLSv1.2, TLSv1.1, TLSv1] 
00:19:44.558 [main] DEBUG io.netty.handler.ssl.JdkSslContext - Default cipher suites (JDK): [TLS_ECDHE_ECDSA_WITH_AES_256_GCM_SHA384, TLS_ECDHE_ECDSA_WITH_AES_128_GCM_SHA256, TLS_ECDHE_RSA_WITH_AES_128_GCM_SHA256, TLS_ECDHE_RSA_WITH_AES_256_GCM_SHA384, TLS_ECDHE_RSA_WITH_AES_128_CBC_SHA, TLS_ECDHE_RSA_WITH_AES_256_CBC_SHA, TLS_RSA_WITH_AES_128_GCM_SHA256, TLS_RSA_WITH_AES_128_CBC_SHA, TLS_RSA_WITH_AES_256_CBC_SHA]
00:19:44.822 [main] DEBUG io.netty.channel.MultithreadEventLoopGroup - -Dio.netty.eventLoopThreads: 8
00:19:44.855 [main] DEBUG io.netty.channel.nio.NioEventLoop - -Dio.netty.noKeySetOptimization: false
00:19:44.855 [main] DEBUG io.netty.channel.nio.NioEventLoop - -Dio.netty.selectorAutoRebuildThreshold: 512
00:19:45.018 [main] DEBUG io.netty.buffer.PooledByteBufAllocator - -Dio.netty.allocator.numHeapArenas: 8
00:19:45.019 [main] DEBUG io.netty.buffer.PooledByteBufAllocator - -Dio.netty.allocator.numDirectArenas: 8
00:19:45.019 [main] DEBUG io.netty.buffer.PooledByteBufAllocator - -Dio.netty.allocator.pageSize: 8192
00:19:45.019 [main] DEBUG io.netty.buffer.PooledByteBufAllocator - -Dio.netty.allocator.maxOrder: 9
00:19:45.019 [main] DEBUG io.netty.buffer.PooledByteBufAllocator - -Dio.netty.allocator.chunkSize: 4194304
00:19:45.019 [main] DEBUG io.netty.buffer.PooledByteBufAllocator - -Dio.netty.allocator.smallCacheSize: 256
00:19:45.019 [main] DEBUG io.netty.buffer.PooledByteBufAllocator - -Dio.netty.allocator.normalCacheSize: 64
00:19:45.019 [main] DEBUG io.netty.buffer.PooledByteBufAllocator - -Dio.netty.allocator.maxCachedBufferCapacity: 32768
00:19:45.019 [main] DEBUG io.netty.buffer.PooledByteBufAllocator - -Dio.netty.allocator.cacheTrimInterval: 8192
00:19:45.019 [main] DEBUG io.netty.buffer.PooledByteBufAllocator - -Dio.netty.allocator.cacheTrimIntervalMillis: 0
00:19:45.019 [main] DEBUG io.netty.buffer.PooledByteBufAllocator - -Dio.netty.allocator.useCacheForAllThreads: false
00:19:45.019 [main] DEBUG io.netty.buffer.PooledByteBufAllocator - -Dio.netty.allocator.maxCachedByteBuffersPerChunk: 1023
00:19:45.040 [main] DEBUG io.netty.buffer.ByteBufUtil - -Dio.netty.allocator.type: pooled
00:19:45.040 [main] DEBUG io.netty.buffer.ByteBufUtil - -Dio.netty.threadLocalDirectBufferSize: 0
00:19:45.040 [main] DEBUG io.netty.buffer.ByteBufUtil - -Dio.netty.maxThreadLocalCharBufferSize: 16384
00:19:46.260 [Forwarding newSession on session null to remote] DEBUG io.netty.channel.DefaultChannelId - -Dio.netty.processId: 17456 (auto-detected)
00:19:46.265 [Forwarding newSession on session null to remote] DEBUG io.netty.util.NetUtil - -Djava.net.preferIPv4Stack: false
00:19:46.265 [Forwarding newSession on session null to remote] DEBUG io.netty.util.NetUtil - -Djava.net.preferIPv6Addresses: false
00:19:47.003 [Forwarding newSession on session null to remote] DEBUG io.netty.util.NetUtilInitializations - Loopback interface: lo (Software Loopback Interface 1, 127.0.0.1)
00:19:47.005 [Forwarding newSession on session null to remote] DEBUG io.netty.util.NetUtil - Failed to get SOMAXCONN from sysctl and file \proc\sys\net\core\somaxconn. Default: 200
00:19:47.038 [Forwarding newSession on session null to remote] DEBUG io.netty.channel.DefaultChannelId - -Dio.netty.machineId: a4:02:b9:ff:fe:26:7f:1e (auto-detected)
00:19:47.198 [AsyncHttpClient-1-2] DEBUG io.netty.buffer.AbstractByteBuf - -Dio.netty.buffer.checkAccessible: true
00:19:47.198 [AsyncHttpClient-1-2] DEBUG io.netty.buffer.AbstractByteBuf - -Dio.netty.buffer.checkBounds: true
00:19:47.198 [AsyncHttpClient-1-2] DEBUG io.netty.util.ResourceLeakDetectorFactory - Loaded default ResourceLeakDetector: io.netty.util.ResourceLeakDetector@2f181cb6
00:19:47.301 [AsyncHttpClient-1-2] DEBUG org.asynchttpclient.netty.channel.NettyConnectListener - Using new Channel '[id: 0x5895146a, L:/127.0.0.1:54436 - R:localhost/127.0.0.1:28441]' for 'POST' to '/session'
00:19:47.398 [AsyncHttpClient-1-2] DEBUG io.netty.util.Recycler - -Dio.netty.recycler.maxCapacityPerThread: 4096
00:19:47.398 [AsyncHttpClient-1-2] DEBUG io.netty.util.Recycler - -Dio.netty.recycler.ratio: 8
00:19:47.398 [AsyncHttpClient-1-2] DEBUG io.netty.util.Recycler - -Dio.netty.recycler.chunkSize: 32
00:19:47.399 [AsyncHttpClient-1-2] DEBUG io.netty.util.Recycler - -Dio.netty.recycler.blocking: false
00:19:49.897 [AsyncHttpClient-1-2] DEBUG io.netty.handler.codec.compression.Brotli - brotli4j not in the classpath; Brotli support will be unavailable.
00:19:49.897 [AsyncHttpClient-1-2] DEBUG org.asynchttpclient.netty.handler.HttpHandler - 

Request DefaultHttpRequest(decodeResult: success, version: HTTP/1.1)
POST /session HTTP/1.1
User-Agent: selenium/4.8.1 (java windows)
Content-Length: 1701
Content-Type: application/json; charset=utf-8
host: localhost:28441
accept: */*

Response DefaultHttpResponse(decodeResult: success, version: HTTP/1.1)
HTTP/1.1 200 OK
Content-Length: 861
Content-Type: application/json; charset=utf-8
cache-control: no-cache

00:19:49.924 [AsyncHttpClient-1-2] DEBUG org.asynchttpclient.netty.channel.ChannelManager - Adding key: http://localhost:28441 for channel [id: 0x5895146a, L:/127.0.0.1:54436 - R:localhost/127.0.0.1:28441]
00:19:50.058 [AsyncHttpClient-1-1] DEBUG org.asynchttpclient.netty.channel.DefaultChannelPool - Entry count for : http://localhost:28441 : 1
00:19:50.215 [AsyncHttpClient-1-3] DEBUG org.asynchttpclient.netty.channel.NettyConnectListener - Using new Channel '[id: 0x12a8d8de, L:/127.0.0.1:54449 - R:localhost/127.0.0.1:54441]' for 'GET' to '/json/version'
00:19:50.219 [AsyncHttpClient-1-3] DEBUG org.asynchttpclient.netty.handler.HttpHandler - 

Request DefaultFullHttpRequest(decodeResult: success, version: HTTP/1.1, content: EmptyByteBufBE)
GET /json/version HTTP/1.1
User-Agent: selenium/4.8.1 (java windows)
host: localhost:54441
accept: */*

Response DefaultHttpResponse(decodeResult: success, version: HTTP/1.1)
HTTP/1.1 200 OK
Content-Security-Policy: frame-ancestors 'none'
Content-Length: 424
Content-Type: application/json; charset=UTF-8

00:19:50.220 [AsyncHttpClient-1-3] DEBUG org.asynchttpclient.netty.channel.ChannelManager - Adding key: http://localhost:54441 for channel [id: 0x12a8d8de, L:/127.0.0.1:54449 - R:localhost/127.0.0.1:54441]
00:19:50.241 [main] DEBUG io.netty.util.internal.ThreadLocalRandom - -Dio.netty.initialSeedUniquifier: 0x2c55825169093821
00:19:50.250 [AsyncHttpClient-1-4] DEBUG org.asynchttpclient.netty.channel.NettyConnectListener - Using new Channel '[id: 0xa54d3227, L:/127.0.0.1:54450 - R:localhost/127.0.0.1:54441]' for 'GET' to '/devtools/browser/e51fd4fd-e8fd-4ded-bc09-d1b132079cfe'
00:19:50.254 [AsyncHttpClient-1-4] DEBUG org.asynchttpclient.netty.handler.WebSocketHandler - 

Request DefaultFullHttpRequest(decodeResult: success, version: HTTP/1.1, content: EmptyByteBufBE)
GET /devtools/browser/e51fd4fd-e8fd-4ded-bc09-d1b132079cfe HTTP/1.1
upgrade: websocket
connection: upgrade
sec-websocket-key: NT6K8w5gU9YqxnD0sH0sjw==
sec-websocket-version: 13
origin: http://localhost:54441
host: localhost:54441
accept: */*
user-agent: AHC/2.1

Response DefaultHttpResponse(decodeResult: success, version: HTTP/1.1)
HTTP/1.1 101 WebSocket Protocol Handshake
Upgrade: WebSocket
Connection: Upgrade
Sec-WebSocket-Accept: A2Gl2GG5KpXY01ValQluX7qxU+E=

00:19:50.556 [Forwarding get on session 7b4ce1542b1afdf3ba1b5ed1c506f572 to remote] DEBUG org.asynchttpclient.netty.request.NettyRequestSender - Using pooled Channel '[id: 0x5895146a, L:/127.0.0.1:54436 - R:localhost/127.0.0.1:28441]' for 'POST' to 'http://localhost:28441/session/7b4ce1542b1afdf3ba1b5ed1c506f572/url'
00:19:50.556 [Forwarding get on session 7b4ce1542b1afdf3ba1b5ed1c506f572 to remote] DEBUG org.asynchttpclient.netty.request.NettyRequestSender - Using open Channel [id: 0x5895146a, L:/127.0.0.1:54436 - R:localhost/127.0.0.1:28441] for POST '/session/7b4ce1542b1afdf3ba1b5ed1c506f572/url'
00:19:51.155 [AsyncHttpClient-1-1] DEBUG org.asynchttpclient.netty.channel.DefaultChannelPool - Entry count for : http://localhost:54441 : 1
00:19:51.771 [AsyncHttpClient-1-2] DEBUG org.asynchttpclient.netty.handler.HttpHandler - 

Request DefaultHttpRequest(decodeResult: success, version: HTTP/1.1)
POST /session/7b4ce1542b1afdf3ba1b5ed1c506f572/url HTTP/1.1
User-Agent: selenium/4.8.1 (java windows)
Content-Length: 64
Content-Type: application/json; charset=utf-8
host: localhost:28441
accept: */*

Response DefaultHttpResponse(decodeResult: success, version: HTTP/1.1)
HTTP/1.1 200 OK
Content-Length: 14
Content-Type: application/json; charset=utf-8
cache-control: no-cache

00:19:51.771 [AsyncHttpClient-1-2] DEBUG org.asynchttpclient.netty.channel.ChannelManager - Adding key: http://localhost:28441 for channel [id: 0x5895146a, L:/127.0.0.1:54436 - R:localhost/127.0.0.1:28441]
00:19:51.786 [Forwarding setTimeout on session 7b4ce1542b1afdf3ba1b5ed1c506f572 to remote] DEBUG org.asynchttpclient.netty.request.NettyRequestSender - Using pooled Channel '[id: 0x5895146a, L:/127.0.0.1:54436 - R:localhost/127.0.0.1:28441]' for 'POST' to 'http://localhost:28441/session/7b4ce1542b1afdf3ba1b5ed1c506f572/timeouts'
00:19:51.786 [Forwarding setTimeout on session 7b4ce1542b1afdf3ba1b5ed1c506f572 to remote] DEBUG org.asynchttpclient.netty.request.NettyRequestSender - Using open Channel [id: 0x5895146a, L:/127.0.0.1:54436 - R:localhost/127.0.0.1:28441] for POST '/session/7b4ce1542b1afdf3ba1b5ed1c506f572/timeouts'
00:19:51.795 [AsyncHttpClient-1-2] DEBUG org.asynchttpclient.netty.handler.HttpHandler - 

Request DefaultHttpRequest(decodeResult: success, version: HTTP/1.1)
POST /session/7b4ce1542b1afdf3ba1b5ed1c506f572/timeouts HTTP/1.1
User-Agent: selenium/4.8.1 (java windows)
Content-Length: 22
Content-Type: application/json; charset=utf-8
host: localhost:28441
accept: */*

Response DefaultHttpResponse(decodeResult: success, version: HTTP/1.1)
HTTP/1.1 200 OK
Content-Length: 14
Content-Type: application/json; charset=utf-8
cache-control: no-cache

00:19:51.796 [AsyncHttpClient-1-2] DEBUG org.asynchttpclient.netty.channel.ChannelManager - Adding key: http://localhost:28441 for channel [id: 0x5895146a, L:/127.0.0.1:54436 - R:localhost/127.0.0.1:28441]
00:19:51.858 [Forwarding findElement on session 7b4ce1542b1afdf3ba1b5ed1c506f572 to remote] DEBUG org.asynchttpclient.netty.request.NettyRequestSender - Using pooled Channel '[id: 0x5895146a, L:/127.0.0.1:54436 - R:localhost/127.0.0.1:28441]' for 'POST' to 'http://localhost:28441/session/7b4ce1542b1afdf3ba1b5ed1c506f572/element'
00:19:51.859 [Forwarding findElement on session 7b4ce1542b1afdf3ba1b5ed1c506f572 to remote] DEBUG org.asynchttpclient.netty.request.NettyRequestSender - Using open Channel [id: 0x5895146a, L:/127.0.0.1:54436 - R:localhost/127.0.0.1:28441] for POST '/session/7b4ce1542b1afdf3ba1b5ed1c506f572/element'
00:19:51.908 [AsyncHttpClient-1-2] DEBUG org.asynchttpclient.netty.handler.HttpHandler - 

Request DefaultHttpRequest(decodeResult: success, version: HTTP/1.1)
POST /session/7b4ce1542b1afdf3ba1b5ed1c506f572/element HTTP/1.1
User-Agent: selenium/4.8.1 (java windows)
Content-Length: 67
Content-Type: application/json; charset=utf-8
host: localhost:28441
accept: */*

Response DefaultHttpResponse(decodeResult: success, version: HTTP/1.1)
HTTP/1.1 200 OK
Content-Length: 95
Content-Type: application/json; charset=utf-8
cache-control: no-cache

00:19:51.909 [AsyncHttpClient-1-2] DEBUG org.asynchttpclient.netty.channel.ChannelManager - Adding key: http://localhost:28441 for channel [id: 0x5895146a, L:/127.0.0.1:54436 - R:localhost/127.0.0.1:28441]
00:19:51.973 [Forwarding isElementDisplayed on session 7b4ce1542b1afdf3ba1b5ed1c506f572 to remote] DEBUG org.asynchttpclient.netty.request.NettyRequestSender - Using pooled Channel '[id: 0x5895146a, L:/127.0.0.1:54436 - R:localhost/127.0.0.1:28441]' for 'POST' to 'http://localhost:28441/session/7b4ce1542b1afdf3ba1b5ed1c506f572/execute/sync'
00:19:51.974 [Forwarding isElementDisplayed on session 7b4ce1542b1afdf3ba1b5ed1c506f572 to remote] DEBUG org.asynchttpclient.netty.request.NettyRequestSender - Using open Channel [id: 0x5895146a, L:/127.0.0.1:54436 - R:localhost/127.0.0.1:28441] for POST '/session/7b4ce1542b1afdf3ba1b5ed1c506f572/execute/sync'
00:19:52.026 [AsyncHttpClient-1-2] DEBUG org.asynchttpclient.netty.handler.HttpHandler - 

Request DefaultHttpRequest(decodeResult: success, version: HTTP/1.1)
POST /session/7b4ce1542b1afdf3ba1b5ed1c506f572/execute/sync HTTP/1.1
User-Agent: selenium/4.8.1 (java windows)
Content-Length: 48814
Content-Type: application/json; charset=utf-8
host: localhost:28441
accept: */*

Response DefaultHttpResponse(decodeResult: success, version: HTTP/1.1)
HTTP/1.1 200 OK
Content-Length: 14
Content-Type: application/json; charset=utf-8
cache-control: no-cache

00:19:52.027 [AsyncHttpClient-1-2] DEBUG org.asynchttpclient.netty.channel.ChannelManager - Adding key: http://localhost:28441 for channel [id: 0x5895146a, L:/127.0.0.1:54436 - R:localhost/127.0.0.1:28441]
00:19:52.042 [Forwarding isElementDisplayed on session 7b4ce1542b1afdf3ba1b5ed1c506f572 to remote] DEBUG org.asynchttpclient.netty.request.NettyRequestSender - Using pooled Channel '[id: 0x5895146a, L:/127.0.0.1:54436 - R:localhost/127.0.0.1:28441]' for 'POST' to 'http://localhost:28441/session/7b4ce1542b1afdf3ba1b5ed1c506f572/execute/sync'
00:19:52.043 [Forwarding isElementDisplayed on session 7b4ce1542b1afdf3ba1b5ed1c506f572 to remote] DEBUG org.asynchttpclient.netty.request.NettyRequestSender - Using open Channel [id: 0x5895146a, L:/127.0.0.1:54436 - R:localhost/127.0.0.1:28441] for POST '/session/7b4ce1542b1afdf3ba1b5ed1c506f572/execute/sync'
00:19:52.077 [AsyncHttpClient-1-2] DEBUG org.asynchttpclient.netty.handler.HttpHandler - 

Request DefaultHttpRequest(decodeResult: success, version: HTTP/1.1)
POST /session/7b4ce1542b1afdf3ba1b5ed1c506f572/execute/sync HTTP/1.1
User-Agent: selenium/4.8.1 (java windows)
Content-Length: 48814
Content-Type: application/json; charset=utf-8
host: localhost:28441
accept: */*

Response DefaultHttpResponse(decodeResult: success, version: HTTP/1.1)
HTTP/1.1 200 OK
Content-Length: 14
Content-Type: application/json; charset=utf-8
cache-control: no-cache

00:19:52.077 [AsyncHttpClient-1-2] DEBUG org.asynchttpclient.netty.channel.ChannelManager - Adding key: http://localhost:28441 for channel [id: 0x5895146a, L:/127.0.0.1:54436 - R:localhost/127.0.0.1:28441]
00:19:52.107 [main] DEBUG net.thucydides.core.steps.StepInterceptor - STEP DONE: onLoginPage
  &amp#27;[32mGiven &amp#27;[0m&amp#27;[32muser on login page&amp#27;[0m                                      &amp#27;[90m# starter.stepdefinitions.DetailKASteps.userOnLoginPage()&amp#27;[0m
00:19:52.157 [main] DEBUG net.thucydides.core.steps.StepInterceptor - STARTING STEP: DetailKASteps.userInputEmail - inputEmail
00:19:52.187 [Forwarding findElement on session 7b4ce1542b1afdf3ba1b5ed1c506f572 to remote] DEBUG org.asynchttpclient.netty.request.NettyRequestSender - Using pooled Channel '[id: 0x5895146a, L:/127.0.0.1:54436 - R:localhost/127.0.0.1:28441]' for 'POST' to 'http://localhost:28441/session/7b4ce1542b1afdf3ba1b5ed1c506f572/element'
00:19:52.188 [Forwarding findElement on session 7b4ce1542b1afdf3ba1b5ed1c506f572 to remote] DEBUG org.asynchttpclient.netty.request.NettyRequestSender - Using open Channel [id: 0x5895146a, L:/127.0.0.1:54436 - R:localhost/127.0.0.1:28441] for POST '/session/7b4ce1542b1afdf3ba1b5ed1c506f572/element'
00:19:52.260 [AsyncHttpClient-1-1] DEBUG org.asynchttpclient.netty.channel.DefaultChannelPool - Entry count for : http://localhost:54441 : 1
00:19:52.272 [AsyncHttpClient-1-2] DEBUG org.asynchttpclient.netty.handler.HttpHandler - 

Request DefaultHttpRequest(decodeResult: success, version: HTTP/1.1)
POST /session/7b4ce1542b1afdf3ba1b5ed1c506f572/element HTTP/1.1
User-Agent: selenium/4.8.1 (java windows)
Content-Length: 59
Content-Type: application/json; charset=utf-8
host: localhost:28441
accept: */*

Response DefaultHttpResponse(decodeResult: success, version: HTTP/1.1)
HTTP/1.1 200 OK
Content-Length: 94
Content-Type: application/json; charset=utf-8
cache-control: no-cache

00:19:52.272 [AsyncHttpClient-1-2] DEBUG org.asynchttpclient.netty.channel.ChannelManager - Adding key: http://localhost:28441 for channel [id: 0x5895146a, L:/127.0.0.1:54436 - R:localhost/127.0.0.1:28441]
00:19:52.281 [Forwarding clearElement on session 7b4ce1542b1afdf3ba1b5ed1c506f572 to remote] DEBUG org.asynchttpclient.netty.request.NettyRequestSender - Using pooled Channel '[id: 0x5895146a, L:/127.0.0.1:54436 - R:localhost/127.0.0.1:28441]' for 'POST' to 'http://localhost:28441/session/7b4ce1542b1afdf3ba1b5ed1c506f572/element/FE0CAF81BF2AAB06A1A5258C739A6BBC_element_3/clear'
00:19:52.281 [Forwarding clearElement on session 7b4ce1542b1afdf3ba1b5ed1c506f572 to remote] DEBUG org.asynchttpclient.netty.request.NettyRequestSender - Using open Channel [id: 0x5895146a, L:/127.0.0.1:54436 - R:localhost/127.0.0.1:28441] for POST '/session/7b4ce1542b1afdf3ba1b5ed1c506f572/element/FE0CAF81BF2AAB06A1A5258C739A6BBC_element_3/clear'
00:19:52.470 [AsyncHttpClient-1-2] DEBUG org.asynchttpclient.netty.handler.HttpHandler - 

Request DefaultHttpRequest(decodeResult: success, version: HTTP/1.1)
POST /session/7b4ce1542b1afdf3ba1b5ed1c506f572/element/FE0CAF81BF2AAB06A1A5258C739A6BBC_element_3/clear HTTP/1.1
User-Agent: selenium/4.8.1 (java windows)
Content-Length: 56
Content-Type: application/json; charset=utf-8
host: localhost:28441
accept: */*

Response DefaultHttpResponse(decodeResult: success, version: HTTP/1.1)
HTTP/1.1 200 OK
Content-Length: 14
Content-Type: application/json; charset=utf-8
cache-control: no-cache

00:19:52.471 [AsyncHttpClient-1-2] DEBUG org.asynchttpclient.netty.channel.ChannelManager - Adding key: http://localhost:28441 for channel [id: 0x5895146a, L:/127.0.0.1:54436 - R:localhost/127.0.0.1:28441]
00:19:52.482 [Forwarding sendKeysToElement on session 7b4ce1542b1afdf3ba1b5ed1c506f572 to remote] DEBUG org.asynchttpclient.netty.request.NettyRequestSender - Using pooled Channel '[id: 0x5895146a, L:/127.0.0.1:54436 - R:localhost/127.0.0.1:28441]' for 'POST' to 'http://localhost:28441/session/7b4ce1542b1afdf3ba1b5ed1c506f572/element/FE0CAF81BF2AAB06A1A5258C739A6BBC_element_3/value'
00:19:52.484 [Forwarding sendKeysToElement on session 7b4ce1542b1afdf3ba1b5ed1c506f572 to remote] DEBUG org.asynchttpclient.netty.request.NettyRequestSender - Using open Channel [id: 0x5895146a, L:/127.0.0.1:54436 - R:localhost/127.0.0.1:28441] for POST '/session/7b4ce1542b1afdf3ba1b5ed1c506f572/element/FE0CAF81BF2AAB06A1A5258C739A6BBC_element_3/value'
00:19:52.898 [AsyncHttpClient-1-2] DEBUG org.asynchttpclient.netty.handler.HttpHandler - 

Request DefaultHttpRequest(decodeResult: success, version: HTTP/1.1)
POST /session/7b4ce1542b1afdf3ba1b5ed1c506f572/element/FE0CAF81BF2AAB06A1A5258C739A6BBC_element_3/value HTTP/1.1
User-Agent: selenium/4.8.1 (java windows)
Content-Length: 237
Content-Type: application/json; charset=utf-8
host: localhost:28441
accept: */*

Response DefaultHttpResponse(decodeResult: success, version: HTTP/1.1)
HTTP/1.1 200 OK
Content-Length: 14
Content-Type: application/json; charset=utf-8
cache-control: no-cache

00:19:52.899 [AsyncHttpClient-1-2] DEBUG org.asynchttpclient.netty.channel.ChannelManager - Adding key: http://localhost:28441 for channel [id: 0x5895146a, L:/127.0.0.1:54436 - R:localhost/127.0.0.1:28441]
00:19:52.911 [main] DEBUG net.thucydides.core.steps.StepInterceptor - STEP DONE: inputEmail
  &amp#27;[32mWhen &amp#27;[0m&amp#27;[32muser input email&amp#27;[0m                                         &amp#27;[90m# starter.stepdefinitions.DetailKASteps.userInputEmail()&amp#27;[0m
00:19:52.935 [main] DEBUG net.thucydides.core.steps.StepInterceptor - STARTING STEP: DetailKASteps.userInputPassword - inputPassword
00:19:52.941 [Forwarding findElement on session 7b4ce1542b1afdf3ba1b5ed1c506f572 to remote] DEBUG org.asynchttpclient.netty.request.NettyRequestSender - Using pooled Channel '[id: 0x5895146a, L:/127.0.0.1:54436 - R:localhost/127.0.0.1:28441]' for 'POST' to 'http://localhost:28441/session/7b4ce1542b1afdf3ba1b5ed1c506f572/element'
00:19:52.941 [Forwarding findElement on session 7b4ce1542b1afdf3ba1b5ed1c506f572 to remote] DEBUG org.asynchttpclient.netty.request.NettyRequestSender - Using open Channel [id: 0x5895146a, L:/127.0.0.1:54436 - R:localhost/127.0.0.1:28441] for POST '/session/7b4ce1542b1afdf3ba1b5ed1c506f572/element'
00:19:52.959 [AsyncHttpClient-1-2] DEBUG org.asynchttpclient.netty.handler.HttpHandler - 

Request DefaultHttpRequest(decodeResult: success, version: HTTP/1.1)
POST /session/7b4ce1542b1afdf3ba1b5ed1c506f572/element HTTP/1.1
User-Agent: selenium/4.8.1 (java windows)
Content-Length: 62
Content-Type: application/json; charset=utf-8
host: localhost:28441
accept: */*

Response DefaultHttpResponse(decodeResult: success, version: HTTP/1.1)
HTTP/1.1 200 OK
Content-Length: 94
Content-Type: application/json; charset=utf-8
cache-control: no-cache

00:19:52.959 [AsyncHttpClient-1-2] DEBUG org.asynchttpclient.netty.channel.ChannelManager - Adding key: http://localhost:28441 for channel [id: 0x5895146a, L:/127.0.0.1:54436 - R:localhost/127.0.0.1:28441]
00:19:52.964 [Forwarding clearElement on session 7b4ce1542b1afdf3ba1b5ed1c506f572 to remote] DEBUG org.asynchttpclient.netty.request.NettyRequestSender - Using pooled Channel '[id: 0x5895146a, L:/127.0.0.1:54436 - R:localhost/127.0.0.1:28441]' for 'POST' to 'http://localhost:28441/session/7b4ce1542b1afdf3ba1b5ed1c506f572/element/FE0CAF81BF2AAB06A1A5258C739A6BBC_element_5/clear'
00:19:52.965 [Forwarding clearElement on session 7b4ce1542b1afdf3ba1b5ed1c506f572 to remote] DEBUG org.asynchttpclient.netty.request.NettyRequestSender - Using open Channel [id: 0x5895146a, L:/127.0.0.1:54436 - R:localhost/127.0.0.1:28441] for POST '/session/7b4ce1542b1afdf3ba1b5ed1c506f572/element/FE0CAF81BF2AAB06A1A5258C739A6BBC_element_5/clear'
00:19:53.002 [AsyncHttpClient-1-2] DEBUG org.asynchttpclient.netty.handler.HttpHandler - 

Request DefaultHttpRequest(decodeResult: success, version: HTTP/1.1)
POST /session/7b4ce1542b1afdf3ba1b5ed1c506f572/element/FE0CAF81BF2AAB06A1A5258C739A6BBC_element_5/clear HTTP/1.1
User-Agent: selenium/4.8.1 (java windows)
Content-Length: 56
Content-Type: application/json; charset=utf-8
host: localhost:28441
accept: */*

Response DefaultHttpResponse(decodeResult: success, version: HTTP/1.1)
HTTP/1.1 200 OK
Content-Length: 14
Content-Type: application/json; charset=utf-8
cache-control: no-cache

00:19:53.003 [AsyncHttpClient-1-2] DEBUG org.asynchttpclient.netty.channel.ChannelManager - Adding key: http://localhost:28441 for channel [id: 0x5895146a, L:/127.0.0.1:54436 - R:localhost/127.0.0.1:28441]
00:19:53.007 [Forwarding sendKeysToElement on session 7b4ce1542b1afdf3ba1b5ed1c506f572 to remote] DEBUG org.asynchttpclient.netty.request.NettyRequestSender - Using pooled Channel '[id: 0x5895146a, L:/127.0.0.1:54436 - R:localhost/127.0.0.1:28441]' for 'POST' to 'http://localhost:28441/session/7b4ce1542b1afdf3ba1b5ed1c506f572/element/FE0CAF81BF2AAB06A1A5258C739A6BBC_element_5/value'
00:19:53.007 [Forwarding sendKeysToElement on session 7b4ce1542b1afdf3ba1b5ed1c506f572 to remote] DEBUG org.asynchttpclient.netty.request.NettyRequestSender - Using open Channel [id: 0x5895146a, L:/127.0.0.1:54436 - R:localhost/127.0.0.1:28441] for POST '/session/7b4ce1542b1afdf3ba1b5ed1c506f572/element/FE0CAF81BF2AAB06A1A5258C739A6BBC_element_5/value'
00:19:53.108 [AsyncHttpClient-1-2] DEBUG org.asynchttpclient.netty.handler.HttpHandler - 

Request DefaultHttpRequest(decodeResult: success, version: HTTP/1.1)
POST /session/7b4ce1542b1afdf3ba1b5ed1c506f572/element/FE0CAF81BF2AAB06A1A5258C739A6BBC_element_5/value HTTP/1.1
User-Agent: selenium/4.8.1 (java windows)
Content-Length: 177
Content-Type: application/json; charset=utf-8
host: localhost:28441
accept: */*

Response DefaultHttpResponse(decodeResult: success, version: HTTP/1.1)
HTTP/1.1 200 OK
Content-Length: 14
Content-Type: application/json; charset=utf-8
cache-control: no-cache

00:19:53.108 [AsyncHttpClient-1-2] DEBUG org.asynchttpclient.netty.channel.ChannelManager - Adding key: http://localhost:28441 for channel [id: 0x5895146a, L:/127.0.0.1:54436 - R:localhost/127.0.0.1:28441]
00:19:53.118 [main] DEBUG net.thucydides.core.steps.StepInterceptor - STEP DONE: inputPassword
  &amp#27;[32mAnd &amp#27;[0m&amp#27;[32muser input password&amp#27;[0m                                       &amp#27;[90m# starter.stepdefinitions.DetailKASteps.userInputPassword()&amp#27;[0m
00:19:53.354 [AsyncHttpClient-1-1] DEBUG org.asynchttpclient.netty.channel.DefaultChannelPool - Entry count for : http://localhost:54441 : 1
00:19:53.355 [AsyncHttpClient-1-1] DEBUG org.asynchttpclient.netty.channel.DefaultChannelPool - Entry count for : http://localhost:28441 : 1
00:19:53.803 [Forwarding findElement on session 7b4ce1542b1afdf3ba1b5ed1c506f572 to remote] DEBUG org.asynchttpclient.netty.request.NettyRequestSender - Using pooled Channel '[id: 0x5895146a, L:/127.0.0.1:54436 - R:localhost/127.0.0.1:28441]' for 'POST' to 'http://localhost:28441/session/7b4ce1542b1afdf3ba1b5ed1c506f572/element'
00:19:53.804 [Forwarding findElement on session 7b4ce1542b1afdf3ba1b5ed1c506f572 to remote] DEBUG org.asynchttpclient.netty.request.NettyRequestSender - Using open Channel [id: 0x5895146a, L:/127.0.0.1:54436 - R:localhost/127.0.0.1:28441] for POST '/session/7b4ce1542b1afdf3ba1b5ed1c506f572/element'
00:19:53.828 [AsyncHttpClient-1-2] DEBUG org.asynchttpclient.netty.handler.HttpHandler - 

Request DefaultHttpRequest(decodeResult: success, version: HTTP/1.1)
POST /session/7b4ce1542b1afdf3ba1b5ed1c506f572/element HTTP/1.1
User-Agent: selenium/4.8.1 (java windows)
Content-Length: 97
Content-Type: application/json; charset=utf-8
host: localhost:28441
accept: */*

Response DefaultHttpResponse(decodeResult: success, version: HTTP/1.1)
HTTP/1.1 200 OK
Content-Length: 94
Content-Type: application/json; charset=utf-8
cache-control: no-cache

00:19:53.828 [AsyncHttpClient-1-2] DEBUG org.asynchttpclient.netty.channel.ChannelManager - Adding key: http://localhost:28441 for channel [id: 0x5895146a, L:/127.0.0.1:54436 - R:localhost/127.0.0.1:28441]
00:19:53.833 [Forwarding getElementTagName on session 7b4ce1542b1afdf3ba1b5ed1c506f572 to remote] DEBUG org.asynchttpclient.netty.request.NettyRequestSender - Using pooled Channel '[id: 0x5895146a, L:/127.0.0.1:54436 - R:localhost/127.0.0.1:28441]' for 'GET' to 'http://localhost:28441/session/7b4ce1542b1afdf3ba1b5ed1c506f572/element/FE0CAF81BF2AAB06A1A5258C739A6BBC_element_8/name'
00:19:53.834 [Forwarding getElementTagName on session 7b4ce1542b1afdf3ba1b5ed1c506f572 to remote] DEBUG org.asynchttpclient.netty.request.NettyRequestSender - Using open Channel [id: 0x5895146a, L:/127.0.0.1:54436 - R:localhost/127.0.0.1:28441] for GET '/session/7b4ce1542b1afdf3ba1b5ed1c506f572/element/FE0CAF81BF2AAB06A1A5258C739A6BBC_element_8/name'
00:19:53.842 [AsyncHttpClient-1-2] DEBUG org.asynchttpclient.netty.handler.HttpHandler - 

Request DefaultFullHttpRequest(decodeResult: success, version: HTTP/1.1, content: EmptyByteBufBE)
GET /session/7b4ce1542b1afdf3ba1b5ed1c506f572/element/FE0CAF81BF2AAB06A1A5258C739A6BBC_element_8/name HTTP/1.1
User-Agent: selenium/4.8.1 (java windows)
Cache-Control: no-cache
Content-Type: application/json; charset=utf-8
host: localhost:28441
accept: */*

Response DefaultHttpResponse(decodeResult: success, version: HTTP/1.1)
HTTP/1.1 200 OK
Content-Length: 18
Content-Type: application/json; charset=utf-8
cache-control: no-cache

00:19:53.843 [AsyncHttpClient-1-2] DEBUG org.asynchttpclient.netty.channel.ChannelManager - Adding key: http://localhost:28441 for channel [id: 0x5895146a, L:/127.0.0.1:54436 - R:localhost/127.0.0.1:28441]
00:19:53.845 [Forwarding getElementTagName on session 7b4ce1542b1afdf3ba1b5ed1c506f572 to remote] DEBUG org.asynchttpclient.netty.request.NettyRequestSender - Using pooled Channel '[id: 0x5895146a, L:/127.0.0.1:54436 - R:localhost/127.0.0.1:28441]' for 'GET' to 'http://localhost:28441/session/7b4ce1542b1afdf3ba1b5ed1c506f572/element/FE0CAF81BF2AAB06A1A5258C739A6BBC_element_8/name'
00:19:53.845 [Forwarding getElementTagName on session 7b4ce1542b1afdf3ba1b5ed1c506f572 to remote] DEBUG org.asynchttpclient.netty.request.NettyRequestSender - Using open Channel [id: 0x5895146a, L:/127.0.0.1:54436 - R:localhost/127.0.0.1:28441] for GET '/session/7b4ce1542b1afdf3ba1b5ed1c506f572/element/FE0CAF81BF2AAB06A1A5258C739A6BBC_element_8/name'
00:19:53.854 [AsyncHttpClient-1-2] DEBUG org.asynchttpclient.netty.handler.HttpHandler - 

Request DefaultFullHttpRequest(decodeResult: success, version: HTTP/1.1, content: EmptyByteBufBE)
GET /session/7b4ce1542b1afdf3ba1b5ed1c506f572/element/FE0CAF81BF2AAB06A1A5258C739A6BBC_element_8/name HTTP/1.1
User-Agent: selenium/4.8.1 (java windows)
Cache-Control: no-cache
Content-Type: application/json; charset=utf-8
host: localhost:28441
accept: */*

Response DefaultHttpResponse(decodeResult: success, version: HTTP/1.1)
HTTP/1.1 200 OK
Content-Length: 18
Content-Type: application/json; charset=utf-8
cache-control: no-cache

00:19:53.854 [AsyncHttpClient-1-2] DEBUG org.asynchttpclient.netty.channel.ChannelManager - Adding key: http://localhost:28441 for channel [id: 0x5895146a, L:/127.0.0.1:54436 - R:localhost/127.0.0.1:28441]
00:19:53.858 [Forwarding isElementEnabled on session 7b4ce1542b1afdf3ba1b5ed1c506f572 to remote] DEBUG org.asynchttpclient.netty.request.NettyRequestSender - Using pooled Channel '[id: 0x5895146a, L:/127.0.0.1:54436 - R:localhost/127.0.0.1:28441]' for 'GET' to 'http://localhost:28441/session/7b4ce1542b1afdf3ba1b5ed1c506f572/element/FE0CAF81BF2AAB06A1A5258C739A6BBC_element_8/enabled'
00:19:53.858 [Forwarding isElementEnabled on session 7b4ce1542b1afdf3ba1b5ed1c506f572 to remote] DEBUG org.asynchttpclient.netty.request.NettyRequestSender - Using open Channel [id: 0x5895146a, L:/127.0.0.1:54436 - R:localhost/127.0.0.1:28441] for GET '/session/7b4ce1542b1afdf3ba1b5ed1c506f572/element/FE0CAF81BF2AAB06A1A5258C739A6BBC_element_8/enabled'
00:19:53.870 [AsyncHttpClient-1-2] DEBUG org.asynchttpclient.netty.handler.HttpHandler - 

Request DefaultFullHttpRequest(decodeResult: success, version: HTTP/1.1, content: EmptyByteBufBE)
GET /session/7b4ce1542b1afdf3ba1b5ed1c506f572/element/FE0CAF81BF2AAB06A1A5258C739A6BBC_element_8/enabled HTTP/1.1
User-Agent: selenium/4.8.1 (java windows)
Cache-Control: no-cache
Content-Type: application/json; charset=utf-8
host: localhost:28441
accept: */*

Response DefaultHttpResponse(decodeResult: success, version: HTTP/1.1)
HTTP/1.1 200 OK
Content-Length: 14
Content-Type: application/json; charset=utf-8
cache-control: no-cache

00:19:53.870 [AsyncHttpClient-1-2] DEBUG org.asynchttpclient.netty.channel.ChannelManager - Adding key: http://localhost:28441 for channel [id: 0x5895146a, L:/127.0.0.1:54436 - R:localhost/127.0.0.1:28441]
00:19:53.872 [Forwarding isElementEnabled on session 7b4ce1542b1afdf3ba1b5ed1c506f572 to remote] DEBUG org.asynchttpclient.netty.request.NettyRequestSender - Using pooled Channel '[id: 0x5895146a, L:/127.0.0.1:54436 - R:localhost/127.0.0.1:28441]' for 'GET' to 'http://localhost:28441/session/7b4ce1542b1afdf3ba1b5ed1c506f572/element/FE0CAF81BF2AAB06A1A5258C739A6BBC_element_8/enabled'
00:19:53.872 [Forwarding isElementEnabled on session 7b4ce1542b1afdf3ba1b5ed1c506f572 to remote] DEBUG org.asynchttpclient.netty.request.NettyRequestSender - Using open Channel [id: 0x5895146a, L:/127.0.0.1:54436 - R:localhost/127.0.0.1:28441] for GET '/session/7b4ce1542b1afdf3ba1b5ed1c506f572/element/FE0CAF81BF2AAB06A1A5258C739A6BBC_element_8/enabled'
00:19:53.883 [AsyncHttpClient-1-2] DEBUG org.asynchttpclient.netty.handler.HttpHandler - 

Request DefaultFullHttpRequest(decodeResult: success, version: HTTP/1.1, content: EmptyByteBufBE)
GET /session/7b4ce1542b1afdf3ba1b5ed1c506f572/element/FE0CAF81BF2AAB06A1A5258C739A6BBC_element_8/enabled HTTP/1.1
User-Agent: selenium/4.8.1 (java windows)
Cache-Control: no-cache
Content-Type: application/json; charset=utf-8
host: localhost:28441
accept: */*

Response DefaultHttpResponse(decodeResult: success, version: HTTP/1.1)
HTTP/1.1 200 OK
Content-Length: 14
Content-Type: application/json; charset=utf-8
cache-control: no-cache

00:19:53.884 [AsyncHttpClient-1-2] DEBUG org.asynchttpclient.netty.channel.ChannelManager - Adding key: http://localhost:28441 for channel [id: 0x5895146a, L:/127.0.0.1:54436 - R:localhost/127.0.0.1:28441]
00:19:53.887 [Forwarding findElement on session 7b4ce1542b1afdf3ba1b5ed1c506f572 to remote] DEBUG org.asynchttpclient.netty.request.NettyRequestSender - Using pooled Channel '[id: 0x5895146a, L:/127.0.0.1:54436 - R:localhost/127.0.0.1:28441]' for 'POST' to 'http://localhost:28441/session/7b4ce1542b1afdf3ba1b5ed1c506f572/element'
00:19:53.888 [Forwarding findElement on session 7b4ce1542b1afdf3ba1b5ed1c506f572 to remote] DEBUG org.asynchttpclient.netty.request.NettyRequestSender - Using open Channel [id: 0x5895146a, L:/127.0.0.1:54436 - R:localhost/127.0.0.1:28441] for POST '/session/7b4ce1542b1afdf3ba1b5ed1c506f572/element'
00:19:53.900 [AsyncHttpClient-1-2] DEBUG org.asynchttpclient.netty.handler.HttpHandler - 

Request DefaultHttpRequest(decodeResult: success, version: HTTP/1.1)
POST /session/7b4ce1542b1afdf3ba1b5ed1c506f572/element HTTP/1.1
User-Agent: selenium/4.8.1 (java windows)
Content-Length: 97
Content-Type: application/json; charset=utf-8
host: localhost:28441
accept: */*

Response DefaultHttpResponse(decodeResult: success, version: HTTP/1.1)
HTTP/1.1 200 OK
Content-Length: 94
Content-Type: application/json; charset=utf-8
cache-control: no-cache

00:19:53.900 [AsyncHttpClient-1-2] DEBUG org.asynchttpclient.netty.channel.ChannelManager - Adding key: http://localhost:28441 for channel [id: 0x5895146a, L:/127.0.0.1:54436 - R:localhost/127.0.0.1:28441]
00:19:53.902 [Forwarding clickElement on session 7b4ce1542b1afdf3ba1b5ed1c506f572 to remote] DEBUG org.asynchttpclient.netty.request.NettyRequestSender - Using pooled Channel '[id: 0x5895146a, L:/127.0.0.1:54436 - R:localhost/127.0.0.1:28441]' for 'POST' to 'http://localhost:28441/session/7b4ce1542b1afdf3ba1b5ed1c506f572/element/FE0CAF81BF2AAB06A1A5258C739A6BBC_element_8/click'
00:19:53.902 [Forwarding clickElement on session 7b4ce1542b1afdf3ba1b5ed1c506f572 to remote] DEBUG org.asynchttpclient.netty.request.NettyRequestSender - Using open Channel [id: 0x5895146a, L:/127.0.0.1:54436 - R:localhost/127.0.0.1:28441] for POST '/session/7b4ce1542b1afdf3ba1b5ed1c506f572/element/FE0CAF81BF2AAB06A1A5258C739A6BBC_element_8/click'
00:19:53.967 [AsyncHttpClient-1-2] DEBUG org.asynchttpclient.netty.handler.HttpHandler - 

Request DefaultHttpRequest(decodeResult: success, version: HTTP/1.1)
POST /session/7b4ce1542b1afdf3ba1b5ed1c506f572/element/FE0CAF81BF2AAB06A1A5258C739A6BBC_element_8/click HTTP/1.1
User-Agent: selenium/4.8.1 (java windows)
Content-Length: 56
Content-Type: application/json; charset=utf-8
host: localhost:28441
accept: */*

Response DefaultHttpResponse(decodeResult: success, version: HTTP/1.1)
HTTP/1.1 200 OK
Content-Length: 14
Content-Type: application/json; charset=utf-8
cache-control: no-cache

00:19:53.967 [AsyncHttpClient-1-2] DEBUG org.asynchttpclient.netty.channel.ChannelManager - Adding key: http://localhost:28441 for channel [id: 0x5895146a, L:/127.0.0.1:54436 - R:localhost/127.0.0.1:28441]
  &amp#27;[32mAnd &amp#27;[0m&amp#27;[32muser click login button&amp#27;[0m                                   &amp#27;[90m# starter.stepdefinitions.Login.LoginSteps.userClickLoginButton()&amp#27;[0m
00:19:53.986 [main] DEBUG net.thucydides.core.steps.StepInterceptor - STARTING STEP: DetailKASteps.userOnDashboard - onDashboardPage
00:19:53.989 [Forwarding findElement on session 7b4ce1542b1afdf3ba1b5ed1c506f572 to remote] DEBUG org.asynchttpclient.netty.request.NettyRequestSender - Using pooled Channel '[id: 0x5895146a, L:/127.0.0.1:54436 - R:localhost/127.0.0.1:28441]' for 'POST' to 'http://localhost:28441/session/7b4ce1542b1afdf3ba1b5ed1c506f572/element'
00:19:53.989 [Forwarding findElement on session 7b4ce1542b1afdf3ba1b5ed1c506f572 to remote] DEBUG org.asynchttpclient.netty.request.NettyRequestSender - Using open Channel [id: 0x5895146a, L:/127.0.0.1:54436 - R:localhost/127.0.0.1:28441] for POST '/session/7b4ce1542b1afdf3ba1b5ed1c506f572/element'
00:19:54.456 [AsyncHttpClient-1-1] DEBUG org.asynchttpclient.netty.channel.DefaultChannelPool - Entry count for : http://localhost:54441 : 1
00:19:54.659 [AsyncHttpClient-1-2] DEBUG org.asynchttpclient.netty.handler.HttpHandler - 

Request DefaultHttpRequest(decodeResult: success, version: HTTP/1.1)
POST /session/7b4ce1542b1afdf3ba1b5ed1c506f572/element HTTP/1.1
User-Agent: selenium/4.8.1 (java windows)
Content-Length: 114
Content-Type: application/json; charset=utf-8
host: localhost:28441
accept: */*

Response DefaultHttpResponse(decodeResult: success, version: HTTP/1.1)
HTTP/1.1 200 OK
Content-Length: 95
Content-Type: application/json; charset=utf-8
cache-control: no-cache

00:19:54.660 [AsyncHttpClient-1-2] DEBUG org.asynchttpclient.netty.channel.ChannelManager - Adding key: http://localhost:28441 for channel [id: 0x5895146a, L:/127.0.0.1:54436 - R:localhost/127.0.0.1:28441]
00:19:54.675 [Forwarding isElementDisplayed on session 7b4ce1542b1afdf3ba1b5ed1c506f572 to remote] DEBUG org.asynchttpclient.netty.request.NettyRequestSender - Using pooled Channel '[id: 0x5895146a, L:/127.0.0.1:54436 - R:localhost/127.0.0.1:28441]' for 'POST' to 'http://localhost:28441/session/7b4ce1542b1afdf3ba1b5ed1c506f572/execute/sync'
00:19:54.676 [Forwarding isElementDisplayed on session 7b4ce1542b1afdf3ba1b5ed1c506f572 to remote] DEBUG org.asynchttpclient.netty.request.NettyRequestSender - Using open Channel [id: 0x5895146a, L:/127.0.0.1:54436 - R:localhost/127.0.0.1:28441] for POST '/session/7b4ce1542b1afdf3ba1b5ed1c506f572/execute/sync'
00:19:54.789 [AsyncHttpClient-1-2] DEBUG org.asynchttpclient.netty.handler.HttpHandler - 

Request DefaultHttpRequest(decodeResult: success, version: HTTP/1.1)
POST /session/7b4ce1542b1afdf3ba1b5ed1c506f572/execute/sync HTTP/1.1
User-Agent: selenium/4.8.1 (java windows)
Content-Length: 48814
Content-Type: application/json; charset=utf-8
host: localhost:28441
accept: */*

Response DefaultHttpResponse(decodeResult: success, version: HTTP/1.1)
HTTP/1.1 200 OK
Content-Length: 14
Content-Type: application/json; charset=utf-8
cache-control: no-cache

00:19:54.790 [AsyncHttpClient-1-2] DEBUG org.asynchttpclient.netty.channel.ChannelManager - Adding key: http://localhost:28441 for channel [id: 0x5895146a, L:/127.0.0.1:54436 - R:localhost/127.0.0.1:28441]
00:19:54.805 [Forwarding isElementDisplayed on session 7b4ce1542b1afdf3ba1b5ed1c506f572 to remote] DEBUG org.asynchttpclient.netty.request.NettyRequestSender - Using pooled Channel '[id: 0x5895146a, L:/127.0.0.1:54436 - R:localhost/127.0.0.1:28441]' for 'POST' to 'http://localhost:28441/session/7b4ce1542b1afdf3ba1b5ed1c506f572/execute/sync'
00:19:54.806 [Forwarding isElementDisplayed on session 7b4ce1542b1afdf3ba1b5ed1c506f572 to remote] DEBUG org.asynchttpclient.netty.request.NettyRequestSender - Using open Channel [id: 0x5895146a, L:/127.0.0.1:54436 - R:localhost/127.0.0.1:28441] for POST '/session/7b4ce1542b1afdf3ba1b5ed1c506f572/execute/sync'
00:19:55.093 [AsyncHttpClient-1-2] DEBUG org.asynchttpclient.netty.handler.HttpHandler - 

Request DefaultHttpRequest(decodeResult: success, version: HTTP/1.1)
POST /session/7b4ce1542b1afdf3ba1b5ed1c506f572/execute/sync HTTP/1.1
User-Agent: selenium/4.8.1 (java windows)
Content-Length: 48814
Content-Type: application/json; charset=utf-8
host: localhost:28441
accept: */*

Response DefaultHttpResponse(decodeResult: success, version: HTTP/1.1)
HTTP/1.1 200 OK
Content-Length: 14
Content-Type: application/json; charset=utf-8
cache-control: no-cache

00:19:55.094 [AsyncHttpClient-1-2] DEBUG org.asynchttpclient.netty.channel.ChannelManager - Adding key: http://localhost:28441 for channel [id: 0x5895146a, L:/127.0.0.1:54436 - R:localhost/127.0.0.1:28441]
00:19:55.110 [main] DEBUG net.thucydides.core.steps.StepInterceptor - STEP DONE: onDashboardPage
  &amp#27;[32mAnd &amp#27;[0m&amp#27;[32muser on dashboard&amp#27;[0m                                         &amp#27;[90m# starter.stepdefinitions.DetailKASteps.userOnDashboard()&amp#27;[0m
00:19:55.543 [Forwarding findElement on session 7b4ce1542b1afdf3ba1b5ed1c506f572 to remote] DEBUG org.asynchttpclient.netty.request.NettyRequestSender - Using pooled Channel '[id: 0x5895146a, L:/127.0.0.1:54436 - R:localhost/127.0.0.1:28441]' for 'POST' to 'http://localhost:28441/session/7b4ce1542b1afdf3ba1b5ed1c506f572/element'
00:19:55.544 [Forwarding findElement on session 7b4ce1542b1afdf3ba1b5ed1c506f572 to remote] DEBUG org.asynchttpclient.netty.request.NettyRequestSender - Using open Channel [id: 0x5895146a, L:/127.0.0.1:54436 - R:localhost/127.0.0.1:28441] for POST '/session/7b4ce1542b1afdf3ba1b5ed1c506f572/element'
00:19:55.549 [AsyncHttpClient-1-1] DEBUG org.asynchttpclient.netty.channel.DefaultChannelPool - Entry count for : http://localhost:54441 : 1
00:19:55.569 [AsyncHttpClient-1-2] DEBUG org.asynchttpclient.netty.handler.HttpHandler - 

Request DefaultHttpRequest(decodeResult: success, version: HTTP/1.1)
POST /session/7b4ce1542b1afdf3ba1b5ed1c506f572/element HTTP/1.1
User-Agent: selenium/4.8.1 (java windows)
Content-Length: 115
Content-Type: application/json; charset=utf-8
host: localhost:28441
accept: */*

Response DefaultHttpResponse(decodeResult: success, version: HTTP/1.1)
HTTP/1.1 200 OK
Content-Length: 95
Content-Type: application/json; charset=utf-8
cache-control: no-cache

00:19:55.570 [AsyncHttpClient-1-2] DEBUG org.asynchttpclient.netty.channel.ChannelManager - Adding key: http://localhost:28441 for channel [id: 0x5895146a, L:/127.0.0.1:54436 - R:localhost/127.0.0.1:28441]
00:19:55.573 [Forwarding getElementTagName on session 7b4ce1542b1afdf3ba1b5ed1c506f572 to remote] DEBUG org.asynchttpclient.netty.request.NettyRequestSender - Using pooled Channel '[id: 0x5895146a, L:/127.0.0.1:54436 - R:localhost/127.0.0.1:28441]' for 'GET' to 'http://localhost:28441/session/7b4ce1542b1afdf3ba1b5ed1c506f572/element/FE0CAF81BF2AAB06A1A5258C739A6BBC_element_67/name'
00:19:55.573 [Forwarding getElementTagName on session 7b4ce1542b1afdf3ba1b5ed1c506f572 to remote] DEBUG org.asynchttpclient.netty.request.NettyRequestSender - Using open Channel [id: 0x5895146a, L:/127.0.0.1:54436 - R:localhost/127.0.0.1:28441] for GET '/session/7b4ce1542b1afdf3ba1b5ed1c506f572/element/FE0CAF81BF2AAB06A1A5258C739A6BBC_element_67/name'
00:19:55.586 [AsyncHttpClient-1-2] DEBUG org.asynchttpclient.netty.handler.HttpHandler - 

Request DefaultFullHttpRequest(decodeResult: success, version: HTTP/1.1, content: EmptyByteBufBE)
GET /session/7b4ce1542b1afdf3ba1b5ed1c506f572/element/FE0CAF81BF2AAB06A1A5258C739A6BBC_element_67/name HTTP/1.1
User-Agent: selenium/4.8.1 (java windows)
Cache-Control: no-cache
Content-Type: application/json; charset=utf-8
host: localhost:28441
accept: */*

Response DefaultHttpResponse(decodeResult: success, version: HTTP/1.1)
HTTP/1.1 200 OK
Content-Length: 18
Content-Type: application/json; charset=utf-8
cache-control: no-cache

00:19:55.586 [AsyncHttpClient-1-2] DEBUG org.asynchttpclient.netty.channel.ChannelManager - Adding key: http://localhost:28441 for channel [id: 0x5895146a, L:/127.0.0.1:54436 - R:localhost/127.0.0.1:28441]
00:19:55.588 [Forwarding getElementTagName on session 7b4ce1542b1afdf3ba1b5ed1c506f572 to remote] DEBUG org.asynchttpclient.netty.request.NettyRequestSender - Using pooled Channel '[id: 0x5895146a, L:/127.0.0.1:54436 - R:localhost/127.0.0.1:28441]' for 'GET' to 'http://localhost:28441/session/7b4ce1542b1afdf3ba1b5ed1c506f572/element/FE0CAF81BF2AAB06A1A5258C739A6BBC_element_67/name'
00:19:55.588 [Forwarding getElementTagName on session 7b4ce1542b1afdf3ba1b5ed1c506f572 to remote] DEBUG org.asynchttpclient.netty.request.NettyRequestSender - Using open Channel [id: 0x5895146a, L:/127.0.0.1:54436 - R:localhost/127.0.0.1:28441] for GET '/session/7b4ce1542b1afdf3ba1b5ed1c506f572/element/FE0CAF81BF2AAB06A1A5258C739A6BBC_element_67/name'
00:19:55.595 [AsyncHttpClient-1-2] DEBUG org.asynchttpclient.netty.handler.HttpHandler - 

Request DefaultFullHttpRequest(decodeResult: success, version: HTTP/1.1, content: EmptyByteBufBE)
GET /session/7b4ce1542b1afdf3ba1b5ed1c506f572/element/FE0CAF81BF2AAB06A1A5258C739A6BBC_element_67/name HTTP/1.1
User-Agent: selenium/4.8.1 (java windows)
Cache-Control: no-cache
Content-Type: application/json; charset=utf-8
host: localhost:28441
accept: */*

Response DefaultHttpResponse(decodeResult: success, version: HTTP/1.1)
HTTP/1.1 200 OK
Content-Length: 18
Content-Type: application/json; charset=utf-8
cache-control: no-cache

00:19:55.595 [AsyncHttpClient-1-2] DEBUG org.asynchttpclient.netty.channel.ChannelManager - Adding key: http://localhost:28441 for channel [id: 0x5895146a, L:/127.0.0.1:54436 - R:localhost/127.0.0.1:28441]
00:19:55.600 [Forwarding isElementEnabled on session 7b4ce1542b1afdf3ba1b5ed1c506f572 to remote] DEBUG org.asynchttpclient.netty.request.NettyRequestSender - Using pooled Channel '[id: 0x5895146a, L:/127.0.0.1:54436 - R:localhost/127.0.0.1:28441]' for 'GET' to 'http://localhost:28441/session/7b4ce1542b1afdf3ba1b5ed1c506f572/element/FE0CAF81BF2AAB06A1A5258C739A6BBC_element_67/enabled'
00:19:55.600 [Forwarding isElementEnabled on session 7b4ce1542b1afdf3ba1b5ed1c506f572 to remote] DEBUG org.asynchttpclient.netty.request.NettyRequestSender - Using open Channel [id: 0x5895146a, L:/127.0.0.1:54436 - R:localhost/127.0.0.1:28441] for GET '/session/7b4ce1542b1afdf3ba1b5ed1c506f572/element/FE0CAF81BF2AAB06A1A5258C739A6BBC_element_67/enabled'
00:19:55.608 [AsyncHttpClient-1-2] DEBUG org.asynchttpclient.netty.handler.HttpHandler - 

Request DefaultFullHttpRequest(decodeResult: success, version: HTTP/1.1, content: EmptyByteBufBE)
GET /session/7b4ce1542b1afdf3ba1b5ed1c506f572/element/FE0CAF81BF2AAB06A1A5258C739A6BBC_element_67/enabled HTTP/1.1
User-Agent: selenium/4.8.1 (java windows)
Cache-Control: no-cache
Content-Type: application/json; charset=utf-8
host: localhost:28441
accept: */*

Response DefaultHttpResponse(decodeResult: success, version: HTTP/1.1)
HTTP/1.1 200 OK
Content-Length: 14
Content-Type: application/json; charset=utf-8
cache-control: no-cache

00:19:55.609 [AsyncHttpClient-1-2] DEBUG org.asynchttpclient.netty.channel.ChannelManager - Adding key: http://localhost:28441 for channel [id: 0x5895146a, L:/127.0.0.1:54436 - R:localhost/127.0.0.1:28441]
00:19:55.614 [Forwarding isElementEnabled on session 7b4ce1542b1afdf3ba1b5ed1c506f572 to remote] DEBUG org.asynchttpclient.netty.request.NettyRequestSender - Using pooled Channel '[id: 0x5895146a, L:/127.0.0.1:54436 - R:localhost/127.0.0.1:28441]' for 'GET' to 'http://localhost:28441/session/7b4ce1542b1afdf3ba1b5ed1c506f572/element/FE0CAF81BF2AAB06A1A5258C739A6BBC_element_67/enabled'
00:19:55.614 [Forwarding isElementEnabled on session 7b4ce1542b1afdf3ba1b5ed1c506f572 to remote] DEBUG org.asynchttpclient.netty.request.NettyRequestSender - Using open Channel [id: 0x5895146a, L:/127.0.0.1:54436 - R:localhost/127.0.0.1:28441] for GET '/session/7b4ce1542b1afdf3ba1b5ed1c506f572/element/FE0CAF81BF2AAB06A1A5258C739A6BBC_element_67/enabled'
00:19:55.622 [AsyncHttpClient-1-2] DEBUG org.asynchttpclient.netty.handler.HttpHandler - 

Request DefaultFullHttpRequest(decodeResult: success, version: HTTP/1.1, content: EmptyByteBufBE)
GET /session/7b4ce1542b1afdf3ba1b5ed1c506f572/element/FE0CAF81BF2AAB06A1A5258C739A6BBC_element_67/enabled HTTP/1.1
User-Agent: selenium/4.8.1 (java windows)
Cache-Control: no-cache
Content-Type: application/json; charset=utf-8
host: localhost:28441
accept: */*

Response DefaultHttpResponse(decodeResult: success, version: HTTP/1.1)
HTTP/1.1 200 OK
Content-Length: 14
Content-Type: application/json; charset=utf-8
cache-control: no-cache

00:19:55.623 [AsyncHttpClient-1-2] DEBUG org.asynchttpclient.netty.channel.ChannelManager - Adding key: http://localhost:28441 for channel [id: 0x5895146a, L:/127.0.0.1:54436 - R:localhost/127.0.0.1:28441]
00:19:55.629 [Forwarding findElement on session 7b4ce1542b1afdf3ba1b5ed1c506f572 to remote] DEBUG org.asynchttpclient.netty.request.NettyRequestSender - Using pooled Channel '[id: 0x5895146a, L:/127.0.0.1:54436 - R:localhost/127.0.0.1:28441]' for 'POST' to 'http://localhost:28441/session/7b4ce1542b1afdf3ba1b5ed1c506f572/element'
00:19:55.629 [Forwarding findElement on session 7b4ce1542b1afdf3ba1b5ed1c506f572 to remote] DEBUG org.asynchttpclient.netty.request.NettyRequestSender - Using open Channel [id: 0x5895146a, L:/127.0.0.1:54436 - R:localhost/127.0.0.1:28441] for POST '/session/7b4ce1542b1afdf3ba1b5ed1c506f572/element'
00:19:55.648 [AsyncHttpClient-1-2] DEBUG org.asynchttpclient.netty.handler.HttpHandler - 

Request DefaultHttpRequest(decodeResult: success, version: HTTP/1.1)
POST /session/7b4ce1542b1afdf3ba1b5ed1c506f572/element HTTP/1.1
User-Agent: selenium/4.8.1 (java windows)
Content-Length: 115
Content-Type: application/json; charset=utf-8
host: localhost:28441
accept: */*

Response DefaultHttpResponse(decodeResult: success, version: HTTP/1.1)
HTTP/1.1 200 OK
Content-Length: 95
Content-Type: application/json; charset=utf-8
cache-control: no-cache

00:19:55.648 [AsyncHttpClient-1-2] DEBUG org.asynchttpclient.netty.channel.ChannelManager - Adding key: http://localhost:28441 for channel [id: 0x5895146a, L:/127.0.0.1:54436 - R:localhost/127.0.0.1:28441]
00:19:55.652 [Forwarding clickElement on session 7b4ce1542b1afdf3ba1b5ed1c506f572 to remote] DEBUG org.asynchttpclient.netty.request.NettyRequestSender - Using pooled Channel '[id: 0x5895146a, L:/127.0.0.1:54436 - R:localhost/127.0.0.1:28441]' for 'POST' to 'http://localhost:28441/session/7b4ce1542b1afdf3ba1b5ed1c506f572/element/FE0CAF81BF2AAB06A1A5258C739A6BBC_element_67/click'
00:19:55.652 [Forwarding clickElement on session 7b4ce1542b1afdf3ba1b5ed1c506f572 to remote] DEBUG org.asynchttpclient.netty.request.NettyRequestSender - Using open Channel [id: 0x5895146a, L:/127.0.0.1:54436 - R:localhost/127.0.0.1:28441] for POST '/session/7b4ce1542b1afdf3ba1b5ed1c506f572/element/FE0CAF81BF2AAB06A1A5258C739A6BBC_element_67/click'
00:19:56.657 [AsyncHttpClient-1-1] DEBUG org.asynchttpclient.netty.channel.DefaultChannelPool - Entry count for : http://localhost:54441 : 1
00:19:56.660 [AsyncHttpClient-1-2] DEBUG org.asynchttpclient.netty.handler.HttpHandler - 

Request DefaultHttpRequest(decodeResult: success, version: HTTP/1.1)
POST /session/7b4ce1542b1afdf3ba1b5ed1c506f572/element/FE0CAF81BF2AAB06A1A5258C739A6BBC_element_67/click HTTP/1.1
User-Agent: selenium/4.8.1 (java windows)
Content-Length: 57
Content-Type: application/json; charset=utf-8
host: localhost:28441
accept: */*

Response DefaultHttpResponse(decodeResult: success, version: HTTP/1.1)
HTTP/1.1 200 OK
Content-Length: 14
Content-Type: application/json; charset=utf-8
cache-control: no-cache

00:19:56.662 [AsyncHttpClient-1-2] DEBUG org.asynchttpclient.netty.channel.ChannelManager - Adding key: http://localhost:28441 for channel [id: 0x5895146a, L:/127.0.0.1:54436 - R:localhost/127.0.0.1:28441]
  &amp#27;[32mAnd &amp#27;[0m&amp#27;[32muser click button Logout&amp#27;[0m                                  &amp#27;[90m# starter.stepdefinitions.Logout.LogoutSteps.userClickButtonLogout()&amp#27;[0m
00:19:56.698 [Forwarding findElement on session 7b4ce1542b1afdf3ba1b5ed1c506f572 to remote] DEBUG org.asynchttpclient.netty.request.NettyRequestSender - Using pooled Channel '[id: 0x5895146a, L:/127.0.0.1:54436 - R:localhost/127.0.0.1:28441]' for 'POST' to 'http://localhost:28441/session/7b4ce1542b1afdf3ba1b5ed1c506f572/element'
00:19:56.698 [Forwarding findElement on session 7b4ce1542b1afdf3ba1b5ed1c506f572 to remote] DEBUG org.asynchttpclient.netty.request.NettyRequestSender - Using open Channel [id: 0x5895146a, L:/127.0.0.1:54436 - R:localhost/127.0.0.1:28441] for POST '/session/7b4ce1542b1afdf3ba1b5ed1c506f572/element'
00:19:56.732 [AsyncHttpClient-1-2] DEBUG org.asynchttpclient.netty.handler.HttpHandler - 

Request DefaultHttpRequest(decodeResult: success, version: HTTP/1.1)
POST /session/7b4ce1542b1afdf3ba1b5ed1c506f572/element HTTP/1.1
User-Agent: selenium/4.8.1 (java windows)
Content-Length: 148
Content-Type: application/json; charset=utf-8
host: localhost:28441
accept: */*

Response DefaultHttpResponse(decodeResult: success, version: HTTP/1.1)
HTTP/1.1 200 OK
Content-Length: 95
Content-Type: application/json; charset=utf-8
cache-control: no-cache

00:19:56.734 [AsyncHttpClient-1-2] DEBUG org.asynchttpclient.netty.channel.ChannelManager - Adding key: http://localhost:28441 for channel [id: 0x5895146a, L:/127.0.0.1:54436 - R:localhost/127.0.0.1:28441]
00:19:56.740 [Forwarding getElementTagName on session 7b4ce1542b1afdf3ba1b5ed1c506f572 to remote] DEBUG org.asynchttpclient.netty.request.NettyRequestSender - Using pooled Channel '[id: 0x5895146a, L:/127.0.0.1:54436 - R:localhost/127.0.0.1:28441]' for 'GET' to 'http://localhost:28441/session/7b4ce1542b1afdf3ba1b5ed1c506f572/element/FE0CAF81BF2AAB06A1A5258C739A6BBC_element_87/name'
00:19:56.740 [Forwarding getElementTagName on session 7b4ce1542b1afdf3ba1b5ed1c506f572 to remote] DEBUG org.asynchttpclient.netty.request.NettyRequestSender - Using open Channel [id: 0x5895146a, L:/127.0.0.1:54436 - R:localhost/127.0.0.1:28441] for GET '/session/7b4ce1542b1afdf3ba1b5ed1c506f572/element/FE0CAF81BF2AAB06A1A5258C739A6BBC_element_87/name'
00:19:56.750 [AsyncHttpClient-1-2] DEBUG org.asynchttpclient.netty.handler.HttpHandler - 

Request DefaultFullHttpRequest(decodeResult: success, version: HTTP/1.1, content: EmptyByteBufBE)
GET /session/7b4ce1542b1afdf3ba1b5ed1c506f572/element/FE0CAF81BF2AAB06A1A5258C739A6BBC_element_87/name HTTP/1.1
User-Agent: selenium/4.8.1 (java windows)
Cache-Control: no-cache
Content-Type: application/json; charset=utf-8
host: localhost:28441
accept: */*

Response DefaultHttpResponse(decodeResult: success, version: HTTP/1.1)
HTTP/1.1 200 OK
Content-Length: 18
Content-Type: application/json; charset=utf-8
cache-control: no-cache

00:19:56.750 [AsyncHttpClient-1-2] DEBUG org.asynchttpclient.netty.channel.ChannelManager - Adding key: http://localhost:28441 for channel [id: 0x5895146a, L:/127.0.0.1:54436 - R:localhost/127.0.0.1:28441]
00:19:56.752 [Forwarding getElementTagName on session 7b4ce1542b1afdf3ba1b5ed1c506f572 to remote] DEBUG org.asynchttpclient.netty.request.NettyRequestSender - Using pooled Channel '[id: 0x5895146a, L:/127.0.0.1:54436 - R:localhost/127.0.0.1:28441]' for 'GET' to 'http://localhost:28441/session/7b4ce1542b1afdf3ba1b5ed1c506f572/element/FE0CAF81BF2AAB06A1A5258C739A6BBC_element_87/name'
00:19:56.752 [Forwarding getElementTagName on session 7b4ce1542b1afdf3ba1b5ed1c506f572 to remote] DEBUG org.asynchttpclient.netty.request.NettyRequestSender - Using open Channel [id: 0x5895146a, L:/127.0.0.1:54436 - R:localhost/127.0.0.1:28441] for GET '/session/7b4ce1542b1afdf3ba1b5ed1c506f572/element/FE0CAF81BF2AAB06A1A5258C739A6BBC_element_87/name'
00:19:56.758 [AsyncHttpClient-1-2] DEBUG org.asynchttpclient.netty.handler.HttpHandler - 

Request DefaultFullHttpRequest(decodeResult: success, version: HTTP/1.1, content: EmptyByteBufBE)
GET /session/7b4ce1542b1afdf3ba1b5ed1c506f572/element/FE0CAF81BF2AAB06A1A5258C739A6BBC_element_87/name HTTP/1.1
User-Agent: selenium/4.8.1 (java windows)
Cache-Control: no-cache
Content-Type: application/json; charset=utf-8
host: localhost:28441
accept: */*

Response DefaultHttpResponse(decodeResult: success, version: HTTP/1.1)
HTTP/1.1 200 OK
Content-Length: 18
Content-Type: application/json; charset=utf-8
cache-control: no-cache

00:19:56.758 [AsyncHttpClient-1-2] DEBUG org.asynchttpclient.netty.channel.ChannelManager - Adding key: http://localhost:28441 for channel [id: 0x5895146a, L:/127.0.0.1:54436 - R:localhost/127.0.0.1:28441]
00:19:56.765 [Forwarding isElementEnabled on session 7b4ce1542b1afdf3ba1b5ed1c506f572 to remote] DEBUG org.asynchttpclient.netty.request.NettyRequestSender - Using pooled Channel '[id: 0x5895146a, L:/127.0.0.1:54436 - R:localhost/127.0.0.1:28441]' for 'GET' to 'http://localhost:28441/session/7b4ce1542b1afdf3ba1b5ed1c506f572/element/FE0CAF81BF2AAB06A1A5258C739A6BBC_element_87/enabled'
00:19:56.766 [Forwarding isElementEnabled on session 7b4ce1542b1afdf3ba1b5ed1c506f572 to remote] DEBUG org.asynchttpclient.netty.request.NettyRequestSender - Using open Channel [id: 0x5895146a, L:/127.0.0.1:54436 - R:localhost/127.0.0.1:28441] for GET '/session/7b4ce1542b1afdf3ba1b5ed1c506f572/element/FE0CAF81BF2AAB06A1A5258C739A6BBC_element_87/enabled'
00:19:56.776 [AsyncHttpClient-1-2] DEBUG org.asynchttpclient.netty.handler.HttpHandler - 

Request DefaultFullHttpRequest(decodeResult: success, version: HTTP/1.1, content: EmptyByteBufBE)
GET /session/7b4ce1542b1afdf3ba1b5ed1c506f572/element/FE0CAF81BF2AAB06A1A5258C739A6BBC_element_87/enabled HTTP/1.1
User-Agent: selenium/4.8.1 (java windows)
Cache-Control: no-cache
Content-Type: application/json; charset=utf-8
host: localhost:28441
accept: */*

Response DefaultHttpResponse(decodeResult: success, version: HTTP/1.1)
HTTP/1.1 200 OK
Content-Length: 14
Content-Type: application/json; charset=utf-8
cache-control: no-cache

00:19:56.777 [AsyncHttpClient-1-2] DEBUG org.asynchttpclient.netty.channel.ChannelManager - Adding key: http://localhost:28441 for channel [id: 0x5895146a, L:/127.0.0.1:54436 - R:localhost/127.0.0.1:28441]
00:19:56.785 [Forwarding isElementEnabled on session 7b4ce1542b1afdf3ba1b5ed1c506f572 to remote] DEBUG org.asynchttpclient.netty.request.NettyRequestSender - Using pooled Channel '[id: 0x5895146a, L:/127.0.0.1:54436 - R:localhost/127.0.0.1:28441]' for 'GET' to 'http://localhost:28441/session/7b4ce1542b1afdf3ba1b5ed1c506f572/element/FE0CAF81BF2AAB06A1A5258C739A6BBC_element_87/enabled'
00:19:56.785 [Forwarding isElementEnabled on session 7b4ce1542b1afdf3ba1b5ed1c506f572 to remote] DEBUG org.asynchttpclient.netty.request.NettyRequestSender - Using open Channel [id: 0x5895146a, L:/127.0.0.1:54436 - R:localhost/127.0.0.1:28441] for GET '/session/7b4ce1542b1afdf3ba1b5ed1c506f572/element/FE0CAF81BF2AAB06A1A5258C739A6BBC_element_87/enabled'
00:19:56.793 [AsyncHttpClient-1-2] DEBUG org.asynchttpclient.netty.handler.HttpHandler - 

Request DefaultFullHttpRequest(decodeResult: success, version: HTTP/1.1, content: EmptyByteBufBE)
GET /session/7b4ce1542b1afdf3ba1b5ed1c506f572/element/FE0CAF81BF2AAB06A1A5258C739A6BBC_element_87/enabled HTTP/1.1
User-Agent: selenium/4.8.1 (java windows)
Cache-Control: no-cache
Content-Type: application/json; charset=utf-8
host: localhost:28441
accept: */*

Response DefaultHttpResponse(decodeResult: success, version: HTTP/1.1)
HTTP/1.1 200 OK
Content-Length: 14
Content-Type: application/json; charset=utf-8
cache-control: no-cache

00:19:56.794 [AsyncHttpClient-1-2] DEBUG org.asynchttpclient.netty.channel.ChannelManager - Adding key: http://localhost:28441 for channel [id: 0x5895146a, L:/127.0.0.1:54436 - R:localhost/127.0.0.1:28441]
00:19:56.809 [Forwarding findElement on session 7b4ce1542b1afdf3ba1b5ed1c506f572 to remote] DEBUG org.asynchttpclient.netty.request.NettyRequestSender - Using pooled Channel '[id: 0x5895146a, L:/127.0.0.1:54436 - R:localhost/127.0.0.1:28441]' for 'POST' to 'http://localhost:28441/session/7b4ce1542b1afdf3ba1b5ed1c506f572/element'
00:19:56.810 [Forwarding findElement on session 7b4ce1542b1afdf3ba1b5ed1c506f572 to remote] DEBUG org.asynchttpclient.netty.request.NettyRequestSender - Using open Channel [id: 0x5895146a, L:/127.0.0.1:54436 - R:localhost/127.0.0.1:28441] for POST '/session/7b4ce1542b1afdf3ba1b5ed1c506f572/element'
00:19:56.983 [AsyncHttpClient-1-2] DEBUG org.asynchttpclient.netty.handler.HttpHandler - 

Request DefaultHttpRequest(decodeResult: success, version: HTTP/1.1)
POST /session/7b4ce1542b1afdf3ba1b5ed1c506f572/element HTTP/1.1
User-Agent: selenium/4.8.1 (java windows)
Content-Length: 148
Content-Type: application/json; charset=utf-8
host: localhost:28441
accept: */*

Response DefaultHttpResponse(decodeResult: success, version: HTTP/1.1)
HTTP/1.1 200 OK
Content-Length: 95
Content-Type: application/json; charset=utf-8
cache-control: no-cache

00:19:56.984 [AsyncHttpClient-1-2] DEBUG org.asynchttpclient.netty.channel.ChannelManager - Adding key: http://localhost:28441 for channel [id: 0x5895146a, L:/127.0.0.1:54436 - R:localhost/127.0.0.1:28441]
00:19:56.987 [Forwarding clickElement on session 7b4ce1542b1afdf3ba1b5ed1c506f572 to remote] DEBUG org.asynchttpclient.netty.request.NettyRequestSender - Using pooled Channel '[id: 0x5895146a, L:/127.0.0.1:54436 - R:localhost/127.0.0.1:28441]' for 'POST' to 'http://localhost:28441/session/7b4ce1542b1afdf3ba1b5ed1c506f572/element/FE0CAF81BF2AAB06A1A5258C739A6BBC_element_87/click'
00:19:56.988 [Forwarding clickElement on session 7b4ce1542b1afdf3ba1b5ed1c506f572 to remote] DEBUG org.asynchttpclient.netty.request.NettyRequestSender - Using open Channel [id: 0x5895146a, L:/127.0.0.1:54436 - R:localhost/127.0.0.1:28441] for POST '/session/7b4ce1542b1afdf3ba1b5ed1c506f572/element/FE0CAF81BF2AAB06A1A5258C739A6BBC_element_87/click'
00:19:57.237 [AsyncHttpClient-1-2] DEBUG org.asynchttpclient.netty.handler.HttpHandler - 

Request DefaultHttpRequest(decodeResult: success, version: HTTP/1.1)
POST /session/7b4ce1542b1afdf3ba1b5ed1c506f572/element/FE0CAF81BF2AAB06A1A5258C739A6BBC_element_87/click HTTP/1.1
User-Agent: selenium/4.8.1 (java windows)
Content-Length: 57
Content-Type: application/json; charset=utf-8
host: localhost:28441
accept: */*

Response DefaultHttpResponse(decodeResult: success, version: HTTP/1.1)
HTTP/1.1 200 OK
Content-Length: 14
Content-Type: application/json; charset=utf-8
cache-control: no-cache

00:19:57.238 [AsyncHttpClient-1-2] DEBUG org.asynchttpclient.netty.channel.ChannelManager - Adding key: http://localhost:28441 for channel [id: 0x5895146a, L:/127.0.0.1:54436 - R:localhost/127.0.0.1:28441]
  &amp#27;[32mAnd &amp#27;[0m&amp#27;[32mclick button Tetap Logout&amp#27;[0m                                 &amp#27;[90m# starter.stepdefinitions.Logout.LogoutSteps.clickButtonTetapLogout()&amp#27;[0m
00:19:57.265 [main] DEBUG net.thucydides.core.steps.StepInterceptor - STARTING STEP: DetailKASteps.userOnLoginPage - onLoginPage
00:19:57.272 [Forwarding get on session 7b4ce1542b1afdf3ba1b5ed1c506f572 to remote] DEBUG org.asynchttpclient.netty.request.NettyRequestSender - Using pooled Channel '[id: 0x5895146a, L:/127.0.0.1:54436 - R:localhost/127.0.0.1:28441]' for 'POST' to 'http://localhost:28441/session/7b4ce1542b1afdf3ba1b5ed1c506f572/url'
00:19:57.272 [Forwarding get on session 7b4ce1542b1afdf3ba1b5ed1c506f572 to remote] DEBUG org.asynchttpclient.netty.request.NettyRequestSender - Using open Channel [id: 0x5895146a, L:/127.0.0.1:54436 - R:localhost/127.0.0.1:28441] for POST '/session/7b4ce1542b1afdf3ba1b5ed1c506f572/url'
00:19:57.680 [AsyncHttpClient-1-2] DEBUG org.asynchttpclient.netty.handler.HttpHandler - 

Request DefaultHttpRequest(decodeResult: success, version: HTTP/1.1)
POST /session/7b4ce1542b1afdf3ba1b5ed1c506f572/url HTTP/1.1
User-Agent: selenium/4.8.1 (java windows)
Content-Length: 64
Content-Type: application/json; charset=utf-8
host: localhost:28441
accept: */*

Response DefaultHttpResponse(decodeResult: success, version: HTTP/1.1)
HTTP/1.1 200 OK
Content-Length: 14
Content-Type: application/json; charset=utf-8
cache-control: no-cache

00:19:57.681 [AsyncHttpClient-1-2] DEBUG org.asynchttpclient.netty.channel.ChannelManager - Adding key: http://localhost:28441 for channel [id: 0x5895146a, L:/127.0.0.1:54436 - R:localhost/127.0.0.1:28441]
00:19:57.709 [Forwarding findElement on session 7b4ce1542b1afdf3ba1b5ed1c506f572 to remote] DEBUG org.asynchttpclient.netty.request.NettyRequestSender - Using pooled Channel '[id: 0x5895146a, L:/127.0.0.1:54436 - R:localhost/127.0.0.1:28441]' for 'POST' to 'http://localhost:28441/session/7b4ce1542b1afdf3ba1b5ed1c506f572/element'
00:19:57.709 [Forwarding findElement on session 7b4ce1542b1afdf3ba1b5ed1c506f572 to remote] DEBUG org.asynchttpclient.netty.request.NettyRequestSender - Using open Channel [id: 0x5895146a, L:/127.0.0.1:54436 - R:localhost/127.0.0.1:28441] for POST '/session/7b4ce1542b1afdf3ba1b5ed1c506f572/element'
00:19:57.827 [AsyncHttpClient-1-1] DEBUG org.asynchttpclient.netty.channel.DefaultChannelPool - Entry count for : http://localhost:54441 : 1
00:19:58.321 [AsyncHttpClient-1-2] DEBUG org.asynchttpclient.netty.handler.HttpHandler - 

Request DefaultHttpRequest(decodeResult: success, version: HTTP/1.1)
POST /session/7b4ce1542b1afdf3ba1b5ed1c506f572/element HTTP/1.1
User-Agent: selenium/4.8.1 (java windows)
Content-Length: 67
Content-Type: application/json; charset=utf-8
host: localhost:28441
accept: */*

Response DefaultHttpResponse(decodeResult: success, version: HTTP/1.1)
HTTP/1.1 200 OK
Content-Length: 96
Content-Type: application/json; charset=utf-8
cache-control: no-cache

00:19:58.322 [AsyncHttpClient-1-2] DEBUG org.asynchttpclient.netty.channel.ChannelManager - Adding key: http://localhost:28441 for channel [id: 0x5895146a, L:/127.0.0.1:54436 - R:localhost/127.0.0.1:28441]
00:19:58.339 [Forwarding isElementDisplayed on session 7b4ce1542b1afdf3ba1b5ed1c506f572 to remote] DEBUG org.asynchttpclient.netty.request.NettyRequestSender - Using pooled Channel '[id: 0x5895146a, L:/127.0.0.1:54436 - R:localhost/127.0.0.1:28441]' for 'POST' to 'http://localhost:28441/session/7b4ce1542b1afdf3ba1b5ed1c506f572/execute/sync'
00:19:58.339 [Forwarding isElementDisplayed on session 7b4ce1542b1afdf3ba1b5ed1c506f572 to remote] DEBUG org.asynchttpclient.netty.request.NettyRequestSender - Using open Channel [id: 0x5895146a, L:/127.0.0.1:54436 - R:localhost/127.0.0.1:28441] for POST '/session/7b4ce1542b1afdf3ba1b5ed1c506f572/execute/sync'
00:19:58.540 [AsyncHttpClient-1-2] DEBUG org.asynchttpclient.netty.handler.HttpHandler - 

Request DefaultHttpRequest(decodeResult: success, version: HTTP/1.1)
POST /session/7b4ce1542b1afdf3ba1b5ed1c506f572/execute/sync HTTP/1.1
User-Agent: selenium/4.8.1 (java windows)
Content-Length: 48815
Content-Type: application/json; charset=utf-8
host: localhost:28441
accept: */*

Response DefaultHttpResponse(decodeResult: success, version: HTTP/1.1)
HTTP/1.1 200 OK
Content-Length: 14
Content-Type: application/json; charset=utf-8
cache-control: no-cache

00:19:58.541 [AsyncHttpClient-1-2] DEBUG org.asynchttpclient.netty.channel.ChannelManager - Adding key: http://localhost:28441 for channel [id: 0x5895146a, L:/127.0.0.1:54436 - R:localhost/127.0.0.1:28441]
00:19:58.558 [Forwarding isElementDisplayed on session 7b4ce1542b1afdf3ba1b5ed1c506f572 to remote] DEBUG org.asynchttpclient.netty.request.NettyRequestSender - Using pooled Channel '[id: 0x5895146a, L:/127.0.0.1:54436 - R:localhost/127.0.0.1:28441]' for 'POST' to 'http://localhost:28441/session/7b4ce1542b1afdf3ba1b5ed1c506f572/execute/sync'
00:19:58.558 [Forwarding isElementDisplayed on session 7b4ce1542b1afdf3ba1b5ed1c506f572 to remote] DEBUG org.asynchttpclient.netty.request.NettyRequestSender - Using open Channel [id: 0x5895146a, L:/127.0.0.1:54436 - R:localhost/127.0.0.1:28441] for POST '/session/7b4ce1542b1afdf3ba1b5ed1c506f572/execute/sync'
00:19:58.597 [AsyncHttpClient-1-2] DEBUG org.asynchttpclient.netty.handler.HttpHandler - 

Request DefaultHttpRequest(decodeResult: success, version: HTTP/1.1)
POST /session/7b4ce1542b1afdf3ba1b5ed1c506f572/execute/sync HTTP/1.1
User-Agent: selenium/4.8.1 (java windows)
Content-Length: 48815
Content-Type: application/json; charset=utf-8
host: localhost:28441
accept: */*

Response DefaultHttpResponse(decodeResult: success, version: HTTP/1.1)
HTTP/1.1 200 OK
Content-Length: 14
Content-Type: application/json; charset=utf-8
cache-control: no-cache

00:19:58.597 [AsyncHttpClient-1-2] DEBUG org.asynchttpclient.netty.channel.ChannelManager - Adding key: http://localhost:28441 for channel [id: 0x5895146a, L:/127.0.0.1:54436 - R:localhost/127.0.0.1:28441]
00:19:58.606 [main] DEBUG net.thucydides.core.steps.StepInterceptor - STEP DONE: onLoginPage
  &amp#27;[32mThen &amp#27;[0m&amp#27;[32muser on login page&amp#27;[0m                                       &amp#27;[90m# starter.stepdefinitions.DetailKASteps.userOnLoginPage()&amp#27;[0m
00:19:58.622 [main] INFO  - 
  _____   ___   ___   _____     ___     _     ___   ___   ___   ___  
 |_   _| | __| / __| |_   _|   | _ \   /_\   / __| / __| | __| |   \ 
   | |   | _|  \__ \   | |     |  _/  / _ \  \__ \ \__ \ | _|  | |) |
   |_|   |___| |___/   |_|     |_|   /_/ \_\ |___/ |___/ |___| |___/ 

as admin i can login so that i can see dashboard page
----------------------------------------------------------------------
00:19:58.825 [Driver Command Executor] DEBUG org.asynchttpclient.netty.request.NettyRequestSender - Using pooled Channel '[id: 0x5895146a, L:/127.0.0.1:54436 - R:localhost/127.0.0.1:28441]' for 'DELETE' to 'http://localhost:28441/session/7b4ce1542b1afdf3ba1b5ed1c506f572'
00:19:58.825 [Driver Command Executor] DEBUG org.asynchttpclient.netty.request.NettyRequestSender - Using open Channel [id: 0x5895146a, L:/127.0.0.1:54436 - R:localhost/127.0.0.1:28441] for DELETE '/session/7b4ce1542b1afdf3ba1b5ed1c506f572'
00:19:58.849 [AsyncHttpClient-1-1] DEBUG org.asynchttpclient.netty.channel.DefaultChannelPool - Entry count for : http://localhost:54441 : 1
00:19:58.998 [AsyncHttpClient-1-3] DEBUG org.asynchttpclient.netty.handler.HttpHandler - Unexpected I/O exception on channel [id: 0x12a8d8de, L:/127.0.0.1:54449 - R:localhost/127.0.0.1:54441]
java.io.IOException: An existing connection was forcibly closed by the remote host
	at sun.nio.ch.SocketDispatcher.read0(Native Method)
	at sun.nio.ch.SocketDispatcher.read(SocketDispatcher.java:43)
	at sun.nio.ch.IOUtil.readIntoNativeBuffer(IOUtil.java:223)
	at sun.nio.ch.IOUtil.read(IOUtil.java:192)
	at sun.nio.ch.SocketChannelImpl.read(SocketChannelImpl.java:380)
	at io.netty.buffer.PooledByteBuf.setBytes(PooledByteBuf.java:259)
	at io.netty.buffer.AbstractByteBuf.writeBytes(AbstractByteBuf.java:1132)
	at io.netty.channel.socket.nio.NioSocketChannel.doReadBytes(NioSocketChannel.java:357)
	at io.netty.channel.nio.AbstractNioByteChannel$NioByteUnsafe.read(AbstractNioByteChannel.java:151)
	at io.netty.channel.nio.NioEventLoop.processSelectedKey(NioEventLoop.java:788)
	at io.netty.channel.nio.NioEventLoop.processSelectedKeysOptimized(NioEventLoop.java:724)
	at io.netty.channel.nio.NioEventLoop.processSelectedKeys(NioEventLoop.java:650)
	at io.netty.channel.nio.NioEventLoop.run(NioEventLoop.java:562)
	at io.netty.util.concurrent.SingleThreadEventExecutor$4.run(SingleThreadEventExecutor.java:997)
	at io.netty.util.internal.ThreadExecutorMap$2.run(ThreadExecutorMap.java:74)
	at io.netty.util.concurrent.FastThreadLocalRunnable.run(FastThreadLocalRunnable.java:30)
	at java.lang.Thread.run(Thread.java:748)
00:19:58.998 [AsyncHttpClient-1-4] DEBUG org.asynchttpclient.netty.handler.WebSocketHandler - Unexpected I/O exception on channel [id: 0xa54d3227, L:/127.0.0.1:54450 - R:localhost/127.0.0.1:54441]
java.io.IOException: An existing connection was forcibly closed by the remote host
	at sun.nio.ch.SocketDispatcher.read0(Native Method)
	at sun.nio.ch.SocketDispatcher.read(SocketDispatcher.java:43)
	at sun.nio.ch.IOUtil.readIntoNativeBuffer(IOUtil.java:223)
	at sun.nio.ch.IOUtil.read(IOUtil.java:192)
	at sun.nio.ch.SocketChannelImpl.read(SocketChannelImpl.java:380)
	at io.netty.buffer.PooledByteBuf.setBytes(PooledByteBuf.java:259)
	at io.netty.buffer.AbstractByteBuf.writeBytes(AbstractByteBuf.java:1132)
	at io.netty.channel.socket.nio.NioSocketChannel.doReadBytes(NioSocketChannel.java:357)
	at io.netty.channel.nio.AbstractNioByteChannel$NioByteUnsafe.read(AbstractNioByteChannel.java:151)
	at io.netty.channel.nio.NioEventLoop.processSelectedKey(NioEventLoop.java:788)
	at io.netty.channel.nio.NioEventLoop.processSelectedKeysOptimized(NioEventLoop.java:724)
	at io.netty.channel.nio.NioEventLoop.processSelectedKeys(NioEventLoop.java:650)
	at io.netty.channel.nio.NioEventLoop.run(NioEventLoop.java:562)
	at io.netty.util.concurrent.SingleThreadEventExecutor$4.run(SingleThreadEventExecutor.java:997)
	at io.netty.util.internal.ThreadExecutorMap$2.run(ThreadExecutorMap.java:74)
	at io.netty.util.concurrent.FastThreadLocalRunnable.run(FastThreadLocalRunnable.java:30)
	at java.lang.Thread.run(Thread.java:748)
00:19:58.999 [AsyncHttpClient-1-3] DEBUG org.asynchttpclient.netty.channel.ChannelManager - Closing Channel [id: 0x12a8d8de, L:/127.0.0.1:54449 - R:localhost/127.0.0.1:54441] 
00:19:59.000 [AsyncHttpClient-1-4] DEBUG org.asynchttpclient.netty.handler.WebSocketHandler - Trying to recover from dead Channel: [id: 0xa54d3227, L:/127.0.0.1:54450 - R:localhost/127.0.0.1:54441]
00:19:59.000 [AsyncHttpClient-1-4] DEBUG org.asynchttpclient.netty.handler.WebSocketHandler - Channel Closed: [id: 0xa54d3227, L:/127.0.0.1:54450 ! R:localhost/127.0.0.1:54441] with attribute NettyResponseFuture{currentRetry=0,
	isDone=1,
	isCancelled=0,
	asyncHandler=org.asynchttpclient.ws.WebSocketUpgradeHandler@40e61471,
	nettyRequest=org.asynchttpclient.netty.request.NettyRequest@65e35454,
	future=java.util.concurrent.CompletableFuture@764ad1a0[Completed normally],
	uri=ws://localhost:54441/devtools/browser/e51fd4fd-e8fd-4ded-bc09-d1b132079cfe,
	keepAlive=true,
	redirectCount=0,
	timeoutsHolder=null,
	inAuth=0,
	touch=1687367998999}
00:19:59.001 [AsyncHttpClient-1-4] DEBUG org.asynchttpclient.netty.channel.ChannelManager - Closing Channel [id: 0xa54d3227, L:/127.0.0.1:54450 ! R:localhost/127.0.0.1:54441] 
00:19:59.005 [AsyncHttpClient-1-3] DEBUG org.asynchttpclient.netty.handler.HttpHandler - Channel Closed: [id: 0x12a8d8de, L:/127.0.0.1:54449 ! R:localhost/127.0.0.1:54441] with attribute DISCARD
00:19:59.266 [AsyncHttpClient-1-2] DEBUG org.asynchttpclient.netty.handler.HttpHandler - 

Request DefaultFullHttpRequest(decodeResult: success, version: HTTP/1.1, content: EmptyByteBufBE)
DELETE /session/7b4ce1542b1afdf3ba1b5ed1c506f572 HTTP/1.1
User-Agent: selenium/4.8.1 (java windows)
Content-Type: application/json; charset=utf-8
host: localhost:28441
accept: */*

Response DefaultHttpResponse(decodeResult: success, version: HTTP/1.1)
HTTP/1.1 200 OK
Content-Length: 14
Content-Type: application/json; charset=utf-8
cache-control: no-cache

00:19:59.267 [AsyncHttpClient-1-2] DEBUG org.asynchttpclient.netty.channel.ChannelManager - Adding key: http://localhost:28441 for channel [id: 0x5895146a, L:/127.0.0.1:54436 - R:localhost/127.0.0.1:28441]
00:19:59.407 [AsyncHttpClient-1-2] DEBUG org.asynchttpclient.netty.handler.HttpHandler - Channel Closed: [id: 0x5895146a, L:/127.0.0.1:54436 ! R:localhost/127.0.0.1:28441] with attribute DISCARD
00:19:59.959 [AsyncHttpClient-1-1] DEBUG org.asynchttpclient.netty.channel.DefaultChannelPool - Entry count for : http://localhost:54441 : 1
00:19:59.961 [AsyncHttpClient-1-1] DEBUG org.asynchttpclient.netty.channel.DefaultChannelPool - Entry count for : http://localhost:28441 : 1
00:19:59.961 [AsyncHttpClient-1-1] DEBUG org.asynchttpclient.netty.channel.DefaultChannelPool - Adding Candidate expired Channel [id: 0x12a8d8de, L:/127.0.0.1:54449 ! R:localhost/127.0.0.1:54441] isIdleTimeoutExpired=false isRemotelyClosed=true isTtlExpired=false
00:19:59.961 [AsyncHttpClient-1-1] DEBUG org.asynchttpclient.netty.channel.DefaultChannelPool - Closing Idle Channel [id: 0x12a8d8de, L:/127.0.0.1:54449 ! R:localhost/127.0.0.1:54441]
00:19:59.961 [AsyncHttpClient-1-1] DEBUG org.asynchttpclient.netty.channel.DefaultChannelPool - Adding Candidate expired Channel [id: 0x5895146a, L:/127.0.0.1:54436 ! R:localhost/127.0.0.1:28441] isIdleTimeoutExpired=false isRemotelyClosed=true isTtlExpired=false
00:19:59.962 [AsyncHttpClient-1-1] DEBUG org.asynchttpclient.netty.channel.DefaultChannelPool - Closing Idle Channel [id: 0x5895146a, L:/127.0.0.1:54436 ! R:localhost/127.0.0.1:28441]
00:19:59.962 [AsyncHttpClient-1-1] DEBUG org.asynchttpclient.netty.channel.DefaultChannelPool - Closed 2 connections out of 2 in 1 ms
]]></system-out>
    <system-err><![CDATA[Starting ChromeDriver 114.0.5735.90 (386bc09e8f4f2e025eddae123f36f6263096ae49-refs/branch-heads/5735@{#1052}) on port 28441
Only local connections are allowed.
Please see https://chromedriver.chromium.org/security-considerations for suggestions on keeping ChromeDriver safe.
ChromeDriver was started successfully.
Jun 22, 2023 12:19:50 AM org.openqa.selenium.devtools.CdpVersionFinder findNearestMatch
WARNING: Unable to find an exact match for CDP version 114, so returning the closest version found: 110
]]></system-err>
  </testcase>
</testsuite>