<?xml version="1.0" encoding="UTF-8"?>
<testsuite xmlns:xsi="http://www.w3.org/2001/XMLSchema-instance" xsi:noNamespaceSchemaLocation="https://maven.apache.org/surefire/maven-failsafe-plugin/xsd/failsafe-test-report-3.0.xsd" version="3.0" name="starter.CucumberTestSuite" time="69.676" tests="5" errors="1" skipped="0" failures="2">
  <properties>
[...]
</properties>
  <testcase name="as admin i want to see list of ticket ka" classname="As a admin i want to see ticket of KA" time="13.775">
    <system-out><![CDATA[14:46:20.580 [main] DEBUG net.thucydides.core.guice.Injectors - Created injector for module net.thucydides.core.guice.ThucydidesModule
14:46:21.104 [main] DEBUG io.cucumber.core.plugin.SerenityReporter - Running feature from file:///D:/D/QE_Alta/capstone/web-automation-test/src/test/resources/features/Admin/DaftarKeretaApi/DeleteKA.feature
14:46:21.373 [main] DEBUG net.thucydides.core.guice.Injectors - Created injector for module net.thucydides.core.guice.webdriver.WebDriverModule
14:46:21.402 [main] INFO  - 

-------------------------------------------------------------------------------------
     _______. _______ .______       _______ .__   __.  __  .___________.____    ____ 
    /       ||   ____||   _  \     |   ____||  \ |  | |  | |           |\   \  /   / 
   |   (----`|  |__   |  |_)  |    |  |__   |   \|  | |  | `---|  |----` \   \/   /  
    \   \    |   __|  |      /     |   __|  |  . `  | |  |     |  |       \_    _/   
.----)   |   |  |____ |  |\  \----.|  |____ |  |\   | |  |     |  |         |  |     
|_______/    |_______|| _| `._____||_______||__| \__| |__|     |__|         |__|    
                                                                                     
 News and tutorials at http://www.serenity-bdd.info                                  
 Documentation at https://wakaleo.gitbooks.io/the-serenity-book/content/             
 Join the Serenity Community on Gitter: https://gitter.im/serenity-bdd/serenity-core 
 Serenity BDD Support and Training at http://serenity-bdd.info/#/trainingandsupport  
-------------------------------------------------------------------------------------

14:46:21.405 [main] DEBUG net.thucydides.core.steps.StepEventBus - Test suite started for story net.thucydides.core.model.Story@b866baff
14:46:21.407 [main] INFO  - Test Suite Started: As a user i want to success see detail data KA
14:46:21.430 [main] DEBUG io.cucumber.core.plugin.SerenityReporter - Running feature from file:///D:/D/QE_Alta/capstone/web-automation-test/src/test/resources/features/Admin/DaftarKeretaApi/DetailKA.feature
14:46:21.436 [main] DEBUG net.thucydides.core.steps.StepEventBus - Test suite started for story net.thucydides.core.model.Story@cae7b625
14:46:21.437 [main] INFO  - Test Suite Started: As a user i want to success see detail data KA
14:46:21.437 [main] DEBUG io.cucumber.core.plugin.SerenityReporter - Running feature from file:///D:/D/QE_Alta/capstone/web-automation-test/src/test/resources/features/Admin/DaftarKeretaApi/EditKA.feature
14:46:21.444 [main] DEBUG net.thucydides.core.steps.StepEventBus - Test suite started for story net.thucydides.core.model.Story@69ea54bf
14:46:21.445 [main] INFO  - Test Suite Started: As a user i want to success edit data KA
14:46:21.445 [main] DEBUG io.cucumber.core.plugin.SerenityReporter - Running feature from file:///D:/D/QE_Alta/capstone/web-automation-test/src/test/resources/features/Admin/DaftarKeretaApi/TambahKA.feature
14:46:21.453 [main] DEBUG net.thucydides.core.steps.StepEventBus - Test suite started for story net.thucydides.core.model.Story@549418e3
14:46:21.454 [main] INFO  - Test Suite Started: As a user i want to add a new KA
14:46:21.455 [main] DEBUG io.cucumber.core.plugin.SerenityReporter - Running feature from file:///D:/D/QE_Alta/capstone/web-automation-test/src/test/resources/features/Admin/DaftarPengguna/EditPengguna.feature
14:46:21.462 [main] DEBUG net.thucydides.core.steps.StepEventBus - Test suite started for story net.thucydides.core.model.Story@7252840b
14:46:21.463 [main] INFO  - Test Suite Started: As a user i want to edit user
14:46:21.463 [main] DEBUG io.cucumber.core.plugin.SerenityReporter - Running feature from file:///D:/D/QE_Alta/capstone/web-automation-test/src/test/resources/features/Admin/DaftarPengguna/TambahPengguna.feature
14:46:21.468 [main] DEBUG net.thucydides.core.steps.StepEventBus - Test suite started for story net.thucydides.core.model.Story@6acd74c3
14:46:21.469 [main] INFO  - Test Suite Started: As a user i want to create a new user
14:46:21.473 [main] DEBUG io.cucumber.core.plugin.SerenityReporter - Running feature from file:///D:/D/QE_Alta/capstone/web-automation-test/src/test/resources/features/Admin/DaftarStasiun/DaftarStasiun.feature
14:46:21.478 [main] DEBUG net.thucydides.core.steps.StepEventBus - Test suite started for story net.thucydides.core.model.Story@ae56d94d
14:46:21.479 [main] INFO  - Test Suite Started: as a admin, i want cek all information about station
14:46:21.481 [main] DEBUG io.cucumber.core.plugin.SerenityReporter - Running feature from file:///D:/D/QE_Alta/capstone/web-automation-test/src/test/resources/features/Admin/DaftarTiketKeretaApi/DaftarTiketKA.feature
14:46:21.488 [main] DEBUG net.thucydides.core.steps.StepEventBus - Test suite started for story net.thucydides.core.model.Story@a81c0e2c
14:46:21.488 [main] INFO  - Test Suite Started: As a admin i want to see ticket of KA
14:46:21.489 [main] DEBUG io.cucumber.core.plugin.SerenityReporter - Running feature from file:///D:/D/QE_Alta/capstone/web-automation-test/src/test/resources/features/Admin/TransaksiPesananHotel/LihatDetailTransaksiPesananHotel.feature
14:46:21.495 [main] DEBUG net.thucydides.core.steps.StepEventBus - Test suite started for story net.thucydides.core.model.Story@6f0f3c6
14:46:21.496 [main] INFO  - Test Suite Started: As a admin i want to see detail transaction hotel order
14:46:21.498 [main] DEBUG io.cucumber.core.plugin.SerenityReporter - Running feature from file:///D:/D/QE_Alta/capstone/web-automation-test/src/test/resources/features/Admin/DaftarTiketKeretaApi/DaftarTiketKA.feature
14:46:21.502 [main] DEBUG net.thucydides.core.steps.StepEventBus - Test suite started for story net.thucydides.core.model.Story@a81c0e2c
14:46:21.503 [main] INFO  - Test Suite Started: As a admin i want to see ticket of KA

@DaftarKA @seedaftarka
Scenario: as admin i want to see list of ticket ka    &amp#27;[90m# src/test/resources/features/Admin/DaftarTiketKeretaApi/DaftarTiketKA.feature:5&amp#27;[0m
14:46:21.737 [main] DEBUG io.cucumber.core.plugin.SerenityReporter - Running feature from file:///D:/D/QE_Alta/capstone/web-automation-test/src/test/resources/features/Admin/DaftarTiketKeretaApi/DaftarTiketKA.feature
14:46:21.966 [main] INFO  - 
  _____   ___   ___   _____     ___   _____     _     ___   _____   ___   ___  
 |_   _| | __| / __| |_   _|   / __| |_   _|   /_\   | _ \ |_   _| | __| |   \ 
   | |   | _|  \__ \   | |     \__ \   | |    / _ \  |   /   | |   | _|  | |) |
   |_|   |___| |___/   |_|     |___/   |_|   /_/ \_\ |_|_\   |_|   |___| |___/ 

as admin i want to see list of ticket ka(as-a-admin-i-want-to-see-ticket-of-ka;as-admin-i-want-to-see-list-of-ticket-ka)
--------------------------------------------------------------------------------
14:46:22.046 [main] DEBUG net.thucydides.core.requirements.FileSystemRequirementsTagProvider - Loading requirements from directory: D:\D\QE_Alta\capstone\web-automation-test\src\test\resources\features\Admin (D:\D\QE_Alta\capstone\web-automation-test\src\test\resources\features\Admin)
14:46:22.046 [main] DEBUG net.thucydides.core.requirements.FileSystemRequirementsTagProvider - Get requirements type for: D:\D\QE_Alta\capstone\web-automation-test\src\test\resources\features\Admin (D:\D\QE_Alta\capstone\web-automation-test\src\test\resources\features\Admin)
14:46:22.059 [main] DEBUG net.thucydides.core.requirements.FileSystemRequirementsTagProvider - Loading requirements from directory: D:\D\QE_Alta\capstone\web-automation-test\src\test\resources\features\Admin\DaftarKeretaApi (D:\D\QE_Alta\capstone\web-automation-test\src\test\resources\features\Admin\DaftarKeretaApi)
14:46:22.059 [main] DEBUG net.thucydides.core.requirements.FileSystemRequirementsTagProvider - Get requirements type for: D:\D\QE_Alta\capstone\web-automation-test\src\test\resources\features\Admin\DaftarKeretaApi (D:\D\QE_Alta\capstone\web-automation-test\src\test\resources\features\Admin\DaftarKeretaApi)
14:46:22.086 [main] DEBUG net.thucydides.core.requirements.model.cucumber.CucumberParser - Loading feature D:\D\QE_Alta\capstone\web-automation-test\src\test\resources\features\Admin\DaftarKeretaApi\DeleteKA.feature
14:46:22.117 [main] DEBUG net.thucydides.core.requirements.model.cucumber.CucumberParser - Loading feature D:\D\QE_Alta\capstone\web-automation-test\src\test\resources\features\Admin\DaftarKeretaApi\DetailKA.feature
14:46:22.124 [main] DEBUG net.thucydides.core.requirements.model.cucumber.CucumberParser - Loading feature D:\D\QE_Alta\capstone\web-automation-test\src\test\resources\features\Admin\DaftarKeretaApi\EditKA.feature
14:46:22.131 [main] DEBUG net.thucydides.core.requirements.model.cucumber.CucumberParser - Loading feature D:\D\QE_Alta\capstone\web-automation-test\src\test\resources\features\Admin\DaftarKeretaApi\TambahKA.feature
14:46:22.143 [main] DEBUG net.thucydides.core.requirements.FileSystemRequirementsTagProvider - Loading requirements from directory: D:\D\QE_Alta\capstone\web-automation-test\src\test\resources\features\Admin\DaftarPengguna (D:\D\QE_Alta\capstone\web-automation-test\src\test\resources\features\Admin\DaftarPengguna)
14:46:22.144 [main] DEBUG net.thucydides.core.requirements.FileSystemRequirementsTagProvider - Get requirements type for: D:\D\QE_Alta\capstone\web-automation-test\src\test\resources\features\Admin\DaftarPengguna (D:\D\QE_Alta\capstone\web-automation-test\src\test\resources\features\Admin\DaftarPengguna)
14:46:22.154 [main] DEBUG net.thucydides.core.requirements.model.cucumber.CucumberParser - Loading feature D:\D\QE_Alta\capstone\web-automation-test\src\test\resources\features\Admin\DaftarPengguna\EditPengguna.feature
14:46:22.160 [main] DEBUG net.thucydides.core.requirements.model.cucumber.CucumberParser - Loading feature D:\D\QE_Alta\capstone\web-automation-test\src\test\resources\features\Admin\DaftarPengguna\TambahPengguna.feature
14:46:22.165 [main] DEBUG net.thucydides.core.requirements.FileSystemRequirementsTagProvider - Loading requirements from directory: D:\D\QE_Alta\capstone\web-automation-test\src\test\resources\features\Admin\DaftarStasiun (D:\D\QE_Alta\capstone\web-automation-test\src\test\resources\features\Admin\DaftarStasiun)
14:46:22.166 [main] DEBUG net.thucydides.core.requirements.FileSystemRequirementsTagProvider - Get requirements type for: D:\D\QE_Alta\capstone\web-automation-test\src\test\resources\features\Admin\DaftarStasiun (D:\D\QE_Alta\capstone\web-automation-test\src\test\resources\features\Admin\DaftarStasiun)
14:46:22.178 [main] DEBUG net.thucydides.core.requirements.model.cucumber.CucumberParser - Loading feature D:\D\QE_Alta\capstone\web-automation-test\src\test\resources\features\Admin\DaftarStasiun\DaftarStasiun.feature
14:46:22.184 [main] DEBUG net.thucydides.core.requirements.FileSystemRequirementsTagProvider - Loading requirements from directory: D:\D\QE_Alta\capstone\web-automation-test\src\test\resources\features\Admin\DaftarTiketKeretaApi (D:\D\QE_Alta\capstone\web-automation-test\src\test\resources\features\Admin\DaftarTiketKeretaApi)
14:46:22.184 [main] DEBUG net.thucydides.core.requirements.FileSystemRequirementsTagProvider - Get requirements type for: D:\D\QE_Alta\capstone\web-automation-test\src\test\resources\features\Admin\DaftarTiketKeretaApi (D:\D\QE_Alta\capstone\web-automation-test\src\test\resources\features\Admin\DaftarTiketKeretaApi)
14:46:22.193 [main] DEBUG net.thucydides.core.requirements.model.cucumber.CucumberParser - Loading feature D:\D\QE_Alta\capstone\web-automation-test\src\test\resources\features\Admin\DaftarTiketKeretaApi\DaftarTiketKA.feature
14:46:22.200 [main] DEBUG net.thucydides.core.requirements.FileSystemRequirementsTagProvider - Loading requirements from directory: D:\D\QE_Alta\capstone\web-automation-test\src\test\resources\features\Admin\TransaksiPesananHotel (D:\D\QE_Alta\capstone\web-automation-test\src\test\resources\features\Admin\TransaksiPesananHotel)
14:46:22.200 [main] DEBUG net.thucydides.core.requirements.FileSystemRequirementsTagProvider - Get requirements type for: D:\D\QE_Alta\capstone\web-automation-test\src\test\resources\features\Admin\TransaksiPesananHotel (D:\D\QE_Alta\capstone\web-automation-test\src\test\resources\features\Admin\TransaksiPesananHotel)
14:46:22.209 [main] DEBUG net.thucydides.core.requirements.model.cucumber.CucumberParser - Loading feature D:\D\QE_Alta\capstone\web-automation-test\src\test\resources\features\Admin\TransaksiPesananHotel\LihatDetailTransaksiPesananHotel.feature
14:46:23.531 [main] DEBUG net.thucydides.core.steps.StepInterceptor - STARTING STEP: LihatTiketKASteps.userOnLoginPage - onLoginPage
14:46:23.578 [main] INFO net.serenitybdd.core.webdriver.driverproviders.DriverProvider - Using WebDriverManager configuration for chrome
14:46:24.621 [main] DEBUG io.github.bonigarcia.wdm.cache.ResolutionCache - Resolution chrome=114 in cache (valid until 15:09:01 21/06/2023 ICT)
14:46:24.623 [main] DEBUG io.github.bonigarcia.wdm.cache.ResolutionCache - Resolution chrome114=114.0.5735.90 in cache (valid until 19:58:55 21/06/2023 ICT)
14:46:24.624 [main] INFO io.github.bonigarcia.wdm.WebDriverManager - Using chromedriver 114.0.5735.90 (resolved driver for Chrome 114)
14:46:24.667 [main] DEBUG io.github.bonigarcia.wdm.WebDriverManager - Driver chromedriver 114.0.5735.90 found in cache
14:46:24.669 [main] INFO io.github.bonigarcia.wdm.WebDriverManager - Exporting webdriver.chrome.driver as C:\Users\ADW User ACR\.cache\selenium\chromedriver\win32\114.0.5735.90\chromedriver.exe
14:46:24.801 [main] INFO net.serenitybdd.core.webdriver.driverproviders.ChromeDriverProvider - Starting Chrome driver instance with capabilities:
14:46:24.807 [main] INFO net.serenitybdd.core.webdriver.driverproviders.ChromeDriverProvider - Capabilities {acceptInsecureCerts: true, browserName: chrome, goog:chromeOptions: {args: [remote-allow-origins=*, test-type, no-sandbox, ignore-certificate-errors, start-maximized, incognito, disable-infobars, disable-gpu, disable-default-apps, disable-popup-blocking, remote-allow-origins=*, test-type, no-sandbox, ignore-certificate-errors, start-maximized, incognito, disable-infobars, disable-gpu, disable-default-apps, disable-popup-blocking, remote-allow-origins=*], extensions: []}}
14:46:24.962 [main] DEBUG io.netty.util.internal.logging.InternalLoggerFactory - Using SLF4J as the default logging framework
14:46:24.967 [main] DEBUG io.netty.util.ResourceLeakDetector - -Dio.netty.leakDetection.level: simple
14:46:24.967 [main] DEBUG io.netty.util.ResourceLeakDetector - -Dio.netty.leakDetection.targetRecords: 4
14:46:24.973 [main] DEBUG io.netty.util.ResourceLeakDetectorFactory - Loaded default ResourceLeakDetector: io.netty.util.ResourceLeakDetector@41da3aee
14:46:25.011 [main] DEBUG io.netty.util.internal.PlatformDependent0 - -Dio.netty.noUnsafe: false
14:46:25.011 [main] DEBUG io.netty.util.internal.PlatformDependent0 - Java version: 8
14:46:25.013 [main] DEBUG io.netty.util.internal.PlatformDependent0 - sun.misc.Unsafe.theUnsafe: available
14:46:25.014 [main] DEBUG io.netty.util.internal.PlatformDependent0 - sun.misc.Unsafe.copyMemory: available
14:46:25.015 [main] DEBUG io.netty.util.internal.PlatformDependent0 - sun.misc.Unsafe.storeFence: available
14:46:25.015 [main] DEBUG io.netty.util.internal.PlatformDependent0 - java.nio.Buffer.address: available
14:46:25.016 [main] DEBUG io.netty.util.internal.PlatformDependent0 - direct buffer constructor: available
14:46:25.017 [main] DEBUG io.netty.util.internal.PlatformDependent0 - java.nio.Bits.unaligned: available, true
14:46:25.017 [main] DEBUG io.netty.util.internal.PlatformDependent0 - jdk.internal.misc.Unsafe.allocateUninitializedArray(int): unavailable prior to Java9
14:46:25.017 [main] DEBUG io.netty.util.internal.PlatformDependent0 - java.nio.DirectByteBuffer.<init>(long, int): available
14:46:25.017 [main] DEBUG io.netty.util.internal.PlatformDependent - sun.misc.Unsafe: available
14:46:25.018 [main] DEBUG io.netty.util.internal.PlatformDependent - -Dio.netty.tmpdir: C:\Users\ADWUSE~1\AppData\Local\Temp (java.io.tmpdir)
14:46:25.018 [main] DEBUG io.netty.util.internal.PlatformDependent - -Dio.netty.bitMode: 64 (sun.arch.data.model)
14:46:25.019 [main] DEBUG io.netty.util.internal.PlatformDependent - Platform: Windows
14:46:25.021 [main] DEBUG io.netty.util.internal.PlatformDependent - -Dio.netty.maxDirectMemory: 1840250880 bytes
14:46:25.021 [main] DEBUG io.netty.util.internal.PlatformDependent - -Dio.netty.uninitializedArrayAllocationThreshold: -1
14:46:25.023 [main] DEBUG io.netty.util.internal.CleanerJava6 - java.nio.ByteBuffer.cleaner(): available
14:46:25.023 [main] DEBUG io.netty.util.internal.PlatformDependent - -Dio.netty.noPreferDirect: false
14:46:25.035 [main] DEBUG io.netty.util.internal.PlatformDependent - org.jctools-core.MpscChunkedArrayQueue: available
14:46:25.073 [main] DEBUG io.netty.util.internal.InternalThreadLocalMap - -Dio.netty.threadLocalMap.stringBuilder.initialSize: 1024
14:46:25.073 [main] DEBUG io.netty.util.internal.InternalThreadLocalMap - -Dio.netty.threadLocalMap.stringBuilder.maxSize: 4096
14:46:25.131 [main] DEBUG io.netty.handler.ssl.JdkSslContext - Default protocols (JDK): [TLSv1.2, TLSv1.1, TLSv1] 
14:46:25.132 [main] DEBUG io.netty.handler.ssl.JdkSslContext - Default cipher suites (JDK): [TLS_ECDHE_ECDSA_WITH_AES_256_GCM_SHA384, TLS_ECDHE_ECDSA_WITH_AES_128_GCM_SHA256, TLS_ECDHE_RSA_WITH_AES_128_GCM_SHA256, TLS_ECDHE_RSA_WITH_AES_256_GCM_SHA384, TLS_ECDHE_RSA_WITH_AES_128_CBC_SHA, TLS_ECDHE_RSA_WITH_AES_256_CBC_SHA, TLS_RSA_WITH_AES_128_GCM_SHA256, TLS_RSA_WITH_AES_128_CBC_SHA, TLS_RSA_WITH_AES_256_CBC_SHA]
14:46:25.320 [main] DEBUG io.netty.channel.MultithreadEventLoopGroup - -Dio.netty.eventLoopThreads: 8
14:46:25.339 [main] DEBUG io.netty.channel.nio.NioEventLoop - -Dio.netty.noKeySetOptimization: false
14:46:25.340 [main] DEBUG io.netty.channel.nio.NioEventLoop - -Dio.netty.selectorAutoRebuildThreshold: 512
14:46:25.389 [main] DEBUG io.netty.buffer.PooledByteBufAllocator - -Dio.netty.allocator.numHeapArenas: 8
14:46:25.390 [main] DEBUG io.netty.buffer.PooledByteBufAllocator - -Dio.netty.allocator.numDirectArenas: 8
14:46:25.390 [main] DEBUG io.netty.buffer.PooledByteBufAllocator - -Dio.netty.allocator.pageSize: 8192
14:46:25.390 [main] DEBUG io.netty.buffer.PooledByteBufAllocator - -Dio.netty.allocator.maxOrder: 9
14:46:25.390 [main] DEBUG io.netty.buffer.PooledByteBufAllocator - -Dio.netty.allocator.chunkSize: 4194304
14:46:25.390 [main] DEBUG io.netty.buffer.PooledByteBufAllocator - -Dio.netty.allocator.smallCacheSize: 256
14:46:25.390 [main] DEBUG io.netty.buffer.PooledByteBufAllocator - -Dio.netty.allocator.normalCacheSize: 64
14:46:25.390 [main] DEBUG io.netty.buffer.PooledByteBufAllocator - -Dio.netty.allocator.maxCachedBufferCapacity: 32768
14:46:25.390 [main] DEBUG io.netty.buffer.PooledByteBufAllocator - -Dio.netty.allocator.cacheTrimInterval: 8192
14:46:25.390 [main] DEBUG io.netty.buffer.PooledByteBufAllocator - -Dio.netty.allocator.cacheTrimIntervalMillis: 0
14:46:25.390 [main] DEBUG io.netty.buffer.PooledByteBufAllocator - -Dio.netty.allocator.useCacheForAllThreads: false
14:46:25.390 [main] DEBUG io.netty.buffer.PooledByteBufAllocator - -Dio.netty.allocator.maxCachedByteBuffersPerChunk: 1023
14:46:25.403 [main] DEBUG io.netty.buffer.ByteBufUtil - -Dio.netty.allocator.type: pooled
14:46:25.403 [main] DEBUG io.netty.buffer.ByteBufUtil - -Dio.netty.threadLocalDirectBufferSize: 0
14:46:25.403 [main] DEBUG io.netty.buffer.ByteBufUtil - -Dio.netty.maxThreadLocalCharBufferSize: 16384
14:46:26.413 [Forwarding newSession on session null to remote] DEBUG io.netty.channel.DefaultChannelId - -Dio.netty.processId: 18924 (auto-detected)
14:46:26.416 [Forwarding newSession on session null to remote] DEBUG io.netty.util.NetUtil - -Djava.net.preferIPv4Stack: false
14:46:26.416 [Forwarding newSession on session null to remote] DEBUG io.netty.util.NetUtil - -Djava.net.preferIPv6Addresses: false
14:46:26.744 [Forwarding newSession on session null to remote] DEBUG io.netty.util.NetUtilInitializations - Loopback interface: lo (Software Loopback Interface 1, 127.0.0.1)
14:46:26.745 [Forwarding newSession on session null to remote] DEBUG io.netty.util.NetUtil - Failed to get SOMAXCONN from sysctl and file \proc\sys\net\core\somaxconn. Default: 200
14:46:26.770 [Forwarding newSession on session null to remote] DEBUG io.netty.channel.DefaultChannelId - -Dio.netty.machineId: a4:02:b9:ff:fe:26:7f:1e (auto-detected)
14:46:26.859 [AsyncHttpClient-1-2] DEBUG io.netty.buffer.AbstractByteBuf - -Dio.netty.buffer.checkAccessible: true
14:46:26.859 [AsyncHttpClient-1-2] DEBUG io.netty.buffer.AbstractByteBuf - -Dio.netty.buffer.checkBounds: true
14:46:26.859 [AsyncHttpClient-1-2] DEBUG io.netty.util.ResourceLeakDetectorFactory - Loaded default ResourceLeakDetector: io.netty.util.ResourceLeakDetector@2a9533e0
14:46:26.881 [AsyncHttpClient-1-2] DEBUG org.asynchttpclient.netty.channel.NettyConnectListener - Using new Channel '[id: 0x18cde484, L:/127.0.0.1:53365 - R:localhost/127.0.0.1:39262]' for 'POST' to '/session'
14:46:26.909 [AsyncHttpClient-1-2] DEBUG io.netty.util.Recycler - -Dio.netty.recycler.maxCapacityPerThread: 4096
14:46:26.909 [AsyncHttpClient-1-2] DEBUG io.netty.util.Recycler - -Dio.netty.recycler.ratio: 8
14:46:26.909 [AsyncHttpClient-1-2] DEBUG io.netty.util.Recycler - -Dio.netty.recycler.chunkSize: 32
14:46:26.909 [AsyncHttpClient-1-2] DEBUG io.netty.util.Recycler - -Dio.netty.recycler.blocking: false
14:46:28.465 [AsyncHttpClient-1-2] DEBUG io.netty.handler.codec.compression.Brotli - brotli4j not in the classpath; Brotli support will be unavailable.
14:46:28.466 [AsyncHttpClient-1-2] DEBUG org.asynchttpclient.netty.handler.HttpHandler - 

Request DefaultHttpRequest(decodeResult: success, version: HTTP/1.1)
POST /session HTTP/1.1
User-Agent: selenium/4.8.1 (java windows)
Content-Length: 1701
Content-Type: application/json; charset=utf-8
host: localhost:39262
accept: */*

Response DefaultHttpResponse(decodeResult: success, version: HTTP/1.1)
HTTP/1.1 200 OK
Content-Length: 862
Content-Type: application/json; charset=utf-8
cache-control: no-cache

14:46:28.482 [AsyncHttpClient-1-2] DEBUG org.asynchttpclient.netty.channel.ChannelManager - Adding key: http://localhost:39262 for channel [id: 0x18cde484, L:/127.0.0.1:53365 - R:localhost/127.0.0.1:39262]
14:46:28.692 [AsyncHttpClient-1-3] DEBUG org.asynchttpclient.netty.channel.NettyConnectListener - Using new Channel '[id: 0x92f09059, L:/127.0.0.1:53374 - R:localhost/127.0.0.1:53367]' for 'GET' to '/json/version'
14:46:28.698 [AsyncHttpClient-1-3] DEBUG org.asynchttpclient.netty.handler.HttpHandler - 

Request DefaultFullHttpRequest(decodeResult: success, version: HTTP/1.1, content: EmptyByteBufBE)
GET /json/version HTTP/1.1
User-Agent: selenium/4.8.1 (java windows)
host: localhost:53367
accept: */*

Response DefaultHttpResponse(decodeResult: success, version: HTTP/1.1)
HTTP/1.1 200 OK
Content-Security-Policy: frame-ancestors 'none'
Content-Length: 424
Content-Type: application/json; charset=UTF-8

14:46:28.699 [AsyncHttpClient-1-3] DEBUG org.asynchttpclient.netty.channel.ChannelManager - Adding key: http://localhost:53367 for channel [id: 0x92f09059, L:/127.0.0.1:53374 - R:localhost/127.0.0.1:53367]
14:46:28.717 [main] DEBUG io.netty.util.internal.ThreadLocalRandom - -Dio.netty.initialSeedUniquifier: 0x55d35735bd281505
14:46:28.731 [AsyncHttpClient-1-4] DEBUG org.asynchttpclient.netty.channel.NettyConnectListener - Using new Channel '[id: 0x01653cb0, L:/127.0.0.1:53375 - R:localhost/127.0.0.1:53367]' for 'GET' to '/devtools/browser/1777018a-427e-42dd-9f9c-aa080f579834'
14:46:28.734 [AsyncHttpClient-1-4] DEBUG org.asynchttpclient.netty.handler.WebSocketHandler - 

Request DefaultFullHttpRequest(decodeResult: success, version: HTTP/1.1, content: EmptyByteBufBE)
GET /devtools/browser/1777018a-427e-42dd-9f9c-aa080f579834 HTTP/1.1
upgrade: websocket
connection: upgrade
sec-websocket-key: EasbwPLuTaI+9C3R78LP6Q==
sec-websocket-version: 13
origin: http://localhost:53367
host: localhost:53367
accept: */*
user-agent: AHC/2.1

Response DefaultHttpResponse(decodeResult: success, version: HTTP/1.1)
HTTP/1.1 101 WebSocket Protocol Handshake
Upgrade: WebSocket
Connection: Upgrade
Sec-WebSocket-Accept: KklTuQOzyxOo7JTFnmL/uWdDKmE=

14:46:28.955 [Forwarding get on session 454e4fcb868bc034347a00f58855a69f to remote] DEBUG org.asynchttpclient.netty.request.NettyRequestSender - Using pooled Channel '[id: 0x18cde484, L:/127.0.0.1:53365 - R:localhost/127.0.0.1:39262]' for 'POST' to 'http://localhost:39262/session/454e4fcb868bc034347a00f58855a69f/url'
14:46:28.955 [Forwarding get on session 454e4fcb868bc034347a00f58855a69f to remote] DEBUG org.asynchttpclient.netty.request.NettyRequestSender - Using open Channel [id: 0x18cde484, L:/127.0.0.1:53365 - R:localhost/127.0.0.1:39262] for POST '/session/454e4fcb868bc034347a00f58855a69f/url'
14:46:29.553 [AsyncHttpClient-1-1] DEBUG org.asynchttpclient.netty.channel.DefaultChannelPool - Entry count for : http://localhost:53367 : 1
14:46:29.948 [AsyncHttpClient-1-2] DEBUG org.asynchttpclient.netty.handler.HttpHandler - 

Request DefaultHttpRequest(decodeResult: success, version: HTTP/1.1)
POST /session/454e4fcb868bc034347a00f58855a69f/url HTTP/1.1
User-Agent: selenium/4.8.1 (java windows)
Content-Length: 64
Content-Type: application/json; charset=utf-8
host: localhost:39262
accept: */*

Response DefaultHttpResponse(decodeResult: success, version: HTTP/1.1)
HTTP/1.1 200 OK
Content-Length: 14
Content-Type: application/json; charset=utf-8
cache-control: no-cache

14:46:29.949 [AsyncHttpClient-1-2] DEBUG org.asynchttpclient.netty.channel.ChannelManager - Adding key: http://localhost:39262 for channel [id: 0x18cde484, L:/127.0.0.1:53365 - R:localhost/127.0.0.1:39262]
14:46:29.958 [Forwarding setTimeout on session 454e4fcb868bc034347a00f58855a69f to remote] DEBUG org.asynchttpclient.netty.request.NettyRequestSender - Using pooled Channel '[id: 0x18cde484, L:/127.0.0.1:53365 - R:localhost/127.0.0.1:39262]' for 'POST' to 'http://localhost:39262/session/454e4fcb868bc034347a00f58855a69f/timeouts'
14:46:29.958 [Forwarding setTimeout on session 454e4fcb868bc034347a00f58855a69f to remote] DEBUG org.asynchttpclient.netty.request.NettyRequestSender - Using open Channel [id: 0x18cde484, L:/127.0.0.1:53365 - R:localhost/127.0.0.1:39262] for POST '/session/454e4fcb868bc034347a00f58855a69f/timeouts'
14:46:29.965 [AsyncHttpClient-1-2] DEBUG org.asynchttpclient.netty.handler.HttpHandler - 

Request DefaultHttpRequest(decodeResult: success, version: HTTP/1.1)
POST /session/454e4fcb868bc034347a00f58855a69f/timeouts HTTP/1.1
User-Agent: selenium/4.8.1 (java windows)
Content-Length: 22
Content-Type: application/json; charset=utf-8
host: localhost:39262
accept: */*

Response DefaultHttpResponse(decodeResult: success, version: HTTP/1.1)
HTTP/1.1 200 OK
Content-Length: 14
Content-Type: application/json; charset=utf-8
cache-control: no-cache

14:46:29.965 [AsyncHttpClient-1-2] DEBUG org.asynchttpclient.netty.channel.ChannelManager - Adding key: http://localhost:39262 for channel [id: 0x18cde484, L:/127.0.0.1:53365 - R:localhost/127.0.0.1:39262]
14:46:30.010 [Forwarding findElement on session 454e4fcb868bc034347a00f58855a69f to remote] DEBUG org.asynchttpclient.netty.request.NettyRequestSender - Using pooled Channel '[id: 0x18cde484, L:/127.0.0.1:53365 - R:localhost/127.0.0.1:39262]' for 'POST' to 'http://localhost:39262/session/454e4fcb868bc034347a00f58855a69f/element'
14:46:30.011 [Forwarding findElement on session 454e4fcb868bc034347a00f58855a69f to remote] DEBUG org.asynchttpclient.netty.request.NettyRequestSender - Using open Channel [id: 0x18cde484, L:/127.0.0.1:53365 - R:localhost/127.0.0.1:39262] for POST '/session/454e4fcb868bc034347a00f58855a69f/element'
14:46:30.056 [AsyncHttpClient-1-2] DEBUG org.asynchttpclient.netty.handler.HttpHandler - 

Request DefaultHttpRequest(decodeResult: success, version: HTTP/1.1)
POST /session/454e4fcb868bc034347a00f58855a69f/element HTTP/1.1
User-Agent: selenium/4.8.1 (java windows)
Content-Length: 67
Content-Type: application/json; charset=utf-8
host: localhost:39262
accept: */*

Response DefaultHttpResponse(decodeResult: success, version: HTTP/1.1)
HTTP/1.1 200 OK
Content-Length: 95
Content-Type: application/json; charset=utf-8
cache-control: no-cache

14:46:30.056 [AsyncHttpClient-1-2] DEBUG org.asynchttpclient.netty.channel.ChannelManager - Adding key: http://localhost:39262 for channel [id: 0x18cde484, L:/127.0.0.1:53365 - R:localhost/127.0.0.1:39262]
14:46:30.100 [Forwarding isElementDisplayed on session 454e4fcb868bc034347a00f58855a69f to remote] DEBUG org.asynchttpclient.netty.request.NettyRequestSender - Using pooled Channel '[id: 0x18cde484, L:/127.0.0.1:53365 - R:localhost/127.0.0.1:39262]' for 'POST' to 'http://localhost:39262/session/454e4fcb868bc034347a00f58855a69f/execute/sync'
14:46:30.100 [Forwarding isElementDisplayed on session 454e4fcb868bc034347a00f58855a69f to remote] DEBUG org.asynchttpclient.netty.request.NettyRequestSender - Using open Channel [id: 0x18cde484, L:/127.0.0.1:53365 - R:localhost/127.0.0.1:39262] for POST '/session/454e4fcb868bc034347a00f58855a69f/execute/sync'
14:46:30.150 [AsyncHttpClient-1-2] DEBUG org.asynchttpclient.netty.handler.HttpHandler - 

Request DefaultHttpRequest(decodeResult: success, version: HTTP/1.1)
POST /session/454e4fcb868bc034347a00f58855a69f/execute/sync HTTP/1.1
User-Agent: selenium/4.8.1 (java windows)
Content-Length: 48814
Content-Type: application/json; charset=utf-8
host: localhost:39262
accept: */*

Response DefaultHttpResponse(decodeResult: success, version: HTTP/1.1)
HTTP/1.1 200 OK
Content-Length: 14
Content-Type: application/json; charset=utf-8
cache-control: no-cache

14:46:30.151 [AsyncHttpClient-1-2] DEBUG org.asynchttpclient.netty.channel.ChannelManager - Adding key: http://localhost:39262 for channel [id: 0x18cde484, L:/127.0.0.1:53365 - R:localhost/127.0.0.1:39262]
14:46:30.163 [Forwarding isElementDisplayed on session 454e4fcb868bc034347a00f58855a69f to remote] DEBUG org.asynchttpclient.netty.request.NettyRequestSender - Using pooled Channel '[id: 0x18cde484, L:/127.0.0.1:53365 - R:localhost/127.0.0.1:39262]' for 'POST' to 'http://localhost:39262/session/454e4fcb868bc034347a00f58855a69f/execute/sync'
14:46:30.163 [Forwarding isElementDisplayed on session 454e4fcb868bc034347a00f58855a69f to remote] DEBUG org.asynchttpclient.netty.request.NettyRequestSender - Using open Channel [id: 0x18cde484, L:/127.0.0.1:53365 - R:localhost/127.0.0.1:39262] for POST '/session/454e4fcb868bc034347a00f58855a69f/execute/sync'
14:46:30.230 [AsyncHttpClient-1-2] DEBUG org.asynchttpclient.netty.handler.HttpHandler - 

Request DefaultHttpRequest(decodeResult: success, version: HTTP/1.1)
POST /session/454e4fcb868bc034347a00f58855a69f/execute/sync HTTP/1.1
User-Agent: selenium/4.8.1 (java windows)
Content-Length: 48814
Content-Type: application/json; charset=utf-8
host: localhost:39262
accept: */*

Response DefaultHttpResponse(decodeResult: success, version: HTTP/1.1)
HTTP/1.1 200 OK
Content-Length: 14
Content-Type: application/json; charset=utf-8
cache-control: no-cache

14:46:30.231 [AsyncHttpClient-1-2] DEBUG org.asynchttpclient.netty.channel.ChannelManager - Adding key: http://localhost:39262 for channel [id: 0x18cde484, L:/127.0.0.1:53365 - R:localhost/127.0.0.1:39262]
14:46:30.266 [main] DEBUG net.thucydides.core.steps.StepInterceptor - STEP DONE: onLoginPage
  &amp#27;[32mGiven &amp#27;[0m&amp#27;[32muser on login page to see ticket ka&amp#27;[0m           &amp#27;[90m# starter.stepdefinitions.Admin.DaftarTiketKeretaApi.LihatTiketKASteps.userOnLoginPage()&amp#27;[0m
14:46:30.306 [main] DEBUG net.thucydides.core.steps.StepInterceptor - STARTING STEP: LihatTiketKASteps.userInputEmail - inputEmail
14:46:30.318 [Forwarding findElement on session 454e4fcb868bc034347a00f58855a69f to remote] DEBUG org.asynchttpclient.netty.request.NettyRequestSender - Using pooled Channel '[id: 0x18cde484, L:/127.0.0.1:53365 - R:localhost/127.0.0.1:39262]' for 'POST' to 'http://localhost:39262/session/454e4fcb868bc034347a00f58855a69f/element'
14:46:30.318 [Forwarding findElement on session 454e4fcb868bc034347a00f58855a69f to remote] DEBUG org.asynchttpclient.netty.request.NettyRequestSender - Using open Channel [id: 0x18cde484, L:/127.0.0.1:53365 - R:localhost/127.0.0.1:39262] for POST '/session/454e4fcb868bc034347a00f58855a69f/element'
14:46:30.338 [AsyncHttpClient-1-2] DEBUG org.asynchttpclient.netty.handler.HttpHandler - 

Request DefaultHttpRequest(decodeResult: success, version: HTTP/1.1)
POST /session/454e4fcb868bc034347a00f58855a69f/element HTTP/1.1
User-Agent: selenium/4.8.1 (java windows)
Content-Length: 59
Content-Type: application/json; charset=utf-8
host: localhost:39262
accept: */*

Response DefaultHttpResponse(decodeResult: success, version: HTTP/1.1)
HTTP/1.1 200 OK
Content-Length: 94
Content-Type: application/json; charset=utf-8
cache-control: no-cache

14:46:30.339 [AsyncHttpClient-1-2] DEBUG org.asynchttpclient.netty.channel.ChannelManager - Adding key: http://localhost:39262 for channel [id: 0x18cde484, L:/127.0.0.1:53365 - R:localhost/127.0.0.1:39262]
14:46:30.343 [Forwarding clearElement on session 454e4fcb868bc034347a00f58855a69f to remote] DEBUG org.asynchttpclient.netty.request.NettyRequestSender - Using pooled Channel '[id: 0x18cde484, L:/127.0.0.1:53365 - R:localhost/127.0.0.1:39262]' for 'POST' to 'http://localhost:39262/session/454e4fcb868bc034347a00f58855a69f/element/166C93E08C45D996A09688B170296328_element_3/clear'
14:46:30.343 [Forwarding clearElement on session 454e4fcb868bc034347a00f58855a69f to remote] DEBUG org.asynchttpclient.netty.request.NettyRequestSender - Using open Channel [id: 0x18cde484, L:/127.0.0.1:53365 - R:localhost/127.0.0.1:39262] for POST '/session/454e4fcb868bc034347a00f58855a69f/element/166C93E08C45D996A09688B170296328_element_3/clear'
14:46:30.418 [AsyncHttpClient-1-2] DEBUG org.asynchttpclient.netty.handler.HttpHandler - 

Request DefaultHttpRequest(decodeResult: success, version: HTTP/1.1)
POST /session/454e4fcb868bc034347a00f58855a69f/element/166C93E08C45D996A09688B170296328_element_3/clear HTTP/1.1
User-Agent: selenium/4.8.1 (java windows)
Content-Length: 56
Content-Type: application/json; charset=utf-8
host: localhost:39262
accept: */*

Response DefaultHttpResponse(decodeResult: success, version: HTTP/1.1)
HTTP/1.1 200 OK
Content-Length: 14
Content-Type: application/json; charset=utf-8
cache-control: no-cache

14:46:30.418 [AsyncHttpClient-1-2] DEBUG org.asynchttpclient.netty.channel.ChannelManager - Adding key: http://localhost:39262 for channel [id: 0x18cde484, L:/127.0.0.1:53365 - R:localhost/127.0.0.1:39262]
14:46:30.438 [Forwarding sendKeysToElement on session 454e4fcb868bc034347a00f58855a69f to remote] DEBUG org.asynchttpclient.netty.request.NettyRequestSender - Using pooled Channel '[id: 0x18cde484, L:/127.0.0.1:53365 - R:localhost/127.0.0.1:39262]' for 'POST' to 'http://localhost:39262/session/454e4fcb868bc034347a00f58855a69f/element/166C93E08C45D996A09688B170296328_element_3/value'
14:46:30.439 [Forwarding sendKeysToElement on session 454e4fcb868bc034347a00f58855a69f to remote] DEBUG org.asynchttpclient.netty.request.NettyRequestSender - Using open Channel [id: 0x18cde484, L:/127.0.0.1:53365 - R:localhost/127.0.0.1:39262] for POST '/session/454e4fcb868bc034347a00f58855a69f/element/166C93E08C45D996A09688B170296328_element_3/value'
14:46:30.668 [AsyncHttpClient-1-1] DEBUG org.asynchttpclient.netty.channel.DefaultChannelPool - Entry count for : http://localhost:53367 : 1
14:46:30.965 [AsyncHttpClient-1-2] DEBUG org.asynchttpclient.netty.handler.HttpHandler - 

Request DefaultHttpRequest(decodeResult: success, version: HTTP/1.1)
POST /session/454e4fcb868bc034347a00f58855a69f/element/166C93E08C45D996A09688B170296328_element_3/value HTTP/1.1
User-Agent: selenium/4.8.1 (java windows)
Content-Length: 237
Content-Type: application/json; charset=utf-8
host: localhost:39262
accept: */*

Response DefaultHttpResponse(decodeResult: success, version: HTTP/1.1)
HTTP/1.1 200 OK
Content-Length: 14
Content-Type: application/json; charset=utf-8
cache-control: no-cache

14:46:30.966 [AsyncHttpClient-1-2] DEBUG org.asynchttpclient.netty.channel.ChannelManager - Adding key: http://localhost:39262 for channel [id: 0x18cde484, L:/127.0.0.1:53365 - R:localhost/127.0.0.1:39262]
14:46:30.981 [main] DEBUG net.thucydides.core.steps.StepInterceptor - STEP DONE: inputEmail
  &amp#27;[32mWhen &amp#27;[0m&amp#27;[32muser input email to see ticket ka&amp#27;[0m              &amp#27;[90m# starter.stepdefinitions.Admin.DaftarTiketKeretaApi.LihatTiketKASteps.userInputEmail()&amp#27;[0m
14:46:31.000 [main] DEBUG net.thucydides.core.steps.StepInterceptor - STARTING STEP: LihatTiketKASteps.userInputPassword - inputPassword
14:46:31.012 [Forwarding findElement on session 454e4fcb868bc034347a00f58855a69f to remote] DEBUG org.asynchttpclient.netty.request.NettyRequestSender - Using pooled Channel '[id: 0x18cde484, L:/127.0.0.1:53365 - R:localhost/127.0.0.1:39262]' for 'POST' to 'http://localhost:39262/session/454e4fcb868bc034347a00f58855a69f/element'
14:46:31.013 [Forwarding findElement on session 454e4fcb868bc034347a00f58855a69f to remote] DEBUG org.asynchttpclient.netty.request.NettyRequestSender - Using open Channel [id: 0x18cde484, L:/127.0.0.1:53365 - R:localhost/127.0.0.1:39262] for POST '/session/454e4fcb868bc034347a00f58855a69f/element'
14:46:31.041 [AsyncHttpClient-1-2] DEBUG org.asynchttpclient.netty.handler.HttpHandler - 

Request DefaultHttpRequest(decodeResult: success, version: HTTP/1.1)
POST /session/454e4fcb868bc034347a00f58855a69f/element HTTP/1.1
User-Agent: selenium/4.8.1 (java windows)
Content-Length: 62
Content-Type: application/json; charset=utf-8
host: localhost:39262
accept: */*

Response DefaultHttpResponse(decodeResult: success, version: HTTP/1.1)
HTTP/1.1 200 OK
Content-Length: 94
Content-Type: application/json; charset=utf-8
cache-control: no-cache

14:46:31.042 [AsyncHttpClient-1-2] DEBUG org.asynchttpclient.netty.channel.ChannelManager - Adding key: http://localhost:39262 for channel [id: 0x18cde484, L:/127.0.0.1:53365 - R:localhost/127.0.0.1:39262]
14:46:31.046 [Forwarding clearElement on session 454e4fcb868bc034347a00f58855a69f to remote] DEBUG org.asynchttpclient.netty.request.NettyRequestSender - Using pooled Channel '[id: 0x18cde484, L:/127.0.0.1:53365 - R:localhost/127.0.0.1:39262]' for 'POST' to 'http://localhost:39262/session/454e4fcb868bc034347a00f58855a69f/element/166C93E08C45D996A09688B170296328_element_5/clear'
14:46:31.046 [Forwarding clearElement on session 454e4fcb868bc034347a00f58855a69f to remote] DEBUG org.asynchttpclient.netty.request.NettyRequestSender - Using open Channel [id: 0x18cde484, L:/127.0.0.1:53365 - R:localhost/127.0.0.1:39262] for POST '/session/454e4fcb868bc034347a00f58855a69f/element/166C93E08C45D996A09688B170296328_element_5/clear'
14:46:31.098 [AsyncHttpClient-1-2] DEBUG org.asynchttpclient.netty.handler.HttpHandler - 

Request DefaultHttpRequest(decodeResult: success, version: HTTP/1.1)
POST /session/454e4fcb868bc034347a00f58855a69f/element/166C93E08C45D996A09688B170296328_element_5/clear HTTP/1.1
User-Agent: selenium/4.8.1 (java windows)
Content-Length: 56
Content-Type: application/json; charset=utf-8
host: localhost:39262
accept: */*

Response DefaultHttpResponse(decodeResult: success, version: HTTP/1.1)
HTTP/1.1 200 OK
Content-Length: 14
Content-Type: application/json; charset=utf-8
cache-control: no-cache

14:46:31.099 [AsyncHttpClient-1-2] DEBUG org.asynchttpclient.netty.channel.ChannelManager - Adding key: http://localhost:39262 for channel [id: 0x18cde484, L:/127.0.0.1:53365 - R:localhost/127.0.0.1:39262]
14:46:31.106 [Forwarding sendKeysToElement on session 454e4fcb868bc034347a00f58855a69f to remote] DEBUG org.asynchttpclient.netty.request.NettyRequestSender - Using pooled Channel '[id: 0x18cde484, L:/127.0.0.1:53365 - R:localhost/127.0.0.1:39262]' for 'POST' to 'http://localhost:39262/session/454e4fcb868bc034347a00f58855a69f/element/166C93E08C45D996A09688B170296328_element_5/value'
14:46:31.106 [Forwarding sendKeysToElement on session 454e4fcb868bc034347a00f58855a69f to remote] DEBUG org.asynchttpclient.netty.request.NettyRequestSender - Using open Channel [id: 0x18cde484, L:/127.0.0.1:53365 - R:localhost/127.0.0.1:39262] for POST '/session/454e4fcb868bc034347a00f58855a69f/element/166C93E08C45D996A09688B170296328_element_5/value'
14:46:31.245 [AsyncHttpClient-1-2] DEBUG org.asynchttpclient.netty.handler.HttpHandler - 

Request DefaultHttpRequest(decodeResult: success, version: HTTP/1.1)
POST /session/454e4fcb868bc034347a00f58855a69f/element/166C93E08C45D996A09688B170296328_element_5/value HTTP/1.1
User-Agent: selenium/4.8.1 (java windows)
Content-Length: 177
Content-Type: application/json; charset=utf-8
host: localhost:39262
accept: */*

Response DefaultHttpResponse(decodeResult: success, version: HTTP/1.1)
HTTP/1.1 200 OK
Content-Length: 14
Content-Type: application/json; charset=utf-8
cache-control: no-cache

14:46:31.246 [AsyncHttpClient-1-2] DEBUG org.asynchttpclient.netty.channel.ChannelManager - Adding key: http://localhost:39262 for channel [id: 0x18cde484, L:/127.0.0.1:53365 - R:localhost/127.0.0.1:39262]
14:46:31.253 [main] DEBUG net.thucydides.core.steps.StepInterceptor - STEP DONE: inputPassword
  &amp#27;[32mAnd &amp#27;[0m&amp#27;[32muser input password to see ticket ka&amp#27;[0m            &amp#27;[90m# starter.stepdefinitions.Admin.DaftarTiketKeretaApi.LihatTiketKASteps.userInputPassword()&amp#27;[0m
14:46:31.269 [main] DEBUG net.thucydides.core.steps.StepInterceptor - STARTING STEP: LihatTiketKASteps.userClickLogin - clickLoginButton
14:46:31.289 [Forwarding findElement on session 454e4fcb868bc034347a00f58855a69f to remote] DEBUG org.asynchttpclient.netty.request.NettyRequestSender - Using pooled Channel '[id: 0x18cde484, L:/127.0.0.1:53365 - R:localhost/127.0.0.1:39262]' for 'POST' to 'http://localhost:39262/session/454e4fcb868bc034347a00f58855a69f/element'
14:46:31.289 [Forwarding findElement on session 454e4fcb868bc034347a00f58855a69f to remote] DEBUG org.asynchttpclient.netty.request.NettyRequestSender - Using open Channel [id: 0x18cde484, L:/127.0.0.1:53365 - R:localhost/127.0.0.1:39262] for POST '/session/454e4fcb868bc034347a00f58855a69f/element'
14:46:31.318 [AsyncHttpClient-1-2] DEBUG org.asynchttpclient.netty.handler.HttpHandler - 

Request DefaultHttpRequest(decodeResult: success, version: HTTP/1.1)
POST /session/454e4fcb868bc034347a00f58855a69f/element HTTP/1.1
User-Agent: selenium/4.8.1 (java windows)
Content-Length: 97
Content-Type: application/json; charset=utf-8
host: localhost:39262
accept: */*

Response DefaultHttpResponse(decodeResult: success, version: HTTP/1.1)
HTTP/1.1 200 OK
Content-Length: 94
Content-Type: application/json; charset=utf-8
cache-control: no-cache

14:46:31.319 [AsyncHttpClient-1-2] DEBUG org.asynchttpclient.netty.channel.ChannelManager - Adding key: http://localhost:39262 for channel [id: 0x18cde484, L:/127.0.0.1:53365 - R:localhost/127.0.0.1:39262]
14:46:31.323 [Forwarding getElementTagName on session 454e4fcb868bc034347a00f58855a69f to remote] DEBUG org.asynchttpclient.netty.request.NettyRequestSender - Using pooled Channel '[id: 0x18cde484, L:/127.0.0.1:53365 - R:localhost/127.0.0.1:39262]' for 'GET' to 'http://localhost:39262/session/454e4fcb868bc034347a00f58855a69f/element/166C93E08C45D996A09688B170296328_element_8/name'
14:46:31.323 [Forwarding getElementTagName on session 454e4fcb868bc034347a00f58855a69f to remote] DEBUG org.asynchttpclient.netty.request.NettyRequestSender - Using open Channel [id: 0x18cde484, L:/127.0.0.1:53365 - R:localhost/127.0.0.1:39262] for GET '/session/454e4fcb868bc034347a00f58855a69f/element/166C93E08C45D996A09688B170296328_element_8/name'
14:46:31.332 [AsyncHttpClient-1-2] DEBUG org.asynchttpclient.netty.handler.HttpHandler - 

Request DefaultFullHttpRequest(decodeResult: success, version: HTTP/1.1, content: EmptyByteBufBE)
GET /session/454e4fcb868bc034347a00f58855a69f/element/166C93E08C45D996A09688B170296328_element_8/name HTTP/1.1
User-Agent: selenium/4.8.1 (java windows)
Cache-Control: no-cache
Content-Type: application/json; charset=utf-8
host: localhost:39262
accept: */*

Response DefaultHttpResponse(decodeResult: success, version: HTTP/1.1)
HTTP/1.1 200 OK
Content-Length: 18
Content-Type: application/json; charset=utf-8
cache-control: no-cache

14:46:31.333 [AsyncHttpClient-1-2] DEBUG org.asynchttpclient.netty.channel.ChannelManager - Adding key: http://localhost:39262 for channel [id: 0x18cde484, L:/127.0.0.1:53365 - R:localhost/127.0.0.1:39262]
14:46:31.336 [Forwarding getElementTagName on session 454e4fcb868bc034347a00f58855a69f to remote] DEBUG org.asynchttpclient.netty.request.NettyRequestSender - Using pooled Channel '[id: 0x18cde484, L:/127.0.0.1:53365 - R:localhost/127.0.0.1:39262]' for 'GET' to 'http://localhost:39262/session/454e4fcb868bc034347a00f58855a69f/element/166C93E08C45D996A09688B170296328_element_8/name'
14:46:31.336 [Forwarding getElementTagName on session 454e4fcb868bc034347a00f58855a69f to remote] DEBUG org.asynchttpclient.netty.request.NettyRequestSender - Using open Channel [id: 0x18cde484, L:/127.0.0.1:53365 - R:localhost/127.0.0.1:39262] for GET '/session/454e4fcb868bc034347a00f58855a69f/element/166C93E08C45D996A09688B170296328_element_8/name'
14:46:31.348 [AsyncHttpClient-1-2] DEBUG org.asynchttpclient.netty.handler.HttpHandler - 

Request DefaultFullHttpRequest(decodeResult: success, version: HTTP/1.1, content: EmptyByteBufBE)
GET /session/454e4fcb868bc034347a00f58855a69f/element/166C93E08C45D996A09688B170296328_element_8/name HTTP/1.1
User-Agent: selenium/4.8.1 (java windows)
Cache-Control: no-cache
Content-Type: application/json; charset=utf-8
host: localhost:39262
accept: */*

Response DefaultHttpResponse(decodeResult: success, version: HTTP/1.1)
HTTP/1.1 200 OK
Content-Length: 18
Content-Type: application/json; charset=utf-8
cache-control: no-cache

14:46:31.348 [AsyncHttpClient-1-2] DEBUG org.asynchttpclient.netty.channel.ChannelManager - Adding key: http://localhost:39262 for channel [id: 0x18cde484, L:/127.0.0.1:53365 - R:localhost/127.0.0.1:39262]
14:46:31.356 [Forwarding isElementEnabled on session 454e4fcb868bc034347a00f58855a69f to remote] DEBUG org.asynchttpclient.netty.request.NettyRequestSender - Using pooled Channel '[id: 0x18cde484, L:/127.0.0.1:53365 - R:localhost/127.0.0.1:39262]' for 'GET' to 'http://localhost:39262/session/454e4fcb868bc034347a00f58855a69f/element/166C93E08C45D996A09688B170296328_element_8/enabled'
14:46:31.356 [Forwarding isElementEnabled on session 454e4fcb868bc034347a00f58855a69f to remote] DEBUG org.asynchttpclient.netty.request.NettyRequestSender - Using open Channel [id: 0x18cde484, L:/127.0.0.1:53365 - R:localhost/127.0.0.1:39262] for GET '/session/454e4fcb868bc034347a00f58855a69f/element/166C93E08C45D996A09688B170296328_element_8/enabled'
14:46:31.369 [AsyncHttpClient-1-2] DEBUG org.asynchttpclient.netty.handler.HttpHandler - 

Request DefaultFullHttpRequest(decodeResult: success, version: HTTP/1.1, content: EmptyByteBufBE)
GET /session/454e4fcb868bc034347a00f58855a69f/element/166C93E08C45D996A09688B170296328_element_8/enabled HTTP/1.1
User-Agent: selenium/4.8.1 (java windows)
Cache-Control: no-cache
Content-Type: application/json; charset=utf-8
host: localhost:39262
accept: */*

Response DefaultHttpResponse(decodeResult: success, version: HTTP/1.1)
HTTP/1.1 200 OK
Content-Length: 14
Content-Type: application/json; charset=utf-8
cache-control: no-cache

14:46:31.369 [AsyncHttpClient-1-2] DEBUG org.asynchttpclient.netty.channel.ChannelManager - Adding key: http://localhost:39262 for channel [id: 0x18cde484, L:/127.0.0.1:53365 - R:localhost/127.0.0.1:39262]
14:46:31.373 [Forwarding isElementEnabled on session 454e4fcb868bc034347a00f58855a69f to remote] DEBUG org.asynchttpclient.netty.request.NettyRequestSender - Using pooled Channel '[id: 0x18cde484, L:/127.0.0.1:53365 - R:localhost/127.0.0.1:39262]' for 'GET' to 'http://localhost:39262/session/454e4fcb868bc034347a00f58855a69f/element/166C93E08C45D996A09688B170296328_element_8/enabled'
14:46:31.373 [Forwarding isElementEnabled on session 454e4fcb868bc034347a00f58855a69f to remote] DEBUG org.asynchttpclient.netty.request.NettyRequestSender - Using open Channel [id: 0x18cde484, L:/127.0.0.1:53365 - R:localhost/127.0.0.1:39262] for GET '/session/454e4fcb868bc034347a00f58855a69f/element/166C93E08C45D996A09688B170296328_element_8/enabled'
14:46:31.384 [AsyncHttpClient-1-2] DEBUG org.asynchttpclient.netty.handler.HttpHandler - 

Request DefaultFullHttpRequest(decodeResult: success, version: HTTP/1.1, content: EmptyByteBufBE)
GET /session/454e4fcb868bc034347a00f58855a69f/element/166C93E08C45D996A09688B170296328_element_8/enabled HTTP/1.1
User-Agent: selenium/4.8.1 (java windows)
Cache-Control: no-cache
Content-Type: application/json; charset=utf-8
host: localhost:39262
accept: */*

Response DefaultHttpResponse(decodeResult: success, version: HTTP/1.1)
HTTP/1.1 200 OK
Content-Length: 14
Content-Type: application/json; charset=utf-8
cache-control: no-cache

14:46:31.384 [AsyncHttpClient-1-2] DEBUG org.asynchttpclient.netty.channel.ChannelManager - Adding key: http://localhost:39262 for channel [id: 0x18cde484, L:/127.0.0.1:53365 - R:localhost/127.0.0.1:39262]
14:46:31.390 [Forwarding findElement on session 454e4fcb868bc034347a00f58855a69f to remote] DEBUG org.asynchttpclient.netty.request.NettyRequestSender - Using pooled Channel '[id: 0x18cde484, L:/127.0.0.1:53365 - R:localhost/127.0.0.1:39262]' for 'POST' to 'http://localhost:39262/session/454e4fcb868bc034347a00f58855a69f/element'
14:46:31.390 [Forwarding findElement on session 454e4fcb868bc034347a00f58855a69f to remote] DEBUG org.asynchttpclient.netty.request.NettyRequestSender - Using open Channel [id: 0x18cde484, L:/127.0.0.1:53365 - R:localhost/127.0.0.1:39262] for POST '/session/454e4fcb868bc034347a00f58855a69f/element'
14:46:31.403 [AsyncHttpClient-1-2] DEBUG org.asynchttpclient.netty.handler.HttpHandler - 

Request DefaultHttpRequest(decodeResult: success, version: HTTP/1.1)
POST /session/454e4fcb868bc034347a00f58855a69f/element HTTP/1.1
User-Agent: selenium/4.8.1 (java windows)
Content-Length: 97
Content-Type: application/json; charset=utf-8
host: localhost:39262
accept: */*

Response DefaultHttpResponse(decodeResult: success, version: HTTP/1.1)
HTTP/1.1 200 OK
Content-Length: 94
Content-Type: application/json; charset=utf-8
cache-control: no-cache

14:46:31.404 [AsyncHttpClient-1-2] DEBUG org.asynchttpclient.netty.channel.ChannelManager - Adding key: http://localhost:39262 for channel [id: 0x18cde484, L:/127.0.0.1:53365 - R:localhost/127.0.0.1:39262]
14:46:31.407 [Forwarding clickElement on session 454e4fcb868bc034347a00f58855a69f to remote] DEBUG org.asynchttpclient.netty.request.NettyRequestSender - Using pooled Channel '[id: 0x18cde484, L:/127.0.0.1:53365 - R:localhost/127.0.0.1:39262]' for 'POST' to 'http://localhost:39262/session/454e4fcb868bc034347a00f58855a69f/element/166C93E08C45D996A09688B170296328_element_8/click'
14:46:31.407 [Forwarding clickElement on session 454e4fcb868bc034347a00f58855a69f to remote] DEBUG org.asynchttpclient.netty.request.NettyRequestSender - Using open Channel [id: 0x18cde484, L:/127.0.0.1:53365 - R:localhost/127.0.0.1:39262] for POST '/session/454e4fcb868bc034347a00f58855a69f/element/166C93E08C45D996A09688B170296328_element_8/click'
14:46:31.485 [AsyncHttpClient-1-2] DEBUG org.asynchttpclient.netty.handler.HttpHandler - 

Request DefaultHttpRequest(decodeResult: success, version: HTTP/1.1)
POST /session/454e4fcb868bc034347a00f58855a69f/element/166C93E08C45D996A09688B170296328_element_8/click HTTP/1.1
User-Agent: selenium/4.8.1 (java windows)
Content-Length: 56
Content-Type: application/json; charset=utf-8
host: localhost:39262
accept: */*

Response DefaultHttpResponse(decodeResult: success, version: HTTP/1.1)
HTTP/1.1 200 OK
Content-Length: 14
Content-Type: application/json; charset=utf-8
cache-control: no-cache

14:46:31.485 [AsyncHttpClient-1-2] DEBUG org.asynchttpclient.netty.channel.ChannelManager - Adding key: http://localhost:39262 for channel [id: 0x18cde484, L:/127.0.0.1:53365 - R:localhost/127.0.0.1:39262]
14:46:31.494 [main] DEBUG net.thucydides.core.steps.StepInterceptor - STEP DONE: clickLoginButton
  &amp#27;[32mAnd &amp#27;[0m&amp#27;[32muser click login to see ticket ka&amp#27;[0m               &amp#27;[90m# starter.stepdefinitions.Admin.DaftarTiketKeretaApi.LihatTiketKASteps.userClickLogin()&amp#27;[0m
14:46:31.510 [main] DEBUG net.thucydides.core.steps.StepInterceptor - STARTING STEP: LihatTiketKASteps.userOnDashboard - onDashboardPage
14:46:31.516 [Forwarding findElement on session 454e4fcb868bc034347a00f58855a69f to remote] DEBUG org.asynchttpclient.netty.request.NettyRequestSender - Using pooled Channel '[id: 0x18cde484, L:/127.0.0.1:53365 - R:localhost/127.0.0.1:39262]' for 'POST' to 'http://localhost:39262/session/454e4fcb868bc034347a00f58855a69f/element'
14:46:31.516 [Forwarding findElement on session 454e4fcb868bc034347a00f58855a69f to remote] DEBUG org.asynchttpclient.netty.request.NettyRequestSender - Using open Channel [id: 0x18cde484, L:/127.0.0.1:53365 - R:localhost/127.0.0.1:39262] for POST '/session/454e4fcb868bc034347a00f58855a69f/element'
14:46:31.751 [AsyncHttpClient-1-1] DEBUG org.asynchttpclient.netty.channel.DefaultChannelPool - Entry count for : http://localhost:53367 : 1
14:46:32.014 [AsyncHttpClient-1-2] DEBUG org.asynchttpclient.netty.handler.HttpHandler - 

Request DefaultHttpRequest(decodeResult: success, version: HTTP/1.1)
POST /session/454e4fcb868bc034347a00f58855a69f/element HTTP/1.1
User-Agent: selenium/4.8.1 (java windows)
Content-Length: 114
Content-Type: application/json; charset=utf-8
host: localhost:39262
accept: */*

Response DefaultHttpResponse(decodeResult: success, version: HTTP/1.1)
HTTP/1.1 200 OK
Content-Length: 95
Content-Type: application/json; charset=utf-8
cache-control: no-cache

14:46:32.014 [AsyncHttpClient-1-2] DEBUG org.asynchttpclient.netty.channel.ChannelManager - Adding key: http://localhost:39262 for channel [id: 0x18cde484, L:/127.0.0.1:53365 - R:localhost/127.0.0.1:39262]
14:46:32.027 [Forwarding isElementDisplayed on session 454e4fcb868bc034347a00f58855a69f to remote] DEBUG org.asynchttpclient.netty.request.NettyRequestSender - Using pooled Channel '[id: 0x18cde484, L:/127.0.0.1:53365 - R:localhost/127.0.0.1:39262]' for 'POST' to 'http://localhost:39262/session/454e4fcb868bc034347a00f58855a69f/execute/sync'
14:46:32.027 [Forwarding isElementDisplayed on session 454e4fcb868bc034347a00f58855a69f to remote] DEBUG org.asynchttpclient.netty.request.NettyRequestSender - Using open Channel [id: 0x18cde484, L:/127.0.0.1:53365 - R:localhost/127.0.0.1:39262] for POST '/session/454e4fcb868bc034347a00f58855a69f/execute/sync'
14:46:32.051 [AsyncHttpClient-1-2] DEBUG org.asynchttpclient.netty.handler.HttpHandler - 

Request DefaultHttpRequest(decodeResult: success, version: HTTP/1.1)
POST /session/454e4fcb868bc034347a00f58855a69f/execute/sync HTTP/1.1
User-Agent: selenium/4.8.1 (java windows)
Content-Length: 48814
Content-Type: application/json; charset=utf-8
host: localhost:39262
accept: */*

Response DefaultHttpResponse(decodeResult: success, version: HTTP/1.1)
HTTP/1.1 200 OK
Content-Length: 14
Content-Type: application/json; charset=utf-8
cache-control: no-cache

14:46:32.052 [AsyncHttpClient-1-2] DEBUG org.asynchttpclient.netty.channel.ChannelManager - Adding key: http://localhost:39262 for channel [id: 0x18cde484, L:/127.0.0.1:53365 - R:localhost/127.0.0.1:39262]
14:46:32.065 [Forwarding isElementDisplayed on session 454e4fcb868bc034347a00f58855a69f to remote] DEBUG org.asynchttpclient.netty.request.NettyRequestSender - Using pooled Channel '[id: 0x18cde484, L:/127.0.0.1:53365 - R:localhost/127.0.0.1:39262]' for 'POST' to 'http://localhost:39262/session/454e4fcb868bc034347a00f58855a69f/execute/sync'
14:46:32.065 [Forwarding isElementDisplayed on session 454e4fcb868bc034347a00f58855a69f to remote] DEBUG org.asynchttpclient.netty.request.NettyRequestSender - Using open Channel [id: 0x18cde484, L:/127.0.0.1:53365 - R:localhost/127.0.0.1:39262] for POST '/session/454e4fcb868bc034347a00f58855a69f/execute/sync'
14:46:32.082 [AsyncHttpClient-1-2] DEBUG org.asynchttpclient.netty.handler.HttpHandler - 

Request DefaultHttpRequest(decodeResult: success, version: HTTP/1.1)
POST /session/454e4fcb868bc034347a00f58855a69f/execute/sync HTTP/1.1
User-Agent: selenium/4.8.1 (java windows)
Content-Length: 48814
Content-Type: application/json; charset=utf-8
host: localhost:39262
accept: */*

Response DefaultHttpResponse(decodeResult: success, version: HTTP/1.1)
HTTP/1.1 200 OK
Content-Length: 14
Content-Type: application/json; charset=utf-8
cache-control: no-cache

14:46:32.083 [AsyncHttpClient-1-2] DEBUG org.asynchttpclient.netty.channel.ChannelManager - Adding key: http://localhost:39262 for channel [id: 0x18cde484, L:/127.0.0.1:53365 - R:localhost/127.0.0.1:39262]
14:46:32.086 [main] DEBUG net.thucydides.core.steps.StepInterceptor - STEP DONE: onDashboardPage
  &amp#27;[32mAnd &amp#27;[0m&amp#27;[32muser on dashboard to see ticket ka&amp#27;[0m              &amp#27;[90m# starter.stepdefinitions.Admin.DaftarTiketKeretaApi.LihatTiketKASteps.userOnDashboard()&amp#27;[0m
14:46:32.119 [main] DEBUG net.thucydides.core.steps.StepInterceptor - STARTING STEP: LihatTiketKASteps.userClickTiketKA - clickTiketKABT
14:46:32.130 [Forwarding findElement on session 454e4fcb868bc034347a00f58855a69f to remote] DEBUG org.asynchttpclient.netty.request.NettyRequestSender - Using pooled Channel '[id: 0x18cde484, L:/127.0.0.1:53365 - R:localhost/127.0.0.1:39262]' for 'POST' to 'http://localhost:39262/session/454e4fcb868bc034347a00f58855a69f/element'
14:46:32.131 [Forwarding findElement on session 454e4fcb868bc034347a00f58855a69f to remote] DEBUG org.asynchttpclient.netty.request.NettyRequestSender - Using open Channel [id: 0x18cde484, L:/127.0.0.1:53365 - R:localhost/127.0.0.1:39262] for POST '/session/454e4fcb868bc034347a00f58855a69f/element'
14:46:32.255 [AsyncHttpClient-1-2] DEBUG org.asynchttpclient.netty.handler.HttpHandler - 

Request DefaultHttpRequest(decodeResult: success, version: HTTP/1.1)
POST /session/454e4fcb868bc034347a00f58855a69f/element HTTP/1.1
User-Agent: selenium/4.8.1 (java windows)
Content-Length: 143
Content-Type: application/json; charset=utf-8
host: localhost:39262
accept: */*

Response DefaultHttpResponse(decodeResult: success, version: HTTP/1.1)
HTTP/1.1 200 OK
Content-Length: 95
Content-Type: application/json; charset=utf-8
cache-control: no-cache

14:46:32.256 [AsyncHttpClient-1-2] DEBUG org.asynchttpclient.netty.channel.ChannelManager - Adding key: http://localhost:39262 for channel [id: 0x18cde484, L:/127.0.0.1:53365 - R:localhost/127.0.0.1:39262]
14:46:32.259 [Forwarding getElementTagName on session 454e4fcb868bc034347a00f58855a69f to remote] DEBUG org.asynchttpclient.netty.request.NettyRequestSender - Using pooled Channel '[id: 0x18cde484, L:/127.0.0.1:53365 - R:localhost/127.0.0.1:39262]' for 'GET' to 'http://localhost:39262/session/454e4fcb868bc034347a00f58855a69f/element/166C93E08C45D996A09688B170296328_element_36/name'
14:46:32.259 [Forwarding getElementTagName on session 454e4fcb868bc034347a00f58855a69f to remote] DEBUG org.asynchttpclient.netty.request.NettyRequestSender - Using open Channel [id: 0x18cde484, L:/127.0.0.1:53365 - R:localhost/127.0.0.1:39262] for GET '/session/454e4fcb868bc034347a00f58855a69f/element/166C93E08C45D996A09688B170296328_element_36/name'
14:46:32.325 [AsyncHttpClient-1-2] DEBUG org.asynchttpclient.netty.handler.HttpHandler - 

Request DefaultFullHttpRequest(decodeResult: success, version: HTTP/1.1, content: EmptyByteBufBE)
GET /session/454e4fcb868bc034347a00f58855a69f/element/166C93E08C45D996A09688B170296328_element_36/name HTTP/1.1
User-Agent: selenium/4.8.1 (java windows)
Cache-Control: no-cache
Content-Type: application/json; charset=utf-8
host: localhost:39262
accept: */*

Response DefaultHttpResponse(decodeResult: success, version: HTTP/1.1)
HTTP/1.1 200 OK
Content-Length: 13
Content-Type: application/json; charset=utf-8
cache-control: no-cache

14:46:32.326 [AsyncHttpClient-1-2] DEBUG org.asynchttpclient.netty.channel.ChannelManager - Adding key: http://localhost:39262 for channel [id: 0x18cde484, L:/127.0.0.1:53365 - R:localhost/127.0.0.1:39262]
14:46:32.329 [Forwarding getElementTagName on session 454e4fcb868bc034347a00f58855a69f to remote] DEBUG org.asynchttpclient.netty.request.NettyRequestSender - Using pooled Channel '[id: 0x18cde484, L:/127.0.0.1:53365 - R:localhost/127.0.0.1:39262]' for 'GET' to 'http://localhost:39262/session/454e4fcb868bc034347a00f58855a69f/element/166C93E08C45D996A09688B170296328_element_36/name'
14:46:32.329 [Forwarding getElementTagName on session 454e4fcb868bc034347a00f58855a69f to remote] DEBUG org.asynchttpclient.netty.request.NettyRequestSender - Using open Channel [id: 0x18cde484, L:/127.0.0.1:53365 - R:localhost/127.0.0.1:39262] for GET '/session/454e4fcb868bc034347a00f58855a69f/element/166C93E08C45D996A09688B170296328_element_36/name'
14:46:32.339 [AsyncHttpClient-1-2] DEBUG org.asynchttpclient.netty.handler.HttpHandler - 

Request DefaultFullHttpRequest(decodeResult: success, version: HTTP/1.1, content: EmptyByteBufBE)
GET /session/454e4fcb868bc034347a00f58855a69f/element/166C93E08C45D996A09688B170296328_element_36/name HTTP/1.1
User-Agent: selenium/4.8.1 (java windows)
Cache-Control: no-cache
Content-Type: application/json; charset=utf-8
host: localhost:39262
accept: */*

Response DefaultHttpResponse(decodeResult: success, version: HTTP/1.1)
HTTP/1.1 200 OK
Content-Length: 13
Content-Type: application/json; charset=utf-8
cache-control: no-cache

14:46:32.339 [AsyncHttpClient-1-2] DEBUG org.asynchttpclient.netty.channel.ChannelManager - Adding key: http://localhost:39262 for channel [id: 0x18cde484, L:/127.0.0.1:53365 - R:localhost/127.0.0.1:39262]
14:46:32.348 [Forwarding findElement on session 454e4fcb868bc034347a00f58855a69f to remote] DEBUG org.asynchttpclient.netty.request.NettyRequestSender - Using pooled Channel '[id: 0x18cde484, L:/127.0.0.1:53365 - R:localhost/127.0.0.1:39262]' for 'POST' to 'http://localhost:39262/session/454e4fcb868bc034347a00f58855a69f/element'
14:46:32.348 [Forwarding findElement on session 454e4fcb868bc034347a00f58855a69f to remote] DEBUG org.asynchttpclient.netty.request.NettyRequestSender - Using open Channel [id: 0x18cde484, L:/127.0.0.1:53365 - R:localhost/127.0.0.1:39262] for POST '/session/454e4fcb868bc034347a00f58855a69f/element'
14:46:32.373 [AsyncHttpClient-1-2] DEBUG org.asynchttpclient.netty.handler.HttpHandler - 

Request DefaultHttpRequest(decodeResult: success, version: HTTP/1.1)
POST /session/454e4fcb868bc034347a00f58855a69f/element HTTP/1.1
User-Agent: selenium/4.8.1 (java windows)
Content-Length: 143
Content-Type: application/json; charset=utf-8
host: localhost:39262
accept: */*

Response DefaultHttpResponse(decodeResult: success, version: HTTP/1.1)
HTTP/1.1 200 OK
Content-Length: 95
Content-Type: application/json; charset=utf-8
cache-control: no-cache

14:46:32.374 [AsyncHttpClient-1-2] DEBUG org.asynchttpclient.netty.channel.ChannelManager - Adding key: http://localhost:39262 for channel [id: 0x18cde484, L:/127.0.0.1:53365 - R:localhost/127.0.0.1:39262]
14:46:32.376 [Forwarding clickElement on session 454e4fcb868bc034347a00f58855a69f to remote] DEBUG org.asynchttpclient.netty.request.NettyRequestSender - Using pooled Channel '[id: 0x18cde484, L:/127.0.0.1:53365 - R:localhost/127.0.0.1:39262]' for 'POST' to 'http://localhost:39262/session/454e4fcb868bc034347a00f58855a69f/element/166C93E08C45D996A09688B170296328_element_36/click'
14:46:32.376 [Forwarding clickElement on session 454e4fcb868bc034347a00f58855a69f to remote] DEBUG org.asynchttpclient.netty.request.NettyRequestSender - Using open Channel [id: 0x18cde484, L:/127.0.0.1:53365 - R:localhost/127.0.0.1:39262] for POST '/session/454e4fcb868bc034347a00f58855a69f/element/166C93E08C45D996A09688B170296328_element_36/click'
14:46:32.848 [AsyncHttpClient-1-1] DEBUG org.asynchttpclient.netty.channel.DefaultChannelPool - Entry count for : http://localhost:53367 : 1
14:46:33.467 [AsyncHttpClient-1-2] DEBUG org.asynchttpclient.netty.handler.HttpHandler - 

Request DefaultHttpRequest(decodeResult: success, version: HTTP/1.1)
POST /session/454e4fcb868bc034347a00f58855a69f/element/166C93E08C45D996A09688B170296328_element_36/click HTTP/1.1
User-Agent: selenium/4.8.1 (java windows)
Content-Length: 57
Content-Type: application/json; charset=utf-8
host: localhost:39262
accept: */*

Response DefaultHttpResponse(decodeResult: success, version: HTTP/1.1)
HTTP/1.1 400 Bad Request
Content-Length: 1306
Content-Type: application/json; charset=utf-8
cache-control: no-cache

14:46:33.469 [AsyncHttpClient-1-2] DEBUG org.asynchttpclient.netty.channel.ChannelManager - Adding key: http://localhost:39262 for channel [id: 0x18cde484, L:/127.0.0.1:53365 - R:localhost/127.0.0.1:39262]
14:46:33.778 [Forwarding clickElement on session 454e4fcb868bc034347a00f58855a69f to remote] DEBUG org.asynchttpclient.netty.request.NettyRequestSender - Using pooled Channel '[id: 0x18cde484, L:/127.0.0.1:53365 - R:localhost/127.0.0.1:39262]' for 'POST' to 'http://localhost:39262/session/454e4fcb868bc034347a00f58855a69f/element/166C93E08C45D996A09688B170296328_element_36/click'
14:46:33.778 [Forwarding clickElement on session 454e4fcb868bc034347a00f58855a69f to remote] DEBUG org.asynchttpclient.netty.request.NettyRequestSender - Using open Channel [id: 0x18cde484, L:/127.0.0.1:53365 - R:localhost/127.0.0.1:39262] for POST '/session/454e4fcb868bc034347a00f58855a69f/element/166C93E08C45D996A09688B170296328_element_36/click'
14:46:33.946 [AsyncHttpClient-1-1] DEBUG org.asynchttpclient.netty.channel.DefaultChannelPool - Entry count for : http://localhost:53367 : 1
14:46:34.213 [AsyncHttpClient-1-2] DEBUG org.asynchttpclient.netty.handler.HttpHandler - 

Request DefaultHttpRequest(decodeResult: success, version: HTTP/1.1)
POST /session/454e4fcb868bc034347a00f58855a69f/element/166C93E08C45D996A09688B170296328_element_36/click HTTP/1.1
User-Agent: selenium/4.8.1 (java windows)
Content-Length: 57
Content-Type: application/json; charset=utf-8
host: localhost:39262
accept: */*

Response DefaultHttpResponse(decodeResult: success, version: HTTP/1.1)
HTTP/1.1 200 OK
Content-Length: 14
Content-Type: application/json; charset=utf-8
cache-control: no-cache

14:46:34.213 [AsyncHttpClient-1-2] DEBUG org.asynchttpclient.netty.channel.ChannelManager - Adding key: http://localhost:39262 for channel [id: 0x18cde484, L:/127.0.0.1:53365 - R:localhost/127.0.0.1:39262]
14:46:34.229 [main] DEBUG net.thucydides.core.steps.StepInterceptor - STEP DONE: clickTiketKABT
  &amp#27;[32mAnd &amp#27;[0m&amp#27;[32muser click tiket kereta api to see ticket ka&amp#27;[0m    &amp#27;[90m# starter.stepdefinitions.Admin.DaftarTiketKeretaApi.LihatTiketKASteps.userClickTiketKA()&amp#27;[0m
14:46:34.260 [main] DEBUG net.thucydides.core.steps.StepInterceptor - STARTING STEP: LihatTiketKASteps.userOnTicketKAPage - onDaftarTiketKA
14:46:34.265 [Forwarding findElement on session 454e4fcb868bc034347a00f58855a69f to remote] DEBUG org.asynchttpclient.netty.request.NettyRequestSender - Using pooled Channel '[id: 0x18cde484, L:/127.0.0.1:53365 - R:localhost/127.0.0.1:39262]' for 'POST' to 'http://localhost:39262/session/454e4fcb868bc034347a00f58855a69f/element'
14:46:34.265 [Forwarding findElement on session 454e4fcb868bc034347a00f58855a69f to remote] DEBUG org.asynchttpclient.netty.request.NettyRequestSender - Using open Channel [id: 0x18cde484, L:/127.0.0.1:53365 - R:localhost/127.0.0.1:39262] for POST '/session/454e4fcb868bc034347a00f58855a69f/element'
14:46:34.282 [AsyncHttpClient-1-2] DEBUG org.asynchttpclient.netty.handler.HttpHandler - 

Request DefaultHttpRequest(decodeResult: success, version: HTTP/1.1)
POST /session/454e4fcb868bc034347a00f58855a69f/element HTTP/1.1
User-Agent: selenium/4.8.1 (java windows)
Content-Length: 135
Content-Type: application/json; charset=utf-8
host: localhost:39262
accept: */*

Response DefaultHttpResponse(decodeResult: success, version: HTTP/1.1)
HTTP/1.1 200 OK
Content-Length: 95
Content-Type: application/json; charset=utf-8
cache-control: no-cache

14:46:34.283 [AsyncHttpClient-1-2] DEBUG org.asynchttpclient.netty.channel.ChannelManager - Adding key: http://localhost:39262 for channel [id: 0x18cde484, L:/127.0.0.1:53365 - R:localhost/127.0.0.1:39262]
14:46:34.291 [Forwarding isElementDisplayed on session 454e4fcb868bc034347a00f58855a69f to remote] DEBUG org.asynchttpclient.netty.request.NettyRequestSender - Using pooled Channel '[id: 0x18cde484, L:/127.0.0.1:53365 - R:localhost/127.0.0.1:39262]' for 'POST' to 'http://localhost:39262/session/454e4fcb868bc034347a00f58855a69f/execute/sync'
14:46:34.291 [Forwarding isElementDisplayed on session 454e4fcb868bc034347a00f58855a69f to remote] DEBUG org.asynchttpclient.netty.request.NettyRequestSender - Using open Channel [id: 0x18cde484, L:/127.0.0.1:53365 - R:localhost/127.0.0.1:39262] for POST '/session/454e4fcb868bc034347a00f58855a69f/execute/sync'
14:46:34.303 [AsyncHttpClient-1-2] DEBUG org.asynchttpclient.netty.handler.HttpHandler - 

Request DefaultHttpRequest(decodeResult: success, version: HTTP/1.1)
POST /session/454e4fcb868bc034347a00f58855a69f/execute/sync HTTP/1.1
User-Agent: selenium/4.8.1 (java windows)
Content-Length: 48814
Content-Type: application/json; charset=utf-8
host: localhost:39262
accept: */*

Response DefaultHttpResponse(decodeResult: success, version: HTTP/1.1)
HTTP/1.1 200 OK
Content-Length: 14
Content-Type: application/json; charset=utf-8
cache-control: no-cache

14:46:34.304 [AsyncHttpClient-1-2] DEBUG org.asynchttpclient.netty.channel.ChannelManager - Adding key: http://localhost:39262 for channel [id: 0x18cde484, L:/127.0.0.1:53365 - R:localhost/127.0.0.1:39262]
14:46:34.309 [Forwarding isElementDisplayed on session 454e4fcb868bc034347a00f58855a69f to remote] DEBUG org.asynchttpclient.netty.request.NettyRequestSender - Using pooled Channel '[id: 0x18cde484, L:/127.0.0.1:53365 - R:localhost/127.0.0.1:39262]' for 'POST' to 'http://localhost:39262/session/454e4fcb868bc034347a00f58855a69f/execute/sync'
14:46:34.309 [Forwarding isElementDisplayed on session 454e4fcb868bc034347a00f58855a69f to remote] DEBUG org.asynchttpclient.netty.request.NettyRequestSender - Using open Channel [id: 0x18cde484, L:/127.0.0.1:53365 - R:localhost/127.0.0.1:39262] for POST '/session/454e4fcb868bc034347a00f58855a69f/execute/sync'
14:46:34.324 [AsyncHttpClient-1-2] DEBUG org.asynchttpclient.netty.handler.HttpHandler - 

Request DefaultHttpRequest(decodeResult: success, version: HTTP/1.1)
POST /session/454e4fcb868bc034347a00f58855a69f/execute/sync HTTP/1.1
User-Agent: selenium/4.8.1 (java windows)
Content-Length: 48814
Content-Type: application/json; charset=utf-8
host: localhost:39262
accept: */*

Response DefaultHttpResponse(decodeResult: success, version: HTTP/1.1)
HTTP/1.1 200 OK
Content-Length: 14
Content-Type: application/json; charset=utf-8
cache-control: no-cache

14:46:34.325 [AsyncHttpClient-1-2] DEBUG org.asynchttpclient.netty.channel.ChannelManager - Adding key: http://localhost:39262 for channel [id: 0x18cde484, L:/127.0.0.1:53365 - R:localhost/127.0.0.1:39262]
14:46:34.327 [main] DEBUG net.thucydides.core.steps.StepInterceptor - STEP DONE: onDaftarTiketKA
  &amp#27;[32mThen &amp#27;[0m&amp#27;[32muser on tiket kereta api page to see ticket ka&amp#27;[0m &amp#27;[90m# starter.stepdefinitions.Admin.DaftarTiketKeretaApi.LihatTiketKASteps.userOnTicketKAPage()&amp#27;[0m
14:46:34.338 [main] INFO  - 
  _____   ___   ___   _____     ___     _     ___   ___   ___   ___  
 |_   _| | __| / __| |_   _|   | _ \   /_\   / __| / __| | __| |   \ 
   | |   | _|  \__ \   | |     |  _/  / _ \  \__ \ \__ \ | _|  | |) |
   |_|   |___| |___/   |_|     |_|   /_/ \_\ |___/ |___/ |___| |___/ 

as admin i want to see list of ticket ka
----------------------------------------------------------------------
14:46:34.424 [Driver Command Executor] DEBUG org.asynchttpclient.netty.request.NettyRequestSender - Using pooled Channel '[id: 0x18cde484, L:/127.0.0.1:53365 - R:localhost/127.0.0.1:39262]' for 'DELETE' to 'http://localhost:39262/session/454e4fcb868bc034347a00f58855a69f'
14:46:34.424 [Driver Command Executor] DEBUG org.asynchttpclient.netty.request.NettyRequestSender - Using open Channel [id: 0x18cde484, L:/127.0.0.1:53365 - R:localhost/127.0.0.1:39262] for DELETE '/session/454e4fcb868bc034347a00f58855a69f'
14:46:34.428 [AsyncHttpClient-1-4] DEBUG org.asynchttpclient.netty.handler.WebSocketHandler - Channel Closed: [id: 0x01653cb0, L:/127.0.0.1:53375 ! R:localhost/127.0.0.1:53367] with attribute NettyResponseFuture{currentRetry=0,
	isDone=1,
	isCancelled=0,
	asyncHandler=org.asynchttpclient.ws.WebSocketUpgradeHandler@517c453f,
	nettyRequest=org.asynchttpclient.netty.request.NettyRequest@6b6e1981,
	future=java.util.concurrent.CompletableFuture@2ff7634c[Completed normally],
	uri=ws://localhost:53367/devtools/browser/1777018a-427e-42dd-9f9c-aa080f579834,
	keepAlive=true,
	redirectCount=0,
	timeoutsHolder=null,
	inAuth=0,
	touch=1687333588760}
14:46:34.428 [AsyncHttpClient-1-4] DEBUG org.asynchttpclient.netty.channel.ChannelManager - Closing Channel [id: 0x01653cb0, L:/127.0.0.1:53375 ! R:localhost/127.0.0.1:53367] 
14:46:34.552 [AsyncHttpClient-1-3] DEBUG org.asynchttpclient.netty.handler.HttpHandler - Unexpected I/O exception on channel [id: 0x92f09059, L:/127.0.0.1:53374 - R:localhost/127.0.0.1:53367]
java.io.IOException: An existing connection was forcibly closed by the remote host
	at sun.nio.ch.SocketDispatcher.read0(Native Method)
	at sun.nio.ch.SocketDispatcher.read(SocketDispatcher.java:43)
	at sun.nio.ch.IOUtil.readIntoNativeBuffer(IOUtil.java:223)
	at sun.nio.ch.IOUtil.read(IOUtil.java:192)
	at sun.nio.ch.SocketChannelImpl.read(SocketChannelImpl.java:380)
	at io.netty.buffer.PooledByteBuf.setBytes(PooledByteBuf.java:259)
	at io.netty.buffer.AbstractByteBuf.writeBytes(AbstractByteBuf.java:1132)
	at io.netty.channel.socket.nio.NioSocketChannel.doReadBytes(NioSocketChannel.java:357)
	at io.netty.channel.nio.AbstractNioByteChannel$NioByteUnsafe.read(AbstractNioByteChannel.java:151)
	at io.netty.channel.nio.NioEventLoop.processSelectedKey(NioEventLoop.java:788)
	at io.netty.channel.nio.NioEventLoop.processSelectedKeysOptimized(NioEventLoop.java:724)
	at io.netty.channel.nio.NioEventLoop.processSelectedKeys(NioEventLoop.java:650)
	at io.netty.channel.nio.NioEventLoop.run(NioEventLoop.java:562)
	at io.netty.util.concurrent.SingleThreadEventExecutor$4.run(SingleThreadEventExecutor.java:997)
	at io.netty.util.internal.ThreadExecutorMap$2.run(ThreadExecutorMap.java:74)
	at io.netty.util.concurrent.FastThreadLocalRunnable.run(FastThreadLocalRunnable.java:30)
	at java.lang.Thread.run(Thread.java:748)
14:46:34.552 [AsyncHttpClient-1-3] DEBUG org.asynchttpclient.netty.channel.ChannelManager - Closing Channel [id: 0x92f09059, L:/127.0.0.1:53374 - R:localhost/127.0.0.1:53367] 
14:46:34.556 [AsyncHttpClient-1-3] DEBUG org.asynchttpclient.netty.handler.HttpHandler - Channel Closed: [id: 0x92f09059, L:/127.0.0.1:53374 ! R:localhost/127.0.0.1:53367] with attribute DISCARD
14:46:34.666 [AsyncHttpClient-1-2] DEBUG org.asynchttpclient.netty.handler.HttpHandler - 

Request DefaultFullHttpRequest(decodeResult: success, version: HTTP/1.1, content: EmptyByteBufBE)
DELETE /session/454e4fcb868bc034347a00f58855a69f HTTP/1.1
User-Agent: selenium/4.8.1 (java windows)
Content-Type: application/json; charset=utf-8
host: localhost:39262
accept: */*

Response DefaultHttpResponse(decodeResult: success, version: HTTP/1.1)
HTTP/1.1 200 OK
Content-Length: 14
Content-Type: application/json; charset=utf-8
cache-control: no-cache

14:46:34.667 [AsyncHttpClient-1-2] DEBUG org.asynchttpclient.netty.channel.ChannelManager - Adding key: http://localhost:39262 for channel [id: 0x18cde484, L:/127.0.0.1:53365 - R:localhost/127.0.0.1:39262]
14:46:34.739 [AsyncHttpClient-1-2] DEBUG org.asynchttpclient.netty.handler.HttpHandler - Channel Closed: [id: 0x18cde484, L:/127.0.0.1:53365 ! R:localhost/127.0.0.1:39262] with attribute DISCARD
14:46:35.049 [AsyncHttpClient-1-1] DEBUG org.asynchttpclient.netty.channel.DefaultChannelPool - Entry count for : http://localhost:39262 : 1
14:46:35.050 [AsyncHttpClient-1-1] DEBUG org.asynchttpclient.netty.channel.DefaultChannelPool - Entry count for : http://localhost:53367 : 1
14:46:35.051 [AsyncHttpClient-1-1] DEBUG org.asynchttpclient.netty.channel.DefaultChannelPool - Adding Candidate expired Channel [id: 0x18cde484, L:/127.0.0.1:53365 ! R:localhost/127.0.0.1:39262] isIdleTimeoutExpired=false isRemotelyClosed=true isTtlExpired=false
14:46:35.051 [AsyncHttpClient-1-1] DEBUG org.asynchttpclient.netty.channel.DefaultChannelPool - Closing Idle Channel [id: 0x18cde484, L:/127.0.0.1:53365 ! R:localhost/127.0.0.1:39262]
14:46:35.051 [AsyncHttpClient-1-1] DEBUG org.asynchttpclient.netty.channel.DefaultChannelPool - Adding Candidate expired Channel [id: 0x92f09059, L:/127.0.0.1:53374 ! R:localhost/127.0.0.1:53367] isIdleTimeoutExpired=false isRemotelyClosed=true isTtlExpired=false
14:46:35.051 [AsyncHttpClient-1-1] DEBUG org.asynchttpclient.netty.channel.DefaultChannelPool - Closing Idle Channel [id: 0x92f09059, L:/127.0.0.1:53374 ! R:localhost/127.0.0.1:53367]
14:46:35.051 [AsyncHttpClient-1-1] DEBUG org.asynchttpclient.netty.channel.DefaultChannelPool - Closed 2 connections out of 2 in 1 ms
]]></system-out>
    <system-err><![CDATA[Starting ChromeDriver 114.0.5735.90 (386bc09e8f4f2e025eddae123f36f6263096ae49-refs/branch-heads/5735@{#1052}) on port 39262
Only local connections are allowed.
Please see https://chromedriver.chromium.org/security-considerations for suggestions on keeping ChromeDriver safe.
ChromeDriver was started successfully.
Jun 21, 2023 2:46:28 PM org.openqa.selenium.devtools.CdpVersionFinder findNearestMatch
WARNING: Unable to find an exact match for CDP version 114, so returning the closest version found: 110
]]></system-err>
  </testcase>
  <testcase name="as admin i want to see list of ticket ka and search ticket" classname="As a admin i want to see ticket of KA" time="12.821">
    <failure type="java.lang.AssertionError"><![CDATA[java.lang.AssertionError: Element should be visible
]]></failure>
    <system-out><![CDATA[
@DaftarKA @seedaftarkaandsearchticket
Scenario: as admin i want to see list of ticket ka and search ticket     &amp#27;[90m# src/test/resources/features/Admin/DaftarTiketKeretaApi/DaftarTiketKA.feature:15&amp#27;[0m
14:46:35.390 [main] DEBUG io.cucumber.core.plugin.SerenityReporter - Running feature from file:///D:/D/QE_Alta/capstone/web-automation-test/src/test/resources/features/Admin/DaftarTiketKeretaApi/DaftarTiketKA.feature
14:46:35.395 [main] INFO  - 
  _____   ___   ___   _____     ___   _____     _     ___   _____   ___   ___  
 |_   _| | __| / __| |_   _|   / __| |_   _|   /_\   | _ \ |_   _| | __| |   \ 
   | |   | _|  \__ \   | |     \__ \   | |    / _ \  |   /   | |   | _|  | |) |
   |_|   |___| |___/   |_|     |___/   |_|   /_/ \_\ |_|_\   |_|   |___| |___/ 

[...]
	at net.thucydides.core.steps.StepInterceptor.runOrSkipMethod(StepInterceptor.java:211)
	at net.thucydides.core.steps.StepInterceptor.testStepResult(StepInterceptor.java:198)
	at net.thucydides.core.steps.StepInterceptor.intercept(StepInterceptor.java:86)
	at net.thucydides.core.steps.ProxyConfiguration$InterceptorDispatcher.intercept(ProxyConfiguration.java:51)
	at starter.pages.Admin.DaftarTiketKeretaApi.LihatTiketKAPage$ByteBuddy$zohZJU5l.clickFilterKeaktifanUnpaid(Unknown Source)
	at starter.stepdefinitions.Admin.DaftarTiketKeretaApi.LihatTiketKASteps.userClickAndChooseFilterKeaktifanKA5(LihatTiketKASteps.java:227)
	at âœ½.user click and choose filter to see ticket ka5(file:///D:/D/QE_Alta/capstone/web-automation-test/src/test/resources/features/Admin/DaftarTiketKeretaApi/DaftarTiketKA.feature:62)
Caused by: org.openqa.selenium.TimeoutException: Expected condition failed: waiting for By.xpath: //*[@id="root"]/div/div[2]/div/div[6]/div/div[2]/div/div[1]/div[2]/input to be enabled (tried for 5 second(s) with 100 milliseconds interval)
	at org.openqa.selenium.support.ui.FluentWait.timeoutException(FluentWait.java:263)
	at org.openqa.selenium.support.ui.FluentWait.until(FluentWait.java:231)
	at net.serenitybdd.core.pages.WebElementFacadeImpl.waitUntilEnabled(WebElementFacadeImpl.java:1119)
	at net.serenitybdd.core.pages.WebElementFacadeImpl.waitUntilElementAvailable(WebElementFacadeImpl.java:906)
	at net.serenitybdd.core.pages.WebElementFacadeImpl.click(WebElementFacadeImpl.java:1204)
	at net.serenitybdd.core.pages.WebElementFacadeImpl.click(WebElementFacadeImpl.java:1224)
	at starter.pages.Admin.DaftarTiketKeretaApi.LihatTiketKAPage.clickFilterKeaktifanUnpaid(LihatTiketKAPage.java:214)
	at starter.pages.Admin.DaftarTiketKeretaApi.LihatTiketKAPage$ByteBuddy$zohZJU5l.clickFilterKeaktifanUnpaid$accessor$WWNIli0R(Unknown Source)
	at sun.reflect.NativeMethodAccessorImpl.invoke0(Native Method)
	at sun.reflect.NativeMethodAccessorImpl.invoke(NativeMethodAccessorImpl.java:62)
	at sun.reflect.DelegatingMethodAccessorImpl.invoke(DelegatingMethodAccessorImpl.java:43)
	at java.lang.reflect.Method.invoke(Method.java:498)
	at net.thucydides.core.steps.StepInterceptor.invokeMethod(StepInterceptor.java:518)
	at net.thucydides.core.steps.StepInterceptor.executeTestStepMethod(StepInterceptor.java:498)
	at net.thucydides.core.steps.StepInterceptor.runTestStep(StepInterceptor.java:472)
	at net.thucydides.core.steps.StepInterceptor.runOrSkipMethod(StepInterceptor.java:211)
	at net.thucydides.core.steps.StepInterceptor.testStepResult(StepInterceptor.java:198)
	at net.thucydides.core.steps.StepInterceptor.intercept(StepInterceptor.java:86)
	at net.thucydides.core.steps.ProxyConfiguration$InterceptorDispatcher.intercept(ProxyConfiguration.java:51)
	at starter.pages.Admin.DaftarTiketKeretaApi.LihatTiketKAPage$ByteBuddy$zohZJU5l.clickFilterKeaktifanUnpaid(Unknown Source)
	at starter.stepdefinitions.Admin.DaftarTiketKeretaApi.LihatTiketKASteps.userClickAndChooseFilterKeaktifanKA5(LihatTiketKASteps.java:227)
	at sun.reflect.NativeMethodAccessorImpl.invoke0(Native Method)
	at sun.reflect.NativeMethodAccessorImpl.invoke(NativeMethodAccessorImpl.java:62)
	at sun.reflect.DelegatingMethodAccessorImpl.invoke(DelegatingMethodAccessorImpl.java:43)
	at java.lang.reflect.Method.invoke(Method.java:498)
	at io.cucumber.java.Invoker.doInvoke(Invoker.java:66)
	at io.cucumber.java.Invoker.invoke(Invoker.java:24)
	at io.cucumber.java.AbstractGlueDefinition.invokeMethod(AbstractGlueDefinition.java:47)
	at io.cucumber.java.JavaStepDefinition.execute(JavaStepDefinition.java:29)
	at io.cucumber.core.runner.CoreStepDefinition.execute(CoreStepDefinition.java:66)
	at io.cucumber.core.runner.PickleStepDefinitionMatch.runStep(PickleStepDefinitionMatch.java:63)
	at io.cucumber.core.runner.ExecutionMode$1.execute(ExecutionMode.java:10)
	at io.cucumber.core.runner.TestStep.executeStep(TestStep.java:84)
	at io.cucumber.core.runner.TestStep.run(TestStep.java:56)
	at io.cucumber.core.runner.PickleStepTestStep.run(PickleStepTestStep.java:51)
	at io.cucumber.core.runner.TestCase.run(TestCase.java:84)
	at io.cucumber.core.runner.Runner.runPickle(Runner.java:75)
	at io.cucumber.junit.PickleRunners$NoStepDescriptions.lambda$run$0(PickleRunners.java:151)
	at io.cucumber.core.runtime.CucumberExecutionContext.lambda$runTestCase$5(CucumberExecutionContext.java:130)
	at io.cucumber.core.runtime.RethrowingThrowableCollector.executeAndThrow(RethrowingThrowableCollector.java:23)
	at io.cucumber.core.runtime.CucumberExecutionContext.runTestCase(CucumberExecutionContext.java:130)
	at io.cucumber.junit.PickleRunners$NoStepDescriptions.run(PickleRunners.java:148)
	at io.cucumber.junit.FeatureRunner.runChild(FeatureRunner.java:144)
	at io.cucumber.junit.FeatureRunner.runChild(FeatureRunner.java:28)
	at org.junit.runners.ParentRunner$4.run(ParentRunner.java:331)
	at org.junit.runners.ParentRunner$1.schedule(ParentRunner.java:79)
	at org.junit.runners.ParentRunner.runChildren(ParentRunner.java:329)
	at org.junit.runners.ParentRunner.access$100(ParentRunner.java:66)
	at org.junit.runners.ParentRunner$2.evaluate(ParentRunner.java:293)
	at org.junit.runners.ParentRunner$3.evaluate(ParentRunner.java:306)
	at org.junit.runners.ParentRunner.run(ParentRunner.java:413)
	at io.cucumber.junit.FeatureRunner.run(FeatureRunner.java:137)
	at io.cucumber.junit.CucumberSerenityBaseRunner.runChild(CucumberSerenityBaseRunner.java:330)
	at io.cucumber.junit.CucumberSerenityBaseRunner.runChild(CucumberSerenityBaseRunner.java:51)
	at org.junit.runners.ParentRunner$4.run(ParentRunner.java:331)
	at org.junit.runners.ParentRunner$1.schedule(ParentRunner.java:79)
	at org.junit.runners.ParentRunner.runChildren(ParentRunner.java:329)
	at org.junit.runners.ParentRunner.access$100(ParentRunner.java:66)
	at org.junit.runners.ParentRunner$2.evaluate(ParentRunner.java:293)
	at io.cucumber.junit.CucumberSerenityBaseRunner$RunCucumber.evaluate(CucumberSerenityBaseRunner.java:361)
	at org.junit.runners.ParentRunner$3.evaluate(ParentRunner.java:306)
	at org.junit.runners.ParentRunner.run(ParentRunner.java:413)
	at org.junit.runner.JUnitCore.run(JUnitCore.java:137)
	at org.junit.runner.JUnitCore.run(JUnitCore.java:115)
	at org.junit.vintage.engine.execution.RunnerExecutor.execute(RunnerExecutor.java:42)
	at org.junit.vintage.engine.VintageTestEngine.executeAllChildren(VintageTestEngine.java:80)
	at org.junit.vintage.engine.VintageTestEngine.execute(VintageTestEngine.java:72)
	at org.junit.platform.launcher.core.EngineExecutionOrchestrator.execute(EngineExecutionOrchestrator.java:107)
	at org.junit.platform.launcher.core.EngineExecutionOrchestrator.execute(EngineExecutionOrchestrator.java:88)
	at org.junit.platform.launcher.core.EngineExecutionOrchestrator.lambda$execute$0(EngineExecutionOrchestrator.java:54)
	at org.junit.platform.launcher.core.EngineExecutionOrchestrator.withInterceptedStreams(EngineExecutionOrchestrator.java:67)
	at org.junit.platform.launcher.core.EngineExecutionOrchestrator.execute(EngineExecutionOrchestrator.java:52)
	at org.junit.platform.launcher.core.DefaultLauncher.execute(DefaultLauncher.java:114)
	at org.junit.platform.launcher.core.DefaultLauncher.execute(DefaultLauncher.java:86)
	at org.junit.platform.launcher.core.DefaultLauncherSession$DelegatingLauncher.execute(DefaultLauncherSession.java:86)
	at org.junit.platform.launcher.core.SessionPerRequestLauncher.execute(SessionPerRequestLauncher.java:53)
	at org.apache.maven.surefire.junitplatform.JUnitPlatformProvider.execute(JUnitPlatformProvider.java:188)
	at org.apache.maven.surefire.junitplatform.JUnitPlatformProvider.invokeAllTests(JUnitPlatformProvider.java:154)
	at org.apache.maven.surefire.junitplatform.JUnitPlatformProvider.invoke(JUnitPlatformProvider.java:128)
	at org.apache.maven.surefire.booter.ForkedBooter.runSuitesInProcess(ForkedBooter.java:428)
	at org.apache.maven.surefire.booter.ForkedBooter.execute(ForkedBooter.java:162)
	at org.apache.maven.surefire.booter.ForkedBooter.run(ForkedBooter.java:562)
	at org.apache.maven.surefire.booter.ForkedBooter.main(ForkedBooter.java:548)
Caused by: org.openqa.selenium.NoSuchElementException: no such element: Unable to locate element: {"method":"xpath","selector":"//*[@id="root"]/div/div[2]/div/div[6]/div/div[2]/div/div[1]/div[2]/input"}
  (Session info: chrome=114.0.5735.134)
For documentation on this error, please visit: https://selenium.dev/exceptions/#no_such_element
Build info: version: '4.8.1', revision: '8ebccac989'
System info: os.name: 'Windows 10', os.arch: 'amd64', os.version: '10.0', java.version: '1.8.0_202'
Driver info: org.openqa.selenium.chrome.ChromeDriver
Command: [bec2ccdcda26fd83d509651fce62f431, findElement {using=xpath, value=//*[@id="root"]/div/div[2]/div/div[6]/div/div[2]/div/div[1]/div[2]/input}]
Capabilities {acceptInsecureCerts: true, browserName: chrome, browserVersion: 114.0.5735.134, chrome: {chromedriverVersion: 114.0.5735.90 (386bc09e8f4f..., userDataDir: C:\Users\ADWUSE~1\AppData\L...}, goog:chromeOptions: {debuggerAddress: localhost:53503}, networkConnectionEnabled: false, pageLoadStrategy: normal, platformName: WINDOWS, proxy: Proxy(), se:cdp: ws://localhost:53503/devtoo..., se:cdpVersion: 114.0.5735.134, setWindowRect: true, strictFileInteractability: false, timeouts: {implicit: 0, pageLoad: 300000, script: 30000}, unhandledPromptBehavior: dismiss and notify, webauthn:extension:credBlob: true, webauthn:extension:largeBlob: true, webauthn:extension:minPinLength: true, webauthn:extension:prf: true, webauthn:virtualAuthenticators: true}
Session ID: bec2ccdcda26fd83d509651fce62f431
	at sun.reflect.NativeConstructorAccessorImpl.newInstance0(Native Method)
	at sun.reflect.NativeConstructorAccessorImpl.newInstance(NativeConstructorAccessorImpl.java:62)
	at sun.reflect.DelegatingConstructorAccessorImpl.newInstance(DelegatingConstructorAccessorImpl.java:45)
	at java.lang.reflect.Constructor.newInstance(Constructor.java:423)
	at org.openqa.selenium.remote.codec.w3c.W3CHttpResponseCodec.createException(W3CHttpResponseCodec.java:200)
	at org.openqa.selenium.remote.codec.w3c.W3CHttpResponseCodec.decode(W3CHttpResponseCodec.java:133)
	at org.openqa.selenium.remote.codec.w3c.W3CHttpResponseCodec.decode(W3CHttpResponseCodec.java:53)
	at org.openqa.selenium.remote.HttpCommandExecutor.execute(HttpCommandExecutor.java:184)
	at org.openqa.selenium.remote.service.DriverCommandExecutor.invokeExecute(DriverCommandExecutor.java:167)
	at org.openqa.selenium.remote.service.DriverCommandExecutor.execute(DriverCommandExecutor.java:142)
	at org.openqa.selenium.remote.RemoteWebDriver.execute(RemoteWebDriver.java:543)
	at org.openqa.selenium.remote.ElementLocation$ElementFinder$2.findElement(ElementLocation.java:162)
	at org.openqa.selenium.remote.ElementLocation.findElement(ElementLocation.java:60)
	at org.openqa.selenium.remote.RemoteWebDriver.findElement(RemoteWebDriver.java:352)
	at org.openqa.selenium.remote.RemoteWebDriver.findElement(RemoteWebDriver.java:344)
	at net.thucydides.core.webdriver.WebDriverFacade.findElement(WebDriverFacade.java:242)
	at net.serenitybdd.core.pages.WebElementResolverByLocator.resolveForDriver(WebElementResolverByLocator.java:25)
	at net.serenitybdd.core.pages.WebElementFacadeImpl.getResolvedElement(WebElementFacadeImpl.java:189)
	at net.serenitybdd.core.pages.WebElementFacadeImpl.getElement(WebElementFacadeImpl.java:184)
	at net.serenitybdd.core.pages.WebElementExpectations$3.apply(WebElementExpectations.java:63)
	at net.serenitybdd.core.pages.WebElementExpectations$3.apply(WebElementExpectations.java:55)
	at org.openqa.selenium.support.ui.FluentWait.until(FluentWait.java:208)
	... 81 more
&amp#27;[0m
  &amp#27;[36mThen &amp#27;[0m&amp#27;[36muser can see the result of filter&amp#27;[0m                   &amp#27;[90m# starter.stepdefinitions.Admin.DaftarTiketKeretaApi.LihatTiketKASteps.userCanSeeTicketOfUnpaidFilter5()&amp#27;[0m
14:47:22.282 [main] ERROR  - 
  _____   ___   ___   _____     ___     _     ___   _      ___   ___  
 |_   _| | __| / __| |_   _|   | __|   /_\   |_ _| | |    | __| |   \ 
   | |   | _|  \__ \   | |     | _|   / _ \   | |  | |__  | _|  | |) |
   |_|   |___| |___/   |_|     |_|   /_/ \_\ |___| |____| |___| |___/ 

as admin i want to see ticket with unpaid filter
-----------------------------------------------------------------------
14:47:22.282 [main] DEBUG  - RELATED ISSUES: 
14:47:22.283 [main] ERROR  -     Test failed at step: Click filter keaktifan unpaid
14:47:22.283 [main] ERROR  -     Expected enabled element was not enabled
14:47:22.287 [AsyncHttpClient-1-8] DEBUG org.asynchttpclient.netty.handler.WebSocketHandler - Channel Closed: [id: 0x9e952e13, L:/127.0.0.1:53510 ! R:localhost/127.0.0.1:53503] with attribute NettyResponseFuture{currentRetry=0,
	isDone=1,
	isCancelled=0,
	asyncHandler=org.asynchttpclient.ws.WebSocketUpgradeHandler@37dc972f,
	nettyRequest=org.asynchttpclient.netty.request.NettyRequest@7fc11f0b,
	future=java.util.concurrent.CompletableFuture@5b674169[Completed normally],
	uri=ws://localhost:53503/devtools/browser/dbaa52b6-2d6f-4035-af65-4a40786a5a4d,
	keepAlive=true,
	redirectCount=0,
	timeoutsHolder=null,
	inAuth=0,
	touch=1687333630987}
14:47:22.287 [AsyncHttpClient-1-8] DEBUG org.asynchttpclient.netty.channel.ChannelManager - Closing Channel [id: 0x9e952e13, L:/127.0.0.1:53510 ! R:localhost/127.0.0.1:53503] 
14:47:22.296 [Driver Command Executor] DEBUG org.asynchttpclient.netty.request.NettyRequestSender - Using pooled Channel '[id: 0xb719b748, L:/127.0.0.1:53502 - R:localhost/127.0.0.1:1920]' for 'DELETE' to 'http://localhost:1920/session/bec2ccdcda26fd83d509651fce62f431'
14:47:22.296 [Driver Command Executor] DEBUG org.asynchttpclient.netty.request.NettyRequestSender - Using open Channel [id: 0xb719b748, L:/127.0.0.1:53502 - R:localhost/127.0.0.1:1920] for DELETE '/session/bec2ccdcda26fd83d509651fce62f431'
14:47:22.453 [AsyncHttpClient-1-1] DEBUG org.asynchttpclient.netty.channel.DefaultChannelPool - Entry count for : http://localhost:53503 : 1
14:47:22.480 [AsyncHttpClient-1-7] DEBUG org.asynchttpclient.netty.handler.HttpHandler - Unexpected I/O exception on channel [id: 0xe13878b9, L:/127.0.0.1:53509 - R:localhost/127.0.0.1:53503]
java.io.IOException: An existing connection was forcibly closed by the remote host
	at sun.nio.ch.SocketDispatcher.read0(Native Method)
	at sun.nio.ch.SocketDispatcher.read(SocketDispatcher.java:43)
	at sun.nio.ch.IOUtil.readIntoNativeBuffer(IOUtil.java:223)
	at sun.nio.ch.IOUtil.read(IOUtil.java:192)
	at sun.nio.ch.SocketChannelImpl.read(SocketChannelImpl.java:380)
	at io.netty.buffer.PooledByteBuf.setBytes(PooledByteBuf.java:259)
	at io.netty.buffer.AbstractByteBuf.writeBytes(AbstractByteBuf.java:1132)
	at io.netty.channel.socket.nio.NioSocketChannel.doReadBytes(NioSocketChannel.java:357)
	at io.netty.channel.nio.AbstractNioByteChannel$NioByteUnsafe.read(AbstractNioByteChannel.java:151)
	at io.netty.channel.nio.NioEventLoop.processSelectedKey(NioEventLoop.java:788)
	at io.netty.channel.nio.NioEventLoop.processSelectedKeysOptimized(NioEventLoop.java:724)
	at io.netty.channel.nio.NioEventLoop.processSelectedKeys(NioEventLoop.java:650)
	at io.netty.channel.nio.NioEventLoop.run(NioEventLoop.java:562)
	at io.netty.util.concurrent.SingleThreadEventExecutor$4.run(SingleThreadEventExecutor.java:997)
	at io.netty.util.internal.ThreadExecutorMap$2.run(ThreadExecutorMap.java:74)
	at io.netty.util.concurrent.FastThreadLocalRunnable.run(FastThreadLocalRunnable.java:30)
	at java.lang.Thread.run(Thread.java:748)
14:47:22.480 [AsyncHttpClient-1-7] DEBUG org.asynchttpclient.netty.channel.ChannelManager - Closing Channel [id: 0xe13878b9, L:/127.0.0.1:53509 - R:localhost/127.0.0.1:53503] 
14:47:22.480 [AsyncHttpClient-1-7] DEBUG org.asynchttpclient.netty.handler.HttpHandler - Channel Closed: [id: 0xe13878b9, L:/127.0.0.1:53509 ! R:localhost/127.0.0.1:53503] with attribute DISCARD
14:47:22.512 [AsyncHttpClient-1-6] DEBUG org.asynchttpclient.netty.handler.HttpHandler - 

Request DefaultFullHttpRequest(decodeResult: success, version: HTTP/1.1, content: EmptyByteBufBE)
DELETE /session/bec2ccdcda26fd83d509651fce62f431 HTTP/1.1
User-Agent: selenium/4.8.1 (java windows)
Content-Type: application/json; charset=utf-8
host: localhost:1920
accept: */*

Response DefaultHttpResponse(decodeResult: success, version: HTTP/1.1)
HTTP/1.1 200 OK
Content-Length: 14
Content-Type: application/json; charset=utf-8
cache-control: no-cache

14:47:22.512 [AsyncHttpClient-1-6] DEBUG org.asynchttpclient.netty.channel.ChannelManager - Adding key: http://localhost:1920 for channel [id: 0xb719b748, L:/127.0.0.1:53502 - R:localhost/127.0.0.1:1920]
14:47:23.628 [AsyncHttpClient-1-1] DEBUG org.asynchttpclient.netty.channel.DefaultChannelPool - Entry count for : http://localhost:53503 : 1
14:47:23.628 [AsyncHttpClient-1-1] DEBUG org.asynchttpclient.netty.channel.DefaultChannelPool - Entry count for : http://localhost:1920 : 1
14:47:23.629 [AsyncHttpClient-1-1] DEBUG org.asynchttpclient.netty.channel.DefaultChannelPool - Adding Candidate expired Channel [id: 0xe13878b9, L:/127.0.0.1:53509 ! R:localhost/127.0.0.1:53503] isIdleTimeoutExpired=false isRemotelyClosed=true isTtlExpired=false
14:47:23.629 [AsyncHttpClient-1-1] DEBUG org.asynchttpclient.netty.channel.DefaultChannelPool - Closing Idle Channel [id: 0xe13878b9, L:/127.0.0.1:53509 ! R:localhost/127.0.0.1:53503]
14:47:23.629 [AsyncHttpClient-1-1] DEBUG org.asynchttpclient.netty.channel.DefaultChannelPool - Closed 1 connections out of 2 in 0 ms
14:47:24.062 [AsyncHttpClient-1-6] DEBUG org.asynchttpclient.netty.handler.HttpHandler - Unexpected I/O exception on channel [id: 0xb719b748, L:/127.0.0.1:53502 - R:localhost/127.0.0.1:1920]
java.io.IOException: An existing connection was forcibly closed by the remote host
	at sun.nio.ch.SocketDispatcher.read0(Native Method)
	at sun.nio.ch.SocketDispatcher.read(SocketDispatcher.java:43)
	at sun.nio.ch.IOUtil.readIntoNativeBuffer(IOUtil.java:223)
	at sun.nio.ch.IOUtil.read(IOUtil.java:192)
	at sun.nio.ch.SocketChannelImpl.read(SocketChannelImpl.java:380)
	at io.netty.buffer.PooledByteBuf.setBytes(PooledByteBuf.java:259)
	at io.netty.buffer.AbstractByteBuf.writeBytes(AbstractByteBuf.java:1132)
	at io.netty.channel.socket.nio.NioSocketChannel.doReadBytes(NioSocketChannel.java:357)
	at io.netty.channel.nio.AbstractNioByteChannel$NioByteUnsafe.read(AbstractNioByteChannel.java:151)
	at io.netty.channel.nio.NioEventLoop.processSelectedKey(NioEventLoop.java:788)
	at io.netty.channel.nio.NioEventLoop.processSelectedKeysOptimized(NioEventLoop.java:724)
	at io.netty.channel.nio.NioEventLoop.processSelectedKeys(NioEventLoop.java:650)
	at io.netty.channel.nio.NioEventLoop.run(NioEventLoop.java:562)
	at io.netty.util.concurrent.SingleThreadEventExecutor$4.run(SingleThreadEventExecutor.java:997)
	at io.netty.util.internal.ThreadExecutorMap$2.run(ThreadExecutorMap.java:74)
	at io.netty.util.concurrent.FastThreadLocalRunnable.run(FastThreadLocalRunnable.java:30)
	at java.lang.Thread.run(Thread.java:748)
14:47:24.062 [AsyncHttpClient-1-6] DEBUG org.asynchttpclient.netty.channel.ChannelManager - Closing Channel [id: 0xb719b748, L:/127.0.0.1:53502 - R:localhost/127.0.0.1:1920] 
14:47:24.062 [AsyncHttpClient-1-6] DEBUG org.asynchttpclient.netty.handler.HttpHandler - Channel Closed: [id: 0xb719b748, L:/127.0.0.1:53502 ! R:localhost/127.0.0.1:1920] with attribute DISCARD
]]></system-out>
    <system-err><![CDATA[Starting ChromeDriver 114.0.5735.90 (386bc09e8f4f2e025eddae123f36f6263096ae49-refs/branch-heads/5735@{#1052}) on port 1920
Only local connections are allowed.
Please see https://chromedriver.chromium.org/security-considerations for suggestions on keeping ChromeDriver safe.
ChromeDriver was started successfully.
Jun 21, 2023 2:47:10 PM org.openqa.selenium.devtools.CdpVersionFinder findNearestMatch
WARNING: Unable to find an exact match for CDP version 114, so returning the closest version found: 110
]]></system-err>
  </testcase>
</testsuite>