<?xml version="1.0" encoding="UTF-8"?>
<testsuite xmlns:xsi="http://www.w3.org/2001/XMLSchema-instance" xsi:noNamespaceSchemaLocation="https://maven.apache.org/surefire/maven-failsafe-plugin/xsd/failsafe-test-report-3.0.xsd" version="3.0" name="starter.CucumberTestSuite" time="41.673" tests="1" errors="0" skipped="0" failures="0">
  <properties>
[...]
</properties>
  <testcase name="as user i want to edit data KA" classname="As a user i want to success edit data KA" time="24.107">
    <system-out><![CDATA[20:24:00.115 [main] DEBUG net.thucydides.core.guice.Injectors - Created injector for module net.thucydides.core.guice.ThucydidesModule
20:24:01.019 [main] DEBUG io.cucumber.core.plugin.SerenityReporter - Running feature from file:///D:/D/QE_Alta/capstone/web-automation-test/src/test/resources/features/Admin/DaftarKeretaApi/DetailKA.feature
20:24:01.556 [main] DEBUG net.thucydides.core.guice.Injectors - Created injector for module net.thucydides.core.guice.webdriver.WebDriverModule
20:24:01.609 [main] INFO  - 

-------------------------------------------------------------------------------------
     _______. _______ .______       _______ .__   __.  __  .___________.____    ____ 
    /       ||   ____||   _  \     |   ____||  \ |  | |  | |           |\   \  /   / 
   |   (----`|  |__   |  |_)  |    |  |__   |   \|  | |  | `---|  |----` \   \/   /  
    \   \    |   __|  |      /     |   __|  |  . `  | |  |     |  |       \_    _/   
.----)   |   |  |____ |  |\  \----.|  |____ |  |\   | |  |     |  |         |  |     
|_______/    |_______|| _| `._____||_______||__| \__| |__|     |__|         |__|    
                                                                                     
 News and tutorials at http://www.serenity-bdd.info                                  
 Documentation at https://wakaleo.gitbooks.io/the-serenity-book/content/             
 Join the Serenity Community on Gitter: https://gitter.im/serenity-bdd/serenity-core 
 Serenity BDD Support and Training at http://serenity-bdd.info/#/trainingandsupport  
-------------------------------------------------------------------------------------

20:24:01.613 [main] DEBUG net.thucydides.core.steps.StepEventBus - Test suite started for story net.thucydides.core.model.Story@cae7b625
20:24:01.616 [main] INFO  - Test Suite Started: As a user i want to success see detail data KA
20:24:01.654 [main] DEBUG io.cucumber.core.plugin.SerenityReporter - Running feature from file:///D:/D/QE_Alta/capstone/web-automation-test/src/test/resources/features/Admin/DaftarKeretaApi/EditKA.feature
20:24:01.664 [main] DEBUG net.thucydides.core.steps.StepEventBus - Test suite started for story net.thucydides.core.model.Story@69ea54bf
20:24:01.665 [main] INFO  - Test Suite Started: As a user i want to success edit data KA
20:24:01.667 [main] DEBUG io.cucumber.core.plugin.SerenityReporter - Running feature from file:///D:/D/QE_Alta/capstone/web-automation-test/src/test/resources/features/Admin/DaftarKeretaApi/EditKA.feature
20:24:01.672 [main] DEBUG net.thucydides.core.steps.StepEventBus - Test suite started for story net.thucydides.core.model.Story@69ea54bf
20:24:01.673 [main] INFO  - Test Suite Started: As a user i want to success edit data KA

@EditKA-EditTambahRutePerjalanan
Scenario: as user i want to edit data KA &amp#27;[90m# src/test/resources/features/Admin/DaftarKeretaApi/EditKA.feature:20&amp#27;[0m
20:24:01.901 [main] DEBUG io.cucumber.core.plugin.SerenityReporter - Running feature from file:///D:/D/QE_Alta/capstone/web-automation-test/src/test/resources/features/Admin/DaftarKeretaApi/EditKA.feature
20:24:02.275 [main] INFO  - 
  _____   ___   ___   _____     ___   _____     _     ___   _____   ___   ___  
 |_   _| | __| / __| |_   _|   / __| |_   _|   /_\   | _ \ |_   _| | __| |   \ 
   | |   | _|  \__ \   | |     \__ \   | |    / _ \  |   /   | |   | _|  | |) |
   |_|   |___| |___/   |_|     |___/   |_|   /_/ \_\ |_|_\   |_|   |___| |___/ 

as user i want to edit data KA(as-a-user-i-want-to-success-edit-data-ka;as-user-i-want-to-edit-data-ka)
--------------------------------------------------------------------------------
20:24:02.403 [main] DEBUG net.thucydides.core.requirements.FileSystemRequirementsTagProvider - Loading requirements from directory: D:\D\QE_Alta\capstone\web-automation-test\src\test\resources\features\Admin (D:\D\QE_Alta\capstone\web-automation-test\src\test\resources\features\Admin)
20:24:02.403 [main] DEBUG net.thucydides.core.requirements.FileSystemRequirementsTagProvider - Get requirements type for: D:\D\QE_Alta\capstone\web-automation-test\src\test\resources\features\Admin (D:\D\QE_Alta\capstone\web-automation-test\src\test\resources\features\Admin)
20:24:02.420 [main] DEBUG net.thucydides.core.requirements.FileSystemRequirementsTagProvider - Loading requirements from directory: D:\D\QE_Alta\capstone\web-automation-test\src\test\resources\features\Admin\DaftarKeretaApi (D:\D\QE_Alta\capstone\web-automation-test\src\test\resources\features\Admin\DaftarKeretaApi)
20:24:02.420 [main] DEBUG net.thucydides.core.requirements.FileSystemRequirementsTagProvider - Get requirements type for: D:\D\QE_Alta\capstone\web-automation-test\src\test\resources\features\Admin\DaftarKeretaApi (D:\D\QE_Alta\capstone\web-automation-test\src\test\resources\features\Admin\DaftarKeretaApi)
20:24:02.449 [main] DEBUG net.thucydides.core.requirements.model.cucumber.CucumberParser - Loading feature D:\D\QE_Alta\capstone\web-automation-test\src\test\resources\features\Admin\DaftarKeretaApi\DetailKA.feature
20:24:02.497 [main] DEBUG net.thucydides.core.requirements.model.cucumber.CucumberParser - Loading feature D:\D\QE_Alta\capstone\web-automation-test\src\test\resources\features\Admin\DaftarKeretaApi\EditKA.feature
20:24:04.286 [main] DEBUG net.thucydides.core.steps.StepInterceptor - STARTING STEP: DetailKASteps.userOnLoginPage - onLoginPage
20:24:04.362 [main] INFO net.serenitybdd.core.webdriver.driverproviders.DriverProvider - Using WebDriverManager configuration for chrome
20:24:05.724 [main] DEBUG io.github.bonigarcia.wdm.cache.ResolutionCache - Resolution chrome=114 in cache (valid until 21:09:48 12/06/2023 ICT)
20:24:05.726 [main] DEBUG io.github.bonigarcia.wdm.cache.ResolutionCache - Resolution chrome114=114.0.5735.90 in cache (valid until 20:09:48 13/06/2023 ICT)
20:24:05.728 [main] INFO io.github.bonigarcia.wdm.WebDriverManager - Using chromedriver 114.0.5735.90 (resolved driver for Chrome 114)
20:24:05.762 [main] DEBUG io.github.bonigarcia.wdm.WebDriverManager - Driver chromedriver 114.0.5735.90 found in cache
20:24:05.764 [main] INFO io.github.bonigarcia.wdm.WebDriverManager - Exporting webdriver.chrome.driver as C:\Users\ADW User ACR\.cache\selenium\chromedriver\win32\114.0.5735.90\chromedriver.exe
20:24:05.906 [main] INFO net.serenitybdd.core.webdriver.driverproviders.ChromeDriverProvider - Starting Chrome driver instance with capabilities:
20:24:05.911 [main] INFO net.serenitybdd.core.webdriver.driverproviders.ChromeDriverProvider - Capabilities {acceptInsecureCerts: true, browserName: chrome, goog:chromeOptions: {args: [remote-allow-origins=*, test-type, no-sandbox, ignore-certificate-errors, start-maximized, incognito, disable-infobars, disable-gpu, disable-default-apps, disable-popup-blocking, remote-allow-origins=*, test-type, no-sandbox, ignore-certificate-errors, start-maximized, incognito, disable-infobars, disable-gpu, disable-default-apps, disable-popup-blocking, remote-allow-origins=*], extensions: []}}
20:24:06.089 [main] DEBUG io.netty.util.internal.logging.InternalLoggerFactory - Using SLF4J as the default logging framework
20:24:06.094 [main] DEBUG io.netty.util.ResourceLeakDetector - -Dio.netty.leakDetection.level: simple
20:24:06.095 [main] DEBUG io.netty.util.ResourceLeakDetector - -Dio.netty.leakDetection.targetRecords: 4
20:24:06.103 [main] DEBUG io.netty.util.ResourceLeakDetectorFactory - Loaded default ResourceLeakDetector: io.netty.util.ResourceLeakDetector@73ae0257
20:24:06.158 [main] DEBUG io.netty.util.internal.PlatformDependent0 - -Dio.netty.noUnsafe: false
20:24:06.158 [main] DEBUG io.netty.util.internal.PlatformDependent0 - Java version: 8
20:24:06.160 [main] DEBUG io.netty.util.internal.PlatformDependent0 - sun.misc.Unsafe.theUnsafe: available
20:24:06.161 [main] DEBUG io.netty.util.internal.PlatformDependent0 - sun.misc.Unsafe.copyMemory: available
20:24:06.161 [main] DEBUG io.netty.util.internal.PlatformDependent0 - sun.misc.Unsafe.storeFence: available
20:24:06.163 [main] DEBUG io.netty.util.internal.PlatformDependent0 - java.nio.Buffer.address: available
20:24:06.164 [main] DEBUG io.netty.util.internal.PlatformDependent0 - direct buffer constructor: available
20:24:06.165 [main] DEBUG io.netty.util.internal.PlatformDependent0 - java.nio.Bits.unaligned: available, true
20:24:06.166 [main] DEBUG io.netty.util.internal.PlatformDependent0 - jdk.internal.misc.Unsafe.allocateUninitializedArray(int): unavailable prior to Java9
20:24:06.169 [main] DEBUG io.netty.util.internal.PlatformDependent0 - java.nio.DirectByteBuffer.<init>(long, int): available
20:24:06.170 [main] DEBUG io.netty.util.internal.PlatformDependent - sun.misc.Unsafe: available
20:24:06.171 [main] DEBUG io.netty.util.internal.PlatformDependent - -Dio.netty.tmpdir: C:\Users\ADWUSE~1\AppData\Local\Temp (java.io.tmpdir)
20:24:06.171 [main] DEBUG io.netty.util.internal.PlatformDependent - -Dio.netty.bitMode: 64 (sun.arch.data.model)
20:24:06.171 [main] DEBUG io.netty.util.internal.PlatformDependent - Platform: Windows
20:24:06.173 [main] DEBUG io.netty.util.internal.PlatformDependent - -Dio.netty.maxDirectMemory: 1840250880 bytes
20:24:06.173 [main] DEBUG io.netty.util.internal.PlatformDependent - -Dio.netty.uninitializedArrayAllocationThreshold: -1
20:24:06.175 [main] DEBUG io.netty.util.internal.CleanerJava6 - java.nio.ByteBuffer.cleaner(): available
20:24:06.175 [main] DEBUG io.netty.util.internal.PlatformDependent - -Dio.netty.noPreferDirect: false
20:24:06.190 [main] DEBUG io.netty.util.internal.PlatformDependent - org.jctools-core.MpscChunkedArrayQueue: available
20:24:06.231 [main] DEBUG io.netty.util.internal.InternalThreadLocalMap - -Dio.netty.threadLocalMap.stringBuilder.initialSize: 1024
20:24:06.231 [main] DEBUG io.netty.util.internal.InternalThreadLocalMap - -Dio.netty.threadLocalMap.stringBuilder.maxSize: 4096
20:24:06.291 [main] DEBUG io.netty.handler.ssl.JdkSslContext - Default protocols (JDK): [TLSv1.2, TLSv1.1, TLSv1] 
20:24:06.291 [main] DEBUG io.netty.handler.ssl.JdkSslContext - Default cipher suites (JDK): [TLS_ECDHE_ECDSA_WITH_AES_256_GCM_SHA384, TLS_ECDHE_ECDSA_WITH_AES_128_GCM_SHA256, TLS_ECDHE_RSA_WITH_AES_128_GCM_SHA256, TLS_ECDHE_RSA_WITH_AES_256_GCM_SHA384, TLS_ECDHE_RSA_WITH_AES_128_CBC_SHA, TLS_ECDHE_RSA_WITH_AES_256_CBC_SHA, TLS_RSA_WITH_AES_128_GCM_SHA256, TLS_RSA_WITH_AES_128_CBC_SHA, TLS_RSA_WITH_AES_256_CBC_SHA]
20:24:06.342 [main] DEBUG io.netty.channel.MultithreadEventLoopGroup - -Dio.netty.eventLoopThreads: 8
20:24:06.359 [main] DEBUG io.netty.channel.nio.NioEventLoop - -Dio.netty.noKeySetOptimization: false
20:24:06.359 [main] DEBUG io.netty.channel.nio.NioEventLoop - -Dio.netty.selectorAutoRebuildThreshold: 512
20:24:06.584 [main] DEBUG io.netty.buffer.PooledByteBufAllocator - -Dio.netty.allocator.numHeapArenas: 8
20:24:06.585 [main] DEBUG io.netty.buffer.PooledByteBufAllocator - -Dio.netty.allocator.numDirectArenas: 8
20:24:06.585 [main] DEBUG io.netty.buffer.PooledByteBufAllocator - -Dio.netty.allocator.pageSize: 8192
20:24:06.585 [main] DEBUG io.netty.buffer.PooledByteBufAllocator - -Dio.netty.allocator.maxOrder: 9
20:24:06.585 [main] DEBUG io.netty.buffer.PooledByteBufAllocator - -Dio.netty.allocator.chunkSize: 4194304
20:24:06.585 [main] DEBUG io.netty.buffer.PooledByteBufAllocator - -Dio.netty.allocator.smallCacheSize: 256
20:24:06.585 [main] DEBUG io.netty.buffer.PooledByteBufAllocator - -Dio.netty.allocator.normalCacheSize: 64
20:24:06.585 [main] DEBUG io.netty.buffer.PooledByteBufAllocator - -Dio.netty.allocator.maxCachedBufferCapacity: 32768
20:24:06.585 [main] DEBUG io.netty.buffer.PooledByteBufAllocator - -Dio.netty.allocator.cacheTrimInterval: 8192
20:24:06.586 [main] DEBUG io.netty.buffer.PooledByteBufAllocator - -Dio.netty.allocator.cacheTrimIntervalMillis: 0
20:24:06.586 [main] DEBUG io.netty.buffer.PooledByteBufAllocator - -Dio.netty.allocator.useCacheForAllThreads: false
20:24:06.586 [main] DEBUG io.netty.buffer.PooledByteBufAllocator - -Dio.netty.allocator.maxCachedByteBuffersPerChunk: 1023
20:24:06.605 [main] DEBUG io.netty.buffer.ByteBufUtil - -Dio.netty.allocator.type: pooled
20:24:06.605 [main] DEBUG io.netty.buffer.ByteBufUtil - -Dio.netty.threadLocalDirectBufferSize: 0
20:24:06.605 [main] DEBUG io.netty.buffer.ByteBufUtil - -Dio.netty.maxThreadLocalCharBufferSize: 16384
20:24:08.115 [Forwarding newSession on session null to remote] DEBUG io.netty.channel.DefaultChannelId - -Dio.netty.processId: 16616 (auto-detected)
20:24:08.119 [Forwarding newSession on session null to remote] DEBUG io.netty.util.NetUtil - -Djava.net.preferIPv4Stack: false
20:24:08.120 [Forwarding newSession on session null to remote] DEBUG io.netty.util.NetUtil - -Djava.net.preferIPv6Addresses: false
20:24:08.765 [Forwarding newSession on session null to remote] DEBUG io.netty.util.NetUtilInitializations - Loopback interface: lo (Software Loopback Interface 1, 127.0.0.1)
20:24:08.767 [Forwarding newSession on session null to remote] DEBUG io.netty.util.NetUtil - Failed to get SOMAXCONN from sysctl and file \proc\sys\net\core\somaxconn. Default: 200
20:24:08.804 [Forwarding newSession on session null to remote] DEBUG io.netty.channel.DefaultChannelId - -Dio.netty.machineId: a4:02:b9:ff:fe:26:7f:1e (auto-detected)
20:24:08.920 [AsyncHttpClient-1-2] DEBUG io.netty.buffer.AbstractByteBuf - -Dio.netty.buffer.checkAccessible: true
20:24:08.920 [AsyncHttpClient-1-2] DEBUG io.netty.buffer.AbstractByteBuf - -Dio.netty.buffer.checkBounds: true
20:24:08.921 [AsyncHttpClient-1-2] DEBUG io.netty.util.ResourceLeakDetectorFactory - Loaded default ResourceLeakDetector: io.netty.util.ResourceLeakDetector@5f4b9f59
20:24:08.953 [AsyncHttpClient-1-2] DEBUG org.asynchttpclient.netty.channel.NettyConnectListener - Using new Channel '[id: 0x4cf10864, L:/127.0.0.1:50737 - R:localhost/127.0.0.1:7365]' for 'POST' to '/session'
20:24:08.999 [AsyncHttpClient-1-2] DEBUG io.netty.util.Recycler - -Dio.netty.recycler.maxCapacityPerThread: 4096
20:24:08.999 [AsyncHttpClient-1-2] DEBUG io.netty.util.Recycler - -Dio.netty.recycler.ratio: 8
20:24:08.999 [AsyncHttpClient-1-2] DEBUG io.netty.util.Recycler - -Dio.netty.recycler.chunkSize: 32
20:24:08.999 [AsyncHttpClient-1-2] DEBUG io.netty.util.Recycler - -Dio.netty.recycler.blocking: false
20:24:11.709 [AsyncHttpClient-1-2] DEBUG io.netty.handler.codec.compression.Brotli - brotli4j not in the classpath; Brotli support will be unavailable.
20:24:11.710 [AsyncHttpClient-1-2] DEBUG org.asynchttpclient.netty.handler.HttpHandler - 

Request DefaultHttpRequest(decodeResult: success, version: HTTP/1.1)
POST /session HTTP/1.1
User-Agent: selenium/4.8.1 (java windows)
Content-Length: 1701
Content-Type: application/json; charset=utf-8
host: localhost:7365
accept: */*

Response DefaultHttpResponse(decodeResult: success, version: HTTP/1.1)
HTTP/1.1 200 OK
Content-Length: 861
Content-Type: application/json; charset=utf-8
cache-control: no-cache

20:24:11.728 [AsyncHttpClient-1-2] DEBUG org.asynchttpclient.netty.channel.ChannelManager - Adding key: http://localhost:7365 for channel [id: 0x4cf10864, L:/127.0.0.1:50737 - R:localhost/127.0.0.1:7365]
20:24:11.803 [AsyncHttpClient-1-1] DEBUG org.asynchttpclient.netty.channel.DefaultChannelPool - Entry count for : http://localhost:7365 : 1
20:24:11.921 [AsyncHttpClient-1-3] DEBUG org.asynchttpclient.netty.channel.NettyConnectListener - Using new Channel '[id: 0x251e2773, L:/127.0.0.1:50746 - R:localhost/127.0.0.1:50738]' for 'GET' to '/json/version'
20:24:11.933 [AsyncHttpClient-1-3] DEBUG org.asynchttpclient.netty.handler.HttpHandler - 

Request DefaultFullHttpRequest(decodeResult: success, version: HTTP/1.1, content: EmptyByteBufBE)
GET /json/version HTTP/1.1
User-Agent: selenium/4.8.1 (java windows)
host: localhost:50738
accept: */*

Response DefaultHttpResponse(decodeResult: success, version: HTTP/1.1)
HTTP/1.1 200 OK
Content-Security-Policy: frame-ancestors 'none'
Content-Length: 424
Content-Type: application/json; charset=UTF-8

20:24:11.934 [AsyncHttpClient-1-3] DEBUG org.asynchttpclient.netty.channel.ChannelManager - Adding key: http://localhost:50738 for channel [id: 0x251e2773, L:/127.0.0.1:50746 - R:localhost/127.0.0.1:50738]
20:24:11.956 [main] DEBUG io.netty.util.internal.ThreadLocalRandom - -Dio.netty.initialSeedUniquifier: 0xd274532b9c417592
20:24:11.973 [AsyncHttpClient-1-4] DEBUG org.asynchttpclient.netty.channel.NettyConnectListener - Using new Channel '[id: 0x324938da, L:/127.0.0.1:50747 - R:localhost/127.0.0.1:50738]' for 'GET' to '/devtools/browser/72d6d0fb-1cea-496f-bbe8-6b1752c84201'
20:24:11.979 [AsyncHttpClient-1-4] DEBUG org.asynchttpclient.netty.handler.WebSocketHandler - 

Request DefaultFullHttpRequest(decodeResult: success, version: HTTP/1.1, content: EmptyByteBufBE)
GET /devtools/browser/72d6d0fb-1cea-496f-bbe8-6b1752c84201 HTTP/1.1
upgrade: websocket
connection: upgrade
sec-websocket-key: fYgyYtYzPgYVeoCHjLPcQg==
sec-websocket-version: 13
origin: http://localhost:50738
host: localhost:50738
accept: */*
user-agent: AHC/2.1

Response DefaultHttpResponse(decodeResult: success, version: HTTP/1.1)
HTTP/1.1 101 WebSocket Protocol Handshake
Upgrade: WebSocket
Connection: Upgrade
Sec-WebSocket-Accept: iPN4iyOWSmKz9I72QF9D99dHgBU=

20:24:12.358 [Forwarding get on session 5f8d798c16580babfbd77307bb98cf12 to remote] DEBUG org.asynchttpclient.netty.request.NettyRequestSender - Using pooled Channel '[id: 0x4cf10864, L:/127.0.0.1:50737 - R:localhost/127.0.0.1:7365]' for 'POST' to 'http://localhost:7365/session/5f8d798c16580babfbd77307bb98cf12/url'
20:24:12.358 [Forwarding get on session 5f8d798c16580babfbd77307bb98cf12 to remote] DEBUG org.asynchttpclient.netty.request.NettyRequestSender - Using open Channel [id: 0x4cf10864, L:/127.0.0.1:50737 - R:localhost/127.0.0.1:7365] for POST '/session/5f8d798c16580babfbd77307bb98cf12/url'
20:24:12.904 [AsyncHttpClient-1-1] DEBUG org.asynchttpclient.netty.channel.DefaultChannelPool - Entry count for : http://localhost:50738 : 1
20:24:14.002 [AsyncHttpClient-1-1] DEBUG org.asynchttpclient.netty.channel.DefaultChannelPool - Entry count for : http://localhost:50738 : 1
20:24:14.085 [AsyncHttpClient-1-2] DEBUG org.asynchttpclient.netty.handler.HttpHandler - 

Request DefaultHttpRequest(decodeResult: success, version: HTTP/1.1)
POST /session/5f8d798c16580babfbd77307bb98cf12/url HTTP/1.1
User-Agent: selenium/4.8.1 (java windows)
Content-Length: 64
Content-Type: application/json; charset=utf-8
host: localhost:7365
accept: */*

Response DefaultHttpResponse(decodeResult: success, version: HTTP/1.1)
HTTP/1.1 200 OK
Content-Length: 14
Content-Type: application/json; charset=utf-8
cache-control: no-cache

20:24:14.087 [AsyncHttpClient-1-2] DEBUG org.asynchttpclient.netty.channel.ChannelManager - Adding key: http://localhost:7365 for channel [id: 0x4cf10864, L:/127.0.0.1:50737 - R:localhost/127.0.0.1:7365]
20:24:14.103 [Forwarding setTimeout on session 5f8d798c16580babfbd77307bb98cf12 to remote] DEBUG org.asynchttpclient.netty.request.NettyRequestSender - Using pooled Channel '[id: 0x4cf10864, L:/127.0.0.1:50737 - R:localhost/127.0.0.1:7365]' for 'POST' to 'http://localhost:7365/session/5f8d798c16580babfbd77307bb98cf12/timeouts'
20:24:14.104 [Forwarding setTimeout on session 5f8d798c16580babfbd77307bb98cf12 to remote] DEBUG org.asynchttpclient.netty.request.NettyRequestSender - Using open Channel [id: 0x4cf10864, L:/127.0.0.1:50737 - R:localhost/127.0.0.1:7365] for POST '/session/5f8d798c16580babfbd77307bb98cf12/timeouts'
20:24:14.115 [AsyncHttpClient-1-2] DEBUG org.asynchttpclient.netty.handler.HttpHandler - 

Request DefaultHttpRequest(decodeResult: success, version: HTTP/1.1)
POST /session/5f8d798c16580babfbd77307bb98cf12/timeouts HTTP/1.1
User-Agent: selenium/4.8.1 (java windows)
Content-Length: 22
Content-Type: application/json; charset=utf-8
host: localhost:7365
accept: */*

Response DefaultHttpResponse(decodeResult: success, version: HTTP/1.1)
HTTP/1.1 200 OK
Content-Length: 14
Content-Type: application/json; charset=utf-8
cache-control: no-cache

20:24:14.115 [AsyncHttpClient-1-2] DEBUG org.asynchttpclient.netty.channel.ChannelManager - Adding key: http://localhost:7365 for channel [id: 0x4cf10864, L:/127.0.0.1:50737 - R:localhost/127.0.0.1:7365]
20:24:14.203 [Forwarding findElement on session 5f8d798c16580babfbd77307bb98cf12 to remote] DEBUG org.asynchttpclient.netty.request.NettyRequestSender - Using pooled Channel '[id: 0x4cf10864, L:/127.0.0.1:50737 - R:localhost/127.0.0.1:7365]' for 'POST' to 'http://localhost:7365/session/5f8d798c16580babfbd77307bb98cf12/element'
20:24:14.203 [Forwarding findElement on session 5f8d798c16580babfbd77307bb98cf12 to remote] DEBUG org.asynchttpclient.netty.request.NettyRequestSender - Using open Channel [id: 0x4cf10864, L:/127.0.0.1:50737 - R:localhost/127.0.0.1:7365] for POST '/session/5f8d798c16580babfbd77307bb98cf12/element'
20:24:14.283 [AsyncHttpClient-1-2] DEBUG org.asynchttpclient.netty.handler.HttpHandler - 

Request DefaultHttpRequest(decodeResult: success, version: HTTP/1.1)
POST /session/5f8d798c16580babfbd77307bb98cf12/element HTTP/1.1
User-Agent: selenium/4.8.1 (java windows)
Content-Length: 67
Content-Type: application/json; charset=utf-8
host: localhost:7365
accept: */*

Response DefaultHttpResponse(decodeResult: success, version: HTTP/1.1)
HTTP/1.1 200 OK
Content-Length: 95
Content-Type: application/json; charset=utf-8
cache-control: no-cache

20:24:14.283 [AsyncHttpClient-1-2] DEBUG org.asynchttpclient.netty.channel.ChannelManager - Adding key: http://localhost:7365 for channel [id: 0x4cf10864, L:/127.0.0.1:50737 - R:localhost/127.0.0.1:7365]
20:24:14.324 [Forwarding isElementDisplayed on session 5f8d798c16580babfbd77307bb98cf12 to remote] DEBUG org.asynchttpclient.netty.request.NettyRequestSender - Using pooled Channel '[id: 0x4cf10864, L:/127.0.0.1:50737 - R:localhost/127.0.0.1:7365]' for 'POST' to 'http://localhost:7365/session/5f8d798c16580babfbd77307bb98cf12/execute/sync'
20:24:14.325 [Forwarding isElementDisplayed on session 5f8d798c16580babfbd77307bb98cf12 to remote] DEBUG org.asynchttpclient.netty.request.NettyRequestSender - Using open Channel [id: 0x4cf10864, L:/127.0.0.1:50737 - R:localhost/127.0.0.1:7365] for POST '/session/5f8d798c16580babfbd77307bb98cf12/execute/sync'
20:24:14.375 [AsyncHttpClient-1-2] DEBUG org.asynchttpclient.netty.handler.HttpHandler - 

Request DefaultHttpRequest(decodeResult: success, version: HTTP/1.1)
POST /session/5f8d798c16580babfbd77307bb98cf12/execute/sync HTTP/1.1
User-Agent: selenium/4.8.1 (java windows)
Content-Length: 48814
Content-Type: application/json; charset=utf-8
host: localhost:7365
accept: */*

Response DefaultHttpResponse(decodeResult: success, version: HTTP/1.1)
HTTP/1.1 200 OK
Content-Length: 14
Content-Type: application/json; charset=utf-8
cache-control: no-cache

20:24:14.375 [AsyncHttpClient-1-2] DEBUG org.asynchttpclient.netty.channel.ChannelManager - Adding key: http://localhost:7365 for channel [id: 0x4cf10864, L:/127.0.0.1:50737 - R:localhost/127.0.0.1:7365]
20:24:14.389 [Forwarding isElementDisplayed on session 5f8d798c16580babfbd77307bb98cf12 to remote] DEBUG org.asynchttpclient.netty.request.NettyRequestSender - Using pooled Channel '[id: 0x4cf10864, L:/127.0.0.1:50737 - R:localhost/127.0.0.1:7365]' for 'POST' to 'http://localhost:7365/session/5f8d798c16580babfbd77307bb98cf12/execute/sync'
20:24:14.389 [Forwarding isElementDisplayed on session 5f8d798c16580babfbd77307bb98cf12 to remote] DEBUG org.asynchttpclient.netty.request.NettyRequestSender - Using open Channel [id: 0x4cf10864, L:/127.0.0.1:50737 - R:localhost/127.0.0.1:7365] for POST '/session/5f8d798c16580babfbd77307bb98cf12/execute/sync'
20:24:14.425 [AsyncHttpClient-1-2] DEBUG org.asynchttpclient.netty.handler.HttpHandler - 

Request DefaultHttpRequest(decodeResult: success, version: HTTP/1.1)
POST /session/5f8d798c16580babfbd77307bb98cf12/execute/sync HTTP/1.1
User-Agent: selenium/4.8.1 (java windows)
Content-Length: 48814
Content-Type: application/json; charset=utf-8
host: localhost:7365
accept: */*

Response DefaultHttpResponse(decodeResult: success, version: HTTP/1.1)
HTTP/1.1 200 OK
Content-Length: 14
Content-Type: application/json; charset=utf-8
cache-control: no-cache

20:24:14.426 [AsyncHttpClient-1-2] DEBUG org.asynchttpclient.netty.channel.ChannelManager - Adding key: http://localhost:7365 for channel [id: 0x4cf10864, L:/127.0.0.1:50737 - R:localhost/127.0.0.1:7365]
20:24:14.473 [main] DEBUG net.thucydides.core.steps.StepInterceptor - STEP DONE: onLoginPage
  &amp#27;[32mGiven &amp#27;[0m&amp#27;[32muser on login page&amp#27;[0m               &amp#27;[90m# starter.stepdefinitions.DetailKASteps.userOnLoginPage()&amp#27;[0m
20:24:14.564 [main] DEBUG net.thucydides.core.steps.StepInterceptor - STARTING STEP: DetailKASteps.userInputEmail - inputEmail
20:24:14.589 [Forwarding findElement on session 5f8d798c16580babfbd77307bb98cf12 to remote] DEBUG org.asynchttpclient.netty.request.NettyRequestSender - Using pooled Channel '[id: 0x4cf10864, L:/127.0.0.1:50737 - R:localhost/127.0.0.1:7365]' for 'POST' to 'http://localhost:7365/session/5f8d798c16580babfbd77307bb98cf12/element'
20:24:14.589 [Forwarding findElement on session 5f8d798c16580babfbd77307bb98cf12 to remote] DEBUG org.asynchttpclient.netty.request.NettyRequestSender - Using open Channel [id: 0x4cf10864, L:/127.0.0.1:50737 - R:localhost/127.0.0.1:7365] for POST '/session/5f8d798c16580babfbd77307bb98cf12/element'
20:24:15.125 [AsyncHttpClient-1-1] DEBUG org.asynchttpclient.netty.channel.DefaultChannelPool - Entry count for : http://localhost:50738 : 1
20:24:15.161 [AsyncHttpClient-1-2] DEBUG org.asynchttpclient.netty.handler.HttpHandler - 

Request DefaultHttpRequest(decodeResult: success, version: HTTP/1.1)
POST /session/5f8d798c16580babfbd77307bb98cf12/element HTTP/1.1
User-Agent: selenium/4.8.1 (java windows)
Content-Length: 59
Content-Type: application/json; charset=utf-8
host: localhost:7365
accept: */*

Response DefaultHttpResponse(decodeResult: success, version: HTTP/1.1)
HTTP/1.1 200 OK
Content-Length: 94
Content-Type: application/json; charset=utf-8
cache-control: no-cache

20:24:15.162 [AsyncHttpClient-1-2] DEBUG org.asynchttpclient.netty.channel.ChannelManager - Adding key: http://localhost:7365 for channel [id: 0x4cf10864, L:/127.0.0.1:50737 - R:localhost/127.0.0.1:7365]
20:24:15.185 [Forwarding clearElement on session 5f8d798c16580babfbd77307bb98cf12 to remote] DEBUG org.asynchttpclient.netty.request.NettyRequestSender - Using pooled Channel '[id: 0x4cf10864, L:/127.0.0.1:50737 - R:localhost/127.0.0.1:7365]' for 'POST' to 'http://localhost:7365/session/5f8d798c16580babfbd77307bb98cf12/element/8756C71BB809C935F3A7980CA4A6EF41_element_3/clear'
20:24:15.187 [Forwarding clearElement on session 5f8d798c16580babfbd77307bb98cf12 to remote] DEBUG org.asynchttpclient.netty.request.NettyRequestSender - Using open Channel [id: 0x4cf10864, L:/127.0.0.1:50737 - R:localhost/127.0.0.1:7365] for POST '/session/5f8d798c16580babfbd77307bb98cf12/element/8756C71BB809C935F3A7980CA4A6EF41_element_3/clear'
20:24:15.282 [AsyncHttpClient-1-2] DEBUG org.asynchttpclient.netty.handler.HttpHandler - 

Request DefaultHttpRequest(decodeResult: success, version: HTTP/1.1)
POST /session/5f8d798c16580babfbd77307bb98cf12/element/8756C71BB809C935F3A7980CA4A6EF41_element_3/clear HTTP/1.1
User-Agent: selenium/4.8.1 (java windows)
Content-Length: 56
Content-Type: application/json; charset=utf-8
host: localhost:7365
accept: */*

Response DefaultHttpResponse(decodeResult: success, version: HTTP/1.1)
HTTP/1.1 200 OK
Content-Length: 14
Content-Type: application/json; charset=utf-8
cache-control: no-cache

20:24:15.283 [AsyncHttpClient-1-2] DEBUG org.asynchttpclient.netty.channel.ChannelManager - Adding key: http://localhost:7365 for channel [id: 0x4cf10864, L:/127.0.0.1:50737 - R:localhost/127.0.0.1:7365]
20:24:15.292 [Forwarding sendKeysToElement on session 5f8d798c16580babfbd77307bb98cf12 to remote] DEBUG org.asynchttpclient.netty.request.NettyRequestSender - Using pooled Channel '[id: 0x4cf10864, L:/127.0.0.1:50737 - R:localhost/127.0.0.1:7365]' for 'POST' to 'http://localhost:7365/session/5f8d798c16580babfbd77307bb98cf12/element/8756C71BB809C935F3A7980CA4A6EF41_element_3/value'
20:24:15.292 [Forwarding sendKeysToElement on session 5f8d798c16580babfbd77307bb98cf12 to remote] DEBUG org.asynchttpclient.netty.request.NettyRequestSender - Using open Channel [id: 0x4cf10864, L:/127.0.0.1:50737 - R:localhost/127.0.0.1:7365] for POST '/session/5f8d798c16580babfbd77307bb98cf12/element/8756C71BB809C935F3A7980CA4A6EF41_element_3/value'
20:24:15.457 [AsyncHttpClient-1-2] DEBUG org.asynchttpclient.netty.handler.HttpHandler - 

Request DefaultHttpRequest(decodeResult: success, version: HTTP/1.1)
POST /session/5f8d798c16580babfbd77307bb98cf12/element/8756C71BB809C935F3A7980CA4A6EF41_element_3/value HTTP/1.1
User-Agent: selenium/4.8.1 (java windows)
Content-Length: 237
Content-Type: application/json; charset=utf-8
host: localhost:7365
accept: */*

Response DefaultHttpResponse(decodeResult: success, version: HTTP/1.1)
HTTP/1.1 200 OK
Content-Length: 14
Content-Type: application/json; charset=utf-8
cache-control: no-cache

20:24:15.457 [AsyncHttpClient-1-2] DEBUG org.asynchttpclient.netty.channel.ChannelManager - Adding key: http://localhost:7365 for channel [id: 0x4cf10864, L:/127.0.0.1:50737 - R:localhost/127.0.0.1:7365]
20:24:15.475 [main] DEBUG net.thucydides.core.steps.StepInterceptor - STEP DONE: inputEmail
  &amp#27;[32mWhen &amp#27;[0m&amp#27;[32muser input email&amp#27;[0m                  &amp#27;[90m# starter.stepdefinitions.DetailKASteps.userInputEmail()&amp#27;[0m
20:24:15.515 [main] DEBUG net.thucydides.core.steps.StepInterceptor - STARTING STEP: DetailKASteps.userInputPassword - inputPassword
20:24:15.521 [Forwarding findElement on session 5f8d798c16580babfbd77307bb98cf12 to remote] DEBUG org.asynchttpclient.netty.request.NettyRequestSender - Using pooled Channel '[id: 0x4cf10864, L:/127.0.0.1:50737 - R:localhost/127.0.0.1:7365]' for 'POST' to 'http://localhost:7365/session/5f8d798c16580babfbd77307bb98cf12/element'
20:24:15.521 [Forwarding findElement on session 5f8d798c16580babfbd77307bb98cf12 to remote] DEBUG org.asynchttpclient.netty.request.NettyRequestSender - Using open Channel [id: 0x4cf10864, L:/127.0.0.1:50737 - R:localhost/127.0.0.1:7365] for POST '/session/5f8d798c16580babfbd77307bb98cf12/element'
20:24:15.547 [AsyncHttpClient-1-2] DEBUG org.asynchttpclient.netty.handler.HttpHandler - 

Request DefaultHttpRequest(decodeResult: success, version: HTTP/1.1)
POST /session/5f8d798c16580babfbd77307bb98cf12/element HTTP/1.1
User-Agent: selenium/4.8.1 (java windows)
Content-Length: 62
Content-Type: application/json; charset=utf-8
host: localhost:7365
accept: */*

Response DefaultHttpResponse(decodeResult: success, version: HTTP/1.1)
HTTP/1.1 200 OK
Content-Length: 94
Content-Type: application/json; charset=utf-8
cache-control: no-cache

20:24:15.548 [AsyncHttpClient-1-2] DEBUG org.asynchttpclient.netty.channel.ChannelManager - Adding key: http://localhost:7365 for channel [id: 0x4cf10864, L:/127.0.0.1:50737 - R:localhost/127.0.0.1:7365]
20:24:15.552 [Forwarding clearElement on session 5f8d798c16580babfbd77307bb98cf12 to remote] DEBUG org.asynchttpclient.netty.request.NettyRequestSender - Using pooled Channel '[id: 0x4cf10864, L:/127.0.0.1:50737 - R:localhost/127.0.0.1:7365]' for 'POST' to 'http://localhost:7365/session/5f8d798c16580babfbd77307bb98cf12/element/8756C71BB809C935F3A7980CA4A6EF41_element_5/clear'
20:24:15.552 [Forwarding clearElement on session 5f8d798c16580babfbd77307bb98cf12 to remote] DEBUG org.asynchttpclient.netty.request.NettyRequestSender - Using open Channel [id: 0x4cf10864, L:/127.0.0.1:50737 - R:localhost/127.0.0.1:7365] for POST '/session/5f8d798c16580babfbd77307bb98cf12/element/8756C71BB809C935F3A7980CA4A6EF41_element_5/clear'
20:24:15.664 [AsyncHttpClient-1-2] DEBUG org.asynchttpclient.netty.handler.HttpHandler - 

Request DefaultHttpRequest(decodeResult: success, version: HTTP/1.1)
POST /session/5f8d798c16580babfbd77307bb98cf12/element/8756C71BB809C935F3A7980CA4A6EF41_element_5/clear HTTP/1.1
User-Agent: selenium/4.8.1 (java windows)
Content-Length: 56
Content-Type: application/json; charset=utf-8
host: localhost:7365
accept: */*

Response DefaultHttpResponse(decodeResult: success, version: HTTP/1.1)
HTTP/1.1 200 OK
Content-Length: 14
Content-Type: application/json; charset=utf-8
cache-control: no-cache

20:24:15.664 [AsyncHttpClient-1-2] DEBUG org.asynchttpclient.netty.channel.ChannelManager - Adding key: http://localhost:7365 for channel [id: 0x4cf10864, L:/127.0.0.1:50737 - R:localhost/127.0.0.1:7365]
20:24:15.673 [Forwarding sendKeysToElement on session 5f8d798c16580babfbd77307bb98cf12 to remote] DEBUG org.asynchttpclient.netty.request.NettyRequestSender - Using pooled Channel '[id: 0x4cf10864, L:/127.0.0.1:50737 - R:localhost/127.0.0.1:7365]' for 'POST' to 'http://localhost:7365/session/5f8d798c16580babfbd77307bb98cf12/element/8756C71BB809C935F3A7980CA4A6EF41_element_5/value'
20:24:15.673 [Forwarding sendKeysToElement on session 5f8d798c16580babfbd77307bb98cf12 to remote] DEBUG org.asynchttpclient.netty.request.NettyRequestSender - Using open Channel [id: 0x4cf10864, L:/127.0.0.1:50737 - R:localhost/127.0.0.1:7365] for POST '/session/5f8d798c16580babfbd77307bb98cf12/element/8756C71BB809C935F3A7980CA4A6EF41_element_5/value'
20:24:15.823 [AsyncHttpClient-1-2] DEBUG org.asynchttpclient.netty.handler.HttpHandler - 

Request DefaultHttpRequest(decodeResult: success, version: HTTP/1.1)
POST /session/5f8d798c16580babfbd77307bb98cf12/element/8756C71BB809C935F3A7980CA4A6EF41_element_5/value HTTP/1.1
User-Agent: selenium/4.8.1 (java windows)
Content-Length: 177
Content-Type: application/json; charset=utf-8
host: localhost:7365
accept: */*

Response DefaultHttpResponse(decodeResult: success, version: HTTP/1.1)
HTTP/1.1 200 OK
Content-Length: 14
Content-Type: application/json; charset=utf-8
cache-control: no-cache

20:24:15.823 [AsyncHttpClient-1-2] DEBUG org.asynchttpclient.netty.channel.ChannelManager - Adding key: http://localhost:7365 for channel [id: 0x4cf10864, L:/127.0.0.1:50737 - R:localhost/127.0.0.1:7365]
20:24:15.836 [main] DEBUG net.thucydides.core.steps.StepInterceptor - STEP DONE: inputPassword
  &amp#27;[32mAnd &amp#27;[0m&amp#27;[32muser input password&amp#27;[0m                &amp#27;[90m# starter.stepdefinitions.DetailKASteps.userInputPassword()&amp#27;[0m
20:24:15.854 [main] DEBUG net.thucydides.core.steps.StepInterceptor - STARTING STEP: DetailKASteps.userClickLogin - clickLoginButton
20:24:15.875 [Forwarding findElement on session 5f8d798c16580babfbd77307bb98cf12 to remote] DEBUG org.asynchttpclient.netty.request.NettyRequestSender - Using pooled Channel '[id: 0x4cf10864, L:/127.0.0.1:50737 - R:localhost/127.0.0.1:7365]' for 'POST' to 'http://localhost:7365/session/5f8d798c16580babfbd77307bb98cf12/element'
20:24:15.875 [Forwarding findElement on session 5f8d798c16580babfbd77307bb98cf12 to remote] DEBUG org.asynchttpclient.netty.request.NettyRequestSender - Using open Channel [id: 0x4cf10864, L:/127.0.0.1:50737 - R:localhost/127.0.0.1:7365] for POST '/session/5f8d798c16580babfbd77307bb98cf12/element'
20:24:15.907 [AsyncHttpClient-1-2] DEBUG org.asynchttpclient.netty.handler.HttpHandler - 

Request DefaultHttpRequest(decodeResult: success, version: HTTP/1.1)
POST /session/5f8d798c16580babfbd77307bb98cf12/element HTTP/1.1
User-Agent: selenium/4.8.1 (java windows)
Content-Length: 97
Content-Type: application/json; charset=utf-8
host: localhost:7365
accept: */*

Response DefaultHttpResponse(decodeResult: success, version: HTTP/1.1)
HTTP/1.1 200 OK
Content-Length: 94
Content-Type: application/json; charset=utf-8
cache-control: no-cache

20:24:15.908 [AsyncHttpClient-1-2] DEBUG org.asynchttpclient.netty.channel.ChannelManager - Adding key: http://localhost:7365 for channel [id: 0x4cf10864, L:/127.0.0.1:50737 - R:localhost/127.0.0.1:7365]
20:24:15.913 [Forwarding getElementTagName on session 5f8d798c16580babfbd77307bb98cf12 to remote] DEBUG org.asynchttpclient.netty.request.NettyRequestSender - Using pooled Channel '[id: 0x4cf10864, L:/127.0.0.1:50737 - R:localhost/127.0.0.1:7365]' for 'GET' to 'http://localhost:7365/session/5f8d798c16580babfbd77307bb98cf12/element/8756C71BB809C935F3A7980CA4A6EF41_element_8/name'
20:24:15.913 [Forwarding getElementTagName on session 5f8d798c16580babfbd77307bb98cf12 to remote] DEBUG org.asynchttpclient.netty.request.NettyRequestSender - Using open Channel [id: 0x4cf10864, L:/127.0.0.1:50737 - R:localhost/127.0.0.1:7365] for GET '/session/5f8d798c16580babfbd77307bb98cf12/element/8756C71BB809C935F3A7980CA4A6EF41_element_8/name'
20:24:15.922 [AsyncHttpClient-1-2] DEBUG org.asynchttpclient.netty.handler.HttpHandler - 

Request DefaultFullHttpRequest(decodeResult: success, version: HTTP/1.1, content: EmptyByteBufBE)
GET /session/5f8d798c16580babfbd77307bb98cf12/element/8756C71BB809C935F3A7980CA4A6EF41_element_8/name HTTP/1.1
User-Agent: selenium/4.8.1 (java windows)
Cache-Control: no-cache
Content-Type: application/json; charset=utf-8
host: localhost:7365
accept: */*

Response DefaultHttpResponse(decodeResult: success, version: HTTP/1.1)
HTTP/1.1 200 OK
Content-Length: 18
Content-Type: application/json; charset=utf-8
cache-control: no-cache

20:24:15.922 [AsyncHttpClient-1-2] DEBUG org.asynchttpclient.netty.channel.ChannelManager - Adding key: http://localhost:7365 for channel [id: 0x4cf10864, L:/127.0.0.1:50737 - R:localhost/127.0.0.1:7365]
20:24:15.926 [Forwarding getElementTagName on session 5f8d798c16580babfbd77307bb98cf12 to remote] DEBUG org.asynchttpclient.netty.request.NettyRequestSender - Using pooled Channel '[id: 0x4cf10864, L:/127.0.0.1:50737 - R:localhost/127.0.0.1:7365]' for 'GET' to 'http://localhost:7365/session/5f8d798c16580babfbd77307bb98cf12/element/8756C71BB809C935F3A7980CA4A6EF41_element_8/name'
20:24:15.927 [Forwarding getElementTagName on session 5f8d798c16580babfbd77307bb98cf12 to remote] DEBUG org.asynchttpclient.netty.request.NettyRequestSender - Using open Channel [id: 0x4cf10864, L:/127.0.0.1:50737 - R:localhost/127.0.0.1:7365] for GET '/session/5f8d798c16580babfbd77307bb98cf12/element/8756C71BB809C935F3A7980CA4A6EF41_element_8/name'
20:24:15.936 [AsyncHttpClient-1-2] DEBUG org.asynchttpclient.netty.handler.HttpHandler - 

Request DefaultFullHttpRequest(decodeResult: success, version: HTTP/1.1, content: EmptyByteBufBE)
GET /session/5f8d798c16580babfbd77307bb98cf12/element/8756C71BB809C935F3A7980CA4A6EF41_element_8/name HTTP/1.1
User-Agent: selenium/4.8.1 (java windows)
Cache-Control: no-cache
Content-Type: application/json; charset=utf-8
host: localhost:7365
accept: */*

Response DefaultHttpResponse(decodeResult: success, version: HTTP/1.1)
HTTP/1.1 200 OK
Content-Length: 18
Content-Type: application/json; charset=utf-8
cache-control: no-cache

20:24:15.936 [AsyncHttpClient-1-2] DEBUG org.asynchttpclient.netty.channel.ChannelManager - Adding key: http://localhost:7365 for channel [id: 0x4cf10864, L:/127.0.0.1:50737 - R:localhost/127.0.0.1:7365]
20:24:15.947 [Forwarding isElementEnabled on session 5f8d798c16580babfbd77307bb98cf12 to remote] DEBUG org.asynchttpclient.netty.request.NettyRequestSender - Using pooled Channel '[id: 0x4cf10864, L:/127.0.0.1:50737 - R:localhost/127.0.0.1:7365]' for 'GET' to 'http://localhost:7365/session/5f8d798c16580babfbd77307bb98cf12/element/8756C71BB809C935F3A7980CA4A6EF41_element_8/enabled'
20:24:15.947 [Forwarding isElementEnabled on session 5f8d798c16580babfbd77307bb98cf12 to remote] DEBUG org.asynchttpclient.netty.request.NettyRequestSender - Using open Channel [id: 0x4cf10864, L:/127.0.0.1:50737 - R:localhost/127.0.0.1:7365] for GET '/session/5f8d798c16580babfbd77307bb98cf12/element/8756C71BB809C935F3A7980CA4A6EF41_element_8/enabled'
20:24:15.971 [AsyncHttpClient-1-2] DEBUG org.asynchttpclient.netty.handler.HttpHandler - 

Request DefaultFullHttpRequest(decodeResult: success, version: HTTP/1.1, content: EmptyByteBufBE)
GET /session/5f8d798c16580babfbd77307bb98cf12/element/8756C71BB809C935F3A7980CA4A6EF41_element_8/enabled HTTP/1.1
User-Agent: selenium/4.8.1 (java windows)
Cache-Control: no-cache
Content-Type: application/json; charset=utf-8
host: localhost:7365
accept: */*

Response DefaultHttpResponse(decodeResult: success, version: HTTP/1.1)
HTTP/1.1 200 OK
Content-Length: 14
Content-Type: application/json; charset=utf-8
cache-control: no-cache

20:24:15.972 [AsyncHttpClient-1-2] DEBUG org.asynchttpclient.netty.channel.ChannelManager - Adding key: http://localhost:7365 for channel [id: 0x4cf10864, L:/127.0.0.1:50737 - R:localhost/127.0.0.1:7365]
20:24:15.975 [Forwarding isElementEnabled on session 5f8d798c16580babfbd77307bb98cf12 to remote] DEBUG org.asynchttpclient.netty.request.NettyRequestSender - Using pooled Channel '[id: 0x4cf10864, L:/127.0.0.1:50737 - R:localhost/127.0.0.1:7365]' for 'GET' to 'http://localhost:7365/session/5f8d798c16580babfbd77307bb98cf12/element/8756C71BB809C935F3A7980CA4A6EF41_element_8/enabled'
20:24:15.976 [Forwarding isElementEnabled on session 5f8d798c16580babfbd77307bb98cf12 to remote] DEBUG org.asynchttpclient.netty.request.NettyRequestSender - Using open Channel [id: 0x4cf10864, L:/127.0.0.1:50737 - R:localhost/127.0.0.1:7365] for GET '/session/5f8d798c16580babfbd77307bb98cf12/element/8756C71BB809C935F3A7980CA4A6EF41_element_8/enabled'
20:24:15.996 [AsyncHttpClient-1-2] DEBUG org.asynchttpclient.netty.handler.HttpHandler - 

Request DefaultFullHttpRequest(decodeResult: success, version: HTTP/1.1, content: EmptyByteBufBE)
GET /session/5f8d798c16580babfbd77307bb98cf12/element/8756C71BB809C935F3A7980CA4A6EF41_element_8/enabled HTTP/1.1
User-Agent: selenium/4.8.1 (java windows)
Cache-Control: no-cache
Content-Type: application/json; charset=utf-8
host: localhost:7365
accept: */*

Response DefaultHttpResponse(decodeResult: success, version: HTTP/1.1)
HTTP/1.1 200 OK
Content-Length: 14
Content-Type: application/json; charset=utf-8
cache-control: no-cache

20:24:15.997 [AsyncHttpClient-1-2] DEBUG org.asynchttpclient.netty.channel.ChannelManager - Adding key: http://localhost:7365 for channel [id: 0x4cf10864, L:/127.0.0.1:50737 - R:localhost/127.0.0.1:7365]
20:24:16.002 [Forwarding findElement on session 5f8d798c16580babfbd77307bb98cf12 to remote] DEBUG org.asynchttpclient.netty.request.NettyRequestSender - Using pooled Channel '[id: 0x4cf10864, L:/127.0.0.1:50737 - R:localhost/127.0.0.1:7365]' for 'POST' to 'http://localhost:7365/session/5f8d798c16580babfbd77307bb98cf12/element'
20:24:16.002 [Forwarding findElement on session 5f8d798c16580babfbd77307bb98cf12 to remote] DEBUG org.asynchttpclient.netty.request.NettyRequestSender - Using open Channel [id: 0x4cf10864, L:/127.0.0.1:50737 - R:localhost/127.0.0.1:7365] for POST '/session/5f8d798c16580babfbd77307bb98cf12/element'
20:24:16.024 [AsyncHttpClient-1-2] DEBUG org.asynchttpclient.netty.handler.HttpHandler - 

Request DefaultHttpRequest(decodeResult: success, version: HTTP/1.1)
POST /session/5f8d798c16580babfbd77307bb98cf12/element HTTP/1.1
User-Agent: selenium/4.8.1 (java windows)
Content-Length: 97
Content-Type: application/json; charset=utf-8
host: localhost:7365
accept: */*

Response DefaultHttpResponse(decodeResult: success, version: HTTP/1.1)
HTTP/1.1 200 OK
Content-Length: 94
Content-Type: application/json; charset=utf-8
cache-control: no-cache

20:24:16.024 [AsyncHttpClient-1-2] DEBUG org.asynchttpclient.netty.channel.ChannelManager - Adding key: http://localhost:7365 for channel [id: 0x4cf10864, L:/127.0.0.1:50737 - R:localhost/127.0.0.1:7365]
20:24:16.028 [Forwarding clickElement on session 5f8d798c16580babfbd77307bb98cf12 to remote] DEBUG org.asynchttpclient.netty.request.NettyRequestSender - Using pooled Channel '[id: 0x4cf10864, L:/127.0.0.1:50737 - R:localhost/127.0.0.1:7365]' for 'POST' to 'http://localhost:7365/session/5f8d798c16580babfbd77307bb98cf12/element/8756C71BB809C935F3A7980CA4A6EF41_element_8/click'
20:24:16.028 [Forwarding clickElement on session 5f8d798c16580babfbd77307bb98cf12 to remote] DEBUG org.asynchttpclient.netty.request.NettyRequestSender - Using open Channel [id: 0x4cf10864, L:/127.0.0.1:50737 - R:localhost/127.0.0.1:7365] for POST '/session/5f8d798c16580babfbd77307bb98cf12/element/8756C71BB809C935F3A7980CA4A6EF41_element_8/click'
20:24:16.122 [AsyncHttpClient-1-2] DEBUG org.asynchttpclient.netty.handler.HttpHandler - 

Request DefaultHttpRequest(decodeResult: success, version: HTTP/1.1)
POST /session/5f8d798c16580babfbd77307bb98cf12/element/8756C71BB809C935F3A7980CA4A6EF41_element_8/click HTTP/1.1
User-Agent: selenium/4.8.1 (java windows)
Content-Length: 56
Content-Type: application/json; charset=utf-8
host: localhost:7365
accept: */*

Response DefaultHttpResponse(decodeResult: success, version: HTTP/1.1)
HTTP/1.1 200 OK
Content-Length: 14
Content-Type: application/json; charset=utf-8
cache-control: no-cache

20:24:16.123 [AsyncHttpClient-1-2] DEBUG org.asynchttpclient.netty.channel.ChannelManager - Adding key: http://localhost:7365 for channel [id: 0x4cf10864, L:/127.0.0.1:50737 - R:localhost/127.0.0.1:7365]
20:24:16.127 [main] DEBUG net.thucydides.core.steps.StepInterceptor - STEP DONE: clickLoginButton
  &amp#27;[32mAnd &amp#27;[0m&amp#27;[32muser click login&amp#27;[0m                   &amp#27;[90m# starter.stepdefinitions.DetailKASteps.userClickLogin()&amp#27;[0m
20:24:16.142 [main] DEBUG net.thucydides.core.steps.StepInterceptor - STARTING STEP: DetailKASteps.userOnDashboard - onDashboardPage
20:24:16.151 [Forwarding findElement on session 5f8d798c16580babfbd77307bb98cf12 to remote] DEBUG org.asynchttpclient.netty.request.NettyRequestSender - Using pooled Channel '[id: 0x4cf10864, L:/127.0.0.1:50737 - R:localhost/127.0.0.1:7365]' for 'POST' to 'http://localhost:7365/session/5f8d798c16580babfbd77307bb98cf12/element'
20:24:16.151 [Forwarding findElement on session 5f8d798c16580babfbd77307bb98cf12 to remote] DEBUG org.asynchttpclient.netty.request.NettyRequestSender - Using open Channel [id: 0x4cf10864, L:/127.0.0.1:50737 - R:localhost/127.0.0.1:7365] for POST '/session/5f8d798c16580babfbd77307bb98cf12/element'
20:24:16.199 [AsyncHttpClient-1-1] DEBUG org.asynchttpclient.netty.channel.DefaultChannelPool - Entry count for : http://localhost:50738 : 1
20:24:16.789 [AsyncHttpClient-1-2] DEBUG org.asynchttpclient.netty.handler.HttpHandler - 

Request DefaultHttpRequest(decodeResult: success, version: HTTP/1.1)
POST /session/5f8d798c16580babfbd77307bb98cf12/element HTTP/1.1
User-Agent: selenium/4.8.1 (java windows)
Content-Length: 114
Content-Type: application/json; charset=utf-8
host: localhost:7365
accept: */*

Response DefaultHttpResponse(decodeResult: success, version: HTTP/1.1)
HTTP/1.1 200 OK
Content-Length: 95
Content-Type: application/json; charset=utf-8
cache-control: no-cache

20:24:16.789 [AsyncHttpClient-1-2] DEBUG org.asynchttpclient.netty.channel.ChannelManager - Adding key: http://localhost:7365 for channel [id: 0x4cf10864, L:/127.0.0.1:50737 - R:localhost/127.0.0.1:7365]
20:24:16.803 [Forwarding isElementDisplayed on session 5f8d798c16580babfbd77307bb98cf12 to remote] DEBUG org.asynchttpclient.netty.request.NettyRequestSender - Using pooled Channel '[id: 0x4cf10864, L:/127.0.0.1:50737 - R:localhost/127.0.0.1:7365]' for 'POST' to 'http://localhost:7365/session/5f8d798c16580babfbd77307bb98cf12/execute/sync'
20:24:16.803 [Forwarding isElementDisplayed on session 5f8d798c16580babfbd77307bb98cf12 to remote] DEBUG org.asynchttpclient.netty.request.NettyRequestSender - Using open Channel [id: 0x4cf10864, L:/127.0.0.1:50737 - R:localhost/127.0.0.1:7365] for POST '/session/5f8d798c16580babfbd77307bb98cf12/execute/sync'
20:24:16.833 [AsyncHttpClient-1-2] DEBUG org.asynchttpclient.netty.handler.HttpHandler - 

Request DefaultHttpRequest(decodeResult: success, version: HTTP/1.1)
POST /session/5f8d798c16580babfbd77307bb98cf12/execute/sync HTTP/1.1
User-Agent: selenium/4.8.1 (java windows)
Content-Length: 48814
Content-Type: application/json; charset=utf-8
host: localhost:7365
accept: */*

Response DefaultHttpResponse(decodeResult: success, version: HTTP/1.1)
HTTP/1.1 200 OK
Content-Length: 14
Content-Type: application/json; charset=utf-8
cache-control: no-cache

20:24:16.834 [AsyncHttpClient-1-2] DEBUG org.asynchttpclient.netty.channel.ChannelManager - Adding key: http://localhost:7365 for channel [id: 0x4cf10864, L:/127.0.0.1:50737 - R:localhost/127.0.0.1:7365]
20:24:16.839 [Forwarding isElementDisplayed on session 5f8d798c16580babfbd77307bb98cf12 to remote] DEBUG org.asynchttpclient.netty.request.NettyRequestSender - Using pooled Channel '[id: 0x4cf10864, L:/127.0.0.1:50737 - R:localhost/127.0.0.1:7365]' for 'POST' to 'http://localhost:7365/session/5f8d798c16580babfbd77307bb98cf12/execute/sync'
20:24:16.839 [Forwarding isElementDisplayed on session 5f8d798c16580babfbd77307bb98cf12 to remote] DEBUG org.asynchttpclient.netty.request.NettyRequestSender - Using open Channel [id: 0x4cf10864, L:/127.0.0.1:50737 - R:localhost/127.0.0.1:7365] for POST '/session/5f8d798c16580babfbd77307bb98cf12/execute/sync'
20:24:16.855 [AsyncHttpClient-1-2] DEBUG org.asynchttpclient.netty.handler.HttpHandler - 

Request DefaultHttpRequest(decodeResult: success, version: HTTP/1.1)
POST /session/5f8d798c16580babfbd77307bb98cf12/execute/sync HTTP/1.1
User-Agent: selenium/4.8.1 (java windows)
Content-Length: 48814
Content-Type: application/json; charset=utf-8
host: localhost:7365
accept: */*

Response DefaultHttpResponse(decodeResult: success, version: HTTP/1.1)
HTTP/1.1 200 OK
Content-Length: 14
Content-Type: application/json; charset=utf-8
cache-control: no-cache

20:24:16.855 [AsyncHttpClient-1-2] DEBUG org.asynchttpclient.netty.channel.ChannelManager - Adding key: http://localhost:7365 for channel [id: 0x4cf10864, L:/127.0.0.1:50737 - R:localhost/127.0.0.1:7365]
20:24:16.858 [main] DEBUG net.thucydides.core.steps.StepInterceptor - STEP DONE: onDashboardPage
  &amp#27;[32mAnd &amp#27;[0m&amp#27;[32muser on dashboard&amp#27;[0m                  &amp#27;[90m# starter.stepdefinitions.DetailKASteps.userOnDashboard()&amp#27;[0m
20:24:16.870 [main] DEBUG net.thucydides.core.steps.StepInterceptor - STARTING STEP: DetailKASteps.userClickKeretaApiMenu - clickMenuKA
20:24:16.876 [Forwarding findElement on session 5f8d798c16580babfbd77307bb98cf12 to remote] DEBUG org.asynchttpclient.netty.request.NettyRequestSender - Using pooled Channel '[id: 0x4cf10864, L:/127.0.0.1:50737 - R:localhost/127.0.0.1:7365]' for 'POST' to 'http://localhost:7365/session/5f8d798c16580babfbd77307bb98cf12/element'
20:24:16.876 [Forwarding findElement on session 5f8d798c16580babfbd77307bb98cf12 to remote] DEBUG org.asynchttpclient.netty.request.NettyRequestSender - Using open Channel [id: 0x4cf10864, L:/127.0.0.1:50737 - R:localhost/127.0.0.1:7365] for POST '/session/5f8d798c16580babfbd77307bb98cf12/element'
20:24:16.897 [AsyncHttpClient-1-2] DEBUG org.asynchttpclient.netty.handler.HttpHandler - 

Request DefaultHttpRequest(decodeResult: success, version: HTTP/1.1)
POST /session/5f8d798c16580babfbd77307bb98cf12/element HTTP/1.1
User-Agent: selenium/4.8.1 (java windows)
Content-Length: 143
Content-Type: application/json; charset=utf-8
host: localhost:7365
accept: */*

Response DefaultHttpResponse(decodeResult: success, version: HTTP/1.1)
HTTP/1.1 200 OK
Content-Length: 95
Content-Type: application/json; charset=utf-8
cache-control: no-cache

20:24:16.897 [AsyncHttpClient-1-2] DEBUG org.asynchttpclient.netty.channel.ChannelManager - Adding key: http://localhost:7365 for channel [id: 0x4cf10864, L:/127.0.0.1:50737 - R:localhost/127.0.0.1:7365]
20:24:16.899 [Forwarding getElementTagName on session 5f8d798c16580babfbd77307bb98cf12 to remote] DEBUG org.asynchttpclient.netty.request.NettyRequestSender - Using pooled Channel '[id: 0x4cf10864, L:/127.0.0.1:50737 - R:localhost/127.0.0.1:7365]' for 'GET' to 'http://localhost:7365/session/5f8d798c16580babfbd77307bb98cf12/element/8756C71BB809C935F3A7980CA4A6EF41_element_22/name'
20:24:16.899 [Forwarding getElementTagName on session 5f8d798c16580babfbd77307bb98cf12 to remote] DEBUG org.asynchttpclient.netty.request.NettyRequestSender - Using open Channel [id: 0x4cf10864, L:/127.0.0.1:50737 - R:localhost/127.0.0.1:7365] for GET '/session/5f8d798c16580babfbd77307bb98cf12/element/8756C71BB809C935F3A7980CA4A6EF41_element_22/name'
20:24:16.906 [AsyncHttpClient-1-2] DEBUG org.asynchttpclient.netty.handler.HttpHandler - 

Request DefaultFullHttpRequest(decodeResult: success, version: HTTP/1.1, content: EmptyByteBufBE)
GET /session/5f8d798c16580babfbd77307bb98cf12/element/8756C71BB809C935F3A7980CA4A6EF41_element_22/name HTTP/1.1
User-Agent: selenium/4.8.1 (java windows)
Cache-Control: no-cache
Content-Type: application/json; charset=utf-8
host: localhost:7365
accept: */*

Response DefaultHttpResponse(decodeResult: success, version: HTTP/1.1)
HTTP/1.1 200 OK
Content-Length: 13
Content-Type: application/json; charset=utf-8
cache-control: no-cache

20:24:16.906 [AsyncHttpClient-1-2] DEBUG org.asynchttpclient.netty.channel.ChannelManager - Adding key: http://localhost:7365 for channel [id: 0x4cf10864, L:/127.0.0.1:50737 - R:localhost/127.0.0.1:7365]
20:24:16.909 [Forwarding getElementTagName on session 5f8d798c16580babfbd77307bb98cf12 to remote] DEBUG org.asynchttpclient.netty.request.NettyRequestSender - Using pooled Channel '[id: 0x4cf10864, L:/127.0.0.1:50737 - R:localhost/127.0.0.1:7365]' for 'GET' to 'http://localhost:7365/session/5f8d798c16580babfbd77307bb98cf12/element/8756C71BB809C935F3A7980CA4A6EF41_element_22/name'
20:24:16.909 [Forwarding getElementTagName on session 5f8d798c16580babfbd77307bb98cf12 to remote] DEBUG org.asynchttpclient.netty.request.NettyRequestSender - Using open Channel [id: 0x4cf10864, L:/127.0.0.1:50737 - R:localhost/127.0.0.1:7365] for GET '/session/5f8d798c16580babfbd77307bb98cf12/element/8756C71BB809C935F3A7980CA4A6EF41_element_22/name'
20:24:16.919 [AsyncHttpClient-1-2] DEBUG org.asynchttpclient.netty.handler.HttpHandler - 

Request DefaultFullHttpRequest(decodeResult: success, version: HTTP/1.1, content: EmptyByteBufBE)
GET /session/5f8d798c16580babfbd77307bb98cf12/element/8756C71BB809C935F3A7980CA4A6EF41_element_22/name HTTP/1.1
User-Agent: selenium/4.8.1 (java windows)
Cache-Control: no-cache
Content-Type: application/json; charset=utf-8
host: localhost:7365
accept: */*

Response DefaultHttpResponse(decodeResult: success, version: HTTP/1.1)
HTTP/1.1 200 OK
Content-Length: 13
Content-Type: application/json; charset=utf-8
cache-control: no-cache

20:24:16.920 [AsyncHttpClient-1-2] DEBUG org.asynchttpclient.netty.channel.ChannelManager - Adding key: http://localhost:7365 for channel [id: 0x4cf10864, L:/127.0.0.1:50737 - R:localhost/127.0.0.1:7365]
20:24:16.925 [Forwarding findElement on session 5f8d798c16580babfbd77307bb98cf12 to remote] DEBUG org.asynchttpclient.netty.request.NettyRequestSender - Using pooled Channel '[id: 0x4cf10864, L:/127.0.0.1:50737 - R:localhost/127.0.0.1:7365]' for 'POST' to 'http://localhost:7365/session/5f8d798c16580babfbd77307bb98cf12/element'
20:24:16.925 [Forwarding findElement on session 5f8d798c16580babfbd77307bb98cf12 to remote] DEBUG org.asynchttpclient.netty.request.NettyRequestSender - Using open Channel [id: 0x4cf10864, L:/127.0.0.1:50737 - R:localhost/127.0.0.1:7365] for POST '/session/5f8d798c16580babfbd77307bb98cf12/element'
20:24:17.084 [AsyncHttpClient-1-2] DEBUG org.asynchttpclient.netty.handler.HttpHandler - 

Request DefaultHttpRequest(decodeResult: success, version: HTTP/1.1)
POST /session/5f8d798c16580babfbd77307bb98cf12/element HTTP/1.1
User-Agent: selenium/4.8.1 (java windows)
Content-Length: 143
Content-Type: application/json; charset=utf-8
host: localhost:7365
accept: */*

Response DefaultHttpResponse(decodeResult: success, version: HTTP/1.1)
HTTP/1.1 200 OK
Content-Length: 95
Content-Type: application/json; charset=utf-8
cache-control: no-cache

20:24:17.084 [AsyncHttpClient-1-2] DEBUG org.asynchttpclient.netty.channel.ChannelManager - Adding key: http://localhost:7365 for channel [id: 0x4cf10864, L:/127.0.0.1:50737 - R:localhost/127.0.0.1:7365]
20:24:17.089 [Forwarding clickElement on session 5f8d798c16580babfbd77307bb98cf12 to remote] DEBUG org.asynchttpclient.netty.request.NettyRequestSender - Using pooled Channel '[id: 0x4cf10864, L:/127.0.0.1:50737 - R:localhost/127.0.0.1:7365]' for 'POST' to 'http://localhost:7365/session/5f8d798c16580babfbd77307bb98cf12/element/8756C71BB809C935F3A7980CA4A6EF41_element_22/click'
20:24:17.089 [Forwarding clickElement on session 5f8d798c16580babfbd77307bb98cf12 to remote] DEBUG org.asynchttpclient.netty.request.NettyRequestSender - Using open Channel [id: 0x4cf10864, L:/127.0.0.1:50737 - R:localhost/127.0.0.1:7365] for POST '/session/5f8d798c16580babfbd77307bb98cf12/element/8756C71BB809C935F3A7980CA4A6EF41_element_22/click'
20:24:17.299 [AsyncHttpClient-1-1] DEBUG org.asynchttpclient.netty.channel.DefaultChannelPool - Entry count for : http://localhost:50738 : 1
20:24:18.184 [AsyncHttpClient-1-2] DEBUG org.asynchttpclient.netty.handler.HttpHandler - 

Request DefaultHttpRequest(decodeResult: success, version: HTTP/1.1)
POST /session/5f8d798c16580babfbd77307bb98cf12/element/8756C71BB809C935F3A7980CA4A6EF41_element_22/click HTTP/1.1
User-Agent: selenium/4.8.1 (java windows)
Content-Length: 57
Content-Type: application/json; charset=utf-8
host: localhost:7365
accept: */*

Response DefaultHttpResponse(decodeResult: success, version: HTTP/1.1)
HTTP/1.1 400 Bad Request
Content-Length: 1290
Content-Type: application/json; charset=utf-8
cache-control: no-cache

20:24:18.186 [AsyncHttpClient-1-2] DEBUG org.asynchttpclient.netty.channel.ChannelManager - Adding key: http://localhost:7365 for channel [id: 0x4cf10864, L:/127.0.0.1:50737 - R:localhost/127.0.0.1:7365]
20:24:18.401 [AsyncHttpClient-1-1] DEBUG org.asynchttpclient.netty.channel.DefaultChannelPool - Entry count for : http://localhost:50738 : 1
20:24:18.401 [AsyncHttpClient-1-1] DEBUG org.asynchttpclient.netty.channel.DefaultChannelPool - Entry count for : http://localhost:7365 : 1
20:24:18.452 [Forwarding clickElement on session 5f8d798c16580babfbd77307bb98cf12 to remote] DEBUG org.asynchttpclient.netty.request.NettyRequestSender - Using pooled Channel '[id: 0x4cf10864, L:/127.0.0.1:50737 - R:localhost/127.0.0.1:7365]' for 'POST' to 'http://localhost:7365/session/5f8d798c16580babfbd77307bb98cf12/element/8756C71BB809C935F3A7980CA4A6EF41_element_22/click'
20:24:18.454 [Forwarding clickElement on session 5f8d798c16580babfbd77307bb98cf12 to remote] DEBUG org.asynchttpclient.netty.request.NettyRequestSender - Using open Channel [id: 0x4cf10864, L:/127.0.0.1:50737 - R:localhost/127.0.0.1:7365] for POST '/session/5f8d798c16580babfbd77307bb98cf12/element/8756C71BB809C935F3A7980CA4A6EF41_element_22/click'
20:24:19.148 [AsyncHttpClient-1-2] DEBUG org.asynchttpclient.netty.handler.HttpHandler - 

Request DefaultHttpRequest(decodeResult: success, version: HTTP/1.1)
POST /session/5f8d798c16580babfbd77307bb98cf12/element/8756C71BB809C935F3A7980CA4A6EF41_element_22/click HTTP/1.1
User-Agent: selenium/4.8.1 (java windows)
Content-Length: 57
Content-Type: application/json; charset=utf-8
host: localhost:7365
accept: */*

Response DefaultHttpResponse(decodeResult: success, version: HTTP/1.1)
HTTP/1.1 200 OK
Content-Length: 14
Content-Type: application/json; charset=utf-8
cache-control: no-cache

20:24:19.149 [AsyncHttpClient-1-2] DEBUG org.asynchttpclient.netty.channel.ChannelManager - Adding key: http://localhost:7365 for channel [id: 0x4cf10864, L:/127.0.0.1:50737 - R:localhost/127.0.0.1:7365]
20:24:19.156 [main] DEBUG net.thucydides.core.steps.StepInterceptor - STEP DONE: clickMenuKA
  &amp#27;[32mAnd &amp#27;[0m&amp#27;[32muser click Kereta Api menu&amp#27;[0m         &amp#27;[90m# starter.stepdefinitions.DetailKASteps.userClickKeretaApiMenu()&amp#27;[0m
20:24:19.502 [AsyncHttpClient-1-1] DEBUG org.asynchttpclient.netty.channel.DefaultChannelPool - Entry count for : http://localhost:50738 : 1
20:24:19.505 [AsyncHttpClient-1-1] DEBUG org.asynchttpclient.netty.channel.DefaultChannelPool - Entry count for : http://localhost:7365 : 1
20:24:19.753 [Forwarding findElement on session 5f8d798c16580babfbd77307bb98cf12 to remote] DEBUG org.asynchttpclient.netty.request.NettyRequestSender - Using pooled Channel '[id: 0x4cf10864, L:/127.0.0.1:50737 - R:localhost/127.0.0.1:7365]' for 'POST' to 'http://localhost:7365/session/5f8d798c16580babfbd77307bb98cf12/element'
20:24:19.753 [Forwarding findElement on session 5f8d798c16580babfbd77307bb98cf12 to remote] DEBUG org.asynchttpclient.netty.request.NettyRequestSender - Using open Channel [id: 0x4cf10864, L:/127.0.0.1:50737 - R:localhost/127.0.0.1:7365] for POST '/session/5f8d798c16580babfbd77307bb98cf12/element'
20:24:19.771 [AsyncHttpClient-1-2] DEBUG org.asynchttpclient.netty.handler.HttpHandler - 

Request DefaultHttpRequest(decodeResult: success, version: HTTP/1.1)
POST /session/5f8d798c16580babfbd77307bb98cf12/element HTTP/1.1
User-Agent: selenium/4.8.1 (java windows)
Content-Length: 118
Content-Type: application/json; charset=utf-8
host: localhost:7365
accept: */*

Response DefaultHttpResponse(decodeResult: success, version: HTTP/1.1)
HTTP/1.1 200 OK
Content-Length: 95
Content-Type: application/json; charset=utf-8
cache-control: no-cache

20:24:19.771 [AsyncHttpClient-1-2] DEBUG org.asynchttpclient.netty.channel.ChannelManager - Adding key: http://localhost:7365 for channel [id: 0x4cf10864, L:/127.0.0.1:50737 - R:localhost/127.0.0.1:7365]
20:24:19.774 [Forwarding getElementTagName on session 5f8d798c16580babfbd77307bb98cf12 to remote] DEBUG org.asynchttpclient.netty.request.NettyRequestSender - Using pooled Channel '[id: 0x4cf10864, L:/127.0.0.1:50737 - R:localhost/127.0.0.1:7365]' for 'GET' to 'http://localhost:7365/session/5f8d798c16580babfbd77307bb98cf12/element/8756C71BB809C935F3A7980CA4A6EF41_element_95/name'
20:24:19.774 [Forwarding getElementTagName on session 5f8d798c16580babfbd77307bb98cf12 to remote] DEBUG org.asynchttpclient.netty.request.NettyRequestSender - Using open Channel [id: 0x4cf10864, L:/127.0.0.1:50737 - R:localhost/127.0.0.1:7365] for GET '/session/5f8d798c16580babfbd77307bb98cf12/element/8756C71BB809C935F3A7980CA4A6EF41_element_95/name'
20:24:19.781 [AsyncHttpClient-1-2] DEBUG org.asynchttpclient.netty.handler.HttpHandler - 

Request DefaultFullHttpRequest(decodeResult: success, version: HTTP/1.1, content: EmptyByteBufBE)
GET /session/5f8d798c16580babfbd77307bb98cf12/element/8756C71BB809C935F3A7980CA4A6EF41_element_95/name HTTP/1.1
User-Agent: selenium/4.8.1 (java windows)
Cache-Control: no-cache
Content-Type: application/json; charset=utf-8
host: localhost:7365
accept: */*

Response DefaultHttpResponse(decodeResult: success, version: HTTP/1.1)
HTTP/1.1 200 OK
Content-Length: 15
Content-Type: application/json; charset=utf-8
cache-control: no-cache

20:24:19.782 [AsyncHttpClient-1-2] DEBUG org.asynchttpclient.netty.channel.ChannelManager - Adding key: http://localhost:7365 for channel [id: 0x4cf10864, L:/127.0.0.1:50737 - R:localhost/127.0.0.1:7365]
20:24:19.784 [Forwarding getElementTagName on session 5f8d798c16580babfbd77307bb98cf12 to remote] DEBUG org.asynchttpclient.netty.request.NettyRequestSender - Using pooled Channel '[id: 0x4cf10864, L:/127.0.0.1:50737 - R:localhost/127.0.0.1:7365]' for 'GET' to 'http://localhost:7365/session/5f8d798c16580babfbd77307bb98cf12/element/8756C71BB809C935F3A7980CA4A6EF41_element_95/name'
20:24:19.784 [Forwarding getElementTagName on session 5f8d798c16580babfbd77307bb98cf12 to remote] DEBUG org.asynchttpclient.netty.request.NettyRequestSender - Using open Channel [id: 0x4cf10864, L:/127.0.0.1:50737 - R:localhost/127.0.0.1:7365] for GET '/session/5f8d798c16580babfbd77307bb98cf12/element/8756C71BB809C935F3A7980CA4A6EF41_element_95/name'
20:24:19.793 [AsyncHttpClient-1-2] DEBUG org.asynchttpclient.netty.handler.HttpHandler - 

Request DefaultFullHttpRequest(decodeResult: success, version: HTTP/1.1, content: EmptyByteBufBE)
GET /session/5f8d798c16580babfbd77307bb98cf12/element/8756C71BB809C935F3A7980CA4A6EF41_element_95/name HTTP/1.1
User-Agent: selenium/4.8.1 (java windows)
Cache-Control: no-cache
Content-Type: application/json; charset=utf-8
host: localhost:7365
accept: */*

Response DefaultHttpResponse(decodeResult: success, version: HTTP/1.1)
HTTP/1.1 200 OK
Content-Length: 15
Content-Type: application/json; charset=utf-8
cache-control: no-cache

20:24:19.793 [AsyncHttpClient-1-2] DEBUG org.asynchttpclient.netty.channel.ChannelManager - Adding key: http://localhost:7365 for channel [id: 0x4cf10864, L:/127.0.0.1:50737 - R:localhost/127.0.0.1:7365]
20:24:19.798 [Forwarding findElement on session 5f8d798c16580babfbd77307bb98cf12 to remote] DEBUG org.asynchttpclient.netty.request.NettyRequestSender - Using pooled Channel '[id: 0x4cf10864, L:/127.0.0.1:50737 - R:localhost/127.0.0.1:7365]' for 'POST' to 'http://localhost:7365/session/5f8d798c16580babfbd77307bb98cf12/element'
20:24:19.798 [Forwarding findElement on session 5f8d798c16580babfbd77307bb98cf12 to remote] DEBUG org.asynchttpclient.netty.request.NettyRequestSender - Using open Channel [id: 0x4cf10864, L:/127.0.0.1:50737 - R:localhost/127.0.0.1:7365] for POST '/session/5f8d798c16580babfbd77307bb98cf12/element'
20:24:19.807 [AsyncHttpClient-1-2] DEBUG org.asynchttpclient.netty.handler.HttpHandler - 

Request DefaultHttpRequest(decodeResult: success, version: HTTP/1.1)
POST /session/5f8d798c16580babfbd77307bb98cf12/element HTTP/1.1
User-Agent: selenium/4.8.1 (java windows)
Content-Length: 118
Content-Type: application/json; charset=utf-8
host: localhost:7365
accept: */*

Response DefaultHttpResponse(decodeResult: success, version: HTTP/1.1)
HTTP/1.1 200 OK
Content-Length: 95
Content-Type: application/json; charset=utf-8
cache-control: no-cache

20:24:19.808 [AsyncHttpClient-1-2] DEBUG org.asynchttpclient.netty.channel.ChannelManager - Adding key: http://localhost:7365 for channel [id: 0x4cf10864, L:/127.0.0.1:50737 - R:localhost/127.0.0.1:7365]
20:24:19.811 [Forwarding clickElement on session 5f8d798c16580babfbd77307bb98cf12 to remote] DEBUG org.asynchttpclient.netty.request.NettyRequestSender - Using pooled Channel '[id: 0x4cf10864, L:/127.0.0.1:50737 - R:localhost/127.0.0.1:7365]' for 'POST' to 'http://localhost:7365/session/5f8d798c16580babfbd77307bb98cf12/element/8756C71BB809C935F3A7980CA4A6EF41_element_95/click'
20:24:19.811 [Forwarding clickElement on session 5f8d798c16580babfbd77307bb98cf12 to remote] DEBUG org.asynchttpclient.netty.request.NettyRequestSender - Using open Channel [id: 0x4cf10864, L:/127.0.0.1:50737 - R:localhost/127.0.0.1:7365] for POST '/session/5f8d798c16580babfbd77307bb98cf12/element/8756C71BB809C935F3A7980CA4A6EF41_element_95/click'
20:24:19.899 [AsyncHttpClient-1-2] DEBUG org.asynchttpclient.netty.handler.HttpHandler - 

Request DefaultHttpRequest(decodeResult: success, version: HTTP/1.1)
POST /session/5f8d798c16580babfbd77307bb98cf12/element/8756C71BB809C935F3A7980CA4A6EF41_element_95/click HTTP/1.1
User-Agent: selenium/4.8.1 (java windows)
Content-Length: 57
Content-Type: application/json; charset=utf-8
host: localhost:7365
accept: */*

Response DefaultHttpResponse(decodeResult: success, version: HTTP/1.1)
HTTP/1.1 200 OK
Content-Length: 14
Content-Type: application/json; charset=utf-8
cache-control: no-cache

20:24:19.899 [AsyncHttpClient-1-2] DEBUG org.asynchttpclient.netty.channel.ChannelManager - Adding key: http://localhost:7365 for channel [id: 0x4cf10864, L:/127.0.0.1:50737 - R:localhost/127.0.0.1:7365]
  &amp#27;[32mAnd &amp#27;[0m&amp#27;[32muser click data KA status active&amp#27;[0m   &amp#27;[90m# starter.stepdefinitions.EditKASteps.userClickDataKAStatusActive()&amp#27;[0m
20:24:19.918 [Forwarding findElement on session 5f8d798c16580babfbd77307bb98cf12 to remote] DEBUG org.asynchttpclient.netty.request.NettyRequestSender - Using pooled Channel '[id: 0x4cf10864, L:/127.0.0.1:50737 - R:localhost/127.0.0.1:7365]' for 'POST' to 'http://localhost:7365/session/5f8d798c16580babfbd77307bb98cf12/element'
20:24:19.919 [Forwarding findElement on session 5f8d798c16580babfbd77307bb98cf12 to remote] DEBUG org.asynchttpclient.netty.request.NettyRequestSender - Using open Channel [id: 0x4cf10864, L:/127.0.0.1:50737 - R:localhost/127.0.0.1:7365] for POST '/session/5f8d798c16580babfbd77307bb98cf12/element'
20:24:20.000 [AsyncHttpClient-1-2] DEBUG org.asynchttpclient.netty.handler.HttpHandler - 

Request DefaultHttpRequest(decodeResult: success, version: HTTP/1.1)
POST /session/5f8d798c16580babfbd77307bb98cf12/element HTTP/1.1
User-Agent: selenium/4.8.1 (java windows)
Content-Length: 151
Content-Type: application/json; charset=utf-8
host: localhost:7365
accept: */*

Response DefaultHttpResponse(decodeResult: success, version: HTTP/1.1)
HTTP/1.1 200 OK
Content-Length: 96
Content-Type: application/json; charset=utf-8
cache-control: no-cache

20:24:20.000 [AsyncHttpClient-1-2] DEBUG org.asynchttpclient.netty.channel.ChannelManager - Adding key: http://localhost:7365 for channel [id: 0x4cf10864, L:/127.0.0.1:50737 - R:localhost/127.0.0.1:7365]
20:24:20.003 [Forwarding getElementTagName on session 5f8d798c16580babfbd77307bb98cf12 to remote] DEBUG org.asynchttpclient.netty.request.NettyRequestSender - Using pooled Channel '[id: 0x4cf10864, L:/127.0.0.1:50737 - R:localhost/127.0.0.1:7365]' for 'GET' to 'http://localhost:7365/session/5f8d798c16580babfbd77307bb98cf12/element/8756C71BB809C935F3A7980CA4A6EF41_element_102/name'
20:24:20.004 [Forwarding getElementTagName on session 5f8d798c16580babfbd77307bb98cf12 to remote] DEBUG org.asynchttpclient.netty.request.NettyRequestSender - Using open Channel [id: 0x4cf10864, L:/127.0.0.1:50737 - R:localhost/127.0.0.1:7365] for GET '/session/5f8d798c16580babfbd77307bb98cf12/element/8756C71BB809C935F3A7980CA4A6EF41_element_102/name'
20:24:20.018 [AsyncHttpClient-1-2] DEBUG org.asynchttpclient.netty.handler.HttpHandler - 

Request DefaultFullHttpRequest(decodeResult: success, version: HTTP/1.1, content: EmptyByteBufBE)
GET /session/5f8d798c16580babfbd77307bb98cf12/element/8756C71BB809C935F3A7980CA4A6EF41_element_102/name HTTP/1.1
User-Agent: selenium/4.8.1 (java windows)
Cache-Control: no-cache
Content-Type: application/json; charset=utf-8
host: localhost:7365
accept: */*

Response DefaultHttpResponse(decodeResult: success, version: HTTP/1.1)
HTTP/1.1 200 OK
Content-Length: 18
Content-Type: application/json; charset=utf-8
cache-control: no-cache

20:24:20.018 [AsyncHttpClient-1-2] DEBUG org.asynchttpclient.netty.channel.ChannelManager - Adding key: http://localhost:7365 for channel [id: 0x4cf10864, L:/127.0.0.1:50737 - R:localhost/127.0.0.1:7365]
20:24:20.022 [Forwarding getElementTagName on session 5f8d798c16580babfbd77307bb98cf12 to remote] DEBUG org.asynchttpclient.netty.request.NettyRequestSender - Using pooled Channel '[id: 0x4cf10864, L:/127.0.0.1:50737 - R:localhost/127.0.0.1:7365]' for 'GET' to 'http://localhost:7365/session/5f8d798c16580babfbd77307bb98cf12/element/8756C71BB809C935F3A7980CA4A6EF41_element_102/name'
20:24:20.022 [Forwarding getElementTagName on session 5f8d798c16580babfbd77307bb98cf12 to remote] DEBUG org.asynchttpclient.netty.request.NettyRequestSender - Using open Channel [id: 0x4cf10864, L:/127.0.0.1:50737 - R:localhost/127.0.0.1:7365] for GET '/session/5f8d798c16580babfbd77307bb98cf12/element/8756C71BB809C935F3A7980CA4A6EF41_element_102/name'
20:24:20.030 [AsyncHttpClient-1-2] DEBUG org.asynchttpclient.netty.handler.HttpHandler - 

Request DefaultFullHttpRequest(decodeResult: success, version: HTTP/1.1, content: EmptyByteBufBE)
GET /session/5f8d798c16580babfbd77307bb98cf12/element/8756C71BB809C935F3A7980CA4A6EF41_element_102/name HTTP/1.1
User-Agent: selenium/4.8.1 (java windows)
Cache-Control: no-cache
Content-Type: application/json; charset=utf-8
host: localhost:7365
accept: */*

Response DefaultHttpResponse(decodeResult: success, version: HTTP/1.1)
HTTP/1.1 200 OK
Content-Length: 18
Content-Type: application/json; charset=utf-8
cache-control: no-cache

20:24:20.030 [AsyncHttpClient-1-2] DEBUG org.asynchttpclient.netty.channel.ChannelManager - Adding key: http://localhost:7365 for channel [id: 0x4cf10864, L:/127.0.0.1:50737 - R:localhost/127.0.0.1:7365]
20:24:20.034 [Forwarding isElementEnabled on session 5f8d798c16580babfbd77307bb98cf12 to remote] DEBUG org.asynchttpclient.netty.request.NettyRequestSender - Using pooled Channel '[id: 0x4cf10864, L:/127.0.0.1:50737 - R:localhost/127.0.0.1:7365]' for 'GET' to 'http://localhost:7365/session/5f8d798c16580babfbd77307bb98cf12/element/8756C71BB809C935F3A7980CA4A6EF41_element_102/enabled'
20:24:20.034 [Forwarding isElementEnabled on session 5f8d798c16580babfbd77307bb98cf12 to remote] DEBUG org.asynchttpclient.netty.request.NettyRequestSender - Using open Channel [id: 0x4cf10864, L:/127.0.0.1:50737 - R:localhost/127.0.0.1:7365] for GET '/session/5f8d798c16580babfbd77307bb98cf12/element/8756C71BB809C935F3A7980CA4A6EF41_element_102/enabled'
20:24:20.043 [AsyncHttpClient-1-2] DEBUG org.asynchttpclient.netty.handler.HttpHandler - 

Request DefaultFullHttpRequest(decodeResult: success, version: HTTP/1.1, content: EmptyByteBufBE)
GET /session/5f8d798c16580babfbd77307bb98cf12/element/8756C71BB809C935F3A7980CA4A6EF41_element_102/enabled HTTP/1.1
User-Agent: selenium/4.8.1 (java windows)
Cache-Control: no-cache
Content-Type: application/json; charset=utf-8
host: localhost:7365
accept: */*

Response DefaultHttpResponse(decodeResult: success, version: HTTP/1.1)
HTTP/1.1 200 OK
Content-Length: 14
Content-Type: application/json; charset=utf-8
cache-control: no-cache

20:24:20.043 [AsyncHttpClient-1-2] DEBUG org.asynchttpclient.netty.channel.ChannelManager - Adding key: http://localhost:7365 for channel [id: 0x4cf10864, L:/127.0.0.1:50737 - R:localhost/127.0.0.1:7365]
20:24:20.045 [Forwarding isElementEnabled on session 5f8d798c16580babfbd77307bb98cf12 to remote] DEBUG org.asynchttpclient.netty.request.NettyRequestSender - Using pooled Channel '[id: 0x4cf10864, L:/127.0.0.1:50737 - R:localhost/127.0.0.1:7365]' for 'GET' to 'http://localhost:7365/session/5f8d798c16580babfbd77307bb98cf12/element/8756C71BB809C935F3A7980CA4A6EF41_element_102/enabled'
20:24:20.045 [Forwarding isElementEnabled on session 5f8d798c16580babfbd77307bb98cf12 to remote] DEBUG org.asynchttpclient.netty.request.NettyRequestSender - Using open Channel [id: 0x4cf10864, L:/127.0.0.1:50737 - R:localhost/127.0.0.1:7365] for GET '/session/5f8d798c16580babfbd77307bb98cf12/element/8756C71BB809C935F3A7980CA4A6EF41_element_102/enabled'
20:24:20.054 [AsyncHttpClient-1-2] DEBUG org.asynchttpclient.netty.handler.HttpHandler - 

Request DefaultFullHttpRequest(decodeResult: success, version: HTTP/1.1, content: EmptyByteBufBE)
GET /session/5f8d798c16580babfbd77307bb98cf12/element/8756C71BB809C935F3A7980CA4A6EF41_element_102/enabled HTTP/1.1
User-Agent: selenium/4.8.1 (java windows)
Cache-Control: no-cache
Content-Type: application/json; charset=utf-8
host: localhost:7365
accept: */*

Response DefaultHttpResponse(decodeResult: success, version: HTTP/1.1)
HTTP/1.1 200 OK
Content-Length: 14
Content-Type: application/json; charset=utf-8
cache-control: no-cache

20:24:20.054 [AsyncHttpClient-1-2] DEBUG org.asynchttpclient.netty.channel.ChannelManager - Adding key: http://localhost:7365 for channel [id: 0x4cf10864, L:/127.0.0.1:50737 - R:localhost/127.0.0.1:7365]
20:24:20.089 [Forwarding findElement on session 5f8d798c16580babfbd77307bb98cf12 to remote] DEBUG org.asynchttpclient.netty.request.NettyRequestSender - Using pooled Channel '[id: 0x4cf10864, L:/127.0.0.1:50737 - R:localhost/127.0.0.1:7365]' for 'POST' to 'http://localhost:7365/session/5f8d798c16580babfbd77307bb98cf12/element'
20:24:20.089 [Forwarding findElement on session 5f8d798c16580babfbd77307bb98cf12 to remote] DEBUG org.asynchttpclient.netty.request.NettyRequestSender - Using open Channel [id: 0x4cf10864, L:/127.0.0.1:50737 - R:localhost/127.0.0.1:7365] for POST '/session/5f8d798c16580babfbd77307bb98cf12/element'
20:24:20.156 [AsyncHttpClient-1-2] DEBUG org.asynchttpclient.netty.handler.HttpHandler - 

Request DefaultHttpRequest(decodeResult: success, version: HTTP/1.1)
POST /session/5f8d798c16580babfbd77307bb98cf12/element HTTP/1.1
User-Agent: selenium/4.8.1 (java windows)
Content-Length: 151
Content-Type: application/json; charset=utf-8
host: localhost:7365
accept: */*

Response DefaultHttpResponse(decodeResult: success, version: HTTP/1.1)
HTTP/1.1 200 OK
Content-Length: 96
Content-Type: application/json; charset=utf-8
cache-control: no-cache

20:24:20.157 [AsyncHttpClient-1-2] DEBUG org.asynchttpclient.netty.channel.ChannelManager - Adding key: http://localhost:7365 for channel [id: 0x4cf10864, L:/127.0.0.1:50737 - R:localhost/127.0.0.1:7365]
20:24:20.166 [Forwarding clickElement on session 5f8d798c16580babfbd77307bb98cf12 to remote] DEBUG org.asynchttpclient.netty.request.NettyRequestSender - Using pooled Channel '[id: 0x4cf10864, L:/127.0.0.1:50737 - R:localhost/127.0.0.1:7365]' for 'POST' to 'http://localhost:7365/session/5f8d798c16580babfbd77307bb98cf12/element/8756C71BB809C935F3A7980CA4A6EF41_element_102/click'
20:24:20.166 [Forwarding clickElement on session 5f8d798c16580babfbd77307bb98cf12 to remote] DEBUG org.asynchttpclient.netty.request.NettyRequestSender - Using open Channel [id: 0x4cf10864, L:/127.0.0.1:50737 - R:localhost/127.0.0.1:7365] for POST '/session/5f8d798c16580babfbd77307bb98cf12/element/8756C71BB809C935F3A7980CA4A6EF41_element_102/click'
20:24:20.329 [AsyncHttpClient-1-2] DEBUG org.asynchttpclient.netty.handler.HttpHandler - 

Request DefaultHttpRequest(decodeResult: success, version: HTTP/1.1)
POST /session/5f8d798c16580babfbd77307bb98cf12/element/8756C71BB809C935F3A7980CA4A6EF41_element_102/click HTTP/1.1
User-Agent: selenium/4.8.1 (java windows)
Content-Length: 58
Content-Type: application/json; charset=utf-8
host: localhost:7365
accept: */*

Response DefaultHttpResponse(decodeResult: success, version: HTTP/1.1)
HTTP/1.1 200 OK
Content-Length: 14
Content-Type: application/json; charset=utf-8
cache-control: no-cache

20:24:20.329 [AsyncHttpClient-1-2] DEBUG org.asynchttpclient.netty.channel.ChannelManager - Adding key: http://localhost:7365 for channel [id: 0x4cf10864, L:/127.0.0.1:50737 - R:localhost/127.0.0.1:7365]
  &amp#27;[32mAnd &amp#27;[0m&amp#27;[32muser click button Ubah KA&amp#27;[0m          &amp#27;[90m# starter.stepdefinitions.EditKASteps.userClickButtonUbahKA()&amp#27;[0m
20:24:20.355 [Forwarding findElement on session 5f8d798c16580babfbd77307bb98cf12 to remote] DEBUG org.asynchttpclient.netty.request.NettyRequestSender - Using pooled Channel '[id: 0x4cf10864, L:/127.0.0.1:50737 - R:localhost/127.0.0.1:7365]' for 'POST' to 'http://localhost:7365/session/5f8d798c16580babfbd77307bb98cf12/element'
20:24:20.355 [Forwarding findElement on session 5f8d798c16580babfbd77307bb98cf12 to remote] DEBUG org.asynchttpclient.netty.request.NettyRequestSender - Using open Channel [id: 0x4cf10864, L:/127.0.0.1:50737 - R:localhost/127.0.0.1:7365] for POST '/session/5f8d798c16580babfbd77307bb98cf12/element'
20:24:20.412 [AsyncHttpClient-1-2] DEBUG org.asynchttpclient.netty.handler.HttpHandler - 

Request DefaultHttpRequest(decodeResult: success, version: HTTP/1.1)
POST /session/5f8d798c16580babfbd77307bb98cf12/element HTTP/1.1
User-Agent: selenium/4.8.1 (java windows)
Content-Length: 139
Content-Type: application/json; charset=utf-8
host: localhost:7365
accept: */*

[...]
20:24:24.466 [AsyncHttpClient-1-2] DEBUG org.asynchttpclient.netty.handler.HttpHandler - 

Request DefaultHttpRequest(decodeResult: success, version: HTTP/1.1)
POST /session/5f8d798c16580babfbd77307bb98cf12/element HTTP/1.1
User-Agent: selenium/4.8.1 (java windows)
Content-Length: 139
Content-Type: application/json; charset=utf-8
host: localhost:7365
accept: */*

Response DefaultHttpResponse(decodeResult: success, version: HTTP/1.1)
HTTP/1.1 200 OK
Content-Length: 96
Content-Type: application/json; charset=utf-8
cache-control: no-cache

20:24:24.467 [AsyncHttpClient-1-2] DEBUG org.asynchttpclient.netty.channel.ChannelManager - Adding key: http://localhost:7365 for channel [id: 0x4cf10864, L:/127.0.0.1:50737 - R:localhost/127.0.0.1:7365]
20:24:24.469 [Forwarding getElementTagName on session 5f8d798c16580babfbd77307bb98cf12 to remote] DEBUG org.asynchttpclient.netty.request.NettyRequestSender - Using pooled Channel '[id: 0x4cf10864, L:/127.0.0.1:50737 - R:localhost/127.0.0.1:7365]' for 'GET' to 'http://localhost:7365/session/5f8d798c16580babfbd77307bb98cf12/element/8756C71BB809C935F3A7980CA4A6EF41_element_128/name'
20:24:24.469 [Forwarding getElementTagName on session 5f8d798c16580babfbd77307bb98cf12 to remote] DEBUG org.asynchttpclient.netty.request.NettyRequestSender - Using open Channel [id: 0x4cf10864, L:/127.0.0.1:50737 - R:localhost/127.0.0.1:7365] for GET '/session/5f8d798c16580babfbd77307bb98cf12/element/8756C71BB809C935F3A7980CA4A6EF41_element_128/name'
20:24:24.478 [AsyncHttpClient-1-2] DEBUG org.asynchttpclient.netty.handler.HttpHandler - 

Request DefaultFullHttpRequest(decodeResult: success, version: HTTP/1.1, content: EmptyByteBufBE)
GET /session/5f8d798c16580babfbd77307bb98cf12/element/8756C71BB809C935F3A7980CA4A6EF41_element_128/name HTTP/1.1
User-Agent: selenium/4.8.1 (java windows)
Cache-Control: no-cache
Content-Type: application/json; charset=utf-8
host: localhost:7365
accept: */*

Response DefaultHttpResponse(decodeResult: success, version: HTTP/1.1)
HTTP/1.1 200 OK
Content-Length: 18
Content-Type: application/json; charset=utf-8
cache-control: no-cache

20:24:24.478 [AsyncHttpClient-1-2] DEBUG org.asynchttpclient.netty.channel.ChannelManager - Adding key: http://localhost:7365 for channel [id: 0x4cf10864, L:/127.0.0.1:50737 - R:localhost/127.0.0.1:7365]
20:24:24.481 [Forwarding getElementTagName on session 5f8d798c16580babfbd77307bb98cf12 to remote] DEBUG org.asynchttpclient.netty.request.NettyRequestSender - Using pooled Channel '[id: 0x4cf10864, L:/127.0.0.1:50737 - R:localhost/127.0.0.1:7365]' for 'GET' to 'http://localhost:7365/session/5f8d798c16580babfbd77307bb98cf12/element/8756C71BB809C935F3A7980CA4A6EF41_element_128/name'
20:24:24.481 [Forwarding getElementTagName on session 5f8d798c16580babfbd77307bb98cf12 to remote] DEBUG org.asynchttpclient.netty.request.NettyRequestSender - Using open Channel [id: 0x4cf10864, L:/127.0.0.1:50737 - R:localhost/127.0.0.1:7365] for GET '/session/5f8d798c16580babfbd77307bb98cf12/element/8756C71BB809C935F3A7980CA4A6EF41_element_128/name'
20:24:24.488 [AsyncHttpClient-1-2] DEBUG org.asynchttpclient.netty.handler.HttpHandler - 

Request DefaultFullHttpRequest(decodeResult: success, version: HTTP/1.1, content: EmptyByteBufBE)
GET /session/5f8d798c16580babfbd77307bb98cf12/element/8756C71BB809C935F3A7980CA4A6EF41_element_128/name HTTP/1.1
User-Agent: selenium/4.8.1 (java windows)
Cache-Control: no-cache
Content-Type: application/json; charset=utf-8
host: localhost:7365
accept: */*

Response DefaultHttpResponse(decodeResult: success, version: HTTP/1.1)
HTTP/1.1 200 OK
Content-Length: 18
Content-Type: application/json; charset=utf-8
cache-control: no-cache

20:24:24.489 [AsyncHttpClient-1-2] DEBUG org.asynchttpclient.netty.channel.ChannelManager - Adding key: http://localhost:7365 for channel [id: 0x4cf10864, L:/127.0.0.1:50737 - R:localhost/127.0.0.1:7365]
20:24:24.493 [Forwarding isElementEnabled on session 5f8d798c16580babfbd77307bb98cf12 to remote] DEBUG org.asynchttpclient.netty.request.NettyRequestSender - Using pooled Channel '[id: 0x4cf10864, L:/127.0.0.1:50737 - R:localhost/127.0.0.1:7365]' for 'GET' to 'http://localhost:7365/session/5f8d798c16580babfbd77307bb98cf12/element/8756C71BB809C935F3A7980CA4A6EF41_element_128/enabled'
20:24:24.493 [Forwarding isElementEnabled on session 5f8d798c16580babfbd77307bb98cf12 to remote] DEBUG org.asynchttpclient.netty.request.NettyRequestSender - Using open Channel [id: 0x4cf10864, L:/127.0.0.1:50737 - R:localhost/127.0.0.1:7365] for GET '/session/5f8d798c16580babfbd77307bb98cf12/element/8756C71BB809C935F3A7980CA4A6EF41_element_128/enabled'
20:24:24.501 [AsyncHttpClient-1-2] DEBUG org.asynchttpclient.netty.handler.HttpHandler - 

Request DefaultFullHttpRequest(decodeResult: success, version: HTTP/1.1, content: EmptyByteBufBE)
GET /session/5f8d798c16580babfbd77307bb98cf12/element/8756C71BB809C935F3A7980CA4A6EF41_element_128/enabled HTTP/1.1
User-Agent: selenium/4.8.1 (java windows)
Cache-Control: no-cache
Content-Type: application/json; charset=utf-8
host: localhost:7365
accept: */*

Response DefaultHttpResponse(decodeResult: success, version: HTTP/1.1)
HTTP/1.1 200 OK
Content-Length: 14
Content-Type: application/json; charset=utf-8
cache-control: no-cache

20:24:24.501 [AsyncHttpClient-1-2] DEBUG org.asynchttpclient.netty.channel.ChannelManager - Adding key: http://localhost:7365 for channel [id: 0x4cf10864, L:/127.0.0.1:50737 - R:localhost/127.0.0.1:7365]
20:24:24.503 [Forwarding isElementEnabled on session 5f8d798c16580babfbd77307bb98cf12 to remote] DEBUG org.asynchttpclient.netty.request.NettyRequestSender - Using pooled Channel '[id: 0x4cf10864, L:/127.0.0.1:50737 - R:localhost/127.0.0.1:7365]' for 'GET' to 'http://localhost:7365/session/5f8d798c16580babfbd77307bb98cf12/element/8756C71BB809C935F3A7980CA4A6EF41_element_128/enabled'
20:24:24.503 [Forwarding isElementEnabled on session 5f8d798c16580babfbd77307bb98cf12 to remote] DEBUG org.asynchttpclient.netty.request.NettyRequestSender - Using open Channel [id: 0x4cf10864, L:/127.0.0.1:50737 - R:localhost/127.0.0.1:7365] for GET '/session/5f8d798c16580babfbd77307bb98cf12/element/8756C71BB809C935F3A7980CA4A6EF41_element_128/enabled'
20:24:24.512 [AsyncHttpClient-1-2] DEBUG org.asynchttpclient.netty.handler.HttpHandler - 

Request DefaultFullHttpRequest(decodeResult: success, version: HTTP/1.1, content: EmptyByteBufBE)
GET /session/5f8d798c16580babfbd77307bb98cf12/element/8756C71BB809C935F3A7980CA4A6EF41_element_128/enabled HTTP/1.1
User-Agent: selenium/4.8.1 (java windows)
Cache-Control: no-cache
Content-Type: application/json; charset=utf-8
host: localhost:7365
accept: */*

Response DefaultHttpResponse(decodeResult: success, version: HTTP/1.1)
HTTP/1.1 200 OK
Content-Length: 14
Content-Type: application/json; charset=utf-8
cache-control: no-cache

20:24:24.512 [AsyncHttpClient-1-2] DEBUG org.asynchttpclient.netty.channel.ChannelManager - Adding key: http://localhost:7365 for channel [id: 0x4cf10864, L:/127.0.0.1:50737 - R:localhost/127.0.0.1:7365]
20:24:24.514 [Forwarding findElement on session 5f8d798c16580babfbd77307bb98cf12 to remote] DEBUG org.asynchttpclient.netty.request.NettyRequestSender - Using pooled Channel '[id: 0x4cf10864, L:/127.0.0.1:50737 - R:localhost/127.0.0.1:7365]' for 'POST' to 'http://localhost:7365/session/5f8d798c16580babfbd77307bb98cf12/element'
20:24:24.515 [Forwarding findElement on session 5f8d798c16580babfbd77307bb98cf12 to remote] DEBUG org.asynchttpclient.netty.request.NettyRequestSender - Using open Channel [id: 0x4cf10864, L:/127.0.0.1:50737 - R:localhost/127.0.0.1:7365] for POST '/session/5f8d798c16580babfbd77307bb98cf12/element'
20:24:24.525 [AsyncHttpClient-1-2] DEBUG org.asynchttpclient.netty.handler.HttpHandler - 

Request DefaultHttpRequest(decodeResult: success, version: HTTP/1.1)
POST /session/5f8d798c16580babfbd77307bb98cf12/element HTTP/1.1
User-Agent: selenium/4.8.1 (java windows)
Content-Length: 139
Content-Type: application/json; charset=utf-8
host: localhost:7365
accept: */*

Response DefaultHttpResponse(decodeResult: success, version: HTTP/1.1)
HTTP/1.1 200 OK
Content-Length: 96
Content-Type: application/json; charset=utf-8
cache-control: no-cache

20:24:24.526 [AsyncHttpClient-1-2] DEBUG org.asynchttpclient.netty.channel.ChannelManager - Adding key: http://localhost:7365 for channel [id: 0x4cf10864, L:/127.0.0.1:50737 - R:localhost/127.0.0.1:7365]
20:24:24.527 [Forwarding clickElement on session 5f8d798c16580babfbd77307bb98cf12 to remote] DEBUG org.asynchttpclient.netty.request.NettyRequestSender - Using pooled Channel '[id: 0x4cf10864, L:/127.0.0.1:50737 - R:localhost/127.0.0.1:7365]' for 'POST' to 'http://localhost:7365/session/5f8d798c16580babfbd77307bb98cf12/element/8756C71BB809C935F3A7980CA4A6EF41_element_128/click'
20:24:24.527 [Forwarding clickElement on session 5f8d798c16580babfbd77307bb98cf12 to remote] DEBUG org.asynchttpclient.netty.request.NettyRequestSender - Using open Channel [id: 0x4cf10864, L:/127.0.0.1:50737 - R:localhost/127.0.0.1:7365] for POST '/session/5f8d798c16580babfbd77307bb98cf12/element/8756C71BB809C935F3A7980CA4A6EF41_element_128/click'
20:24:24.573 [AsyncHttpClient-1-2] DEBUG org.asynchttpclient.netty.handler.HttpHandler - 

Request DefaultHttpRequest(decodeResult: success, version: HTTP/1.1)
POST /session/5f8d798c16580babfbd77307bb98cf12/element/8756C71BB809C935F3A7980CA4A6EF41_element_128/click HTTP/1.1
User-Agent: selenium/4.8.1 (java windows)
Content-Length: 58
Content-Type: application/json; charset=utf-8
host: localhost:7365
accept: */*

Response DefaultHttpResponse(decodeResult: success, version: HTTP/1.1)
HTTP/1.1 200 OK
Content-Length: 14
Content-Type: application/json; charset=utf-8
cache-control: no-cache

20:24:24.573 [AsyncHttpClient-1-2] DEBUG org.asynchttpclient.netty.channel.ChannelManager - Adding key: http://localhost:7365 for channel [id: 0x4cf10864, L:/127.0.0.1:50737 - R:localhost/127.0.0.1:7365]
  &amp#27;[32mAnd &amp#27;[0m&amp#27;[32muser click Simpan Perubahan&amp#27;[0m        &amp#27;[90m# starter.stepdefinitions.EditKASteps.userClickSimpanPerubahan()&amp#27;[0m
20:24:24.589 [Forwarding findElement on session 5f8d798c16580babfbd77307bb98cf12 to remote] DEBUG org.asynchttpclient.netty.request.NettyRequestSender - Using pooled Channel '[id: 0x4cf10864, L:/127.0.0.1:50737 - R:localhost/127.0.0.1:7365]' for 'POST' to 'http://localhost:7365/session/5f8d798c16580babfbd77307bb98cf12/element'
20:24:24.589 [Forwarding findElement on session 5f8d798c16580babfbd77307bb98cf12 to remote] DEBUG org.asynchttpclient.netty.request.NettyRequestSender - Using open Channel [id: 0x4cf10864, L:/127.0.0.1:50737 - R:localhost/127.0.0.1:7365] for POST '/session/5f8d798c16580babfbd77307bb98cf12/element'
20:24:24.602 [AsyncHttpClient-1-2] DEBUG org.asynchttpclient.netty.handler.HttpHandler - 

Request DefaultHttpRequest(decodeResult: success, version: HTTP/1.1)
POST /session/5f8d798c16580babfbd77307bb98cf12/element HTTP/1.1
User-Agent: selenium/4.8.1 (java windows)
Content-Length: 114
Content-Type: application/json; charset=utf-8
host: localhost:7365
accept: */*

Response DefaultHttpResponse(decodeResult: success, version: HTTP/1.1)
HTTP/1.1 200 OK
Content-Length: 96
Content-Type: application/json; charset=utf-8
cache-control: no-cache

20:24:24.602 [AsyncHttpClient-1-2] DEBUG org.asynchttpclient.netty.channel.ChannelManager - Adding key: http://localhost:7365 for channel [id: 0x4cf10864, L:/127.0.0.1:50737 - R:localhost/127.0.0.1:7365]
20:24:24.607 [Forwarding isElementDisplayed on session 5f8d798c16580babfbd77307bb98cf12 to remote] DEBUG org.asynchttpclient.netty.request.NettyRequestSender - Using pooled Channel '[id: 0x4cf10864, L:/127.0.0.1:50737 - R:localhost/127.0.0.1:7365]' for 'POST' to 'http://localhost:7365/session/5f8d798c16580babfbd77307bb98cf12/execute/sync'
20:24:24.607 [Forwarding isElementDisplayed on session 5f8d798c16580babfbd77307bb98cf12 to remote] DEBUG org.asynchttpclient.netty.request.NettyRequestSender - Using open Channel [id: 0x4cf10864, L:/127.0.0.1:50737 - R:localhost/127.0.0.1:7365] for POST '/session/5f8d798c16580babfbd77307bb98cf12/execute/sync'
20:24:24.623 [AsyncHttpClient-1-2] DEBUG org.asynchttpclient.netty.handler.HttpHandler - 

Request DefaultHttpRequest(decodeResult: success, version: HTTP/1.1)
POST /session/5f8d798c16580babfbd77307bb98cf12/execute/sync HTTP/1.1
User-Agent: selenium/4.8.1 (java windows)
Content-Length: 48815
Content-Type: application/json; charset=utf-8
host: localhost:7365
accept: */*

Response DefaultHttpResponse(decodeResult: success, version: HTTP/1.1)
HTTP/1.1 200 OK
Content-Length: 14
Content-Type: application/json; charset=utf-8
cache-control: no-cache

20:24:24.623 [AsyncHttpClient-1-2] DEBUG org.asynchttpclient.netty.channel.ChannelManager - Adding key: http://localhost:7365 for channel [id: 0x4cf10864, L:/127.0.0.1:50737 - R:localhost/127.0.0.1:7365]
20:24:24.641 [Forwarding isElementDisplayed on session 5f8d798c16580babfbd77307bb98cf12 to remote] DEBUG org.asynchttpclient.netty.request.NettyRequestSender - Using pooled Channel '[id: 0x4cf10864, L:/127.0.0.1:50737 - R:localhost/127.0.0.1:7365]' for 'POST' to 'http://localhost:7365/session/5f8d798c16580babfbd77307bb98cf12/execute/sync'
20:24:24.641 [Forwarding isElementDisplayed on session 5f8d798c16580babfbd77307bb98cf12 to remote] DEBUG org.asynchttpclient.netty.request.NettyRequestSender - Using open Channel [id: 0x4cf10864, L:/127.0.0.1:50737 - R:localhost/127.0.0.1:7365] for POST '/session/5f8d798c16580babfbd77307bb98cf12/execute/sync'
20:24:24.662 [AsyncHttpClient-1-2] DEBUG org.asynchttpclient.netty.handler.HttpHandler - 

Request DefaultHttpRequest(decodeResult: success, version: HTTP/1.1)
POST /session/5f8d798c16580babfbd77307bb98cf12/execute/sync HTTP/1.1
User-Agent: selenium/4.8.1 (java windows)
Content-Length: 48815
Content-Type: application/json; charset=utf-8
host: localhost:7365
accept: */*

Response DefaultHttpResponse(decodeResult: success, version: HTTP/1.1)
HTTP/1.1 200 OK
Content-Length: 14
Content-Type: application/json; charset=utf-8
cache-control: no-cache

20:24:24.663 [AsyncHttpClient-1-2] DEBUG org.asynchttpclient.netty.channel.ChannelManager - Adding key: http://localhost:7365 for channel [id: 0x4cf10864, L:/127.0.0.1:50737 - R:localhost/127.0.0.1:7365]
  &amp#27;[32mThen &amp#27;[0m&amp#27;[32muser can see daftar KA page&amp#27;[0m       &amp#27;[90m# starter.stepdefinitions.EditKASteps.userCanSeeDaftarKAPage()&amp#27;[0m
20:24:24.687 [main] INFO  - 
  _____   ___   ___   _____     ___     _     ___   ___   ___   ___  
 |_   _| | __| / __| |_   _|   | _ \   /_\   / __| / __| | __| |   \ 
   | |   | _|  \__ \   | |     |  _/  / _ \  \__ \ \__ \ | _|  | |) |
   |_|   |___| |___/   |_|     |_|   /_/ \_\ |___/ |___/ |___| |___/ 

as user i want to edit data KA
----------------------------------------------------------------------
20:24:24.873 [AsyncHttpClient-1-4] DEBUG org.asynchttpclient.netty.handler.WebSocketHandler - Channel Closed: [id: 0x324938da, L:/127.0.0.1:50747 ! R:localhost/127.0.0.1:50738] with attribute NettyResponseFuture{currentRetry=0,
	isDone=1,
	isCancelled=0,
	asyncHandler=org.asynchttpclient.ws.WebSocketUpgradeHandler@50fc8fe7,
	nettyRequest=org.asynchttpclient.netty.request.NettyRequest@1049e0f5,
	future=java.util.concurrent.CompletableFuture@32064e51[Completed normally],
	uri=ws://localhost:50738/devtools/browser/72d6d0fb-1cea-496f-bbe8-6b1752c84201,
	keepAlive=true,
	redirectCount=0,
	timeoutsHolder=null,
	inAuth=0,
	touch=1686576252005}
20:24:24.874 [AsyncHttpClient-1-4] DEBUG org.asynchttpclient.netty.channel.ChannelManager - Closing Channel [id: 0x324938da, L:/127.0.0.1:50747 ! R:localhost/127.0.0.1:50738] 
20:24:24.941 [Driver Command Executor] DEBUG org.asynchttpclient.netty.request.NettyRequestSender - Using pooled Channel '[id: 0x4cf10864, L:/127.0.0.1:50737 - R:localhost/127.0.0.1:7365]' for 'DELETE' to 'http://localhost:7365/session/5f8d798c16580babfbd77307bb98cf12'
20:24:24.941 [Driver Command Executor] DEBUG org.asynchttpclient.netty.request.NettyRequestSender - Using open Channel [id: 0x4cf10864, L:/127.0.0.1:50737 - R:localhost/127.0.0.1:7365] for DELETE '/session/5f8d798c16580babfbd77307bb98cf12'
20:24:25.003 [AsyncHttpClient-1-1] DEBUG org.asynchttpclient.netty.channel.DefaultChannelPool - Entry count for : http://localhost:50738 : 1
20:24:25.079 [AsyncHttpClient-1-3] DEBUG org.asynchttpclient.netty.handler.HttpHandler - Unexpected I/O exception on channel [id: 0x251e2773, L:/127.0.0.1:50746 - R:localhost/127.0.0.1:50738]
java.io.IOException: An existing connection was forcibly closed by the remote host
	at sun.nio.ch.SocketDispatcher.read0(Native Method)
	at sun.nio.ch.SocketDispatcher.read(SocketDispatcher.java:43)
	at sun.nio.ch.IOUtil.readIntoNativeBuffer(IOUtil.java:223)
	at sun.nio.ch.IOUtil.read(IOUtil.java:192)
	at sun.nio.ch.SocketChannelImpl.read(SocketChannelImpl.java:380)
	at io.netty.buffer.PooledByteBuf.setBytes(PooledByteBuf.java:259)
	at io.netty.buffer.AbstractByteBuf.writeBytes(AbstractByteBuf.java:1132)
	at io.netty.channel.socket.nio.NioSocketChannel.doReadBytes(NioSocketChannel.java:357)
	at io.netty.channel.nio.AbstractNioByteChannel$NioByteUnsafe.read(AbstractNioByteChannel.java:151)
	at io.netty.channel.nio.NioEventLoop.processSelectedKey(NioEventLoop.java:788)
	at io.netty.channel.nio.NioEventLoop.processSelectedKeysOptimized(NioEventLoop.java:724)
	at io.netty.channel.nio.NioEventLoop.processSelectedKeys(NioEventLoop.java:650)
	at io.netty.channel.nio.NioEventLoop.run(NioEventLoop.java:562)
	at io.netty.util.concurrent.SingleThreadEventExecutor$4.run(SingleThreadEventExecutor.java:997)
	at io.netty.util.internal.ThreadExecutorMap$2.run(ThreadExecutorMap.java:74)
	at io.netty.util.concurrent.FastThreadLocalRunnable.run(FastThreadLocalRunnable.java:30)
	at java.lang.Thread.run(Thread.java:748)
20:24:25.079 [AsyncHttpClient-1-3] DEBUG org.asynchttpclient.netty.channel.ChannelManager - Closing Channel [id: 0x251e2773, L:/127.0.0.1:50746 - R:localhost/127.0.0.1:50738] 
20:24:25.081 [AsyncHttpClient-1-3] DEBUG org.asynchttpclient.netty.handler.HttpHandler - Channel Closed: [id: 0x251e2773, L:/127.0.0.1:50746 ! R:localhost/127.0.0.1:50738] with attribute DISCARD
20:24:25.132 [AsyncHttpClient-1-2] DEBUG org.asynchttpclient.netty.handler.HttpHandler - 

Request DefaultFullHttpRequest(decodeResult: success, version: HTTP/1.1, content: EmptyByteBufBE)
DELETE /session/5f8d798c16580babfbd77307bb98cf12 HTTP/1.1
User-Agent: selenium/4.8.1 (java windows)
Content-Type: application/json; charset=utf-8
host: localhost:7365
accept: */*

Response DefaultHttpResponse(decodeResult: success, version: HTTP/1.1)
HTTP/1.1 200 OK
Content-Length: 14
Content-Type: application/json; charset=utf-8
cache-control: no-cache

20:24:25.132 [AsyncHttpClient-1-2] DEBUG org.asynchttpclient.netty.channel.ChannelManager - Adding key: http://localhost:7365 for channel [id: 0x4cf10864, L:/127.0.0.1:50737 - R:localhost/127.0.0.1:7365]
20:24:25.255 [AsyncHttpClient-1-2] DEBUG org.asynchttpclient.netty.handler.HttpHandler - Channel Closed: [id: 0x4cf10864, L:/127.0.0.1:50737 ! R:localhost/127.0.0.1:7365] with attribute DISCARD
]]></system-out>
    <system-err><![CDATA[Starting ChromeDriver 114.0.5735.90 (386bc09e8f4f2e025eddae123f36f6263096ae49-refs/branch-heads/5735@{#1052}) on port 7365
Only local connections are allowed.
Please see https://chromedriver.chromium.org/security-considerations for suggestions on keeping ChromeDriver safe.
ChromeDriver was started successfully.
Jun 12, 2023 8:24:12 PM org.openqa.selenium.devtools.CdpVersionFinder findNearestMatch
WARNING: Unable to find an exact match for CDP version 114, so returning the closest version found: 110
]]></system-err>
  </testcase>
</testsuite>