<?xml version="1.0" encoding="UTF-8"?>
<testsuite xmlns:xsi="http://www.w3.org/2001/XMLSchema-instance" xsi:noNamespaceSchemaLocation="https://maven.apache.org/surefire/maven-failsafe-plugin/xsd/failsafe-test-report-3.0.xsd" version="3.0" name="starter.CucumberTestSuite" time="28.267" tests="1" errors="1" skipped="0" failures="0">
  <properties>
[...]
</properties>
  <testcase name="as user i want to create a new data hotel" classname="As a user i want to create a new data hotel" time="22.429">
    <error type="net.thucydides.core.webdriver.exceptions.ElementShouldBeEnabledException"><![CDATA[net.thucydides.core.webdriver.exceptions.ElementShouldBeEnabledException: Expected enabled element was not enabled
Caused by: org.openqa.selenium.TimeoutException: Expected condition failed: waiting for By.xpath: /html/body/div[4]/div/div/div/div[6]/span to be enabled (tried for 5 second(s) with 100 milliseconds interval)
Caused by: org.openqa.selenium.NoSuchElementException: 
no such element: Unable to locate element: {"method":"xpath","selector":"/html/body/div[4]/div/div/div/div[6]/span"}
  (Session info: chrome=114.0.5735.134)
For documentation on this error, please visit: https://selenium.dev/exceptions/#no_such_element
Build info: version: '4.8.1', revision: '8ebccac989'
System info: os.name: 'Windows 10', os.arch: 'amd64', os.version: '10.0', java.version: '1.8.0_202'
Driver info: org.openqa.selenium.chrome.ChromeDriver
Command: [ddfbf42a06db361a201d8b8b0d761482, findElement {using=xpath, value=/html/body/div[4]/div/div/div/div[6]/span}]
Capabilities {acceptInsecureCerts: true, browserName: chrome, browserVersion: 114.0.5735.134, chrome: {chromedriverVersion: 114.0.5735.90 (386bc09e8f4f..., userDataDir: C:\Users\ADWUSE~1\AppData\L...}, goog:chromeOptions: {debuggerAddress: localhost:61206}, networkConnectionEnabled: false, pageLoadStrategy: normal, platformName: WINDOWS, proxy: Proxy(), se:cdp: ws://localhost:61206/devtoo..., se:cdpVersion: 114.0.5735.134, setWindowRect: true, strictFileInteractability: false, timeouts: {implicit: 0, pageLoad: 300000, script: 30000}, unhandledPromptBehavior: dismiss and notify, webauthn:extension:credBlob: true, webauthn:extension:largeBlob: true, webauthn:extension:minPinLength: true, webauthn:extension:prf: true, webauthn:virtualAuthenticators: true}
Session ID: ddfbf42a06db361a201d8b8b0d761482
]]></error>
    <system-out><![CDATA[22:48:42.774 [main] DEBUG net.thucydides.core.guice.Injectors - Created injector for module net.thucydides.core.guice.ThucydidesModule
22:48:43.317 [main] DEBUG io.cucumber.core.plugin.SerenityReporter - Running feature from file:///D:/D/QE_Alta/capstone/web-automation-test/src/test/resources/features/Admin/DaftarHotel/TambahDaftarHotel.feature
22:48:43.586 [main] DEBUG net.thucydides.core.guice.Injectors - Created injector for module net.thucydides.core.guice.webdriver.WebDriverModule
22:48:43.616 [main] INFO  - 

-------------------------------------------------------------------------------------
     _______. _______ .______       _______ .__   __.  __  .___________.____    ____ 
    /       ||   ____||   _  \     |   ____||  \ |  | |  | |           |\   \  /   / 
   |   (----`|  |__   |  |_)  |    |  |__   |   \|  | |  | `---|  |----` \   \/   /  
    \   \    |   __|  |      /     |   __|  |  . `  | |  |     |  |       \_    _/   
.----)   |   |  |____ |  |\  \----.|  |____ |  |\   | |  |     |  |         |  |     
|_______/    |_______|| _| `._____||_______||__| \__| |__|     |__|         |__|    
                                                                                     
 News and tutorials at http://www.serenity-bdd.info                                  
 Documentation at https://wakaleo.gitbooks.io/the-serenity-book/content/             
 Join the Serenity Community on Gitter: https://gitter.im/serenity-bdd/serenity-core 
 Serenity BDD Support and Training at http://serenity-bdd.info/#/trainingandsupport  
-------------------------------------------------------------------------------------

22:48:43.621 [main] DEBUG net.thucydides.core.steps.StepEventBus - Test suite started for story net.thucydides.core.model.Story@ef2155f9
22:48:43.623 [main] INFO  - Test Suite Started: As a user i want to create a new data hotel
22:48:43.649 [main] DEBUG io.cucumber.core.plugin.SerenityReporter - Running feature from file:///D:/D/QE_Alta/capstone/web-automation-test/src/test/resources/features/Admin/DaftarKeretaApi/DeleteKA.feature
22:48:43.654 [main] DEBUG net.thucydides.core.steps.StepEventBus - Test suite started for story net.thucydides.core.model.Story@b866baff
22:48:43.654 [main] INFO  - Test Suite Started: As a user i want to success see detail data KA
22:48:43.655 [main] DEBUG io.cucumber.core.plugin.SerenityReporter - Running feature from file:///D:/D/QE_Alta/capstone/web-automation-test/src/test/resources/features/Admin/DaftarKeretaApi/DetailKA.feature
22:48:43.659 [main] DEBUG net.thucydides.core.steps.StepEventBus - Test suite started for story net.thucydides.core.model.Story@cae7b625
22:48:43.660 [main] INFO  - Test Suite Started: As a user i want to success see detail data KA
22:48:43.661 [main] DEBUG io.cucumber.core.plugin.SerenityReporter - Running feature from file:///D:/D/QE_Alta/capstone/web-automation-test/src/test/resources/features/Admin/DaftarKeretaApi/EditKA.feature
22:48:43.667 [main] DEBUG net.thucydides.core.steps.StepEventBus - Test suite started for story net.thucydides.core.model.Story@69ea54bf
22:48:43.668 [main] INFO  - Test Suite Started: As a user i want to success edit data KA
22:48:43.668 [main] DEBUG io.cucumber.core.plugin.SerenityReporter - Running feature from file:///D:/D/QE_Alta/capstone/web-automation-test/src/test/resources/features/Admin/DaftarKeretaApi/TambahKA.feature
22:48:43.675 [main] DEBUG net.thucydides.core.steps.StepEventBus - Test suite started for story net.thucydides.core.model.Story@549418e3
22:48:43.676 [main] INFO  - Test Suite Started: As a user i want to add a new KA
22:48:43.677 [main] DEBUG io.cucumber.core.plugin.SerenityReporter - Running feature from file:///D:/D/QE_Alta/capstone/web-automation-test/src/test/resources/features/Admin/DaftarPengguna/EditPengguna.feature
22:48:43.683 [main] DEBUG net.thucydides.core.steps.StepEventBus - Test suite started for story net.thucydides.core.model.Story@7252840b
22:48:43.684 [main] INFO  - Test Suite Started: As a user i want to edit user
22:48:43.684 [main] DEBUG io.cucumber.core.plugin.SerenityReporter - Running feature from file:///D:/D/QE_Alta/capstone/web-automation-test/src/test/resources/features/Admin/DaftarPengguna/TambahPengguna.feature
22:48:43.690 [main] DEBUG net.thucydides.core.steps.StepEventBus - Test suite started for story net.thucydides.core.model.Story@6acd74c3
22:48:43.691 [main] INFO  - Test Suite Started: As a user i want to create a new user
22:48:43.691 [main] DEBUG io.cucumber.core.plugin.SerenityReporter - Running feature from file:///D:/D/QE_Alta/capstone/web-automation-test/src/test/resources/features/Admin/DaftarStasiun/DaftarStasiun.feature
22:48:43.697 [main] DEBUG net.thucydides.core.steps.StepEventBus - Test suite started for story net.thucydides.core.model.Story@ae56d94d
22:48:43.698 [main] INFO  - Test Suite Started: as a admin, i want cek all information about station
22:48:43.698 [main] DEBUG io.cucumber.core.plugin.SerenityReporter - Running feature from file:///D:/D/QE_Alta/capstone/web-automation-test/src/test/resources/features/Admin/DaftarTiketKeretaApi/DaftarTiketKA.feature
22:48:43.705 [main] DEBUG net.thucydides.core.steps.StepEventBus - Test suite started for story net.thucydides.core.model.Story@a81c0e2c
22:48:43.706 [main] INFO  - Test Suite Started: As a admin i want to see ticket of KA
22:48:43.706 [main] DEBUG io.cucumber.core.plugin.SerenityReporter - Running feature from file:///D:/D/QE_Alta/capstone/web-automation-test/src/test/resources/features/Admin/TransaksiPesananHotel/LihatDetailTransaksiPesananHotel.feature
22:48:43.710 [main] DEBUG net.thucydides.core.steps.StepEventBus - Test suite started for story net.thucydides.core.model.Story@6f0f3c6
22:48:43.712 [main] INFO  - Test Suite Started: As a admin i want to see detail transaction hotel order
22:48:43.712 [main] DEBUG io.cucumber.core.plugin.SerenityReporter - Running feature from file:///D:/D/QE_Alta/capstone/web-automation-test/src/test/resources/features/Admin/TransaksiPesananKA/LihatDetailTransaksiPesananKA.feature
22:48:43.716 [main] DEBUG net.thucydides.core.steps.StepEventBus - Test suite started for story net.thucydides.core.model.Story@8965902a
22:48:43.716 [main] INFO  - Test Suite Started: As a admin i want to see detail transaction KA order
22:48:43.716 [main] DEBUG io.cucumber.core.plugin.SerenityReporter - Running feature from file:///D:/D/QE_Alta/capstone/web-automation-test/src/test/resources/features/Login/Login.feature
22:48:43.720 [main] DEBUG net.thucydides.core.steps.StepEventBus - Test suite started for story net.thucydides.core.model.Story@d0e1a1e9
22:48:43.720 [main] INFO  - Test Suite Started: As a admin i can login so that i can see dashboard page
22:48:43.721 [main] DEBUG io.cucumber.core.plugin.SerenityReporter - Running feature from file:///D:/D/QE_Alta/capstone/web-automation-test/src/test/resources/features/Logout/Logout.feature
22:48:43.725 [main] DEBUG net.thucydides.core.steps.StepEventBus - Test suite started for story net.thucydides.core.model.Story@34ac5a95
22:48:43.725 [main] INFO  - Test Suite Started: As a admin i can login so that i can see dashboard page
22:48:43.726 [main] DEBUG io.cucumber.core.plugin.SerenityReporter - Running feature from file:///D:/D/QE_Alta/capstone/web-automation-test/src/test/resources/features/Admin/DaftarHotel/TambahDaftarHotel.feature
22:48:43.730 [main] DEBUG net.thucydides.core.steps.StepEventBus - Test suite started for story net.thucydides.core.model.Story@ef2155f9
22:48:43.730 [main] INFO  - Test Suite Started: As a user i want to create a new data hotel

@CreateHotel
Scenario: as user i want to create a new data hotel       &amp#27;[90m# src/test/resources/features/Admin/DaftarHotel/TambahDaftarHotel.feature:4&amp#27;[0m
22:48:43.947 [main] DEBUG io.cucumber.core.plugin.SerenityReporter - Running feature from file:///D:/D/QE_Alta/capstone/web-automation-test/src/test/resources/features/Admin/DaftarHotel/TambahDaftarHotel.feature
22:48:44.159 [main] INFO  - 
  _____   ___   ___   _____     ___   _____     _     ___   _____   ___   ___  
 |_   _| | __| / __| |_   _|   / __| |_   _|   /_\   | _ \ |_   _| | __| |   \ 
   | |   | _|  \__ \   | |     \__ \   | |    / _ \  |   /   | |   | _|  | |) |
   |_|   |___| |___/   |_|     |___/   |_|   /_/ \_\ |_|_\   |_|   |___| |___/ 

as user i want to create a new data hotel(as-a-user-i-want-to-create-a-new-data-hotel;as-user-i-want-to-create-a-new-data-hotel)
--------------------------------------------------------------------------------
22:48:44.247 [main] DEBUG net.thucydides.core.requirements.FileSystemRequirementsTagProvider - Loading requirements from directory: D:\D\QE_Alta\capstone\web-automation-test\src\test\resources\features\Admin (D:\D\QE_Alta\capstone\web-automation-test\src\test\resources\features\Admin)
22:48:44.247 [main] DEBUG net.thucydides.core.requirements.FileSystemRequirementsTagProvider - Get requirements type for: D:\D\QE_Alta\capstone\web-automation-test\src\test\resources\features\Admin (D:\D\QE_Alta\capstone\web-automation-test\src\test\resources\features\Admin)
22:48:44.262 [main] DEBUG net.thucydides.core.requirements.FileSystemRequirementsTagProvider - Loading requirements from directory: D:\D\QE_Alta\capstone\web-automation-test\src\test\resources\features\Admin\DaftarHotel (D:\D\QE_Alta\capstone\web-automation-test\src\test\resources\features\Admin\DaftarHotel)
22:48:44.262 [main] DEBUG net.thucydides.core.requirements.FileSystemRequirementsTagProvider - Get requirements type for: D:\D\QE_Alta\capstone\web-automation-test\src\test\resources\features\Admin\DaftarHotel (D:\D\QE_Alta\capstone\web-automation-test\src\test\resources\features\Admin\DaftarHotel)
22:48:44.292 [main] DEBUG net.thucydides.core.requirements.model.cucumber.CucumberParser - Loading feature D:\D\QE_Alta\capstone\web-automation-test\src\test\resources\features\Admin\DaftarHotel\TambahDaftarHotel.feature
22:48:44.321 [main] DEBUG net.thucydides.core.requirements.FileSystemRequirementsTagProvider - Loading requirements from directory: D:\D\QE_Alta\capstone\web-automation-test\src\test\resources\features\Admin\DaftarKeretaApi (D:\D\QE_Alta\capstone\web-automation-test\src\test\resources\features\Admin\DaftarKeretaApi)
22:48:44.321 [main] DEBUG net.thucydides.core.requirements.FileSystemRequirementsTagProvider - Get requirements type for: D:\D\QE_Alta\capstone\web-automation-test\src\test\resources\features\Admin\DaftarKeretaApi (D:\D\QE_Alta\capstone\web-automation-test\src\test\resources\features\Admin\DaftarKeretaApi)
22:48:44.337 [main] DEBUG net.thucydides.core.requirements.model.cucumber.CucumberParser - Loading feature D:\D\QE_Alta\capstone\web-automation-test\src\test\resources\features\Admin\DaftarKeretaApi\DeleteKA.feature
22:48:44.353 [main] DEBUG net.thucydides.core.requirements.model.cucumber.CucumberParser - Loading feature D:\D\QE_Alta\capstone\web-automation-test\src\test\resources\features\Admin\DaftarKeretaApi\DetailKA.feature
22:48:44.358 [main] DEBUG net.thucydides.core.requirements.model.cucumber.CucumberParser - Loading feature D:\D\QE_Alta\capstone\web-automation-test\src\test\resources\features\Admin\DaftarKeretaApi\EditKA.feature
22:48:44.366 [main] DEBUG net.thucydides.core.requirements.model.cucumber.CucumberParser - Loading feature D:\D\QE_Alta\capstone\web-automation-test\src\test\resources\features\Admin\DaftarKeretaApi\TambahKA.feature
22:48:44.375 [main] DEBUG net.thucydides.core.requirements.FileSystemRequirementsTagProvider - Loading requirements from directory: D:\D\QE_Alta\capstone\web-automation-test\src\test\resources\features\Admin\DaftarPengguna (D:\D\QE_Alta\capstone\web-automation-test\src\test\resources\features\Admin\DaftarPengguna)
22:48:44.375 [main] DEBUG net.thucydides.core.requirements.FileSystemRequirementsTagProvider - Get requirements type for: D:\D\QE_Alta\capstone\web-automation-test\src\test\resources\features\Admin\DaftarPengguna (D:\D\QE_Alta\capstone\web-automation-test\src\test\resources\features\Admin\DaftarPengguna)
22:48:44.385 [main] DEBUG net.thucydides.core.requirements.model.cucumber.CucumberParser - Loading feature D:\D\QE_Alta\capstone\web-automation-test\src\test\resources\features\Admin\DaftarPengguna\EditPengguna.feature
22:48:44.389 [main] DEBUG net.thucydides.core.requirements.model.cucumber.CucumberParser - Loading feature D:\D\QE_Alta\capstone\web-automation-test\src\test\resources\features\Admin\DaftarPengguna\TambahPengguna.feature
22:48:44.393 [main] DEBUG net.thucydides.core.requirements.FileSystemRequirementsTagProvider - Loading requirements from directory: D:\D\QE_Alta\capstone\web-automation-test\src\test\resources\features\Admin\DaftarStasiun (D:\D\QE_Alta\capstone\web-automation-test\src\test\resources\features\Admin\DaftarStasiun)
22:48:44.393 [main] DEBUG net.thucydides.core.requirements.FileSystemRequirementsTagProvider - Get requirements type for: D:\D\QE_Alta\capstone\web-automation-test\src\test\resources\features\Admin\DaftarStasiun (D:\D\QE_Alta\capstone\web-automation-test\src\test\resources\features\Admin\DaftarStasiun)
22:48:44.400 [main] DEBUG net.thucydides.core.requirements.model.cucumber.CucumberParser - Loading feature D:\D\QE_Alta\capstone\web-automation-test\src\test\resources\features\Admin\DaftarStasiun\DaftarStasiun.feature
22:48:44.405 [main] DEBUG net.thucydides.core.requirements.FileSystemRequirementsTagProvider - Loading requirements from directory: D:\D\QE_Alta\capstone\web-automation-test\src\test\resources\features\Admin\DaftarTiketKeretaApi (D:\D\QE_Alta\capstone\web-automation-test\src\test\resources\features\Admin\DaftarTiketKeretaApi)
22:48:44.406 [main] DEBUG net.thucydides.core.requirements.FileSystemRequirementsTagProvider - Get requirements type for: D:\D\QE_Alta\capstone\web-automation-test\src\test\resources\features\Admin\DaftarTiketKeretaApi (D:\D\QE_Alta\capstone\web-automation-test\src\test\resources\features\Admin\DaftarTiketKeretaApi)
22:48:44.414 [main] DEBUG net.thucydides.core.requirements.model.cucumber.CucumberParser - Loading feature D:\D\QE_Alta\capstone\web-automation-test\src\test\resources\features\Admin\DaftarTiketKeretaApi\DaftarTiketKA.feature
22:48:44.423 [main] DEBUG net.thucydides.core.requirements.FileSystemRequirementsTagProvider - Loading requirements from directory: D:\D\QE_Alta\capstone\web-automation-test\src\test\resources\features\Admin\TransaksiPesananHotel (D:\D\QE_Alta\capstone\web-automation-test\src\test\resources\features\Admin\TransaksiPesananHotel)
22:48:44.423 [main] DEBUG net.thucydides.core.requirements.FileSystemRequirementsTagProvider - Get requirements type for: D:\D\QE_Alta\capstone\web-automation-test\src\test\resources\features\Admin\TransaksiPesananHotel (D:\D\QE_Alta\capstone\web-automation-test\src\test\resources\features\Admin\TransaksiPesananHotel)
22:48:44.433 [main] DEBUG net.thucydides.core.requirements.model.cucumber.CucumberParser - Loading feature D:\D\QE_Alta\capstone\web-automation-test\src\test\resources\features\Admin\TransaksiPesananHotel\LihatDetailTransaksiPesananHotel.feature
22:48:44.438 [main] DEBUG net.thucydides.core.requirements.FileSystemRequirementsTagProvider - Loading requirements from directory: D:\D\QE_Alta\capstone\web-automation-test\src\test\resources\features\Admin\TransaksiPesananKA (D:\D\QE_Alta\capstone\web-automation-test\src\test\resources\features\Admin\TransaksiPesananKA)
22:48:44.438 [main] DEBUG net.thucydides.core.requirements.FileSystemRequirementsTagProvider - Get requirements type for: D:\D\QE_Alta\capstone\web-automation-test\src\test\resources\features\Admin\TransaksiPesananKA (D:\D\QE_Alta\capstone\web-automation-test\src\test\resources\features\Admin\TransaksiPesananKA)
22:48:44.445 [main] DEBUG net.thucydides.core.requirements.model.cucumber.CucumberParser - Loading feature D:\D\QE_Alta\capstone\web-automation-test\src\test\resources\features\Admin\TransaksiPesananKA\LihatDetailTransaksiPesananKA.feature
22:48:44.450 [main] DEBUG net.thucydides.core.requirements.FileSystemRequirementsTagProvider - Loading requirements from directory: D:\D\QE_Alta\capstone\web-automation-test\src\test\resources\features\Login (D:\D\QE_Alta\capstone\web-automation-test\src\test\resources\features\Login)
22:48:44.450 [main] DEBUG net.thucydides.core.requirements.FileSystemRequirementsTagProvider - Get requirements type for: D:\D\QE_Alta\capstone\web-automation-test\src\test\resources\features\Login (D:\D\QE_Alta\capstone\web-automation-test\src\test\resources\features\Login)
22:48:44.459 [main] DEBUG net.thucydides.core.requirements.model.cucumber.CucumberParser - Loading feature D:\D\QE_Alta\capstone\web-automation-test\src\test\resources\features\Login\Login.feature
22:48:44.464 [main] DEBUG net.thucydides.core.requirements.FileSystemRequirementsTagProvider - Loading requirements from directory: D:\D\QE_Alta\capstone\web-automation-test\src\test\resources\features\Logout (D:\D\QE_Alta\capstone\web-automation-test\src\test\resources\features\Logout)
22:48:44.465 [main] DEBUG net.thucydides.core.requirements.FileSystemRequirementsTagProvider - Get requirements type for: D:\D\QE_Alta\capstone\web-automation-test\src\test\resources\features\Logout (D:\D\QE_Alta\capstone\web-automation-test\src\test\resources\features\Logout)
22:48:44.472 [main] DEBUG net.thucydides.core.requirements.model.cucumber.CucumberParser - Loading feature D:\D\QE_Alta\capstone\web-automation-test\src\test\resources\features\Logout\Logout.feature
22:48:45.573 [main] DEBUG net.thucydides.core.steps.StepInterceptor - STARTING STEP: DetailKASteps.userOnLoginPage - onLoginPage
22:48:45.624 [main] INFO net.serenitybdd.core.webdriver.driverproviders.DriverProvider - Using WebDriverManager configuration for chrome
22:48:46.555 [main] DEBUG io.github.bonigarcia.wdm.cache.ResolutionCache - Resolution chrome=114 in cache (valid until 23:12:28 22/06/2023 ICT)
22:48:46.556 [main] DEBUG io.github.bonigarcia.wdm.cache.ResolutionCache - Resolution chrome114=114.0.5735.90 in cache (valid until 23:51:51 22/06/2023 ICT)
22:48:46.557 [main] INFO io.github.bonigarcia.wdm.WebDriverManager - Using chromedriver 114.0.5735.90 (resolved driver for Chrome 114)
22:48:46.597 [main] DEBUG io.github.bonigarcia.wdm.WebDriverManager - Driver chromedriver 114.0.5735.90 found in cache
22:48:46.599 [main] INFO io.github.bonigarcia.wdm.WebDriverManager - Exporting webdriver.chrome.driver as C:\Users\ADW User ACR\.cache\selenium\chromedriver\win32\114.0.5735.90\chromedriver.exe
22:48:46.695 [main] INFO net.serenitybdd.core.webdriver.driverproviders.ChromeDriverProvider - Starting Chrome driver instance with capabilities:
22:48:46.699 [main] INFO net.serenitybdd.core.webdriver.driverproviders.ChromeDriverProvider - Capabilities {acceptInsecureCerts: true, browserName: chrome, goog:chromeOptions: {args: [remote-allow-origins=*, test-type, no-sandbox, ignore-certificate-errors, start-maximized, incognito, disable-infobars, disable-gpu, disable-default-apps, disable-popup-blocking, remote-allow-origins=*, test-type, no-sandbox, ignore-certificate-errors, start-maximized, incognito, disable-infobars, disable-gpu, disable-default-apps, disable-popup-blocking, remote-allow-origins=*], extensions: []}}
22:48:46.818 [main] DEBUG io.netty.util.internal.logging.InternalLoggerFactory - Using SLF4J as the default logging framework
22:48:46.822 [main] DEBUG io.netty.util.ResourceLeakDetector - -Dio.netty.leakDetection.level: simple
22:48:46.822 [main] DEBUG io.netty.util.ResourceLeakDetector - -Dio.netty.leakDetection.targetRecords: 4
22:48:46.825 [main] DEBUG io.netty.util.ResourceLeakDetectorFactory - Loaded default ResourceLeakDetector: io.netty.util.ResourceLeakDetector@40f35e52
22:48:46.856 [main] DEBUG io.netty.util.internal.PlatformDependent0 - -Dio.netty.noUnsafe: false
22:48:46.856 [main] DEBUG io.netty.util.internal.PlatformDependent0 - Java version: 8
22:48:46.857 [main] DEBUG io.netty.util.internal.PlatformDependent0 - sun.misc.Unsafe.theUnsafe: available
22:48:46.857 [main] DEBUG io.netty.util.internal.PlatformDependent0 - sun.misc.Unsafe.copyMemory: available
22:48:46.858 [main] DEBUG io.netty.util.internal.PlatformDependent0 - sun.misc.Unsafe.storeFence: available
22:48:46.859 [main] DEBUG io.netty.util.internal.PlatformDependent0 - java.nio.Buffer.address: available
22:48:46.859 [main] DEBUG io.netty.util.internal.PlatformDependent0 - direct buffer constructor: available
22:48:46.860 [main] DEBUG io.netty.util.internal.PlatformDependent0 - java.nio.Bits.unaligned: available, true
22:48:46.860 [main] DEBUG io.netty.util.internal.PlatformDependent0 - jdk.internal.misc.Unsafe.allocateUninitializedArray(int): unavailable prior to Java9
22:48:46.860 [main] DEBUG io.netty.util.internal.PlatformDependent0 - java.nio.DirectByteBuffer.<init>(long, int): available
22:48:46.860 [main] DEBUG io.netty.util.internal.PlatformDependent - sun.misc.Unsafe: available
22:48:46.862 [main] DEBUG io.netty.util.internal.PlatformDependent - -Dio.netty.tmpdir: C:\Users\ADWUSE~1\AppData\Local\Temp (java.io.tmpdir)
22:48:46.862 [main] DEBUG io.netty.util.internal.PlatformDependent - -Dio.netty.bitMode: 64 (sun.arch.data.model)
22:48:46.862 [main] DEBUG io.netty.util.internal.PlatformDependent - Platform: Windows
22:48:46.863 [main] DEBUG io.netty.util.internal.PlatformDependent - -Dio.netty.maxDirectMemory: 1840250880 bytes
22:48:46.864 [main] DEBUG io.netty.util.internal.PlatformDependent - -Dio.netty.uninitializedArrayAllocationThreshold: -1
22:48:46.865 [main] DEBUG io.netty.util.internal.CleanerJava6 - java.nio.ByteBuffer.cleaner(): available
22:48:46.865 [main] DEBUG io.netty.util.internal.PlatformDependent - -Dio.netty.noPreferDirect: false
22:48:46.879 [main] DEBUG io.netty.util.internal.PlatformDependent - org.jctools-core.MpscChunkedArrayQueue: available
22:48:46.907 [main] DEBUG io.netty.util.internal.InternalThreadLocalMap - -Dio.netty.threadLocalMap.stringBuilder.initialSize: 1024
22:48:46.907 [main] DEBUG io.netty.util.internal.InternalThreadLocalMap - -Dio.netty.threadLocalMap.stringBuilder.maxSize: 4096
22:48:46.948 [main] DEBUG io.netty.handler.ssl.JdkSslContext - Default protocols (JDK): [TLSv1.2, TLSv1.1, TLSv1] 
22:48:46.948 [main] DEBUG io.netty.handler.ssl.JdkSslContext - Default cipher suites (JDK): [TLS_ECDHE_ECDSA_WITH_AES_256_GCM_SHA384, TLS_ECDHE_ECDSA_WITH_AES_128_GCM_SHA256, TLS_ECDHE_RSA_WITH_AES_128_GCM_SHA256, TLS_ECDHE_RSA_WITH_AES_256_GCM_SHA384, TLS_ECDHE_RSA_WITH_AES_128_CBC_SHA, TLS_ECDHE_RSA_WITH_AES_256_CBC_SHA, TLS_RSA_WITH_AES_128_GCM_SHA256, TLS_RSA_WITH_AES_128_CBC_SHA, TLS_RSA_WITH_AES_256_CBC_SHA]
22:48:47.069 [main] DEBUG io.netty.channel.MultithreadEventLoopGroup - -Dio.netty.eventLoopThreads: 8
22:48:47.081 [main] DEBUG io.netty.channel.nio.NioEventLoop - -Dio.netty.noKeySetOptimization: false
22:48:47.081 [main] DEBUG io.netty.channel.nio.NioEventLoop - -Dio.netty.selectorAutoRebuildThreshold: 512
22:48:47.125 [main] DEBUG io.netty.buffer.PooledByteBufAllocator - -Dio.netty.allocator.numHeapArenas: 8
22:48:47.126 [main] DEBUG io.netty.buffer.PooledByteBufAllocator - -Dio.netty.allocator.numDirectArenas: 8
22:48:47.126 [main] DEBUG io.netty.buffer.PooledByteBufAllocator - -Dio.netty.allocator.pageSize: 8192
22:48:47.126 [main] DEBUG io.netty.buffer.PooledByteBufAllocator - -Dio.netty.allocator.maxOrder: 9
22:48:47.126 [main] DEBUG io.netty.buffer.PooledByteBufAllocator - -Dio.netty.allocator.chunkSize: 4194304
22:48:47.126 [main] DEBUG io.netty.buffer.PooledByteBufAllocator - -Dio.netty.allocator.smallCacheSize: 256
22:48:47.126 [main] DEBUG io.netty.buffer.PooledByteBufAllocator - -Dio.netty.allocator.normalCacheSize: 64
22:48:47.126 [main] DEBUG io.netty.buffer.PooledByteBufAllocator - -Dio.netty.allocator.maxCachedBufferCapacity: 32768
22:48:47.126 [main] DEBUG io.netty.buffer.PooledByteBufAllocator - -Dio.netty.allocator.cacheTrimInterval: 8192
22:48:47.126 [main] DEBUG io.netty.buffer.PooledByteBufAllocator - -Dio.netty.allocator.cacheTrimIntervalMillis: 0
22:48:47.127 [main] DEBUG io.netty.buffer.PooledByteBufAllocator - -Dio.netty.allocator.useCacheForAllThreads: false
22:48:47.127 [main] DEBUG io.netty.buffer.PooledByteBufAllocator - -Dio.netty.allocator.maxCachedByteBuffersPerChunk: 1023
22:48:47.140 [main] DEBUG io.netty.buffer.ByteBufUtil - -Dio.netty.allocator.type: pooled
22:48:47.140 [main] DEBUG io.netty.buffer.ByteBufUtil - -Dio.netty.threadLocalDirectBufferSize: 0
22:48:47.140 [main] DEBUG io.netty.buffer.ByteBufUtil - -Dio.netty.maxThreadLocalCharBufferSize: 16384
22:48:48.133 [Forwarding newSession on session null to remote] DEBUG io.netty.channel.DefaultChannelId - -Dio.netty.processId: 10448 (auto-detected)
22:48:48.137 [Forwarding newSession on session null to remote] DEBUG io.netty.util.NetUtil - -Djava.net.preferIPv4Stack: false
22:48:48.137 [Forwarding newSession on session null to remote] DEBUG io.netty.util.NetUtil - -Djava.net.preferIPv6Addresses: false
22:48:48.482 [Forwarding newSession on session null to remote] DEBUG io.netty.util.NetUtilInitializations - Loopback interface: lo (Software Loopback Interface 1, 127.0.0.1)
22:48:48.484 [Forwarding newSession on session null to remote] DEBUG io.netty.util.NetUtil - Failed to get SOMAXCONN from sysctl and file \proc\sys\net\core\somaxconn. Default: 200
22:48:48.510 [Forwarding newSession on session null to remote] DEBUG io.netty.channel.DefaultChannelId - -Dio.netty.machineId: a4:02:b9:ff:fe:26:7f:1e (auto-detected)
22:48:48.602 [AsyncHttpClient-1-2] DEBUG io.netty.buffer.AbstractByteBuf - -Dio.netty.buffer.checkAccessible: true
22:48:48.602 [AsyncHttpClient-1-2] DEBUG io.netty.buffer.AbstractByteBuf - -Dio.netty.buffer.checkBounds: true
22:48:48.602 [AsyncHttpClient-1-2] DEBUG io.netty.util.ResourceLeakDetectorFactory - Loaded default ResourceLeakDetector: io.netty.util.ResourceLeakDetector@61030ebf
22:48:48.628 [AsyncHttpClient-1-2] DEBUG org.asynchttpclient.netty.channel.NettyConnectListener - Using new Channel '[id: 0xceeabfde, L:/127.0.0.1:61205 - R:localhost/127.0.0.1:13582]' for 'POST' to '/session'
22:48:48.661 [AsyncHttpClient-1-2] DEBUG io.netty.util.Recycler - -Dio.netty.recycler.maxCapacityPerThread: 4096
22:48:48.661 [AsyncHttpClient-1-2] DEBUG io.netty.util.Recycler - -Dio.netty.recycler.ratio: 8
22:48:48.661 [AsyncHttpClient-1-2] DEBUG io.netty.util.Recycler - -Dio.netty.recycler.chunkSize: 32
22:48:48.661 [AsyncHttpClient-1-2] DEBUG io.netty.util.Recycler - -Dio.netty.recycler.blocking: false
22:48:49.609 [AsyncHttpClient-1-2] DEBUG io.netty.handler.codec.compression.Brotli - brotli4j not in the classpath; Brotli support will be unavailable.
22:48:49.609 [AsyncHttpClient-1-2] DEBUG org.asynchttpclient.netty.handler.HttpHandler - 

Request DefaultHttpRequest(decodeResult: success, version: HTTP/1.1)
POST /session HTTP/1.1
User-Agent: selenium/4.8.1 (java windows)
Content-Length: 1701
Content-Type: application/json; charset=utf-8
host: localhost:13582
accept: */*

Response DefaultHttpResponse(decodeResult: success, version: HTTP/1.1)
HTTP/1.1 200 OK
Content-Length: 862
Content-Type: application/json; charset=utf-8
cache-control: no-cache

22:48:49.632 [AsyncHttpClient-1-2] DEBUG org.asynchttpclient.netty.channel.ChannelManager - Adding key: http://localhost:13582 for channel [id: 0xceeabfde, L:/127.0.0.1:61205 - R:localhost/127.0.0.1:13582]
22:48:49.834 [AsyncHttpClient-1-3] DEBUG org.asynchttpclient.netty.channel.NettyConnectListener - Using new Channel '[id: 0x6e373b2c, L:/127.0.0.1:61214 - R:localhost/127.0.0.1:61206]' for 'GET' to '/json/version'
22:48:49.837 [AsyncHttpClient-1-3] DEBUG org.asynchttpclient.netty.handler.HttpHandler - 

Request DefaultFullHttpRequest(decodeResult: success, version: HTTP/1.1, content: EmptyByteBufBE)
GET /json/version HTTP/1.1
User-Agent: selenium/4.8.1 (java windows)
host: localhost:61206
accept: */*

Response DefaultHttpResponse(decodeResult: success, version: HTTP/1.1)
HTTP/1.1 200 OK
Content-Security-Policy: frame-ancestors 'none'
Content-Length: 424
Content-Type: application/json; charset=UTF-8

22:48:49.838 [AsyncHttpClient-1-3] DEBUG org.asynchttpclient.netty.channel.ChannelManager - Adding key: http://localhost:61206 for channel [id: 0x6e373b2c, L:/127.0.0.1:61214 - R:localhost/127.0.0.1:61206]
22:48:49.853 [main] DEBUG io.netty.util.internal.ThreadLocalRandom - -Dio.netty.initialSeedUniquifier: 0x0becdeae991905fe
22:48:49.863 [AsyncHttpClient-1-4] DEBUG org.asynchttpclient.netty.channel.NettyConnectListener - Using new Channel '[id: 0xcfd1b1f5, L:/127.0.0.1:61215 - R:localhost/127.0.0.1:61206]' for 'GET' to '/devtools/browser/b5e7a39d-16b2-4705-bb96-5f19b5bef87d'
22:48:49.866 [AsyncHttpClient-1-4] DEBUG org.asynchttpclient.netty.handler.WebSocketHandler - 

Request DefaultFullHttpRequest(decodeResult: success, version: HTTP/1.1, content: EmptyByteBufBE)
GET /devtools/browser/b5e7a39d-16b2-4705-bb96-5f19b5bef87d HTTP/1.1
upgrade: websocket
connection: upgrade
sec-websocket-key: pz2g8ldcvNA/HrSaMsIycQ==
sec-websocket-version: 13
origin: http://localhost:61206
host: localhost:61206
accept: */*
user-agent: AHC/2.1

Response DefaultHttpResponse(decodeResult: success, version: HTTP/1.1)
HTTP/1.1 101 WebSocket Protocol Handshake
Upgrade: WebSocket
Connection: Upgrade
Sec-WebSocket-Accept: 9m4O+ec4gU+hSDeeMUSq66M0F5Y=

22:48:50.149 [Forwarding get on session ddfbf42a06db361a201d8b8b0d761482 to remote] DEBUG org.asynchttpclient.netty.request.NettyRequestSender - Using pooled Channel '[id: 0xceeabfde, L:/127.0.0.1:61205 - R:localhost/127.0.0.1:13582]' for 'POST' to 'http://localhost:13582/session/ddfbf42a06db361a201d8b8b0d761482/url'
22:48:50.149 [Forwarding get on session ddfbf42a06db361a201d8b8b0d761482 to remote] DEBUG org.asynchttpclient.netty.request.NettyRequestSender - Using open Channel [id: 0xceeabfde, L:/127.0.0.1:61205 - R:localhost/127.0.0.1:13582] for POST '/session/ddfbf42a06db361a201d8b8b0d761482/url'
22:48:50.187 [AsyncHttpClient-1-1] DEBUG org.asynchttpclient.netty.channel.DefaultChannelPool - Entry count for : http://localhost:61206 : 1
22:48:51.107 [AsyncHttpClient-1-2] DEBUG org.asynchttpclient.netty.handler.HttpHandler - 

Request DefaultHttpRequest(decodeResult: success, version: HTTP/1.1)
POST /session/ddfbf42a06db361a201d8b8b0d761482/url HTTP/1.1
User-Agent: selenium/4.8.1 (java windows)
Content-Length: 64
Content-Type: application/json; charset=utf-8
host: localhost:13582
accept: */*

Response DefaultHttpResponse(decodeResult: success, version: HTTP/1.1)
HTTP/1.1 200 OK
Content-Length: 14
Content-Type: application/json; charset=utf-8
cache-control: no-cache

22:48:51.108 [AsyncHttpClient-1-2] DEBUG org.asynchttpclient.netty.channel.ChannelManager - Adding key: http://localhost:13582 for channel [id: 0xceeabfde, L:/127.0.0.1:61205 - R:localhost/127.0.0.1:13582]
22:48:51.118 [Forwarding setTimeout on session ddfbf42a06db361a201d8b8b0d761482 to remote] DEBUG org.asynchttpclient.netty.request.NettyRequestSender - Using pooled Channel '[id: 0xceeabfde, L:/127.0.0.1:61205 - R:localhost/127.0.0.1:13582]' for 'POST' to 'http://localhost:13582/session/ddfbf42a06db361a201d8b8b0d761482/timeouts'
22:48:51.119 [Forwarding setTimeout on session ddfbf42a06db361a201d8b8b0d761482 to remote] DEBUG org.asynchttpclient.netty.request.NettyRequestSender - Using open Channel [id: 0xceeabfde, L:/127.0.0.1:61205 - R:localhost/127.0.0.1:13582] for POST '/session/ddfbf42a06db361a201d8b8b0d761482/timeouts'
22:48:51.130 [AsyncHttpClient-1-2] DEBUG org.asynchttpclient.netty.handler.HttpHandler - 

Request DefaultHttpRequest(decodeResult: success, version: HTTP/1.1)
POST /session/ddfbf42a06db361a201d8b8b0d761482/timeouts HTTP/1.1
User-Agent: selenium/4.8.1 (java windows)
Content-Length: 22
Content-Type: application/json; charset=utf-8
host: localhost:13582
accept: */*

Response DefaultHttpResponse(decodeResult: success, version: HTTP/1.1)
HTTP/1.1 200 OK
Content-Length: 14
Content-Type: application/json; charset=utf-8
cache-control: no-cache

22:48:51.131 [AsyncHttpClient-1-2] DEBUG org.asynchttpclient.netty.channel.ChannelManager - Adding key: http://localhost:13582 for channel [id: 0xceeabfde, L:/127.0.0.1:61205 - R:localhost/127.0.0.1:13582]
22:48:51.172 [Forwarding findElement on session ddfbf42a06db361a201d8b8b0d761482 to remote] DEBUG org.asynchttpclient.netty.request.NettyRequestSender - Using pooled Channel '[id: 0xceeabfde, L:/127.0.0.1:61205 - R:localhost/127.0.0.1:13582]' for 'POST' to 'http://localhost:13582/session/ddfbf42a06db361a201d8b8b0d761482/element'
22:48:51.173 [Forwarding findElement on session ddfbf42a06db361a201d8b8b0d761482 to remote] DEBUG org.asynchttpclient.netty.request.NettyRequestSender - Using open Channel [id: 0xceeabfde, L:/127.0.0.1:61205 - R:localhost/127.0.0.1:13582] for POST '/session/ddfbf42a06db361a201d8b8b0d761482/element'
22:48:51.237 [AsyncHttpClient-1-2] DEBUG org.asynchttpclient.netty.handler.HttpHandler - 

Request DefaultHttpRequest(decodeResult: success, version: HTTP/1.1)
POST /session/ddfbf42a06db361a201d8b8b0d761482/element HTTP/1.1
User-Agent: selenium/4.8.1 (java windows)
Content-Length: 67
Content-Type: application/json; charset=utf-8
host: localhost:13582
accept: */*

Response DefaultHttpResponse(decodeResult: success, version: HTTP/1.1)
HTTP/1.1 200 OK
Content-Length: 95
Content-Type: application/json; charset=utf-8
cache-control: no-cache

22:48:51.287 [AsyncHttpClient-1-2] DEBUG org.asynchttpclient.netty.channel.ChannelManager - Adding key: http://localhost:13582 for channel [id: 0xceeabfde, L:/127.0.0.1:61205 - R:localhost/127.0.0.1:13582]
22:48:51.426 [AsyncHttpClient-1-1] DEBUG org.asynchttpclient.netty.channel.DefaultChannelPool - Entry count for : http://localhost:61206 : 1
22:48:51.427 [AsyncHttpClient-1-1] DEBUG org.asynchttpclient.netty.channel.DefaultChannelPool - Entry count for : http://localhost:13582 : 1
22:48:51.471 [Forwarding isElementDisplayed on session ddfbf42a06db361a201d8b8b0d761482 to remote] DEBUG org.asynchttpclient.netty.request.NettyRequestSender - Using pooled Channel '[id: 0xceeabfde, L:/127.0.0.1:61205 - R:localhost/127.0.0.1:13582]' for 'POST' to 'http://localhost:13582/session/ddfbf42a06db361a201d8b8b0d761482/execute/sync'
22:48:51.472 [Forwarding isElementDisplayed on session ddfbf42a06db361a201d8b8b0d761482 to remote] DEBUG org.asynchttpclient.netty.request.NettyRequestSender - Using open Channel [id: 0xceeabfde, L:/127.0.0.1:61205 - R:localhost/127.0.0.1:13582] for POST '/session/ddfbf42a06db361a201d8b8b0d761482/execute/sync'
22:48:51.539 [AsyncHttpClient-1-2] DEBUG org.asynchttpclient.netty.handler.HttpHandler - 

Request DefaultHttpRequest(decodeResult: success, version: HTTP/1.1)
POST /session/ddfbf42a06db361a201d8b8b0d761482/execute/sync HTTP/1.1
User-Agent: selenium/4.8.1 (java windows)
Content-Length: 48814
Content-Type: application/json; charset=utf-8
host: localhost:13582
accept: */*

Response DefaultHttpResponse(decodeResult: success, version: HTTP/1.1)
HTTP/1.1 200 OK
Content-Length: 14
Content-Type: application/json; charset=utf-8
cache-control: no-cache

22:48:51.540 [AsyncHttpClient-1-2] DEBUG org.asynchttpclient.netty.channel.ChannelManager - Adding key: http://localhost:13582 for channel [id: 0xceeabfde, L:/127.0.0.1:61205 - R:localhost/127.0.0.1:13582]
22:48:51.552 [Forwarding isElementDisplayed on session ddfbf42a06db361a201d8b8b0d761482 to remote] DEBUG org.asynchttpclient.netty.request.NettyRequestSender - Using pooled Channel '[id: 0xceeabfde, L:/127.0.0.1:61205 - R:localhost/127.0.0.1:13582]' for 'POST' to 'http://localhost:13582/session/ddfbf42a06db361a201d8b8b0d761482/execute/sync'
22:48:51.552 [Forwarding isElementDisplayed on session ddfbf42a06db361a201d8b8b0d761482 to remote] DEBUG org.asynchttpclient.netty.request.NettyRequestSender - Using open Channel [id: 0xceeabfde, L:/127.0.0.1:61205 - R:localhost/127.0.0.1:13582] for POST '/session/ddfbf42a06db361a201d8b8b0d761482/execute/sync'
22:48:51.953 [AsyncHttpClient-1-2] DEBUG org.asynchttpclient.netty.handler.HttpHandler - 

Request DefaultHttpRequest(decodeResult: success, version: HTTP/1.1)
POST /session/ddfbf42a06db361a201d8b8b0d761482/execute/sync HTTP/1.1
User-Agent: selenium/4.8.1 (java windows)
Content-Length: 48814
Content-Type: application/json; charset=utf-8
host: localhost:13582
accept: */*

Response DefaultHttpResponse(decodeResult: success, version: HTTP/1.1)
HTTP/1.1 200 OK
Content-Length: 14
Content-Type: application/json; charset=utf-8
cache-control: no-cache

22:48:51.954 [AsyncHttpClient-1-2] DEBUG org.asynchttpclient.netty.channel.ChannelManager - Adding key: http://localhost:13582 for channel [id: 0xceeabfde, L:/127.0.0.1:61205 - R:localhost/127.0.0.1:13582]
22:48:52.008 [main] DEBUG net.thucydides.core.steps.StepInterceptor - STEP DONE: onLoginPage
  &amp#27;[32mGiven &amp#27;[0m&amp#27;[32muser on login page&amp#27;[0m                                &amp#27;[90m# starter.stepdefinitions.DetailKASteps.userOnLoginPage()&amp#27;[0m
22:48:52.057 [main] DEBUG net.thucydides.core.steps.StepInterceptor - STARTING STEP: DetailKASteps.userInputEmail - inputEmail
22:48:52.086 [Forwarding findElement on session ddfbf42a06db361a201d8b8b0d761482 to remote] DEBUG org.asynchttpclient.netty.request.NettyRequestSender - Using pooled Channel '[id: 0xceeabfde, L:/127.0.0.1:61205 - R:localhost/127.0.0.1:13582]' for 'POST' to 'http://localhost:13582/session/ddfbf42a06db361a201d8b8b0d761482/element'
22:48:52.087 [Forwarding findElement on session ddfbf42a06db361a201d8b8b0d761482 to remote] DEBUG org.asynchttpclient.netty.request.NettyRequestSender - Using open Channel [id: 0xceeabfde, L:/127.0.0.1:61205 - R:localhost/127.0.0.1:13582] for POST '/session/ddfbf42a06db361a201d8b8b0d761482/element'
22:48:52.117 [AsyncHttpClient-1-2] DEBUG org.asynchttpclient.netty.handler.HttpHandler - 

Request DefaultHttpRequest(decodeResult: success, version: HTTP/1.1)
POST /session/ddfbf42a06db361a201d8b8b0d761482/element HTTP/1.1
User-Agent: selenium/4.8.1 (java windows)
Content-Length: 59
Content-Type: application/json; charset=utf-8
host: localhost:13582
accept: */*

Response DefaultHttpResponse(decodeResult: success, version: HTTP/1.1)
HTTP/1.1 200 OK
Content-Length: 94
Content-Type: application/json; charset=utf-8
cache-control: no-cache

22:48:52.117 [AsyncHttpClient-1-2] DEBUG org.asynchttpclient.netty.channel.ChannelManager - Adding key: http://localhost:13582 for channel [id: 0xceeabfde, L:/127.0.0.1:61205 - R:localhost/127.0.0.1:13582]
22:48:52.123 [Forwarding clearElement on session ddfbf42a06db361a201d8b8b0d761482 to remote] DEBUG org.asynchttpclient.netty.request.NettyRequestSender - Using pooled Channel '[id: 0xceeabfde, L:/127.0.0.1:61205 - R:localhost/127.0.0.1:13582]' for 'POST' to 'http://localhost:13582/session/ddfbf42a06db361a201d8b8b0d761482/element/8FC4918655BDD5D1D1D053FDF7B97061_element_3/clear'
22:48:52.123 [Forwarding clearElement on session ddfbf42a06db361a201d8b8b0d761482 to remote] DEBUG org.asynchttpclient.netty.request.NettyRequestSender - Using open Channel [id: 0xceeabfde, L:/127.0.0.1:61205 - R:localhost/127.0.0.1:13582] for POST '/session/ddfbf42a06db361a201d8b8b0d761482/element/8FC4918655BDD5D1D1D053FDF7B97061_element_3/clear'
22:48:52.242 [AsyncHttpClient-1-2] DEBUG org.asynchttpclient.netty.handler.HttpHandler - 

Request DefaultHttpRequest(decodeResult: success, version: HTTP/1.1)
POST /session/ddfbf42a06db361a201d8b8b0d761482/element/8FC4918655BDD5D1D1D053FDF7B97061_element_3/clear HTTP/1.1
User-Agent: selenium/4.8.1 (java windows)
Content-Length: 56
Content-Type: application/json; charset=utf-8
host: localhost:13582
accept: */*

Response DefaultHttpResponse(decodeResult: success, version: HTTP/1.1)
HTTP/1.1 200 OK
Content-Length: 14
Content-Type: application/json; charset=utf-8
cache-control: no-cache

22:48:52.243 [AsyncHttpClient-1-2] DEBUG org.asynchttpclient.netty.channel.ChannelManager - Adding key: http://localhost:13582 for channel [id: 0xceeabfde, L:/127.0.0.1:61205 - R:localhost/127.0.0.1:13582]
22:48:52.257 [Forwarding sendKeysToElement on session ddfbf42a06db361a201d8b8b0d761482 to remote] DEBUG org.asynchttpclient.netty.request.NettyRequestSender - Using pooled Channel '[id: 0xceeabfde, L:/127.0.0.1:61205 - R:localhost/127.0.0.1:13582]' for 'POST' to 'http://localhost:13582/session/ddfbf42a06db361a201d8b8b0d761482/element/8FC4918655BDD5D1D1D053FDF7B97061_element_3/value'
22:48:52.257 [Forwarding sendKeysToElement on session ddfbf42a06db361a201d8b8b0d761482 to remote] DEBUG org.asynchttpclient.netty.request.NettyRequestSender - Using open Channel [id: 0xceeabfde, L:/127.0.0.1:61205 - R:localhost/127.0.0.1:13582] for POST '/session/ddfbf42a06db361a201d8b8b0d761482/element/8FC4918655BDD5D1D1D053FDF7B97061_element_3/value'
22:48:52.449 [AsyncHttpClient-1-2] DEBUG org.asynchttpclient.netty.handler.HttpHandler - 

Request DefaultHttpRequest(decodeResult: success, version: HTTP/1.1)
POST /session/ddfbf42a06db361a201d8b8b0d761482/element/8FC4918655BDD5D1D1D053FDF7B97061_element_3/value HTTP/1.1
User-Agent: selenium/4.8.1 (java windows)
Content-Length: 237
Content-Type: application/json; charset=utf-8
host: localhost:13582
accept: */*

Response DefaultHttpResponse(decodeResult: success, version: HTTP/1.1)
HTTP/1.1 200 OK
Content-Length: 14
Content-Type: application/json; charset=utf-8
cache-control: no-cache

22:48:52.449 [AsyncHttpClient-1-2] DEBUG org.asynchttpclient.netty.channel.ChannelManager - Adding key: http://localhost:13582 for channel [id: 0xceeabfde, L:/127.0.0.1:61205 - R:localhost/127.0.0.1:13582]
22:48:52.466 [main] DEBUG net.thucydides.core.steps.StepInterceptor - STEP DONE: inputEmail
  &amp#27;[32mWhen &amp#27;[0m&amp#27;[32muser input email&amp#27;[0m                                   &amp#27;[90m# starter.stepdefinitions.DetailKASteps.userInputEmail()&amp#27;[0m
22:48:52.483 [main] DEBUG net.thucydides.core.steps.StepInterceptor - STARTING STEP: DetailKASteps.userInputPassword - inputPassword
22:48:52.503 [Forwarding findElement on session ddfbf42a06db361a201d8b8b0d761482 to remote] DEBUG org.asynchttpclient.netty.request.NettyRequestSender - Using pooled Channel '[id: 0xceeabfde, L:/127.0.0.1:61205 - R:localhost/127.0.0.1:13582]' for 'POST' to 'http://localhost:13582/session/ddfbf42a06db361a201d8b8b0d761482/element'
22:48:52.503 [Forwarding findElement on session ddfbf42a06db361a201d8b8b0d761482 to remote] DEBUG org.asynchttpclient.netty.request.NettyRequestSender - Using open Channel [id: 0xceeabfde, L:/127.0.0.1:61205 - R:localhost/127.0.0.1:13582] for POST '/session/ddfbf42a06db361a201d8b8b0d761482/element'
22:48:52.507 [AsyncHttpClient-1-1] DEBUG org.asynchttpclient.netty.channel.DefaultChannelPool - Entry count for : http://localhost:61206 : 1
22:48:52.541 [AsyncHttpClient-1-2] DEBUG org.asynchttpclient.netty.handler.HttpHandler - 

Request DefaultHttpRequest(decodeResult: success, version: HTTP/1.1)
POST /session/ddfbf42a06db361a201d8b8b0d761482/element HTTP/1.1
User-Agent: selenium/4.8.1 (java windows)
Content-Length: 62
Content-Type: application/json; charset=utf-8
host: localhost:13582
accept: */*

Response DefaultHttpResponse(decodeResult: success, version: HTTP/1.1)
HTTP/1.1 200 OK
Content-Length: 94
Content-Type: application/json; charset=utf-8
cache-control: no-cache

22:48:52.541 [AsyncHttpClient-1-2] DEBUG org.asynchttpclient.netty.channel.ChannelManager - Adding key: http://localhost:13582 for channel [id: 0xceeabfde, L:/127.0.0.1:61205 - R:localhost/127.0.0.1:13582]
22:48:52.545 [Forwarding clearElement on session ddfbf42a06db361a201d8b8b0d761482 to remote] DEBUG org.asynchttpclient.netty.request.NettyRequestSender - Using pooled Channel '[id: 0xceeabfde, L:/127.0.0.1:61205 - R:localhost/127.0.0.1:13582]' for 'POST' to 'http://localhost:13582/session/ddfbf42a06db361a201d8b8b0d761482/element/8FC4918655BDD5D1D1D053FDF7B97061_element_5/clear'
22:48:52.545 [Forwarding clearElement on session ddfbf42a06db361a201d8b8b0d761482 to remote] DEBUG org.asynchttpclient.netty.request.NettyRequestSender - Using open Channel [id: 0xceeabfde, L:/127.0.0.1:61205 - R:localhost/127.0.0.1:13582] for POST '/session/ddfbf42a06db361a201d8b8b0d761482/element/8FC4918655BDD5D1D1D053FDF7B97061_element_5/clear'
22:48:52.591 [AsyncHttpClient-1-2] DEBUG org.asynchttpclient.netty.handler.HttpHandler - 

Request DefaultHttpRequest(decodeResult: success, version: HTTP/1.1)
POST /session/ddfbf42a06db361a201d8b8b0d761482/element/8FC4918655BDD5D1D1D053FDF7B97061_element_5/clear HTTP/1.1
User-Agent: selenium/4.8.1 (java windows)
Content-Length: 56
Content-Type: application/json; charset=utf-8
host: localhost:13582
accept: */*

Response DefaultHttpResponse(decodeResult: success, version: HTTP/1.1)
HTTP/1.1 200 OK
Content-Length: 14
Content-Type: application/json; charset=utf-8
cache-control: no-cache

22:48:52.591 [AsyncHttpClient-1-2] DEBUG org.asynchttpclient.netty.channel.ChannelManager - Adding key: http://localhost:13582 for channel [id: 0xceeabfde, L:/127.0.0.1:61205 - R:localhost/127.0.0.1:13582]
22:48:52.597 [Forwarding sendKeysToElement on session ddfbf42a06db361a201d8b8b0d761482 to remote] DEBUG org.asynchttpclient.netty.request.NettyRequestSender - Using pooled Channel '[id: 0xceeabfde, L:/127.0.0.1:61205 - R:localhost/127.0.0.1:13582]' for 'POST' to 'http://localhost:13582/session/ddfbf42a06db361a201d8b8b0d761482/element/8FC4918655BDD5D1D1D053FDF7B97061_element_5/value'
22:48:52.597 [Forwarding sendKeysToElement on session ddfbf42a06db361a201d8b8b0d761482 to remote] DEBUG org.asynchttpclient.netty.request.NettyRequestSender - Using open Channel [id: 0xceeabfde, L:/127.0.0.1:61205 - R:localhost/127.0.0.1:13582] for POST '/session/ddfbf42a06db361a201d8b8b0d761482/element/8FC4918655BDD5D1D1D053FDF7B97061_element_5/value'
22:48:52.698 [AsyncHttpClient-1-2] DEBUG org.asynchttpclient.netty.handler.HttpHandler - 

Request DefaultHttpRequest(decodeResult: success, version: HTTP/1.1)
POST /session/ddfbf42a06db361a201d8b8b0d761482/element/8FC4918655BDD5D1D1D053FDF7B97061_element_5/value HTTP/1.1
User-Agent: selenium/4.8.1 (java windows)
Content-Length: 177
Content-Type: application/json; charset=utf-8
host: localhost:13582
accept: */*

Response DefaultHttpResponse(decodeResult: success, version: HTTP/1.1)
HTTP/1.1 200 OK
Content-Length: 14
Content-Type: application/json; charset=utf-8
cache-control: no-cache

22:48:52.698 [AsyncHttpClient-1-2] DEBUG org.asynchttpclient.netty.channel.ChannelManager - Adding key: http://localhost:13582 for channel [id: 0xceeabfde, L:/127.0.0.1:61205 - R:localhost/127.0.0.1:13582]
22:48:52.705 [main] DEBUG net.thucydides.core.steps.StepInterceptor - STEP DONE: inputPassword
  &amp#27;[32mAnd &amp#27;[0m&amp#27;[32muser input password&amp#27;[0m                                 &amp#27;[90m# starter.stepdefinitions.DetailKASteps.userInputPassword()&amp#27;[0m
22:48:52.722 [main] DEBUG net.thucydides.core.steps.StepInterceptor - STARTING STEP: DetailKASteps.userClickLogin - clickLoginButton
22:48:52.734 [Forwarding findElement on session ddfbf42a06db361a201d8b8b0d761482 to remote] DEBUG org.asynchttpclient.netty.request.NettyRequestSender - Using pooled Channel '[id: 0xceeabfde, L:/127.0.0.1:61205 - R:localhost/127.0.0.1:13582]' for 'POST' to 'http://localhost:13582/session/ddfbf42a06db361a201d8b8b0d761482/element'
22:48:52.734 [Forwarding findElement on session ddfbf42a06db361a201d8b8b0d761482 to remote] DEBUG org.asynchttpclient.netty.request.NettyRequestSender - Using open Channel [id: 0xceeabfde, L:/127.0.0.1:61205 - R:localhost/127.0.0.1:13582] for POST '/session/ddfbf42a06db361a201d8b8b0d761482/element'
22:48:52.755 [AsyncHttpClient-1-2] DEBUG org.asynchttpclient.netty.handler.HttpHandler - 

Request DefaultHttpRequest(decodeResult: success, version: HTTP/1.1)
POST /session/ddfbf42a06db361a201d8b8b0d761482/element HTTP/1.1
User-Agent: selenium/4.8.1 (java windows)
Content-Length: 97
Content-Type: application/json; charset=utf-8
host: localhost:13582
accept: */*

Response DefaultHttpResponse(decodeResult: success, version: HTTP/1.1)
HTTP/1.1 200 OK
Content-Length: 94
Content-Type: application/json; charset=utf-8
cache-control: no-cache

22:48:52.756 [AsyncHttpClient-1-2] DEBUG org.asynchttpclient.netty.channel.ChannelManager - Adding key: http://localhost:13582 for channel [id: 0xceeabfde, L:/127.0.0.1:61205 - R:localhost/127.0.0.1:13582]
22:48:52.759 [Forwarding getElementTagName on session ddfbf42a06db361a201d8b8b0d761482 to remote] DEBUG org.asynchttpclient.netty.request.NettyRequestSender - Using pooled Channel '[id: 0xceeabfde, L:/127.0.0.1:61205 - R:localhost/127.0.0.1:13582]' for 'GET' to 'http://localhost:13582/session/ddfbf42a06db361a201d8b8b0d761482/element/8FC4918655BDD5D1D1D053FDF7B97061_element_8/name'
22:48:52.760 [Forwarding getElementTagName on session ddfbf42a06db361a201d8b8b0d761482 to remote] DEBUG org.asynchttpclient.netty.request.NettyRequestSender - Using open Channel [id: 0xceeabfde, L:/127.0.0.1:61205 - R:localhost/127.0.0.1:13582] for GET '/session/ddfbf42a06db361a201d8b8b0d761482/element/8FC4918655BDD5D1D1D053FDF7B97061_element_8/name'
22:48:52.769 [AsyncHttpClient-1-2] DEBUG org.asynchttpclient.netty.handler.HttpHandler - 

Request DefaultFullHttpRequest(decodeResult: success, version: HTTP/1.1, content: EmptyByteBufBE)
GET /session/ddfbf42a06db361a201d8b8b0d761482/element/8FC4918655BDD5D1D1D053FDF7B97061_element_8/name HTTP/1.1
User-Agent: selenium/4.8.1 (java windows)
Cache-Control: no-cache
Content-Type: application/json; charset=utf-8
host: localhost:13582
accept: */*

Response DefaultHttpResponse(decodeResult: success, version: HTTP/1.1)
HTTP/1.1 200 OK
Content-Length: 18
Content-Type: application/json; charset=utf-8
cache-control: no-cache

22:48:52.769 [AsyncHttpClient-1-2] DEBUG org.asynchttpclient.netty.channel.ChannelManager - Adding key: http://localhost:13582 for channel [id: 0xceeabfde, L:/127.0.0.1:61205 - R:localhost/127.0.0.1:13582]
22:48:52.772 [Forwarding getElementTagName on session ddfbf42a06db361a201d8b8b0d761482 to remote] DEBUG org.asynchttpclient.netty.request.NettyRequestSender - Using pooled Channel '[id: 0xceeabfde, L:/127.0.0.1:61205 - R:localhost/127.0.0.1:13582]' for 'GET' to 'http://localhost:13582/session/ddfbf42a06db361a201d8b8b0d761482/element/8FC4918655BDD5D1D1D053FDF7B97061_element_8/name'
22:48:52.772 [Forwarding getElementTagName on session ddfbf42a06db361a201d8b8b0d761482 to remote] DEBUG org.asynchttpclient.netty.request.NettyRequestSender - Using open Channel [id: 0xceeabfde, L:/127.0.0.1:61205 - R:localhost/127.0.0.1:13582] for GET '/session/ddfbf42a06db361a201d8b8b0d761482/element/8FC4918655BDD5D1D1D053FDF7B97061_element_8/name'
22:48:52.780 [AsyncHttpClient-1-2] DEBUG org.asynchttpclient.netty.handler.HttpHandler - 

Request DefaultFullHttpRequest(decodeResult: success, version: HTTP/1.1, content: EmptyByteBufBE)
GET /session/ddfbf42a06db361a201d8b8b0d761482/element/8FC4918655BDD5D1D1D053FDF7B97061_element_8/name HTTP/1.1
User-Agent: selenium/4.8.1 (java windows)
Cache-Control: no-cache
Content-Type: application/json; charset=utf-8
host: localhost:13582
accept: */*

Response DefaultHttpResponse(decodeResult: success, version: HTTP/1.1)
HTTP/1.1 200 OK
Content-Length: 18
Content-Type: application/json; charset=utf-8
cache-control: no-cache

22:48:52.781 [AsyncHttpClient-1-2] DEBUG org.asynchttpclient.netty.channel.ChannelManager - Adding key: http://localhost:13582 for channel [id: 0xceeabfde, L:/127.0.0.1:61205 - R:localhost/127.0.0.1:13582]
22:48:52.787 [Forwarding isElementEnabled on session ddfbf42a06db361a201d8b8b0d761482 to remote] DEBUG org.asynchttpclient.netty.request.NettyRequestSender - Using pooled Channel '[id: 0xceeabfde, L:/127.0.0.1:61205 - R:localhost/127.0.0.1:13582]' for 'GET' to 'http://localhost:13582/session/ddfbf42a06db361a201d8b8b0d761482/element/8FC4918655BDD5D1D1D053FDF7B97061_element_8/enabled'
22:48:52.788 [Forwarding isElementEnabled on session ddfbf42a06db361a201d8b8b0d761482 to remote] DEBUG org.asynchttpclient.netty.request.NettyRequestSender - Using open Channel [id: 0xceeabfde, L:/127.0.0.1:61205 - R:localhost/127.0.0.1:13582] for GET '/session/ddfbf42a06db361a201d8b8b0d761482/element/8FC4918655BDD5D1D1D053FDF7B97061_element_8/enabled'
22:48:52.799 [AsyncHttpClient-1-2] DEBUG org.asynchttpclient.netty.handler.HttpHandler - 

Request DefaultFullHttpRequest(decodeResult: success, version: HTTP/1.1, content: EmptyByteBufBE)
GET /session/ddfbf42a06db361a201d8b8b0d761482/element/8FC4918655BDD5D1D1D053FDF7B97061_element_8/enabled HTTP/1.1
User-Agent: selenium/4.8.1 (java windows)
Cache-Control: no-cache
Content-Type: application/json; charset=utf-8
host: localhost:13582
accept: */*

Response DefaultHttpResponse(decodeResult: success, version: HTTP/1.1)
HTTP/1.1 200 OK
Content-Length: 14
Content-Type: application/json; charset=utf-8
cache-control: no-cache

22:48:52.800 [AsyncHttpClient-1-2] DEBUG org.asynchttpclient.netty.channel.ChannelManager - Adding key: http://localhost:13582 for channel [id: 0xceeabfde, L:/127.0.0.1:61205 - R:localhost/127.0.0.1:13582]
22:48:52.803 [Forwarding isElementEnabled on session ddfbf42a06db361a201d8b8b0d761482 to remote] DEBUG org.asynchttpclient.netty.request.NettyRequestSender - Using pooled Channel '[id: 0xceeabfde, L:/127.0.0.1:61205 - R:localhost/127.0.0.1:13582]' for 'GET' to 'http://localhost:13582/session/ddfbf42a06db361a201d8b8b0d761482/element/8FC4918655BDD5D1D1D053FDF7B97061_element_8/enabled'
22:48:52.803 [Forwarding isElementEnabled on session ddfbf42a06db361a201d8b8b0d761482 to remote] DEBUG org.asynchttpclient.netty.request.NettyRequestSender - Using open Channel [id: 0xceeabfde, L:/127.0.0.1:61205 - R:localhost/127.0.0.1:13582] for GET '/session/ddfbf42a06db361a201d8b8b0d761482/element/8FC4918655BDD5D1D1D053FDF7B97061_element_8/enabled'
22:48:52.851 [AsyncHttpClient-1-2] DEBUG org.asynchttpclient.netty.handler.HttpHandler - 

Request DefaultFullHttpRequest(decodeResult: success, version: HTTP/1.1, content: EmptyByteBufBE)
GET /session/ddfbf42a06db361a201d8b8b0d761482/element/8FC4918655BDD5D1D1D053FDF7B97061_element_8/enabled HTTP/1.1
User-Agent: selenium/4.8.1 (java windows)
Cache-Control: no-cache
Content-Type: application/json; charset=utf-8
host: localhost:13582
accept: */*

Response DefaultHttpResponse(decodeResult: success, version: HTTP/1.1)
HTTP/1.1 200 OK
Content-Length: 14
Content-Type: application/json; charset=utf-8
cache-control: no-cache

22:48:52.852 [AsyncHttpClient-1-2] DEBUG org.asynchttpclient.netty.channel.ChannelManager - Adding key: http://localhost:13582 for channel [id: 0xceeabfde, L:/127.0.0.1:61205 - R:localhost/127.0.0.1:13582]
22:48:52.857 [Forwarding findElement on session ddfbf42a06db361a201d8b8b0d761482 to remote] DEBUG org.asynchttpclient.netty.request.NettyRequestSender - Using pooled Channel '[id: 0xceeabfde, L:/127.0.0.1:61205 - R:localhost/127.0.0.1:13582]' for 'POST' to 'http://localhost:13582/session/ddfbf42a06db361a201d8b8b0d761482/element'
22:48:52.857 [Forwarding findElement on session ddfbf42a06db361a201d8b8b0d761482 to remote] DEBUG org.asynchttpclient.netty.request.NettyRequestSender - Using open Channel [id: 0xceeabfde, L:/127.0.0.1:61205 - R:localhost/127.0.0.1:13582] for POST '/session/ddfbf42a06db361a201d8b8b0d761482/element'
22:48:52.906 [AsyncHttpClient-1-2] DEBUG org.asynchttpclient.netty.handler.HttpHandler - 

Request DefaultHttpRequest(decodeResult: success, version: HTTP/1.1)
POST /session/ddfbf42a06db361a201d8b8b0d761482/element HTTP/1.1
User-Agent: selenium/4.8.1 (java windows)
Content-Length: 97
Content-Type: application/json; charset=utf-8
host: localhost:13582
accept: */*

Response DefaultHttpResponse(decodeResult: success, version: HTTP/1.1)
HTTP/1.1 200 OK
Content-Length: 94
Content-Type: application/json; charset=utf-8
cache-control: no-cache

22:48:52.906 [AsyncHttpClient-1-2] DEBUG org.asynchttpclient.netty.channel.ChannelManager - Adding key: http://localhost:13582 for channel [id: 0xceeabfde, L:/127.0.0.1:61205 - R:localhost/127.0.0.1:13582]
22:48:52.909 [Forwarding clickElement on session ddfbf42a06db361a201d8b8b0d761482 to remote] DEBUG org.asynchttpclient.netty.request.NettyRequestSender - Using pooled Channel '[id: 0xceeabfde, L:/127.0.0.1:61205 - R:localhost/127.0.0.1:13582]' for 'POST' to 'http://localhost:13582/session/ddfbf42a06db361a201d8b8b0d761482/element/8FC4918655BDD5D1D1D053FDF7B97061_element_8/click'
22:48:52.910 [Forwarding clickElement on session ddfbf42a06db361a201d8b8b0d761482 to remote] DEBUG org.asynchttpclient.netty.request.NettyRequestSender - Using open Channel [id: 0xceeabfde, L:/127.0.0.1:61205 - R:localhost/127.0.0.1:13582] for POST '/session/ddfbf42a06db361a201d8b8b0d761482/element/8FC4918655BDD5D1D1D053FDF7B97061_element_8/click'
22:48:53.023 [AsyncHttpClient-1-2] DEBUG org.asynchttpclient.netty.handler.HttpHandler - 

Request DefaultHttpRequest(decodeResult: success, version: HTTP/1.1)
POST /session/ddfbf42a06db361a201d8b8b0d761482/element/8FC4918655BDD5D1D1D053FDF7B97061_element_8/click HTTP/1.1
User-Agent: selenium/4.8.1 (java windows)
Content-Length: 56
Content-Type: application/json; charset=utf-8
host: localhost:13582
accept: */*

Response DefaultHttpResponse(decodeResult: success, version: HTTP/1.1)
HTTP/1.1 200 OK
Content-Length: 14
Content-Type: application/json; charset=utf-8
cache-control: no-cache

22:48:53.024 [AsyncHttpClient-1-2] DEBUG org.asynchttpclient.netty.channel.ChannelManager - Adding key: http://localhost:13582 for channel [id: 0xceeabfde, L:/127.0.0.1:61205 - R:localhost/127.0.0.1:13582]
22:48:53.030 [main] DEBUG net.thucydides.core.steps.StepInterceptor - STEP DONE: clickLoginButton
  &amp#27;[32mAnd &amp#27;[0m&amp#27;[32muser click login&amp#27;[0m                                    &amp#27;[90m# starter.stepdefinitions.DetailKASteps.userClickLogin()&amp#27;[0m
22:48:53.044 [main] DEBUG net.thucydides.core.steps.StepInterceptor - STARTING STEP: DetailKASteps.userOnDashboard - onDashboardPage
22:48:53.050 [Forwarding findElement on session ddfbf42a06db361a201d8b8b0d761482 to remote] DEBUG org.asynchttpclient.netty.request.NettyRequestSender - Using pooled Channel '[id: 0xceeabfde, L:/127.0.0.1:61205 - R:localhost/127.0.0.1:13582]' for 'POST' to 'http://localhost:13582/session/ddfbf42a06db361a201d8b8b0d761482/element'
22:48:53.050 [Forwarding findElement on session ddfbf42a06db361a201d8b8b0d761482 to remote] DEBUG org.asynchttpclient.netty.request.NettyRequestSender - Using open Channel [id: 0xceeabfde, L:/127.0.0.1:61205 - R:localhost/127.0.0.1:13582] for POST '/session/ddfbf42a06db361a201d8b8b0d761482/element'
22:48:53.585 [AsyncHttpClient-1-1] DEBUG org.asynchttpclient.netty.channel.DefaultChannelPool - Entry count for : http://localhost:61206 : 1
22:48:53.590 [AsyncHttpClient-1-2] DEBUG org.asynchttpclient.netty.handler.HttpHandler - 

Request DefaultHttpRequest(decodeResult: success, version: HTTP/1.1)
POST /session/ddfbf42a06db361a201d8b8b0d761482/element HTTP/1.1
User-Agent: selenium/4.8.1 (java windows)
Content-Length: 114
Content-Type: application/json; charset=utf-8
host: localhost:13582
accept: */*

Response DefaultHttpResponse(decodeResult: success, version: HTTP/1.1)
HTTP/1.1 200 OK
Content-Length: 95
Content-Type: application/json; charset=utf-8
cache-control: no-cache

22:48:53.590 [AsyncHttpClient-1-2] DEBUG org.asynchttpclient.netty.channel.ChannelManager - Adding key: http://localhost:13582 for channel [id: 0xceeabfde, L:/127.0.0.1:61205 - R:localhost/127.0.0.1:13582]
22:48:53.602 [Forwarding isElementDisplayed on session ddfbf42a06db361a201d8b8b0d761482 to remote] DEBUG org.asynchttpclient.netty.request.NettyRequestSender - Using pooled Channel '[id: 0xceeabfde, L:/127.0.0.1:61205 - R:localhost/127.0.0.1:13582]' for 'POST' to 'http://localhost:13582/session/ddfbf42a06db361a201d8b8b0d761482/execute/sync'
22:48:53.602 [Forwarding isElementDisplayed on session ddfbf42a06db361a201d8b8b0d761482 to remote] DEBUG org.asynchttpclient.netty.request.NettyRequestSender - Using open Channel [id: 0xceeabfde, L:/127.0.0.1:61205 - R:localhost/127.0.0.1:13582] for POST '/session/ddfbf42a06db361a201d8b8b0d761482/execute/sync'
22:48:53.638 [AsyncHttpClient-1-2] DEBUG org.asynchttpclient.netty.handler.HttpHandler - 

Request DefaultHttpRequest(decodeResult: success, version: HTTP/1.1)
POST /session/ddfbf42a06db361a201d8b8b0d761482/execute/sync HTTP/1.1
User-Agent: selenium/4.8.1 (java windows)
Content-Length: 48814
Content-Type: application/json; charset=utf-8
host: localhost:13582
accept: */*

Response DefaultHttpResponse(decodeResult: success, version: HTTP/1.1)
HTTP/1.1 200 OK
Content-Length: 14
Content-Type: application/json; charset=utf-8
cache-control: no-cache

22:48:53.639 [AsyncHttpClient-1-2] DEBUG org.asynchttpclient.netty.channel.ChannelManager - Adding key: http://localhost:13582 for channel [id: 0xceeabfde, L:/127.0.0.1:61205 - R:localhost/127.0.0.1:13582]
22:48:53.648 [Forwarding isElementDisplayed on session ddfbf42a06db361a201d8b8b0d761482 to remote] DEBUG org.asynchttpclient.netty.request.NettyRequestSender - Using pooled Channel '[id: 0xceeabfde, L:/127.0.0.1:61205 - R:localhost/127.0.0.1:13582]' for 'POST' to 'http://localhost:13582/session/ddfbf42a06db361a201d8b8b0d761482/execute/sync'
22:48:53.649 [Forwarding isElementDisplayed on session ddfbf42a06db361a201d8b8b0d761482 to remote] DEBUG org.asynchttpclient.netty.request.NettyRequestSender - Using open Channel [id: 0xceeabfde, L:/127.0.0.1:61205 - R:localhost/127.0.0.1:13582] for POST '/session/ddfbf42a06db361a201d8b8b0d761482/execute/sync'
22:48:53.703 [AsyncHttpClient-1-2] DEBUG org.asynchttpclient.netty.handler.HttpHandler - 

Request DefaultHttpRequest(decodeResult: success, version: HTTP/1.1)
POST /session/ddfbf42a06db361a201d8b8b0d761482/execute/sync HTTP/1.1
User-Agent: selenium/4.8.1 (java windows)
Content-Length: 48814
Content-Type: application/json; charset=utf-8
host: localhost:13582
accept: */*

Response DefaultHttpResponse(decodeResult: success, version: HTTP/1.1)
HTTP/1.1 200 OK
Content-Length: 14
Content-Type: application/json; charset=utf-8
cache-control: no-cache

22:48:53.703 [AsyncHttpClient-1-2] DEBUG org.asynchttpclient.netty.channel.ChannelManager - Adding key: http://localhost:13582 for channel [id: 0xceeabfde, L:/127.0.0.1:61205 - R:localhost/127.0.0.1:13582]
22:48:53.707 [main] DEBUG net.thucydides.core.steps.StepInterceptor - STEP DONE: onDashboardPage
  &amp#27;[32mAnd &amp#27;[0m&amp#27;[32muser on dashboard&amp#27;[0m                                   &amp#27;[90m# starter.stepdefinitions.DetailKASteps.userOnDashboard()&amp#27;[0m
22:48:54.186 [Forwarding findElement on session ddfbf42a06db361a201d8b8b0d761482 to remote] DEBUG org.asynchttpclient.netty.request.NettyRequestSender - Using pooled Channel '[id: 0xceeabfde, L:/127.0.0.1:61205 - R:localhost/127.0.0.1:13582]' for 'POST' to 'http://localhost:13582/session/ddfbf42a06db361a201d8b8b0d761482/element'
22:48:54.187 [Forwarding findElement on session ddfbf42a06db361a201d8b8b0d761482 to remote] DEBUG org.asynchttpclient.netty.request.NettyRequestSender - Using open Channel [id: 0xceeabfde, L:/127.0.0.1:61205 - R:localhost/127.0.0.1:13582] for POST '/session/ddfbf42a06db361a201d8b8b0d761482/element'
22:48:54.207 [AsyncHttpClient-1-2] DEBUG org.asynchttpclient.netty.handler.HttpHandler - 

Request DefaultHttpRequest(decodeResult: success, version: HTTP/1.1)
POST /session/ddfbf42a06db361a201d8b8b0d761482/element HTTP/1.1
User-Agent: selenium/4.8.1 (java windows)
Content-Length: 143
Content-Type: application/json; charset=utf-8
host: localhost:13582
accept: */*

Response DefaultHttpResponse(decodeResult: success, version: HTTP/1.1)
HTTP/1.1 200 OK
Content-Length: 95
Content-Type: application/json; charset=utf-8
cache-control: no-cache

22:48:54.208 [AsyncHttpClient-1-2] DEBUG org.asynchttpclient.netty.channel.ChannelManager - Adding key: http://localhost:13582 for channel [id: 0xceeabfde, L:/127.0.0.1:61205 - R:localhost/127.0.0.1:13582]
22:48:54.212 [Forwarding getElementTagName on session ddfbf42a06db361a201d8b8b0d761482 to remote] DEBUG org.asynchttpclient.netty.request.NettyRequestSender - Using pooled Channel '[id: 0xceeabfde, L:/127.0.0.1:61205 - R:localhost/127.0.0.1:13582]' for 'GET' to 'http://localhost:13582/session/ddfbf42a06db361a201d8b8b0d761482/element/8FC4918655BDD5D1D1D053FDF7B97061_element_69/name'
22:48:54.212 [Forwarding getElementTagName on session ddfbf42a06db361a201d8b8b0d761482 to remote] DEBUG org.asynchttpclient.netty.request.NettyRequestSender - Using open Channel [id: 0xceeabfde, L:/127.0.0.1:61205 - R:localhost/127.0.0.1:13582] for GET '/session/ddfbf42a06db361a201d8b8b0d761482/element/8FC4918655BDD5D1D1D053FDF7B97061_element_69/name'
22:48:54.220 [AsyncHttpClient-1-2] DEBUG org.asynchttpclient.netty.handler.HttpHandler - 

Request DefaultFullHttpRequest(decodeResult: success, version: HTTP/1.1, content: EmptyByteBufBE)
GET /session/ddfbf42a06db361a201d8b8b0d761482/element/8FC4918655BDD5D1D1D053FDF7B97061_element_69/name HTTP/1.1
User-Agent: selenium/4.8.1 (java windows)
Cache-Control: no-cache
Content-Type: application/json; charset=utf-8
host: localhost:13582
accept: */*

Response DefaultHttpResponse(decodeResult: success, version: HTTP/1.1)
HTTP/1.1 200 OK
Content-Length: 13
Content-Type: application/json; charset=utf-8
cache-control: no-cache

22:48:54.221 [AsyncHttpClient-1-2] DEBUG org.asynchttpclient.netty.channel.ChannelManager - Adding key: http://localhost:13582 for channel [id: 0xceeabfde, L:/127.0.0.1:61205 - R:localhost/127.0.0.1:13582]
22:48:54.224 [Forwarding getElementTagName on session ddfbf42a06db361a201d8b8b0d761482 to remote] DEBUG org.asynchttpclient.netty.request.NettyRequestSender - Using pooled Channel '[id: 0xceeabfde, L:/127.0.0.1:61205 - R:localhost/127.0.0.1:13582]' for 'GET' to 'http://localhost:13582/session/ddfbf42a06db361a201d8b8b0d761482/element/8FC4918655BDD5D1D1D053FDF7B97061_element_69/name'
22:48:54.224 [Forwarding getElementTagName on session ddfbf42a06db361a201d8b8b0d761482 to remote] DEBUG org.asynchttpclient.netty.request.NettyRequestSender - Using open Channel [id: 0xceeabfde, L:/127.0.0.1:61205 - R:localhost/127.0.0.1:13582] for GET '/session/ddfbf42a06db361a201d8b8b0d761482/element/8FC4918655BDD5D1D1D053FDF7B97061_element_69/name'
22:48:54.232 [AsyncHttpClient-1-2] DEBUG org.asynchttpclient.netty.handler.HttpHandler - 

Request DefaultFullHttpRequest(decodeResult: success, version: HTTP/1.1, content: EmptyByteBufBE)
GET /session/ddfbf42a06db361a201d8b8b0d761482/element/8FC4918655BDD5D1D1D053FDF7B97061_element_69/name HTTP/1.1
User-Agent: selenium/4.8.1 (java windows)
Cache-Control: no-cache
Content-Type: application/json; charset=utf-8
host: localhost:13582
accept: */*

Response DefaultHttpResponse(decodeResult: success, version: HTTP/1.1)
HTTP/1.1 200 OK
Content-Length: 13
Content-Type: application/json; charset=utf-8
cache-control: no-cache

22:48:54.233 [AsyncHttpClient-1-2] DEBUG org.asynchttpclient.netty.channel.ChannelManager - Adding key: http://localhost:13582 for channel [id: 0xceeabfde, L:/127.0.0.1:61205 - R:localhost/127.0.0.1:13582]
22:48:54.237 [Forwarding findElement on session ddfbf42a06db361a201d8b8b0d761482 to remote] DEBUG org.asynchttpclient.netty.request.NettyRequestSender - Using pooled Channel '[id: 0xceeabfde, L:/127.0.0.1:61205 - R:localhost/127.0.0.1:13582]' for 'POST' to 'http://localhost:13582/session/ddfbf42a06db361a201d8b8b0d761482/element'
22:48:54.237 [Forwarding findElement on session ddfbf42a06db361a201d8b8b0d761482 to remote] DEBUG org.asynchttpclient.netty.request.NettyRequestSender - Using open Channel [id: 0xceeabfde, L:/127.0.0.1:61205 - R:localhost/127.0.0.1:13582] for POST '/session/ddfbf42a06db361a201d8b8b0d761482/element'
22:48:54.250 [AsyncHttpClient-1-2] DEBUG org.asynchttpclient.netty.handler.HttpHandler - 

Request DefaultHttpRequest(decodeResult: success, version: HTTP/1.1)
POST /session/ddfbf42a06db361a201d8b8b0d761482/element HTTP/1.1
User-Agent: selenium/4.8.1 (java windows)
Content-Length: 143
Content-Type: application/json; charset=utf-8
host: localhost:13582
accept: */*

Response DefaultHttpResponse(decodeResult: success, version: HTTP/1.1)
HTTP/1.1 200 OK
Content-Length: 95
Content-Type: application/json; charset=utf-8
cache-control: no-cache

22:48:54.251 [AsyncHttpClient-1-2] DEBUG org.asynchttpclient.netty.channel.ChannelManager - Adding key: http://localhost:13582 for channel [id: 0xceeabfde, L:/127.0.0.1:61205 - R:localhost/127.0.0.1:13582]
22:48:54.253 [Forwarding clickElement on session ddfbf42a06db361a201d8b8b0d761482 to remote] DEBUG org.asynchttpclient.netty.request.NettyRequestSender - Using pooled Channel '[id: 0xceeabfde, L:/127.0.0.1:61205 - R:localhost/127.0.0.1:13582]' for 'POST' to 'http://localhost:13582/session/ddfbf42a06db361a201d8b8b0d761482/element/8FC4918655BDD5D1D1D053FDF7B97061_element_69/click'
22:48:54.254 [Forwarding clickElement on session ddfbf42a06db361a201d8b8b0d761482 to remote] DEBUG org.asynchttpclient.netty.request.NettyRequestSender - Using open Channel [id: 0xceeabfde, L:/127.0.0.1:61205 - R:localhost/127.0.0.1:13582] for POST '/session/ddfbf42a06db361a201d8b8b0d761482/element/8FC4918655BDD5D1D1D053FDF7B97061_element_69/click'
22:48:54.686 [AsyncHttpClient-1-1] DEBUG org.asynchttpclient.netty.channel.DefaultChannelPool - Entry count for : http://localhost:61206 : 1
22:48:55.330 [AsyncHttpClient-1-2] DEBUG org.asynchttpclient.netty.handler.HttpHandler - 

Request DefaultHttpRequest(decodeResult: success, version: HTTP/1.1)
POST /session/ddfbf42a06db361a201d8b8b0d761482/element/8FC4918655BDD5D1D1D053FDF7B97061_element_69/click HTTP/1.1
User-Agent: selenium/4.8.1 (java windows)
Content-Length: 57
Content-Type: application/json; charset=utf-8
host: localhost:13582
accept: */*

Response DefaultHttpResponse(decodeResult: success, version: HTTP/1.1)
HTTP/1.1 400 Bad Request
Content-Length: 1306
Content-Type: application/json; charset=utf-8
cache-control: no-cache

22:48:55.330 [AsyncHttpClient-1-2] DEBUG org.asynchttpclient.netty.channel.ChannelManager - Adding key: http://localhost:13582 for channel [id: 0xceeabfde, L:/127.0.0.1:61205 - R:localhost/127.0.0.1:13582]
22:48:55.616 [Forwarding clickElement on session ddfbf42a06db361a201d8b8b0d761482 to remote] DEBUG org.asynchttpclient.netty.request.NettyRequestSender - Using pooled Channel '[id: 0xceeabfde, L:/127.0.0.1:61205 - R:localhost/127.0.0.1:13582]' for 'POST' to 'http://localhost:13582/session/ddfbf42a06db361a201d8b8b0d761482/element/8FC4918655BDD5D1D1D053FDF7B97061_element_69/click'
22:48:55.616 [Forwarding clickElement on session ddfbf42a06db361a201d8b8b0d761482 to remote] DEBUG org.asynchttpclient.netty.request.NettyRequestSender - Using open Channel [id: 0xceeabfde, L:/127.0.0.1:61205 - R:localhost/127.0.0.1:13582] for POST '/session/ddfbf42a06db361a201d8b8b0d761482/element/8FC4918655BDD5D1D1D053FDF7B97061_element_69/click'
22:48:55.728 [AsyncHttpClient-1-2] DEBUG org.asynchttpclient.netty.handler.HttpHandler - 

Request DefaultHttpRequest(decodeResult: success, version: HTTP/1.1)
POST /session/ddfbf42a06db361a201d8b8b0d761482/element/8FC4918655BDD5D1D1D053FDF7B97061_element_69/click HTTP/1.1
User-Agent: selenium/4.8.1 (java windows)
Content-Length: 57
Content-Type: application/json; charset=utf-8
host: localhost:13582
accept: */*

Response DefaultHttpResponse(decodeResult: success, version: HTTP/1.1)
HTTP/1.1 200 OK
Content-Length: 14
Content-Type: application/json; charset=utf-8
cache-control: no-cache

22:48:55.729 [AsyncHttpClient-1-2] DEBUG org.asynchttpclient.netty.channel.ChannelManager - Adding key: http://localhost:13582 for channel [id: 0xceeabfde, L:/127.0.0.1:61205 - R:localhost/127.0.0.1:13582]
  &amp#27;[32mAnd &amp#27;[0m&amp#27;[32muser click Daftar Hotel menu&amp#27;[0m                        &amp#27;[90m# starter.stepdefinitions.TambahDataHotelSteps.userClickDaftarHotelMenu()&amp#27;[0m
22:48:55.749 [Forwarding findElement on session ddfbf42a06db361a201d8b8b0d761482 to remote] DEBUG org.asynchttpclient.netty.request.NettyRequestSender - Using pooled Channel '[id: 0xceeabfde, L:/127.0.0.1:61205 - R:localhost/127.0.0.1:13582]' for 'POST' to 'http://localhost:13582/session/ddfbf42a06db361a201d8b8b0d761482/element'
22:48:55.749 [Forwarding findElement on session ddfbf42a06db361a201d8b8b0d761482 to remote] DEBUG org.asynchttpclient.netty.request.NettyRequestSender - Using open Channel [id: 0xceeabfde, L:/127.0.0.1:61205 - R:localhost/127.0.0.1:13582] for POST '/session/ddfbf42a06db361a201d8b8b0d761482/element'
22:48:55.766 [AsyncHttpClient-1-2] DEBUG org.asynchttpclient.netty.handler.HttpHandler - 

Request DefaultHttpRequest(decodeResult: success, version: HTTP/1.1)
POST /session/ddfbf42a06db361a201d8b8b0d761482/element HTTP/1.1
User-Agent: selenium/4.8.1 (java windows)
Content-Length: 136
Content-Type: application/json; charset=utf-8
host: localhost:13582
accept: */*

Response DefaultHttpResponse(decodeResult: success, version: HTTP/1.1)
HTTP/1.1 200 OK
Content-Length: 95
Content-Type: application/json; charset=utf-8
cache-control: no-cache

22:48:55.767 [AsyncHttpClient-1-2] DEBUG org.asynchttpclient.netty.channel.ChannelManager - Adding key: http://localhost:13582 for channel [id: 0xceeabfde, L:/127.0.0.1:61205 - R:localhost/127.0.0.1:13582]
22:48:55.768 [Forwarding getElementTagName on session ddfbf42a06db361a201d8b8b0d761482 to remote] DEBUG org.asynchttpclient.netty.request.NettyRequestSender - Using pooled Channel '[id: 0xceeabfde, L:/127.0.0.1:61205 - R:localhost/127.0.0.1:13582]' for 'GET' to 'http://localhost:13582/session/ddfbf42a06db361a201d8b8b0d761482/element/8FC4918655BDD5D1D1D053FDF7B97061_element_93/name'
22:48:55.769 [Forwarding getElementTagName on session ddfbf42a06db361a201d8b8b0d761482 to remote] DEBUG org.asynchttpclient.netty.request.NettyRequestSender - Using open Channel [id: 0xceeabfde, L:/127.0.0.1:61205 - R:localhost/127.0.0.1:13582] for GET '/session/ddfbf42a06db361a201d8b8b0d761482/element/8FC4918655BDD5D1D1D053FDF7B97061_element_93/name'
22:48:55.774 [AsyncHttpClient-1-2] DEBUG org.asynchttpclient.netty.handler.HttpHandler - 

Request DefaultFullHttpRequest(decodeResult: success, version: HTTP/1.1, content: EmptyByteBufBE)
GET /session/ddfbf42a06db361a201d8b8b0d761482/element/8FC4918655BDD5D1D1D053FDF7B97061_element_93/name HTTP/1.1
User-Agent: selenium/4.8.1 (java windows)
Cache-Control: no-cache
Content-Type: application/json; charset=utf-8
host: localhost:13582
accept: */*

Response DefaultHttpResponse(decodeResult: success, version: HTTP/1.1)
HTTP/1.1 200 OK
Content-Length: 18
Content-Type: application/json; charset=utf-8
cache-control: no-cache

22:48:55.774 [AsyncHttpClient-1-2] DEBUG org.asynchttpclient.netty.channel.ChannelManager - Adding key: http://localhost:13582 for channel [id: 0xceeabfde, L:/127.0.0.1:61205 - R:localhost/127.0.0.1:13582]
22:48:55.778 [Forwarding getElementTagName on session ddfbf42a06db361a201d8b8b0d761482 to remote] DEBUG org.asynchttpclient.netty.request.NettyRequestSender - Using pooled Channel '[id: 0xceeabfde, L:/127.0.0.1:61205 - R:localhost/127.0.0.1:13582]' for 'GET' to 'http://localhost:13582/session/ddfbf42a06db361a201d8b8b0d761482/element/8FC4918655BDD5D1D1D053FDF7B97061_element_93/name'
22:48:55.778 [Forwarding getElementTagName on session ddfbf42a06db361a201d8b8b0d761482 to remote] DEBUG org.asynchttpclient.netty.request.NettyRequestSender - Using open Channel [id: 0xceeabfde, L:/127.0.0.1:61205 - R:localhost/127.0.0.1:13582] for GET '/session/ddfbf42a06db361a201d8b8b0d761482/element/8FC4918655BDD5D1D1D053FDF7B97061_element_93/name'
22:48:55.784 [AsyncHttpClient-1-2] DEBUG org.asynchttpclient.netty.handler.HttpHandler - 

Request DefaultFullHttpRequest(decodeResult: success, version: HTTP/1.1, content: EmptyByteBufBE)
GET /session/ddfbf42a06db361a201d8b8b0d761482/element/8FC4918655BDD5D1D1D053FDF7B97061_element_93/name HTTP/1.1
User-Agent: selenium/4.8.1 (java windows)
Cache-Control: no-cache
Content-Type: application/json; charset=utf-8
host: localhost:13582
accept: */*

Response DefaultHttpResponse(decodeResult: success, version: HTTP/1.1)
HTTP/1.1 200 OK
Content-Length: 18
Content-Type: application/json; charset=utf-8
cache-control: no-cache

22:48:55.784 [AsyncHttpClient-1-2] DEBUG org.asynchttpclient.netty.channel.ChannelManager - Adding key: http://localhost:13582 for channel [id: 0xceeabfde, L:/127.0.0.1:61205 - R:localhost/127.0.0.1:13582]
22:48:55.785 [AsyncHttpClient-1-1] DEBUG org.asynchttpclient.netty.channel.DefaultChannelPool - Entry count for : http://localhost:61206 : 1
22:48:55.785 [AsyncHttpClient-1-1] DEBUG org.asynchttpclient.netty.channel.DefaultChannelPool - Entry count for : http://localhost:13582 : 1
22:48:55.788 [Forwarding isElementEnabled on session ddfbf42a06db361a201d8b8b0d761482 to remote] DEBUG org.asynchttpclient.netty.request.NettyRequestSender - Using pooled Channel '[id: 0xceeabfde, L:/127.0.0.1:61205 - R:localhost/127.0.0.1:13582]' for 'GET' to 'http://localhost:13582/session/ddfbf42a06db361a201d8b8b0d761482/element/8FC4918655BDD5D1D1D053FDF7B97061_element_93/enabled'
22:48:55.788 [Forwarding isElementEnabled on session ddfbf42a06db361a201d8b8b0d761482 to remote] DEBUG org.asynchttpclient.netty.request.NettyRequestSender - Using open Channel [id: 0xceeabfde, L:/127.0.0.1:61205 - R:localhost/127.0.0.1:13582] for GET '/session/ddfbf42a06db361a201d8b8b0d761482/element/8FC4918655BDD5D1D1D053FDF7B97061_element_93/enabled'
22:48:55.797 [AsyncHttpClient-1-2] DEBUG org.asynchttpclient.netty.handler.HttpHandler - 

[...]
	at io.cucumber.junit.FeatureRunner.runChild(FeatureRunner.java:28)
	at org.junit.runners.ParentRunner$4.run(ParentRunner.java:331)
	at org.junit.runners.ParentRunner$1.schedule(ParentRunner.java:79)
	at org.junit.runners.ParentRunner.runChildren(ParentRunner.java:329)
	at org.junit.runners.ParentRunner.access$100(ParentRunner.java:66)
	at org.junit.runners.ParentRunner$2.evaluate(ParentRunner.java:293)
	at org.junit.runners.ParentRunner$3.evaluate(ParentRunner.java:306)
	at org.junit.runners.ParentRunner.run(ParentRunner.java:413)
	at io.cucumber.junit.FeatureRunner.run(FeatureRunner.java:137)
	at io.cucumber.junit.CucumberSerenityBaseRunner.runChild(CucumberSerenityBaseRunner.java:330)
	at io.cucumber.junit.CucumberSerenityBaseRunner.runChild(CucumberSerenityBaseRunner.java:51)
	at org.junit.runners.ParentRunner$4.run(ParentRunner.java:331)
	at org.junit.runners.ParentRunner$1.schedule(ParentRunner.java:79)
	at org.junit.runners.ParentRunner.runChildren(ParentRunner.java:329)
	at org.junit.runners.ParentRunner.access$100(ParentRunner.java:66)
	at org.junit.runners.ParentRunner$2.evaluate(ParentRunner.java:293)
	at io.cucumber.junit.CucumberSerenityBaseRunner$RunCucumber.evaluate(CucumberSerenityBaseRunner.java:361)
	at org.junit.runners.ParentRunner$3.evaluate(ParentRunner.java:306)
	at org.junit.runners.ParentRunner.run(ParentRunner.java:413)
	at org.junit.runner.JUnitCore.run(JUnitCore.java:137)
	at org.junit.runner.JUnitCore.run(JUnitCore.java:115)
	at org.junit.vintage.engine.execution.RunnerExecutor.execute(RunnerExecutor.java:42)
	at org.junit.vintage.engine.VintageTestEngine.executeAllChildren(VintageTestEngine.java:80)
	at org.junit.vintage.engine.VintageTestEngine.execute(VintageTestEngine.java:72)
	at org.junit.platform.launcher.core.EngineExecutionOrchestrator.execute(EngineExecutionOrchestrator.java:107)
	at org.junit.platform.launcher.core.EngineExecutionOrchestrator.execute(EngineExecutionOrchestrator.java:88)
	at org.junit.platform.launcher.core.EngineExecutionOrchestrator.lambda$execute$0(EngineExecutionOrchestrator.java:54)
	at org.junit.platform.launcher.core.EngineExecutionOrchestrator.withInterceptedStreams(EngineExecutionOrchestrator.java:67)
	at org.junit.platform.launcher.core.EngineExecutionOrchestrator.execute(EngineExecutionOrchestrator.java:52)
	at org.junit.platform.launcher.core.DefaultLauncher.execute(DefaultLauncher.java:114)
	at org.junit.platform.launcher.core.DefaultLauncher.execute(DefaultLauncher.java:86)
	at org.junit.platform.launcher.core.DefaultLauncherSession$DelegatingLauncher.execute(DefaultLauncherSession.java:86)
	at org.junit.platform.launcher.core.SessionPerRequestLauncher.execute(SessionPerRequestLauncher.java:53)
	at org.apache.maven.surefire.junitplatform.JUnitPlatformProvider.execute(JUnitPlatformProvider.java:188)
	at org.apache.maven.surefire.junitplatform.JUnitPlatformProvider.invokeAllTests(JUnitPlatformProvider.java:154)
	at org.apache.maven.surefire.junitplatform.JUnitPlatformProvider.invoke(JUnitPlatformProvider.java:128)
	at org.apache.maven.surefire.booter.ForkedBooter.runSuitesInProcess(ForkedBooter.java:428)
	at org.apache.maven.surefire.booter.ForkedBooter.execute(ForkedBooter.java:162)
	at org.apache.maven.surefire.booter.ForkedBooter.run(ForkedBooter.java:562)
	at org.apache.maven.surefire.booter.ForkedBooter.main(ForkedBooter.java:548)
Caused by: org.openqa.selenium.NoSuchElementException: no such element: Unable to locate element: {"method":"xpath","selector":"/html/body/div[4]/div/div/div/div[6]/span"}
  (Session info: chrome=114.0.5735.134)
For documentation on this error, please visit: https://selenium.dev/exceptions/#no_such_element
Build info: version: '4.8.1', revision: '8ebccac989'
System info: os.name: 'Windows 10', os.arch: 'amd64', os.version: '10.0', java.version: '1.8.0_202'
Driver info: org.openqa.selenium.chrome.ChromeDriver
Command: [ddfbf42a06db361a201d8b8b0d761482, findElement {using=xpath, value=/html/body/div[4]/div/div/div/div[6]/span}]
Capabilities {acceptInsecureCerts: true, browserName: chrome, browserVersion: 114.0.5735.134, chrome: {chromedriverVersion: 114.0.5735.90 (386bc09e8f4f..., userDataDir: C:\Users\ADWUSE~1\AppData\L...}, goog:chromeOptions: {debuggerAddress: localhost:61206}, networkConnectionEnabled: false, pageLoadStrategy: normal, platformName: WINDOWS, proxy: Proxy(), se:cdp: ws://localhost:61206/devtoo..., se:cdpVersion: 114.0.5735.134, setWindowRect: true, strictFileInteractability: false, timeouts: {implicit: 0, pageLoad: 300000, script: 30000}, unhandledPromptBehavior: dismiss and notify, webauthn:extension:credBlob: true, webauthn:extension:largeBlob: true, webauthn:extension:minPinLength: true, webauthn:extension:prf: true, webauthn:virtualAuthenticators: true}
Session ID: ddfbf42a06db361a201d8b8b0d761482
	at sun.reflect.NativeConstructorAccessorImpl.newInstance0(Native Method)
	at sun.reflect.NativeConstructorAccessorImpl.newInstance(NativeConstructorAccessorImpl.java:62)
	at sun.reflect.DelegatingConstructorAccessorImpl.newInstance(DelegatingConstructorAccessorImpl.java:45)
	at java.lang.reflect.Constructor.newInstance(Constructor.java:423)
	at org.openqa.selenium.remote.codec.w3c.W3CHttpResponseCodec.createException(W3CHttpResponseCodec.java:200)
	at org.openqa.selenium.remote.codec.w3c.W3CHttpResponseCodec.decode(W3CHttpResponseCodec.java:133)
	at org.openqa.selenium.remote.codec.w3c.W3CHttpResponseCodec.decode(W3CHttpResponseCodec.java:53)
	at org.openqa.selenium.remote.HttpCommandExecutor.execute(HttpCommandExecutor.java:184)
	at org.openqa.selenium.remote.service.DriverCommandExecutor.invokeExecute(DriverCommandExecutor.java:167)
	at org.openqa.selenium.remote.service.DriverCommandExecutor.execute(DriverCommandExecutor.java:142)
	at org.openqa.selenium.remote.RemoteWebDriver.execute(RemoteWebDriver.java:543)
	at org.openqa.selenium.remote.ElementLocation$ElementFinder$2.findElement(ElementLocation.java:162)
	at org.openqa.selenium.remote.ElementLocation.findElement(ElementLocation.java:60)
	at org.openqa.selenium.remote.RemoteWebDriver.findElement(RemoteWebDriver.java:352)
	at org.openqa.selenium.remote.RemoteWebDriver.findElement(RemoteWebDriver.java:344)
	at net.thucydides.core.webdriver.WebDriverFacade.findElement(WebDriverFacade.java:242)
	at net.serenitybdd.core.pages.WebElementResolverByLocator.resolveForDriver(WebElementResolverByLocator.java:25)
	at net.serenitybdd.core.pages.WebElementFacadeImpl.getResolvedElement(WebElementFacadeImpl.java:189)
	at net.serenitybdd.core.pages.WebElementFacadeImpl.getElement(WebElementFacadeImpl.java:184)
	at net.serenitybdd.core.pages.WebElementExpectations$3.apply(WebElementExpectations.java:63)
	at net.serenitybdd.core.pages.WebElementExpectations$3.apply(WebElementExpectations.java:55)
	at org.openqa.selenium.support.ui.FluentWait.until(FluentWait.java:208)
	... 80 more
&amp#27;[0m
  &amp#27;[36mAnd &amp#27;[0m&amp#27;[36muser input Deskripsi Hotel&amp#27;[0m                          &amp#27;[90m# starter.stepdefinitions.TambahDataHotelSteps.userInputDeskripsiHotel()&amp#27;[0m
  &amp#27;[36mAnd &amp#27;[0m&amp#27;[36muser input Nomor Telepon&amp#27;[0m                            &amp#27;[90m# starter.stepdefinitions.TambahDataHotelSteps.userInputNomorTelepon()&amp#27;[0m
  &amp#27;[36mAnd &amp#27;[0m&amp#27;[36muser input Email Hotel&amp#27;[0m                              &amp#27;[90m# starter.stepdefinitions.TambahDataHotelSteps.userInputEmailHotel()&amp#27;[0m
  &amp#27;[36mAnd &amp#27;[0m&amp#27;[36muser input Alamat Hotel&amp#27;[0m                             &amp#27;[90m# starter.stepdefinitions.TambahDataHotelSteps.userInputAlamatHotel()&amp#27;[0m
  &amp#27;[36mAnd &amp#27;[0m&amp#27;[36muser click Tambahkan Fasilitas&amp#27;[0m                      &amp#27;[90m# starter.stepdefinitions.TambahDataHotelSteps.userClickTambahkanFasilitas()&amp#27;[0m
  &amp#27;[36mAnd &amp#27;[0m&amp#27;[36muser input Nama Fasilitas&amp#27;[0m                           &amp#27;[90m# starter.stepdefinitions.TambahDataHotelSteps.userInputNamaFasilitas()&amp#27;[0m
  &amp#27;[36mAnd &amp#27;[0m&amp#27;[36muser click tab Kebijakan Hotel&amp#27;[0m                      &amp#27;[90m# starter.stepdefinitions.TambahDataHotelSteps.userClickTabKebijakanHotel()&amp#27;[0m
  &amp#27;[36mAnd &amp#27;[0m&amp#27;[36muser click tab Daftar Kamar&amp#27;[0m                         &amp#27;[90m# starter.stepdefinitions.TambahDataHotelSteps.userClickTabDaftarKamar()&amp#27;[0m
  &amp#27;[36mAnd &amp#27;[0m&amp#27;[36muser click Tambah Kamar&amp#27;[0m                             &amp#27;[90m# starter.stepdefinitions.TambahDataHotelSteps.userClickTambahKamar()&amp#27;[0m
  &amp#27;[36mAnd &amp#27;[0m&amp#27;[36muser upload image Kamar&amp#27;[0m                             &amp#27;[90m# starter.stepdefinitions.TambahDataHotelSteps.userUploadImageKamar()&amp#27;[0m
  &amp#27;[36mAnd &amp#27;[0m&amp#27;[36muser input Nama Kamar&amp#27;[0m                               &amp#27;[90m# starter.stepdefinitions.TambahDataHotelSteps.userInputNamaKamar()&amp#27;[0m
  &amp#27;[36mAnd &amp#27;[0m&amp#27;[36muser input Ukuran Kamar&amp#27;[0m                             &amp#27;[90m# starter.stepdefinitions.TambahDataHotelSteps.userInputUkuranKamar()&amp#27;[0m
  &amp#27;[36mAnd &amp#27;[0m&amp#27;[36muser input Jumlah Kamar&amp#27;[0m                             &amp#27;[90m# starter.stepdefinitions.TambahDataHotelSteps.userInputJumlahKamar()&amp#27;[0m
  &amp#27;[36mAnd &amp#27;[0m&amp#27;[36muser input Deskripsi Kamar&amp#27;[0m                          &amp#27;[90m# starter.stepdefinitions.TambahDataHotelSteps.userInputDeskripsiKamar()&amp#27;[0m
  &amp#27;[36mAnd &amp#27;[0m&amp#27;[36muser click Tambah Fasilitas Kamar&amp#27;[0m                   &amp#27;[90m# starter.stepdefinitions.TambahDataHotelSteps.userClickTambahFasilitasKamar()&amp#27;[0m
  &amp#27;[36mAnd &amp#27;[0m&amp#27;[36muser input nama fasilitas kamar&amp#27;[0m                     &amp#27;[90m# starter.stepdefinitions.TambahDataHotelSteps.userInputNamaFasilitasKamar()&amp#27;[0m
  &amp#27;[36mAnd &amp#27;[0m&amp#27;[36muser click tab Penawaran Kamar&amp#27;[0m                      &amp#27;[90m# starter.stepdefinitions.TambahDataHotelSteps.userClickTabPenawaranKamar()&amp#27;[0m
  &amp#27;[36mAnd &amp#27;[0m&amp#27;[36muser input Harga Kamar Malam&amp#27;[0m                        &amp#27;[90m# starter.stepdefinitions.TambahDataHotelSteps.userInputHargaKamarMalam()&amp#27;[0m
  &amp#27;[36mAnd &amp#27;[0m&amp#27;[36muser choose Jumlah Tamu&amp#27;[0m                             &amp#27;[90m# starter.stepdefinitions.TambahDataHotelSteps.userChooseJumlahTamu()&amp#27;[0m
  &amp#27;[36mAnd &amp#27;[0m&amp#27;[36muser choose Tipe Kasur&amp#27;[0m                              &amp#27;[90m# starter.stepdefinitions.TambahDataHotelSteps.userChooseTipeKasur()&amp#27;[0m
  &amp#27;[36mAnd &amp#27;[0m&amp#27;[36muser click Tambah data Kamar&amp#27;[0m                        &amp#27;[90m# starter.stepdefinitions.TambahDataHotelSteps.userClickTambahDataKamar()&amp#27;[0m
  &amp#27;[36mAnd &amp#27;[0m&amp#27;[36muser click Simpan button&amp#27;[0m                            &amp#27;[90m# starter.stepdefinitions.TambahDataHotelSteps.userClickSimpanButton()&amp#27;[0m
  &amp#27;[36mAnd &amp#27;[0m&amp#27;[36muser click Simpan Data Hotel&amp#27;[0m                        &amp#27;[90m# starter.stepdefinitions.TambahDataHotelSteps.userClickSimpanDataHotel()&amp#27;[0m
  &amp#27;[36mAnd &amp#27;[0m&amp#27;[36muser click Simpan&amp#27;[0m                                   &amp#27;[90m# starter.stepdefinitions.TambahDataHotelSteps.userClickSimpan()&amp#27;[0m
  &amp#27;[36mThen &amp#27;[0m&amp#27;[36mdata hotel success created and user see hotel page&amp#27;[0m &amp#27;[90m# starter.stepdefinitions.TambahDataHotelSteps.dataHotelSuccessCreatedAndUserSeeHotelPage()&amp#27;[0m
22:49:04.159 [main] ERROR  - 
  _____   ___   ___   _____     ___     _     ___   _      ___   ___  
 |_   _| | __| / __| |_   _|   | __|   /_\   |_ _| | |    | __| |   \ 
   | |   | _|  \__ \   | |     | _|   / _ \   | |  | |__  | _|  | |) |
   |_|   |___| |___/   |_|     |_|   /_/ \_\ |___| |____| |___| |___/ 

as user i want to create a new data hotel
-----------------------------------------------------------------------
22:49:04.162 [main] DEBUG  - RELATED ISSUES: 
22:49:04.166 [main] ERROR  -     Test failed at step: Choose kelas hotel
22:49:04.167 [main] ERROR  -     Expected enabled element was not enabled
22:49:04.267 [Driver Command Executor] DEBUG org.asynchttpclient.netty.request.NettyRequestSender - Using pooled Channel '[id: 0xceeabfde, L:/127.0.0.1:61205 - R:localhost/127.0.0.1:13582]' for 'DELETE' to 'http://localhost:13582/session/ddfbf42a06db361a201d8b8b0d761482'
22:49:04.267 [Driver Command Executor] DEBUG org.asynchttpclient.netty.request.NettyRequestSender - Using open Channel [id: 0xceeabfde, L:/127.0.0.1:61205 - R:localhost/127.0.0.1:13582] for DELETE '/session/ddfbf42a06db361a201d8b8b0d761482'
22:49:04.272 [AsyncHttpClient-1-4] DEBUG org.asynchttpclient.netty.handler.WebSocketHandler - Channel Closed: [id: 0xcfd1b1f5, L:/127.0.0.1:61215 ! R:localhost/127.0.0.1:61206] with attribute NettyResponseFuture{currentRetry=0,
	isDone=1,
	isCancelled=0,
	asyncHandler=org.asynchttpclient.ws.WebSocketUpgradeHandler@79c21d79,
	nettyRequest=org.asynchttpclient.netty.request.NettyRequest@1c81eed0,
	future=java.util.concurrent.CompletableFuture@3a2888b1[Completed normally],
	uri=ws://localhost:61206/devtools/browser/b5e7a39d-16b2-4705-bb96-5f19b5bef87d,
	keepAlive=true,
	redirectCount=0,
	timeoutsHolder=null,
	inAuth=0,
	touch=1687448929889}
22:49:04.272 [AsyncHttpClient-1-4] DEBUG org.asynchttpclient.netty.channel.ChannelManager - Closing Channel [id: 0xcfd1b1f5, L:/127.0.0.1:61215 ! R:localhost/127.0.0.1:61206] 
22:49:04.380 [AsyncHttpClient-1-3] DEBUG org.asynchttpclient.netty.handler.HttpHandler - Unexpected I/O exception on channel [id: 0x6e373b2c, L:/127.0.0.1:61214 - R:localhost/127.0.0.1:61206]
java.io.IOException: An existing connection was forcibly closed by the remote host
	at sun.nio.ch.SocketDispatcher.read0(Native Method)
	at sun.nio.ch.SocketDispatcher.read(SocketDispatcher.java:43)
	at sun.nio.ch.IOUtil.readIntoNativeBuffer(IOUtil.java:223)
	at sun.nio.ch.IOUtil.read(IOUtil.java:192)
	at sun.nio.ch.SocketChannelImpl.read(SocketChannelImpl.java:380)
	at io.netty.buffer.PooledByteBuf.setBytes(PooledByteBuf.java:259)
	at io.netty.buffer.AbstractByteBuf.writeBytes(AbstractByteBuf.java:1132)
	at io.netty.channel.socket.nio.NioSocketChannel.doReadBytes(NioSocketChannel.java:357)
	at io.netty.channel.nio.AbstractNioByteChannel$NioByteUnsafe.read(AbstractNioByteChannel.java:151)
	at io.netty.channel.nio.NioEventLoop.processSelectedKey(NioEventLoop.java:788)
	at io.netty.channel.nio.NioEventLoop.processSelectedKeysOptimized(NioEventLoop.java:724)
	at io.netty.channel.nio.NioEventLoop.processSelectedKeys(NioEventLoop.java:650)
	at io.netty.channel.nio.NioEventLoop.run(NioEventLoop.java:562)
	at io.netty.util.concurrent.SingleThreadEventExecutor$4.run(SingleThreadEventExecutor.java:997)
	at io.netty.util.internal.ThreadExecutorMap$2.run(ThreadExecutorMap.java:74)
	at io.netty.util.concurrent.FastThreadLocalRunnable.run(FastThreadLocalRunnable.java:30)
	at java.lang.Thread.run(Thread.java:748)
22:49:04.380 [AsyncHttpClient-1-3] DEBUG org.asynchttpclient.netty.channel.ChannelManager - Closing Channel [id: 0x6e373b2c, L:/127.0.0.1:61214 - R:localhost/127.0.0.1:61206] 
22:49:04.382 [AsyncHttpClient-1-3] DEBUG org.asynchttpclient.netty.handler.HttpHandler - Channel Closed: [id: 0x6e373b2c, L:/127.0.0.1:61214 ! R:localhost/127.0.0.1:61206] with attribute DISCARD
22:49:04.419 [AsyncHttpClient-1-2] DEBUG org.asynchttpclient.netty.handler.HttpHandler - 

Request DefaultFullHttpRequest(decodeResult: success, version: HTTP/1.1, content: EmptyByteBufBE)
DELETE /session/ddfbf42a06db361a201d8b8b0d761482 HTTP/1.1
User-Agent: selenium/4.8.1 (java windows)
Content-Type: application/json; charset=utf-8
host: localhost:13582
accept: */*

Response DefaultHttpResponse(decodeResult: success, version: HTTP/1.1)
HTTP/1.1 200 OK
Content-Length: 14
Content-Type: application/json; charset=utf-8
cache-control: no-cache

22:49:04.419 [AsyncHttpClient-1-2] DEBUG org.asynchttpclient.netty.channel.ChannelManager - Adding key: http://localhost:13582 for channel [id: 0xceeabfde, L:/127.0.0.1:61205 - R:localhost/127.0.0.1:13582]
22:49:04.587 [AsyncHttpClient-1-1] DEBUG org.asynchttpclient.netty.channel.DefaultChannelPool - Entry count for : http://localhost:61206 : 1
22:49:04.587 [AsyncHttpClient-1-1] DEBUG org.asynchttpclient.netty.channel.DefaultChannelPool - Entry count for : http://localhost:13582 : 1
22:49:04.587 [AsyncHttpClient-1-1] DEBUG org.asynchttpclient.netty.channel.DefaultChannelPool - Adding Candidate expired Channel [id: 0x6e373b2c, L:/127.0.0.1:61214 ! R:localhost/127.0.0.1:61206] isIdleTimeoutExpired=false isRemotelyClosed=true isTtlExpired=false
22:49:04.587 [AsyncHttpClient-1-1] DEBUG org.asynchttpclient.netty.channel.DefaultChannelPool - Closing Idle Channel [id: 0x6e373b2c, L:/127.0.0.1:61214 ! R:localhost/127.0.0.1:61206]
22:49:04.588 [AsyncHttpClient-1-1] DEBUG org.asynchttpclient.netty.channel.DefaultChannelPool - Closed 1 connections out of 2 in 1 ms
22:49:05.710 [AsyncHttpClient-1-1] DEBUG org.asynchttpclient.netty.channel.DefaultChannelPool - Entry count for : http://localhost:13582 : 1
22:49:06.106 [AsyncHttpClient-1-2] DEBUG org.asynchttpclient.netty.handler.HttpHandler - Unexpected I/O exception on channel [id: 0xceeabfde, L:/127.0.0.1:61205 - R:localhost/127.0.0.1:13582]
java.io.IOException: An existing connection was forcibly closed by the remote host
	at sun.nio.ch.SocketDispatcher.read0(Native Method)
	at sun.nio.ch.SocketDispatcher.read(SocketDispatcher.java:43)
	at sun.nio.ch.IOUtil.readIntoNativeBuffer(IOUtil.java:223)
	at sun.nio.ch.IOUtil.read(IOUtil.java:192)
	at sun.nio.ch.SocketChannelImpl.read(SocketChannelImpl.java:380)
	at io.netty.buffer.PooledByteBuf.setBytes(PooledByteBuf.java:259)
	at io.netty.buffer.AbstractByteBuf.writeBytes(AbstractByteBuf.java:1132)
	at io.netty.channel.socket.nio.NioSocketChannel.doReadBytes(NioSocketChannel.java:357)
	at io.netty.channel.nio.AbstractNioByteChannel$NioByteUnsafe.read(AbstractNioByteChannel.java:151)
	at io.netty.channel.nio.NioEventLoop.processSelectedKey(NioEventLoop.java:788)
	at io.netty.channel.nio.NioEventLoop.processSelectedKeysOptimized(NioEventLoop.java:724)
	at io.netty.channel.nio.NioEventLoop.processSelectedKeys(NioEventLoop.java:650)
	at io.netty.channel.nio.NioEventLoop.run(NioEventLoop.java:562)
	at io.netty.util.concurrent.SingleThreadEventExecutor$4.run(SingleThreadEventExecutor.java:997)
	at io.netty.util.internal.ThreadExecutorMap$2.run(ThreadExecutorMap.java:74)
	at io.netty.util.concurrent.FastThreadLocalRunnable.run(FastThreadLocalRunnable.java:30)
	at java.lang.Thread.run(Thread.java:748)
22:49:06.106 [AsyncHttpClient-1-2] DEBUG org.asynchttpclient.netty.channel.ChannelManager - Closing Channel [id: 0xceeabfde, L:/127.0.0.1:61205 - R:localhost/127.0.0.1:13582] 
22:49:06.107 [AsyncHttpClient-1-2] DEBUG org.asynchttpclient.netty.handler.HttpHandler - Channel Closed: [id: 0xceeabfde, L:/127.0.0.1:61205 ! R:localhost/127.0.0.1:13582] with attribute DISCARD
]]></system-out>
    <system-err><![CDATA[Starting ChromeDriver 114.0.5735.90 (386bc09e8f4f2e025eddae123f36f6263096ae49-refs/branch-heads/5735@{#1052}) on port 13582
Only local connections are allowed.
Please see https://chromedriver.chromium.org/security-considerations for suggestions on keeping ChromeDriver safe.
ChromeDriver was started successfully.
Jun 22, 2023 10:48:49 PM org.openqa.selenium.devtools.CdpVersionFinder findNearestMatch
WARNING: Unable to find an exact match for CDP version 114, so returning the closest version found: 110
]]></system-err>
  </testcase>
</testsuite>