<?xml version="1.0" encoding="UTF-8"?>
<testsuite xmlns:xsi="http://www.w3.org/2001/XMLSchema-instance" xsi:noNamespaceSchemaLocation="https://maven.apache.org/surefire/maven-failsafe-plugin/xsd/failsafe-test-report-3.0.xsd" version="3.0" name="starter.CucumberTestSuite" time="20.646" tests="1" errors="0" skipped="0" failures="0">
  <properties>
[...]
</properties>
  <testcase name="as admin i want to see detail transaction KA order" classname="As a admin i want to see detail transaction KA order" time="13.823">
    <system-out><![CDATA[23:57:41.706 [main] DEBUG net.thucydides.core.guice.Injectors - Created injector for module net.thucydides.core.guice.ThucydidesModule
23:57:42.278 [main] DEBUG io.cucumber.core.plugin.SerenityReporter - Running feature from file:///D:/D/QE_Alta/capstone/web-automation-test/src/test/resources/features/Admin/DaftarKeretaApi/DeleteKA.feature
23:57:42.593 [main] DEBUG net.thucydides.core.guice.Injectors - Created injector for module net.thucydides.core.guice.webdriver.WebDriverModule
23:57:42.621 [main] INFO  - 

-------------------------------------------------------------------------------------
     _______. _______ .______       _______ .__   __.  __  .___________.____    ____ 
    /       ||   ____||   _  \     |   ____||  \ |  | |  | |           |\   \  /   / 
   |   (----`|  |__   |  |_)  |    |  |__   |   \|  | |  | `---|  |----` \   \/   /  
    \   \    |   __|  |      /     |   __|  |  . `  | |  |     |  |       \_    _/   
.----)   |   |  |____ |  |\  \----.|  |____ |  |\   | |  |     |  |         |  |     
|_______/    |_______|| _| `._____||_______||__| \__| |__|     |__|         |__|    
                                                                                     
 News and tutorials at http://www.serenity-bdd.info                                  
 Documentation at https://wakaleo.gitbooks.io/the-serenity-book/content/             
 Join the Serenity Community on Gitter: https://gitter.im/serenity-bdd/serenity-core 
 Serenity BDD Support and Training at http://serenity-bdd.info/#/trainingandsupport  
-------------------------------------------------------------------------------------

23:57:42.625 [main] DEBUG net.thucydides.core.steps.StepEventBus - Test suite started for story net.thucydides.core.model.Story@b866baff
23:57:42.627 [main] INFO  - Test Suite Started: As a user i want to success see detail data KA
23:57:42.648 [main] DEBUG io.cucumber.core.plugin.SerenityReporter - Running feature from file:///D:/D/QE_Alta/capstone/web-automation-test/src/test/resources/features/Admin/DaftarKeretaApi/DetailKA.feature
23:57:42.652 [main] DEBUG net.thucydides.core.steps.StepEventBus - Test suite started for story net.thucydides.core.model.Story@cae7b625
23:57:42.653 [main] INFO  - Test Suite Started: As a user i want to success see detail data KA
23:57:42.656 [main] DEBUG io.cucumber.core.plugin.SerenityReporter - Running feature from file:///D:/D/QE_Alta/capstone/web-automation-test/src/test/resources/features/Admin/DaftarKeretaApi/EditKA.feature
23:57:42.663 [main] DEBUG net.thucydides.core.steps.StepEventBus - Test suite started for story net.thucydides.core.model.Story@69ea54bf
23:57:42.664 [main] INFO  - Test Suite Started: As a user i want to success edit data KA
23:57:42.665 [main] DEBUG io.cucumber.core.plugin.SerenityReporter - Running feature from file:///D:/D/QE_Alta/capstone/web-automation-test/src/test/resources/features/Admin/DaftarKeretaApi/TambahKA.feature
23:57:42.677 [main] DEBUG net.thucydides.core.steps.StepEventBus - Test suite started for story net.thucydides.core.model.Story@549418e3
23:57:42.678 [main] INFO  - Test Suite Started: As a user i want to add a new KA
23:57:42.678 [main] DEBUG io.cucumber.core.plugin.SerenityReporter - Running feature from file:///D:/D/QE_Alta/capstone/web-automation-test/src/test/resources/features/Admin/DaftarPengguna/EditPengguna.feature
23:57:42.685 [main] DEBUG net.thucydides.core.steps.StepEventBus - Test suite started for story net.thucydides.core.model.Story@7252840b
23:57:42.686 [main] INFO  - Test Suite Started: As a user i want to edit user
23:57:42.687 [main] DEBUG io.cucumber.core.plugin.SerenityReporter - Running feature from file:///D:/D/QE_Alta/capstone/web-automation-test/src/test/resources/features/Admin/DaftarPengguna/TambahPengguna.feature
23:57:42.692 [main] DEBUG net.thucydides.core.steps.StepEventBus - Test suite started for story net.thucydides.core.model.Story@6acd74c3
23:57:42.694 [main] INFO  - Test Suite Started: As a user i want to create a new user
23:57:42.694 [main] DEBUG io.cucumber.core.plugin.SerenityReporter - Running feature from file:///D:/D/QE_Alta/capstone/web-automation-test/src/test/resources/features/Admin/DaftarStasiun/DaftarStasiun.feature
23:57:42.701 [main] DEBUG net.thucydides.core.steps.StepEventBus - Test suite started for story net.thucydides.core.model.Story@ae56d94d
23:57:42.702 [main] INFO  - Test Suite Started: as a admin, i want cek all information about station
23:57:42.702 [main] DEBUG io.cucumber.core.plugin.SerenityReporter - Running feature from file:///D:/D/QE_Alta/capstone/web-automation-test/src/test/resources/features/Admin/DaftarTiketKeretaApi/DaftarTiketKA.feature
23:57:42.708 [main] DEBUG net.thucydides.core.steps.StepEventBus - Test suite started for story net.thucydides.core.model.Story@a81c0e2c
23:57:42.709 [main] INFO  - Test Suite Started: As a admin i want to see ticket of KA
23:57:42.709 [main] DEBUG io.cucumber.core.plugin.SerenityReporter - Running feature from file:///D:/D/QE_Alta/capstone/web-automation-test/src/test/resources/features/Admin/TransaksiPesananHotel/LihatDetailTransaksiPesananHotel.feature
23:57:42.713 [main] DEBUG net.thucydides.core.steps.StepEventBus - Test suite started for story net.thucydides.core.model.Story@6f0f3c6
23:57:42.714 [main] INFO  - Test Suite Started: As a admin i want to see detail transaction hotel order
23:57:42.714 [main] DEBUG io.cucumber.core.plugin.SerenityReporter - Running feature from file:///D:/D/QE_Alta/capstone/web-automation-test/src/test/resources/features/Admin/TransaksiPesananKA/LihatDetailTransaksiPesananKA.feature
23:57:42.719 [main] DEBUG net.thucydides.core.steps.StepEventBus - Test suite started for story net.thucydides.core.model.Story@8965902a
23:57:42.720 [main] INFO  - Test Suite Started: As a admin i want to see detail transaction KA order
23:57:42.721 [main] DEBUG io.cucumber.core.plugin.SerenityReporter - Running feature from file:///D:/D/QE_Alta/capstone/web-automation-test/src/test/resources/features/Admin/TransaksiPesananKA/LihatDetailTransaksiPesananKA.feature
23:57:42.726 [main] DEBUG net.thucydides.core.steps.StepEventBus - Test suite started for story net.thucydides.core.model.Story@8965902a
23:57:42.727 [main] INFO  - Test Suite Started: As a admin i want to see detail transaction KA order

@seedetailpesananKA
Scenario: as admin i want to see detail transaction KA order        &amp#27;[90m# src/test/resources/features/Admin/TransaksiPesananKA/LihatDetailTransaksiPesananKA.feature:4&amp#27;[0m
23:57:42.933 [main] DEBUG io.cucumber.core.plugin.SerenityReporter - Running feature from file:///D:/D/QE_Alta/capstone/web-automation-test/src/test/resources/features/Admin/TransaksiPesananKA/LihatDetailTransaksiPesananKA.feature
23:57:43.170 [main] INFO  - 
  _____   ___   ___   _____     ___   _____     _     ___   _____   ___   ___  
 |_   _| | __| / __| |_   _|   / __| |_   _|   /_\   | _ \ |_   _| | __| |   \ 
   | |   | _|  \__ \   | |     \__ \   | |    / _ \  |   /   | |   | _|  | |) |
   |_|   |___| |___/   |_|     |___/   |_|   /_/ \_\ |_|_\   |_|   |___| |___/ 

as admin i want to see detail transaction KA order(as-a-admin-i-want-to-see-detail-transaction-ka-order;as-admin-i-want-to-see-detail-transaction-ka-order)
--------------------------------------------------------------------------------
23:57:43.247 [main] DEBUG net.thucydides.core.requirements.FileSystemRequirementsTagProvider - Loading requirements from directory: D:\D\QE_Alta\capstone\web-automation-test\src\test\resources\features\Admin (D:\D\QE_Alta\capstone\web-automation-test\src\test\resources\features\Admin)
23:57:43.247 [main] DEBUG net.thucydides.core.requirements.FileSystemRequirementsTagProvider - Get requirements type for: D:\D\QE_Alta\capstone\web-automation-test\src\test\resources\features\Admin (D:\D\QE_Alta\capstone\web-automation-test\src\test\resources\features\Admin)
23:57:43.262 [main] DEBUG net.thucydides.core.requirements.FileSystemRequirementsTagProvider - Loading requirements from directory: D:\D\QE_Alta\capstone\web-automation-test\src\test\resources\features\Admin\DaftarKeretaApi (D:\D\QE_Alta\capstone\web-automation-test\src\test\resources\features\Admin\DaftarKeretaApi)
23:57:43.262 [main] DEBUG net.thucydides.core.requirements.FileSystemRequirementsTagProvider - Get requirements type for: D:\D\QE_Alta\capstone\web-automation-test\src\test\resources\features\Admin\DaftarKeretaApi (D:\D\QE_Alta\capstone\web-automation-test\src\test\resources\features\Admin\DaftarKeretaApi)
23:57:43.289 [main] DEBUG net.thucydides.core.requirements.model.cucumber.CucumberParser - Loading feature D:\D\QE_Alta\capstone\web-automation-test\src\test\resources\features\Admin\DaftarKeretaApi\DeleteKA.feature
23:57:43.321 [main] DEBUG net.thucydides.core.requirements.model.cucumber.CucumberParser - Loading feature D:\D\QE_Alta\capstone\web-automation-test\src\test\resources\features\Admin\DaftarKeretaApi\DetailKA.feature
23:57:43.328 [main] DEBUG net.thucydides.core.requirements.model.cucumber.CucumberParser - Loading feature D:\D\QE_Alta\capstone\web-automation-test\src\test\resources\features\Admin\DaftarKeretaApi\EditKA.feature
23:57:43.338 [main] DEBUG net.thucydides.core.requirements.model.cucumber.CucumberParser - Loading feature D:\D\QE_Alta\capstone\web-automation-test\src\test\resources\features\Admin\DaftarKeretaApi\TambahKA.feature
23:57:43.354 [main] DEBUG net.thucydides.core.requirements.FileSystemRequirementsTagProvider - Loading requirements from directory: D:\D\QE_Alta\capstone\web-automation-test\src\test\resources\features\Admin\DaftarPengguna (D:\D\QE_Alta\capstone\web-automation-test\src\test\resources\features\Admin\DaftarPengguna)
23:57:43.354 [main] DEBUG net.thucydides.core.requirements.FileSystemRequirementsTagProvider - Get requirements type for: D:\D\QE_Alta\capstone\web-automation-test\src\test\resources\features\Admin\DaftarPengguna (D:\D\QE_Alta\capstone\web-automation-test\src\test\resources\features\Admin\DaftarPengguna)
23:57:43.368 [main] DEBUG net.thucydides.core.requirements.model.cucumber.CucumberParser - Loading feature D:\D\QE_Alta\capstone\web-automation-test\src\test\resources\features\Admin\DaftarPengguna\EditPengguna.feature
23:57:43.375 [main] DEBUG net.thucydides.core.requirements.model.cucumber.CucumberParser - Loading feature D:\D\QE_Alta\capstone\web-automation-test\src\test\resources\features\Admin\DaftarPengguna\TambahPengguna.feature
23:57:43.380 [main] DEBUG net.thucydides.core.requirements.FileSystemRequirementsTagProvider - Loading requirements from directory: D:\D\QE_Alta\capstone\web-automation-test\src\test\resources\features\Admin\DaftarStasiun (D:\D\QE_Alta\capstone\web-automation-test\src\test\resources\features\Admin\DaftarStasiun)
23:57:43.380 [main] DEBUG net.thucydides.core.requirements.FileSystemRequirementsTagProvider - Get requirements type for: D:\D\QE_Alta\capstone\web-automation-test\src\test\resources\features\Admin\DaftarStasiun (D:\D\QE_Alta\capstone\web-automation-test\src\test\resources\features\Admin\DaftarStasiun)
23:57:43.390 [main] DEBUG net.thucydides.core.requirements.model.cucumber.CucumberParser - Loading feature D:\D\QE_Alta\capstone\web-automation-test\src\test\resources\features\Admin\DaftarStasiun\DaftarStasiun.feature
23:57:43.396 [main] DEBUG net.thucydides.core.requirements.FileSystemRequirementsTagProvider - Loading requirements from directory: D:\D\QE_Alta\capstone\web-automation-test\src\test\resources\features\Admin\DaftarTiketKeretaApi (D:\D\QE_Alta\capstone\web-automation-test\src\test\resources\features\Admin\DaftarTiketKeretaApi)
23:57:43.397 [main] DEBUG net.thucydides.core.requirements.FileSystemRequirementsTagProvider - Get requirements type for: D:\D\QE_Alta\capstone\web-automation-test\src\test\resources\features\Admin\DaftarTiketKeretaApi (D:\D\QE_Alta\capstone\web-automation-test\src\test\resources\features\Admin\DaftarTiketKeretaApi)
23:57:43.410 [main] DEBUG net.thucydides.core.requirements.model.cucumber.CucumberParser - Loading feature D:\D\QE_Alta\capstone\web-automation-test\src\test\resources\features\Admin\DaftarTiketKeretaApi\DaftarTiketKA.feature
23:57:43.428 [main] DEBUG net.thucydides.core.requirements.FileSystemRequirementsTagProvider - Loading requirements from directory: D:\D\QE_Alta\capstone\web-automation-test\src\test\resources\features\Admin\TransaksiPesananHotel (D:\D\QE_Alta\capstone\web-automation-test\src\test\resources\features\Admin\TransaksiPesananHotel)
23:57:43.429 [main] DEBUG net.thucydides.core.requirements.FileSystemRequirementsTagProvider - Get requirements type for: D:\D\QE_Alta\capstone\web-automation-test\src\test\resources\features\Admin\TransaksiPesananHotel (D:\D\QE_Alta\capstone\web-automation-test\src\test\resources\features\Admin\TransaksiPesananHotel)
23:57:43.443 [main] DEBUG net.thucydides.core.requirements.model.cucumber.CucumberParser - Loading feature D:\D\QE_Alta\capstone\web-automation-test\src\test\resources\features\Admin\TransaksiPesananHotel\LihatDetailTransaksiPesananHotel.feature
23:57:43.448 [main] DEBUG net.thucydides.core.requirements.FileSystemRequirementsTagProvider - Loading requirements from directory: D:\D\QE_Alta\capstone\web-automation-test\src\test\resources\features\Admin\TransaksiPesananKA (D:\D\QE_Alta\capstone\web-automation-test\src\test\resources\features\Admin\TransaksiPesananKA)
23:57:43.448 [main] DEBUG net.thucydides.core.requirements.FileSystemRequirementsTagProvider - Get requirements type for: D:\D\QE_Alta\capstone\web-automation-test\src\test\resources\features\Admin\TransaksiPesananKA (D:\D\QE_Alta\capstone\web-automation-test\src\test\resources\features\Admin\TransaksiPesananKA)
23:57:43.463 [main] DEBUG net.thucydides.core.requirements.model.cucumber.CucumberParser - Loading feature D:\D\QE_Alta\capstone\web-automation-test\src\test\resources\features\Admin\TransaksiPesananKA\LihatDetailTransaksiPesananKA.feature
23:57:43.797 [main] INFO net.serenitybdd.core.webdriver.driverproviders.DriverProvider - Using WebDriverManager configuration for chrome
23:57:44.835 [main] DEBUG io.github.bonigarcia.wdm.cache.ResolutionCache - Resolution chrome=114 in cache (valid until 00:51:51 22/06/2023 ICT)
23:57:44.837 [main] DEBUG io.github.bonigarcia.wdm.cache.ResolutionCache - Resolution chrome114=114.0.5735.90 in cache (valid until 23:51:51 22/06/2023 ICT)
23:57:44.838 [main] INFO io.github.bonigarcia.wdm.WebDriverManager - Using chromedriver 114.0.5735.90 (resolved driver for Chrome 114)
23:57:44.873 [main] DEBUG io.github.bonigarcia.wdm.WebDriverManager - Driver chromedriver 114.0.5735.90 found in cache
23:57:44.875 [main] INFO io.github.bonigarcia.wdm.WebDriverManager - Exporting webdriver.chrome.driver as C:\Users\ADW User ACR\.cache\selenium\chromedriver\win32\114.0.5735.90\chromedriver.exe
23:57:45.036 [main] INFO net.serenitybdd.core.webdriver.driverproviders.ChromeDriverProvider - Starting Chrome driver instance with capabilities:
23:57:45.041 [main] INFO net.serenitybdd.core.webdriver.driverproviders.ChromeDriverProvider - Capabilities {acceptInsecureCerts: true, browserName: chrome, goog:chromeOptions: {args: [remote-allow-origins=*, test-type, no-sandbox, ignore-certificate-errors, start-maximized, incognito, disable-infobars, disable-gpu, disable-default-apps, disable-popup-blocking, remote-allow-origins=*, test-type, no-sandbox, ignore-certificate-errors, start-maximized, incognito, disable-infobars, disable-gpu, disable-default-apps, disable-popup-blocking, remote-allow-origins=*], extensions: []}}
23:57:45.209 [main] DEBUG io.netty.util.internal.logging.InternalLoggerFactory - Using SLF4J as the default logging framework
23:57:45.215 [main] DEBUG io.netty.util.ResourceLeakDetector - -Dio.netty.leakDetection.level: simple
23:57:45.215 [main] DEBUG io.netty.util.ResourceLeakDetector - -Dio.netty.leakDetection.targetRecords: 4
23:57:45.220 [main] DEBUG io.netty.util.ResourceLeakDetectorFactory - Loaded default ResourceLeakDetector: io.netty.util.ResourceLeakDetector@7c2b58c0
23:57:45.249 [main] DEBUG io.netty.util.internal.PlatformDependent0 - -Dio.netty.noUnsafe: false
23:57:45.249 [main] DEBUG io.netty.util.internal.PlatformDependent0 - Java version: 8
23:57:45.251 [main] DEBUG io.netty.util.internal.PlatformDependent0 - sun.misc.Unsafe.theUnsafe: available
23:57:45.251 [main] DEBUG io.netty.util.internal.PlatformDependent0 - sun.misc.Unsafe.copyMemory: available
23:57:45.252 [main] DEBUG io.netty.util.internal.PlatformDependent0 - sun.misc.Unsafe.storeFence: available
23:57:45.253 [main] DEBUG io.netty.util.internal.PlatformDependent0 - java.nio.Buffer.address: available
23:57:45.254 [main] DEBUG io.netty.util.internal.PlatformDependent0 - direct buffer constructor: available
23:57:45.255 [main] DEBUG io.netty.util.internal.PlatformDependent0 - java.nio.Bits.unaligned: available, true
23:57:45.255 [main] DEBUG io.netty.util.internal.PlatformDependent0 - jdk.internal.misc.Unsafe.allocateUninitializedArray(int): unavailable prior to Java9
23:57:45.256 [main] DEBUG io.netty.util.internal.PlatformDependent0 - java.nio.DirectByteBuffer.<init>(long, int): available
23:57:45.256 [main] DEBUG io.netty.util.internal.PlatformDependent - sun.misc.Unsafe: available
23:57:45.256 [main] DEBUG io.netty.util.internal.PlatformDependent - -Dio.netty.tmpdir: C:\Users\ADWUSE~1\AppData\Local\Temp (java.io.tmpdir)
23:57:45.256 [main] DEBUG io.netty.util.internal.PlatformDependent - -Dio.netty.bitMode: 64 (sun.arch.data.model)
23:57:45.257 [main] DEBUG io.netty.util.internal.PlatformDependent - Platform: Windows
23:57:45.258 [main] DEBUG io.netty.util.internal.PlatformDependent - -Dio.netty.maxDirectMemory: 1840250880 bytes
23:57:45.258 [main] DEBUG io.netty.util.internal.PlatformDependent - -Dio.netty.uninitializedArrayAllocationThreshold: -1
23:57:45.259 [main] DEBUG io.netty.util.internal.CleanerJava6 - java.nio.ByteBuffer.cleaner(): available
23:57:45.260 [main] DEBUG io.netty.util.internal.PlatformDependent - -Dio.netty.noPreferDirect: false
23:57:45.275 [main] DEBUG io.netty.util.internal.PlatformDependent - org.jctools-core.MpscChunkedArrayQueue: available
23:57:45.314 [main] DEBUG io.netty.util.internal.InternalThreadLocalMap - -Dio.netty.threadLocalMap.stringBuilder.initialSize: 1024
23:57:45.315 [main] DEBUG io.netty.util.internal.InternalThreadLocalMap - -Dio.netty.threadLocalMap.stringBuilder.maxSize: 4096
23:57:45.372 [main] DEBUG io.netty.handler.ssl.JdkSslContext - Default protocols (JDK): [TLSv1.2, TLSv1.1, TLSv1] 
23:57:45.372 [main] DEBUG io.netty.handler.ssl.JdkSslContext - Default cipher suites (JDK): [TLS_ECDHE_ECDSA_WITH_AES_256_GCM_SHA384, TLS_ECDHE_ECDSA_WITH_AES_128_GCM_SHA256, TLS_ECDHE_RSA_WITH_AES_128_GCM_SHA256, TLS_ECDHE_RSA_WITH_AES_256_GCM_SHA384, TLS_ECDHE_RSA_WITH_AES_128_CBC_SHA, TLS_ECDHE_RSA_WITH_AES_256_CBC_SHA, TLS_RSA_WITH_AES_128_GCM_SHA256, TLS_RSA_WITH_AES_128_CBC_SHA, TLS_RSA_WITH_AES_256_CBC_SHA]
23:57:45.435 [main] DEBUG io.netty.channel.MultithreadEventLoopGroup - -Dio.netty.eventLoopThreads: 8
23:57:45.452 [main] DEBUG io.netty.channel.nio.NioEventLoop - -Dio.netty.noKeySetOptimization: false
23:57:45.453 [main] DEBUG io.netty.channel.nio.NioEventLoop - -Dio.netty.selectorAutoRebuildThreshold: 512
23:57:45.516 [main] DEBUG io.netty.buffer.PooledByteBufAllocator - -Dio.netty.allocator.numHeapArenas: 8
23:57:45.516 [main] DEBUG io.netty.buffer.PooledByteBufAllocator - -Dio.netty.allocator.numDirectArenas: 8
23:57:45.516 [main] DEBUG io.netty.buffer.PooledByteBufAllocator - -Dio.netty.allocator.pageSize: 8192
23:57:45.516 [main] DEBUG io.netty.buffer.PooledByteBufAllocator - -Dio.netty.allocator.maxOrder: 9
23:57:45.517 [main] DEBUG io.netty.buffer.PooledByteBufAllocator - -Dio.netty.allocator.chunkSize: 4194304
23:57:45.517 [main] DEBUG io.netty.buffer.PooledByteBufAllocator - -Dio.netty.allocator.smallCacheSize: 256
23:57:45.517 [main] DEBUG io.netty.buffer.PooledByteBufAllocator - -Dio.netty.allocator.normalCacheSize: 64
23:57:45.517 [main] DEBUG io.netty.buffer.PooledByteBufAllocator - -Dio.netty.allocator.maxCachedBufferCapacity: 32768
23:57:45.517 [main] DEBUG io.netty.buffer.PooledByteBufAllocator - -Dio.netty.allocator.cacheTrimInterval: 8192
23:57:45.517 [main] DEBUG io.netty.buffer.PooledByteBufAllocator - -Dio.netty.allocator.cacheTrimIntervalMillis: 0
23:57:45.517 [main] DEBUG io.netty.buffer.PooledByteBufAllocator - -Dio.netty.allocator.useCacheForAllThreads: false
23:57:45.517 [main] DEBUG io.netty.buffer.PooledByteBufAllocator - -Dio.netty.allocator.maxCachedByteBuffersPerChunk: 1023
23:57:45.540 [main] DEBUG io.netty.buffer.ByteBufUtil - -Dio.netty.allocator.type: pooled
23:57:45.541 [main] DEBUG io.netty.buffer.ByteBufUtil - -Dio.netty.threadLocalDirectBufferSize: 0
23:57:45.541 [main] DEBUG io.netty.buffer.ByteBufUtil - -Dio.netty.maxThreadLocalCharBufferSize: 16384
23:57:46.669 [Forwarding newSession on session null to remote] DEBUG io.netty.channel.DefaultChannelId - -Dio.netty.processId: 18668 (auto-detected)
23:57:46.672 [Forwarding newSession on session null to remote] DEBUG io.netty.util.NetUtil - -Djava.net.preferIPv4Stack: false
23:57:46.672 [Forwarding newSession on session null to remote] DEBUG io.netty.util.NetUtil - -Djava.net.preferIPv6Addresses: false
23:57:47.027 [Forwarding newSession on session null to remote] DEBUG io.netty.util.NetUtilInitializations - Loopback interface: lo (Software Loopback Interface 1, 127.0.0.1)
23:57:47.029 [Forwarding newSession on session null to remote] DEBUG io.netty.util.NetUtil - Failed to get SOMAXCONN from sysctl and file \proc\sys\net\core\somaxconn. Default: 200
23:57:47.057 [Forwarding newSession on session null to remote] DEBUG io.netty.channel.DefaultChannelId - -Dio.netty.machineId: a4:02:b9:ff:fe:26:7f:1e (auto-detected)
23:57:47.145 [AsyncHttpClient-1-2] DEBUG io.netty.buffer.AbstractByteBuf - -Dio.netty.buffer.checkAccessible: true
23:57:47.145 [AsyncHttpClient-1-2] DEBUG io.netty.buffer.AbstractByteBuf - -Dio.netty.buffer.checkBounds: true
23:57:47.146 [AsyncHttpClient-1-2] DEBUG io.netty.util.ResourceLeakDetectorFactory - Loaded default ResourceLeakDetector: io.netty.util.ResourceLeakDetector@14352edc
23:57:47.170 [AsyncHttpClient-1-2] DEBUG org.asynchttpclient.netty.channel.NettyConnectListener - Using new Channel '[id: 0x15241d46, L:/127.0.0.1:55594 - R:localhost/127.0.0.1:41168]' for 'POST' to '/session'
23:57:47.202 [AsyncHttpClient-1-2] DEBUG io.netty.util.Recycler - -Dio.netty.recycler.maxCapacityPerThread: 4096
23:57:47.202 [AsyncHttpClient-1-2] DEBUG io.netty.util.Recycler - -Dio.netty.recycler.ratio: 8
23:57:47.202 [AsyncHttpClient-1-2] DEBUG io.netty.util.Recycler - -Dio.netty.recycler.chunkSize: 32
23:57:47.202 [AsyncHttpClient-1-2] DEBUG io.netty.util.Recycler - -Dio.netty.recycler.blocking: false
23:57:48.250 [AsyncHttpClient-1-2] DEBUG io.netty.handler.codec.compression.Brotli - brotli4j not in the classpath; Brotli support will be unavailable.
23:57:48.251 [AsyncHttpClient-1-2] DEBUG org.asynchttpclient.netty.handler.HttpHandler - 

Request DefaultHttpRequest(decodeResult: success, version: HTTP/1.1)
POST /session HTTP/1.1
User-Agent: selenium/4.8.1 (java windows)
Content-Length: 1701
Content-Type: application/json; charset=utf-8
host: localhost:41168
accept: */*

Response DefaultHttpResponse(decodeResult: success, version: HTTP/1.1)
HTTP/1.1 200 OK
Content-Length: 862
Content-Type: application/json; charset=utf-8
cache-control: no-cache

23:57:48.267 [AsyncHttpClient-1-2] DEBUG org.asynchttpclient.netty.channel.ChannelManager - Adding key: http://localhost:41168 for channel [id: 0x15241d46, L:/127.0.0.1:55594 - R:localhost/127.0.0.1:41168]
23:57:48.536 [AsyncHttpClient-1-3] DEBUG org.asynchttpclient.netty.channel.NettyConnectListener - Using new Channel '[id: 0x368e6763, L:/127.0.0.1:55603 - R:localhost/127.0.0.1:55595]' for 'GET' to '/json/version'
23:57:48.539 [AsyncHttpClient-1-3] DEBUG org.asynchttpclient.netty.handler.HttpHandler - 

Request DefaultFullHttpRequest(decodeResult: success, version: HTTP/1.1, content: EmptyByteBufBE)
GET /json/version HTTP/1.1
User-Agent: selenium/4.8.1 (java windows)
host: localhost:55595
accept: */*

Response DefaultHttpResponse(decodeResult: success, version: HTTP/1.1)
HTTP/1.1 200 OK
Content-Security-Policy: frame-ancestors 'none'
Content-Length: 424
Content-Type: application/json; charset=UTF-8

23:57:48.540 [AsyncHttpClient-1-3] DEBUG org.asynchttpclient.netty.channel.ChannelManager - Adding key: http://localhost:55595 for channel [id: 0x368e6763, L:/127.0.0.1:55603 - R:localhost/127.0.0.1:55595]
23:57:48.558 [main] DEBUG io.netty.util.internal.ThreadLocalRandom - -Dio.netty.initialSeedUniquifier: 0x01715dc7664e33d4
23:57:48.605 [AsyncHttpClient-1-4] DEBUG org.asynchttpclient.netty.channel.NettyConnectListener - Using new Channel '[id: 0xcbcf6c9f, L:/127.0.0.1:55604 - R:localhost/127.0.0.1:55595]' for 'GET' to '/devtools/browser/974c3100-bcb4-4fda-8868-704c393cc496'
23:57:48.607 [AsyncHttpClient-1-4] DEBUG org.asynchttpclient.netty.handler.WebSocketHandler - 

Request DefaultFullHttpRequest(decodeResult: success, version: HTTP/1.1, content: EmptyByteBufBE)
GET /devtools/browser/974c3100-bcb4-4fda-8868-704c393cc496 HTTP/1.1
upgrade: websocket
connection: upgrade
sec-websocket-key: bN4aQ2DVdpDcEhfbMQR7oQ==
sec-websocket-version: 13
origin: http://localhost:55595
host: localhost:55595
accept: */*
user-agent: AHC/2.1

Response DefaultHttpResponse(decodeResult: success, version: HTTP/1.1)
HTTP/1.1 101 WebSocket Protocol Handshake
Upgrade: WebSocket
Connection: Upgrade
Sec-WebSocket-Accept: PfS2kxpN4EBV85OgPUAPJSidWvo=

23:57:48.688 [AsyncHttpClient-1-1] DEBUG org.asynchttpclient.netty.channel.DefaultChannelPool - Entry count for : http://localhost:55595 : 1
23:57:48.689 [AsyncHttpClient-1-1] DEBUG org.asynchttpclient.netty.channel.DefaultChannelPool - Entry count for : http://localhost:41168 : 1
23:57:48.889 [Forwarding get on session 6ac316c5558966c75f4f94fa935d0220 to remote] DEBUG org.asynchttpclient.netty.request.NettyRequestSender - Using pooled Channel '[id: 0x15241d46, L:/127.0.0.1:55594 - R:localhost/127.0.0.1:41168]' for 'POST' to 'http://localhost:41168/session/6ac316c5558966c75f4f94fa935d0220/url'
23:57:48.890 [Forwarding get on session 6ac316c5558966c75f4f94fa935d0220 to remote] DEBUG org.asynchttpclient.netty.request.NettyRequestSender - Using open Channel [id: 0x15241d46, L:/127.0.0.1:55594 - R:localhost/127.0.0.1:41168] for POST '/session/6ac316c5558966c75f4f94fa935d0220/url'
23:57:49.813 [AsyncHttpClient-1-1] DEBUG org.asynchttpclient.netty.channel.DefaultChannelPool - Entry count for : http://localhost:55595 : 1
23:57:50.179 [AsyncHttpClient-1-2] DEBUG org.asynchttpclient.netty.handler.HttpHandler - 

Request DefaultHttpRequest(decodeResult: success, version: HTTP/1.1)
POST /session/6ac316c5558966c75f4f94fa935d0220/url HTTP/1.1
User-Agent: selenium/4.8.1 (java windows)
Content-Length: 64
Content-Type: application/json; charset=utf-8
host: localhost:41168
accept: */*

Response DefaultHttpResponse(decodeResult: success, version: HTTP/1.1)
HTTP/1.1 200 OK
Content-Length: 14
Content-Type: application/json; charset=utf-8
cache-control: no-cache

23:57:50.180 [AsyncHttpClient-1-2] DEBUG org.asynchttpclient.netty.channel.ChannelManager - Adding key: http://localhost:41168 for channel [id: 0x15241d46, L:/127.0.0.1:55594 - R:localhost/127.0.0.1:41168]
23:57:50.193 [Forwarding setTimeout on session 6ac316c5558966c75f4f94fa935d0220 to remote] DEBUG org.asynchttpclient.netty.request.NettyRequestSender - Using pooled Channel '[id: 0x15241d46, L:/127.0.0.1:55594 - R:localhost/127.0.0.1:41168]' for 'POST' to 'http://localhost:41168/session/6ac316c5558966c75f4f94fa935d0220/timeouts'
23:57:50.193 [Forwarding setTimeout on session 6ac316c5558966c75f4f94fa935d0220 to remote] DEBUG org.asynchttpclient.netty.request.NettyRequestSender - Using open Channel [id: 0x15241d46, L:/127.0.0.1:55594 - R:localhost/127.0.0.1:41168] for POST '/session/6ac316c5558966c75f4f94fa935d0220/timeouts'
23:57:50.206 [AsyncHttpClient-1-2] DEBUG org.asynchttpclient.netty.handler.HttpHandler - 

Request DefaultHttpRequest(decodeResult: success, version: HTTP/1.1)
POST /session/6ac316c5558966c75f4f94fa935d0220/timeouts HTTP/1.1
User-Agent: selenium/4.8.1 (java windows)
Content-Length: 22
Content-Type: application/json; charset=utf-8
host: localhost:41168
accept: */*

Response DefaultHttpResponse(decodeResult: success, version: HTTP/1.1)
HTTP/1.1 200 OK
Content-Length: 14
Content-Type: application/json; charset=utf-8
cache-control: no-cache

23:57:50.207 [AsyncHttpClient-1-2] DEBUG org.asynchttpclient.netty.channel.ChannelManager - Adding key: http://localhost:41168 for channel [id: 0x15241d46, L:/127.0.0.1:55594 - R:localhost/127.0.0.1:41168]
23:57:50.279 [Forwarding findElement on session 6ac316c5558966c75f4f94fa935d0220 to remote] DEBUG org.asynchttpclient.netty.request.NettyRequestSender - Using pooled Channel '[id: 0x15241d46, L:/127.0.0.1:55594 - R:localhost/127.0.0.1:41168]' for 'POST' to 'http://localhost:41168/session/6ac316c5558966c75f4f94fa935d0220/element'
23:57:50.280 [Forwarding findElement on session 6ac316c5558966c75f4f94fa935d0220 to remote] DEBUG org.asynchttpclient.netty.request.NettyRequestSender - Using open Channel [id: 0x15241d46, L:/127.0.0.1:55594 - R:localhost/127.0.0.1:41168] for POST '/session/6ac316c5558966c75f4f94fa935d0220/element'
23:57:50.312 [AsyncHttpClient-1-2] DEBUG org.asynchttpclient.netty.handler.HttpHandler - 

Request DefaultHttpRequest(decodeResult: success, version: HTTP/1.1)
POST /session/6ac316c5558966c75f4f94fa935d0220/element HTTP/1.1
User-Agent: selenium/4.8.1 (java windows)
Content-Length: 67
Content-Type: application/json; charset=utf-8
host: localhost:41168
accept: */*

Response DefaultHttpResponse(decodeResult: success, version: HTTP/1.1)
HTTP/1.1 200 OK
Content-Length: 95
Content-Type: application/json; charset=utf-8
cache-control: no-cache

23:57:50.312 [AsyncHttpClient-1-2] DEBUG org.asynchttpclient.netty.channel.ChannelManager - Adding key: http://localhost:41168 for channel [id: 0x15241d46, L:/127.0.0.1:55594 - R:localhost/127.0.0.1:41168]
23:57:50.350 [Forwarding isElementDisplayed on session 6ac316c5558966c75f4f94fa935d0220 to remote] DEBUG org.asynchttpclient.netty.request.NettyRequestSender - Using pooled Channel '[id: 0x15241d46, L:/127.0.0.1:55594 - R:localhost/127.0.0.1:41168]' for 'POST' to 'http://localhost:41168/session/6ac316c5558966c75f4f94fa935d0220/execute/sync'
23:57:50.364 [Forwarding isElementDisplayed on session 6ac316c5558966c75f4f94fa935d0220 to remote] DEBUG org.asynchttpclient.netty.request.NettyRequestSender - Using open Channel [id: 0x15241d46, L:/127.0.0.1:55594 - R:localhost/127.0.0.1:41168] for POST '/session/6ac316c5558966c75f4f94fa935d0220/execute/sync'
23:57:50.408 [AsyncHttpClient-1-2] DEBUG org.asynchttpclient.netty.handler.HttpHandler - 

Request DefaultHttpRequest(decodeResult: success, version: HTTP/1.1)
POST /session/6ac316c5558966c75f4f94fa935d0220/execute/sync HTTP/1.1
User-Agent: selenium/4.8.1 (java windows)
Content-Length: 48814
Content-Type: application/json; charset=utf-8
host: localhost:41168
accept: */*

Response DefaultHttpResponse(decodeResult: success, version: HTTP/1.1)
HTTP/1.1 200 OK
Content-Length: 14
Content-Type: application/json; charset=utf-8
cache-control: no-cache

23:57:50.409 [AsyncHttpClient-1-2] DEBUG org.asynchttpclient.netty.channel.ChannelManager - Adding key: http://localhost:41168 for channel [id: 0x15241d46, L:/127.0.0.1:55594 - R:localhost/127.0.0.1:41168]
23:57:50.420 [Forwarding isElementDisplayed on session 6ac316c5558966c75f4f94fa935d0220 to remote] DEBUG org.asynchttpclient.netty.request.NettyRequestSender - Using pooled Channel '[id: 0x15241d46, L:/127.0.0.1:55594 - R:localhost/127.0.0.1:41168]' for 'POST' to 'http://localhost:41168/session/6ac316c5558966c75f4f94fa935d0220/execute/sync'
23:57:50.420 [Forwarding isElementDisplayed on session 6ac316c5558966c75f4f94fa935d0220 to remote] DEBUG org.asynchttpclient.netty.request.NettyRequestSender - Using open Channel [id: 0x15241d46, L:/127.0.0.1:55594 - R:localhost/127.0.0.1:41168] for POST '/session/6ac316c5558966c75f4f94fa935d0220/execute/sync'
23:57:50.502 [AsyncHttpClient-1-2] DEBUG org.asynchttpclient.netty.handler.HttpHandler - 

Request DefaultHttpRequest(decodeResult: success, version: HTTP/1.1)
POST /session/6ac316c5558966c75f4f94fa935d0220/execute/sync HTTP/1.1
User-Agent: selenium/4.8.1 (java windows)
Content-Length: 48814
Content-Type: application/json; charset=utf-8
host: localhost:41168
accept: */*

Response DefaultHttpResponse(decodeResult: success, version: HTTP/1.1)
HTTP/1.1 200 OK
Content-Length: 14
Content-Type: application/json; charset=utf-8
cache-control: no-cache

23:57:50.502 [AsyncHttpClient-1-2] DEBUG org.asynchttpclient.netty.channel.ChannelManager - Adding key: http://localhost:41168 for channel [id: 0x15241d46, L:/127.0.0.1:55594 - R:localhost/127.0.0.1:41168]
  &amp#27;[32mGiven &amp#27;[0m&amp#27;[32muser on login page to see detail transaction hotel order&amp#27;[0m    &amp#27;[90m# starter.stepdefinitions.Admin.TransaksiPesananHotel.DetailTransaksiPesananHotelSteps.userOnLoginPageToSeeDetailTransactionHotelOrder()&amp#27;[0m
23:57:50.569 [Forwarding findElement on session 6ac316c5558966c75f4f94fa935d0220 to remote] DEBUG org.asynchttpclient.netty.request.NettyRequestSender - Using pooled Channel '[id: 0x15241d46, L:/127.0.0.1:55594 - R:localhost/127.0.0.1:41168]' for 'POST' to 'http://localhost:41168/session/6ac316c5558966c75f4f94fa935d0220/element'
23:57:50.569 [Forwarding findElement on session 6ac316c5558966c75f4f94fa935d0220 to remote] DEBUG org.asynchttpclient.netty.request.NettyRequestSender - Using open Channel [id: 0x15241d46, L:/127.0.0.1:55594 - R:localhost/127.0.0.1:41168] for POST '/session/6ac316c5558966c75f4f94fa935d0220/element'
23:57:50.613 [AsyncHttpClient-1-2] DEBUG org.asynchttpclient.netty.handler.HttpHandler - 

Request DefaultHttpRequest(decodeResult: success, version: HTTP/1.1)
POST /session/6ac316c5558966c75f4f94fa935d0220/element HTTP/1.1
User-Agent: selenium/4.8.1 (java windows)
Content-Length: 59
Content-Type: application/json; charset=utf-8
host: localhost:41168
accept: */*

Response DefaultHttpResponse(decodeResult: success, version: HTTP/1.1)
HTTP/1.1 200 OK
Content-Length: 94
Content-Type: application/json; charset=utf-8
cache-control: no-cache

23:57:50.614 [AsyncHttpClient-1-2] DEBUG org.asynchttpclient.netty.channel.ChannelManager - Adding key: http://localhost:41168 for channel [id: 0x15241d46, L:/127.0.0.1:55594 - R:localhost/127.0.0.1:41168]
23:57:50.620 [Forwarding clearElement on session 6ac316c5558966c75f4f94fa935d0220 to remote] DEBUG org.asynchttpclient.netty.request.NettyRequestSender - Using pooled Channel '[id: 0x15241d46, L:/127.0.0.1:55594 - R:localhost/127.0.0.1:41168]' for 'POST' to 'http://localhost:41168/session/6ac316c5558966c75f4f94fa935d0220/element/19054DA94465C24926CF2376C4110991_element_3/clear'
23:57:50.621 [Forwarding clearElement on session 6ac316c5558966c75f4f94fa935d0220 to remote] DEBUG org.asynchttpclient.netty.request.NettyRequestSender - Using open Channel [id: 0x15241d46, L:/127.0.0.1:55594 - R:localhost/127.0.0.1:41168] for POST '/session/6ac316c5558966c75f4f94fa935d0220/element/19054DA94465C24926CF2376C4110991_element_3/clear'
23:57:50.796 [AsyncHttpClient-1-2] DEBUG org.asynchttpclient.netty.handler.HttpHandler - 

Request DefaultHttpRequest(decodeResult: success, version: HTTP/1.1)
POST /session/6ac316c5558966c75f4f94fa935d0220/element/19054DA94465C24926CF2376C4110991_element_3/clear HTTP/1.1
User-Agent: selenium/4.8.1 (java windows)
Content-Length: 56
Content-Type: application/json; charset=utf-8
host: localhost:41168
accept: */*

Response DefaultHttpResponse(decodeResult: success, version: HTTP/1.1)
HTTP/1.1 200 OK
Content-Length: 14
Content-Type: application/json; charset=utf-8
cache-control: no-cache

23:57:50.797 [AsyncHttpClient-1-2] DEBUG org.asynchttpclient.netty.channel.ChannelManager - Adding key: http://localhost:41168 for channel [id: 0x15241d46, L:/127.0.0.1:55594 - R:localhost/127.0.0.1:41168]
23:57:50.806 [Forwarding sendKeysToElement on session 6ac316c5558966c75f4f94fa935d0220 to remote] DEBUG org.asynchttpclient.netty.request.NettyRequestSender - Using pooled Channel '[id: 0x15241d46, L:/127.0.0.1:55594 - R:localhost/127.0.0.1:41168]' for 'POST' to 'http://localhost:41168/session/6ac316c5558966c75f4f94fa935d0220/element/19054DA94465C24926CF2376C4110991_element_3/value'
23:57:50.806 [Forwarding sendKeysToElement on session 6ac316c5558966c75f4f94fa935d0220 to remote] DEBUG org.asynchttpclient.netty.request.NettyRequestSender - Using open Channel [id: 0x15241d46, L:/127.0.0.1:55594 - R:localhost/127.0.0.1:41168] for POST '/session/6ac316c5558966c75f4f94fa935d0220/element/19054DA94465C24926CF2376C4110991_element_3/value'
23:57:50.896 [AsyncHttpClient-1-1] DEBUG org.asynchttpclient.netty.channel.DefaultChannelPool - Entry count for : http://localhost:55595 : 1
23:57:51.276 [AsyncHttpClient-1-2] DEBUG org.asynchttpclient.netty.handler.HttpHandler - 

Request DefaultHttpRequest(decodeResult: success, version: HTTP/1.1)
POST /session/6ac316c5558966c75f4f94fa935d0220/element/19054DA94465C24926CF2376C4110991_element_3/value HTTP/1.1
User-Agent: selenium/4.8.1 (java windows)
Content-Length: 237
Content-Type: application/json; charset=utf-8
host: localhost:41168
accept: */*

Response DefaultHttpResponse(decodeResult: success, version: HTTP/1.1)
HTTP/1.1 200 OK
Content-Length: 14
Content-Type: application/json; charset=utf-8
cache-control: no-cache

23:57:51.276 [AsyncHttpClient-1-2] DEBUG org.asynchttpclient.netty.channel.ChannelManager - Adding key: http://localhost:41168 for channel [id: 0x15241d46, L:/127.0.0.1:55594 - R:localhost/127.0.0.1:41168]
  &amp#27;[32mWhen &amp#27;[0m&amp#27;[32muser input email to see detail transaction hotel order&amp#27;[0m       &amp#27;[90m# starter.stepdefinitions.Admin.TransaksiPesananHotel.DetailTransaksiPesananHotelSteps.userInputEmailToSeeDetailTransactionHotelOrder()&amp#27;[0m
23:57:51.304 [Forwarding findElement on session 6ac316c5558966c75f4f94fa935d0220 to remote] DEBUG org.asynchttpclient.netty.request.NettyRequestSender - Using pooled Channel '[id: 0x15241d46, L:/127.0.0.1:55594 - R:localhost/127.0.0.1:41168]' for 'POST' to 'http://localhost:41168/session/6ac316c5558966c75f4f94fa935d0220/element'
23:57:51.304 [Forwarding findElement on session 6ac316c5558966c75f4f94fa935d0220 to remote] DEBUG org.asynchttpclient.netty.request.NettyRequestSender - Using open Channel [id: 0x15241d46, L:/127.0.0.1:55594 - R:localhost/127.0.0.1:41168] for POST '/session/6ac316c5558966c75f4f94fa935d0220/element'
23:57:51.325 [AsyncHttpClient-1-2] DEBUG org.asynchttpclient.netty.handler.HttpHandler - 

Request DefaultHttpRequest(decodeResult: success, version: HTTP/1.1)
POST /session/6ac316c5558966c75f4f94fa935d0220/element HTTP/1.1
User-Agent: selenium/4.8.1 (java windows)
Content-Length: 62
Content-Type: application/json; charset=utf-8
host: localhost:41168
accept: */*

Response DefaultHttpResponse(decodeResult: success, version: HTTP/1.1)
HTTP/1.1 200 OK
Content-Length: 94
Content-Type: application/json; charset=utf-8
cache-control: no-cache

23:57:51.325 [AsyncHttpClient-1-2] DEBUG org.asynchttpclient.netty.channel.ChannelManager - Adding key: http://localhost:41168 for channel [id: 0x15241d46, L:/127.0.0.1:55594 - R:localhost/127.0.0.1:41168]
23:57:51.328 [Forwarding clearElement on session 6ac316c5558966c75f4f94fa935d0220 to remote] DEBUG org.asynchttpclient.netty.request.NettyRequestSender - Using pooled Channel '[id: 0x15241d46, L:/127.0.0.1:55594 - R:localhost/127.0.0.1:41168]' for 'POST' to 'http://localhost:41168/session/6ac316c5558966c75f4f94fa935d0220/element/19054DA94465C24926CF2376C4110991_element_5/clear'
23:57:51.328 [Forwarding clearElement on session 6ac316c5558966c75f4f94fa935d0220 to remote] DEBUG org.asynchttpclient.netty.request.NettyRequestSender - Using open Channel [id: 0x15241d46, L:/127.0.0.1:55594 - R:localhost/127.0.0.1:41168] for POST '/session/6ac316c5558966c75f4f94fa935d0220/element/19054DA94465C24926CF2376C4110991_element_5/clear'
23:57:51.378 [AsyncHttpClient-1-2] DEBUG org.asynchttpclient.netty.handler.HttpHandler - 

Request DefaultHttpRequest(decodeResult: success, version: HTTP/1.1)
POST /session/6ac316c5558966c75f4f94fa935d0220/element/19054DA94465C24926CF2376C4110991_element_5/clear HTTP/1.1
User-Agent: selenium/4.8.1 (java windows)
Content-Length: 56
Content-Type: application/json; charset=utf-8
host: localhost:41168
accept: */*

Response DefaultHttpResponse(decodeResult: success, version: HTTP/1.1)
HTTP/1.1 200 OK
Content-Length: 14
Content-Type: application/json; charset=utf-8
cache-control: no-cache

23:57:51.378 [AsyncHttpClient-1-2] DEBUG org.asynchttpclient.netty.channel.ChannelManager - Adding key: http://localhost:41168 for channel [id: 0x15241d46, L:/127.0.0.1:55594 - R:localhost/127.0.0.1:41168]
23:57:51.383 [Forwarding sendKeysToElement on session 6ac316c5558966c75f4f94fa935d0220 to remote] DEBUG org.asynchttpclient.netty.request.NettyRequestSender - Using pooled Channel '[id: 0x15241d46, L:/127.0.0.1:55594 - R:localhost/127.0.0.1:41168]' for 'POST' to 'http://localhost:41168/session/6ac316c5558966c75f4f94fa935d0220/element/19054DA94465C24926CF2376C4110991_element_5/value'
23:57:51.384 [Forwarding sendKeysToElement on session 6ac316c5558966c75f4f94fa935d0220 to remote] DEBUG org.asynchttpclient.netty.request.NettyRequestSender - Using open Channel [id: 0x15241d46, L:/127.0.0.1:55594 - R:localhost/127.0.0.1:41168] for POST '/session/6ac316c5558966c75f4f94fa935d0220/element/19054DA94465C24926CF2376C4110991_element_5/value'
23:57:51.484 [AsyncHttpClient-1-2] DEBUG org.asynchttpclient.netty.handler.HttpHandler - 

Request DefaultHttpRequest(decodeResult: success, version: HTTP/1.1)
POST /session/6ac316c5558966c75f4f94fa935d0220/element/19054DA94465C24926CF2376C4110991_element_5/value HTTP/1.1
User-Agent: selenium/4.8.1 (java windows)
Content-Length: 177
Content-Type: application/json; charset=utf-8
host: localhost:41168
accept: */*

Response DefaultHttpResponse(decodeResult: success, version: HTTP/1.1)
HTTP/1.1 200 OK
Content-Length: 14
Content-Type: application/json; charset=utf-8
cache-control: no-cache

23:57:51.485 [AsyncHttpClient-1-2] DEBUG org.asynchttpclient.netty.channel.ChannelManager - Adding key: http://localhost:41168 for channel [id: 0x15241d46, L:/127.0.0.1:55594 - R:localhost/127.0.0.1:41168]
  &amp#27;[32mAnd &amp#27;[0m&amp#27;[32muser input password to detail transaction hotel order&amp#27;[0m         &amp#27;[90m# starter.stepdefinitions.Admin.TransaksiPesananHotel.DetailTransaksiPesananHotelSteps.userInputPasswordToDetailTransactionHotelOrder()&amp#27;[0m
23:57:51.512 [Forwarding findElement on session 6ac316c5558966c75f4f94fa935d0220 to remote] DEBUG org.asynchttpclient.netty.request.NettyRequestSender - Using pooled Channel '[id: 0x15241d46, L:/127.0.0.1:55594 - R:localhost/127.0.0.1:41168]' for 'POST' to 'http://localhost:41168/session/6ac316c5558966c75f4f94fa935d0220/element'
23:57:51.512 [Forwarding findElement on session 6ac316c5558966c75f4f94fa935d0220 to remote] DEBUG org.asynchttpclient.netty.request.NettyRequestSender - Using open Channel [id: 0x15241d46, L:/127.0.0.1:55594 - R:localhost/127.0.0.1:41168] for POST '/session/6ac316c5558966c75f4f94fa935d0220/element'
23:57:51.539 [AsyncHttpClient-1-2] DEBUG org.asynchttpclient.netty.handler.HttpHandler - 

Request DefaultHttpRequest(decodeResult: success, version: HTTP/1.1)
POST /session/6ac316c5558966c75f4f94fa935d0220/element HTTP/1.1
User-Agent: selenium/4.8.1 (java windows)
Content-Length: 97
Content-Type: application/json; charset=utf-8
host: localhost:41168
accept: */*

Response DefaultHttpResponse(decodeResult: success, version: HTTP/1.1)
HTTP/1.1 200 OK
Content-Length: 94
Content-Type: application/json; charset=utf-8
cache-control: no-cache

23:57:51.540 [AsyncHttpClient-1-2] DEBUG org.asynchttpclient.netty.channel.ChannelManager - Adding key: http://localhost:41168 for channel [id: 0x15241d46, L:/127.0.0.1:55594 - R:localhost/127.0.0.1:41168]
23:57:51.544 [Forwarding getElementTagName on session 6ac316c5558966c75f4f94fa935d0220 to remote] DEBUG org.asynchttpclient.netty.request.NettyRequestSender - Using pooled Channel '[id: 0x15241d46, L:/127.0.0.1:55594 - R:localhost/127.0.0.1:41168]' for 'GET' to 'http://localhost:41168/session/6ac316c5558966c75f4f94fa935d0220/element/19054DA94465C24926CF2376C4110991_element_8/name'
23:57:51.544 [Forwarding getElementTagName on session 6ac316c5558966c75f4f94fa935d0220 to remote] DEBUG org.asynchttpclient.netty.request.NettyRequestSender - Using open Channel [id: 0x15241d46, L:/127.0.0.1:55594 - R:localhost/127.0.0.1:41168] for GET '/session/6ac316c5558966c75f4f94fa935d0220/element/19054DA94465C24926CF2376C4110991_element_8/name'
23:57:51.583 [AsyncHttpClient-1-2] DEBUG org.asynchttpclient.netty.handler.HttpHandler - 

Request DefaultFullHttpRequest(decodeResult: success, version: HTTP/1.1, content: EmptyByteBufBE)
GET /session/6ac316c5558966c75f4f94fa935d0220/element/19054DA94465C24926CF2376C4110991_element_8/name HTTP/1.1
User-Agent: selenium/4.8.1 (java windows)
Cache-Control: no-cache
Content-Type: application/json; charset=utf-8
host: localhost:41168
accept: */*

Response DefaultHttpResponse(decodeResult: success, version: HTTP/1.1)
HTTP/1.1 200 OK
Content-Length: 18
Content-Type: application/json; charset=utf-8
cache-control: no-cache

23:57:51.583 [AsyncHttpClient-1-2] DEBUG org.asynchttpclient.netty.channel.ChannelManager - Adding key: http://localhost:41168 for channel [id: 0x15241d46, L:/127.0.0.1:55594 - R:localhost/127.0.0.1:41168]
23:57:51.587 [Forwarding getElementTagName on session 6ac316c5558966c75f4f94fa935d0220 to remote] DEBUG org.asynchttpclient.netty.request.NettyRequestSender - Using pooled Channel '[id: 0x15241d46, L:/127.0.0.1:55594 - R:localhost/127.0.0.1:41168]' for 'GET' to 'http://localhost:41168/session/6ac316c5558966c75f4f94fa935d0220/element/19054DA94465C24926CF2376C4110991_element_8/name'
23:57:51.587 [Forwarding getElementTagName on session 6ac316c5558966c75f4f94fa935d0220 to remote] DEBUG org.asynchttpclient.netty.request.NettyRequestSender - Using open Channel [id: 0x15241d46, L:/127.0.0.1:55594 - R:localhost/127.0.0.1:41168] for GET '/session/6ac316c5558966c75f4f94fa935d0220/element/19054DA94465C24926CF2376C4110991_element_8/name'
23:57:51.609 [AsyncHttpClient-1-2] DEBUG org.asynchttpclient.netty.handler.HttpHandler - 

Request DefaultFullHttpRequest(decodeResult: success, version: HTTP/1.1, content: EmptyByteBufBE)
GET /session/6ac316c5558966c75f4f94fa935d0220/element/19054DA94465C24926CF2376C4110991_element_8/name HTTP/1.1
User-Agent: selenium/4.8.1 (java windows)
Cache-Control: no-cache
Content-Type: application/json; charset=utf-8
host: localhost:41168
accept: */*

Response DefaultHttpResponse(decodeResult: success, version: HTTP/1.1)
HTTP/1.1 200 OK
Content-Length: 18
Content-Type: application/json; charset=utf-8
cache-control: no-cache

23:57:51.609 [AsyncHttpClient-1-2] DEBUG org.asynchttpclient.netty.channel.ChannelManager - Adding key: http://localhost:41168 for channel [id: 0x15241d46, L:/127.0.0.1:55594 - R:localhost/127.0.0.1:41168]
23:57:51.615 [Forwarding isElementEnabled on session 6ac316c5558966c75f4f94fa935d0220 to remote] DEBUG org.asynchttpclient.netty.request.NettyRequestSender - Using pooled Channel '[id: 0x15241d46, L:/127.0.0.1:55594 - R:localhost/127.0.0.1:41168]' for 'GET' to 'http://localhost:41168/session/6ac316c5558966c75f4f94fa935d0220/element/19054DA94465C24926CF2376C4110991_element_8/enabled'
23:57:51.616 [Forwarding isElementEnabled on session 6ac316c5558966c75f4f94fa935d0220 to remote] DEBUG org.asynchttpclient.netty.request.NettyRequestSender - Using open Channel [id: 0x15241d46, L:/127.0.0.1:55594 - R:localhost/127.0.0.1:41168] for GET '/session/6ac316c5558966c75f4f94fa935d0220/element/19054DA94465C24926CF2376C4110991_element_8/enabled'
23:57:51.629 [AsyncHttpClient-1-2] DEBUG org.asynchttpclient.netty.handler.HttpHandler - 

Request DefaultFullHttpRequest(decodeResult: success, version: HTTP/1.1, content: EmptyByteBufBE)
GET /session/6ac316c5558966c75f4f94fa935d0220/element/19054DA94465C24926CF2376C4110991_element_8/enabled HTTP/1.1
User-Agent: selenium/4.8.1 (java windows)
Cache-Control: no-cache
Content-Type: application/json; charset=utf-8
host: localhost:41168
accept: */*

Response DefaultHttpResponse(decodeResult: success, version: HTTP/1.1)
HTTP/1.1 200 OK
Content-Length: 14
Content-Type: application/json; charset=utf-8
cache-control: no-cache

23:57:51.629 [AsyncHttpClient-1-2] DEBUG org.asynchttpclient.netty.channel.ChannelManager - Adding key: http://localhost:41168 for channel [id: 0x15241d46, L:/127.0.0.1:55594 - R:localhost/127.0.0.1:41168]
23:57:51.632 [Forwarding isElementEnabled on session 6ac316c5558966c75f4f94fa935d0220 to remote] DEBUG org.asynchttpclient.netty.request.NettyRequestSender - Using pooled Channel '[id: 0x15241d46, L:/127.0.0.1:55594 - R:localhost/127.0.0.1:41168]' for 'GET' to 'http://localhost:41168/session/6ac316c5558966c75f4f94fa935d0220/element/19054DA94465C24926CF2376C4110991_element_8/enabled'
23:57:51.632 [Forwarding isElementEnabled on session 6ac316c5558966c75f4f94fa935d0220 to remote] DEBUG org.asynchttpclient.netty.request.NettyRequestSender - Using open Channel [id: 0x15241d46, L:/127.0.0.1:55594 - R:localhost/127.0.0.1:41168] for GET '/session/6ac316c5558966c75f4f94fa935d0220/element/19054DA94465C24926CF2376C4110991_element_8/enabled'
23:57:51.646 [AsyncHttpClient-1-2] DEBUG org.asynchttpclient.netty.handler.HttpHandler - 

Request DefaultFullHttpRequest(decodeResult: success, version: HTTP/1.1, content: EmptyByteBufBE)
GET /session/6ac316c5558966c75f4f94fa935d0220/element/19054DA94465C24926CF2376C4110991_element_8/enabled HTTP/1.1
User-Agent: selenium/4.8.1 (java windows)
Cache-Control: no-cache
Content-Type: application/json; charset=utf-8
host: localhost:41168
accept: */*

Response DefaultHttpResponse(decodeResult: success, version: HTTP/1.1)
HTTP/1.1 200 OK
Content-Length: 14
Content-Type: application/json; charset=utf-8
cache-control: no-cache

23:57:51.647 [AsyncHttpClient-1-2] DEBUG org.asynchttpclient.netty.channel.ChannelManager - Adding key: http://localhost:41168 for channel [id: 0x15241d46, L:/127.0.0.1:55594 - R:localhost/127.0.0.1:41168]
23:57:51.653 [Forwarding findElement on session 6ac316c5558966c75f4f94fa935d0220 to remote] DEBUG org.asynchttpclient.netty.request.NettyRequestSender - Using pooled Channel '[id: 0x15241d46, L:/127.0.0.1:55594 - R:localhost/127.0.0.1:41168]' for 'POST' to 'http://localhost:41168/session/6ac316c5558966c75f4f94fa935d0220/element'
23:57:51.653 [Forwarding findElement on session 6ac316c5558966c75f4f94fa935d0220 to remote] DEBUG org.asynchttpclient.netty.request.NettyRequestSender - Using open Channel [id: 0x15241d46, L:/127.0.0.1:55594 - R:localhost/127.0.0.1:41168] for POST '/session/6ac316c5558966c75f4f94fa935d0220/element'
23:57:51.672 [AsyncHttpClient-1-2] DEBUG org.asynchttpclient.netty.handler.HttpHandler - 

Request DefaultHttpRequest(decodeResult: success, version: HTTP/1.1)
POST /session/6ac316c5558966c75f4f94fa935d0220/element HTTP/1.1
User-Agent: selenium/4.8.1 (java windows)
Content-Length: 97
Content-Type: application/json; charset=utf-8
host: localhost:41168
accept: */*

Response DefaultHttpResponse(decodeResult: success, version: HTTP/1.1)
HTTP/1.1 200 OK
Content-Length: 94
Content-Type: application/json; charset=utf-8
cache-control: no-cache

23:57:51.673 [AsyncHttpClient-1-2] DEBUG org.asynchttpclient.netty.channel.ChannelManager - Adding key: http://localhost:41168 for channel [id: 0x15241d46, L:/127.0.0.1:55594 - R:localhost/127.0.0.1:41168]
23:57:51.676 [Forwarding clickElement on session 6ac316c5558966c75f4f94fa935d0220 to remote] DEBUG org.asynchttpclient.netty.request.NettyRequestSender - Using pooled Channel '[id: 0x15241d46, L:/127.0.0.1:55594 - R:localhost/127.0.0.1:41168]' for 'POST' to 'http://localhost:41168/session/6ac316c5558966c75f4f94fa935d0220/element/19054DA94465C24926CF2376C4110991_element_8/click'
23:57:51.676 [Forwarding clickElement on session 6ac316c5558966c75f4f94fa935d0220 to remote] DEBUG org.asynchttpclient.netty.request.NettyRequestSender - Using open Channel [id: 0x15241d46, L:/127.0.0.1:55594 - R:localhost/127.0.0.1:41168] for POST '/session/6ac316c5558966c75f4f94fa935d0220/element/19054DA94465C24926CF2376C4110991_element_8/click'
23:57:51.757 [AsyncHttpClient-1-2] DEBUG org.asynchttpclient.netty.handler.HttpHandler - 

Request DefaultHttpRequest(decodeResult: success, version: HTTP/1.1)
POST /session/6ac316c5558966c75f4f94fa935d0220/element/19054DA94465C24926CF2376C4110991_element_8/click HTTP/1.1
User-Agent: selenium/4.8.1 (java windows)
Content-Length: 56
Content-Type: application/json; charset=utf-8
host: localhost:41168
accept: */*

Response DefaultHttpResponse(decodeResult: success, version: HTTP/1.1)
HTTP/1.1 200 OK
Content-Length: 14
Content-Type: application/json; charset=utf-8
cache-control: no-cache

23:57:51.758 [AsyncHttpClient-1-2] DEBUG org.asynchttpclient.netty.channel.ChannelManager - Adding key: http://localhost:41168 for channel [id: 0x15241d46, L:/127.0.0.1:55594 - R:localhost/127.0.0.1:41168]
  &amp#27;[32mAnd &amp#27;[0m&amp#27;[32muser click login button to see detail transaction hotel order&amp#27;[0m &amp#27;[90m# starter.stepdefinitions.Admin.TransaksiPesananHotel.DetailTransaksiPesananHotelSteps.userClickLoginButtonToSeeDetailTransactionHotelOrder()&amp#27;[0m
23:57:51.780 [Forwarding findElement on session 6ac316c5558966c75f4f94fa935d0220 to remote] DEBUG org.asynchttpclient.netty.request.NettyRequestSender - Using pooled Channel '[id: 0x15241d46, L:/127.0.0.1:55594 - R:localhost/127.0.0.1:41168]' for 'POST' to 'http://localhost:41168/session/6ac316c5558966c75f4f94fa935d0220/element'
23:57:51.780 [Forwarding findElement on session 6ac316c5558966c75f4f94fa935d0220 to remote] DEBUG org.asynchttpclient.netty.request.NettyRequestSender - Using open Channel [id: 0x15241d46, L:/127.0.0.1:55594 - R:localhost/127.0.0.1:41168] for POST '/session/6ac316c5558966c75f4f94fa935d0220/element'
23:57:51.990 [AsyncHttpClient-1-1] DEBUG org.asynchttpclient.netty.channel.DefaultChannelPool - Entry count for : http://localhost:55595 : 1
23:57:52.359 [AsyncHttpClient-1-2] DEBUG org.asynchttpclient.netty.handler.HttpHandler - 

Request DefaultHttpRequest(decodeResult: success, version: HTTP/1.1)
POST /session/6ac316c5558966c75f4f94fa935d0220/element HTTP/1.1
User-Agent: selenium/4.8.1 (java windows)
Content-Length: 114
Content-Type: application/json; charset=utf-8
host: localhost:41168
accept: */*

Response DefaultHttpResponse(decodeResult: success, version: HTTP/1.1)
HTTP/1.1 200 OK
Content-Length: 95
Content-Type: application/json; charset=utf-8
cache-control: no-cache

23:57:52.359 [AsyncHttpClient-1-2] DEBUG org.asynchttpclient.netty.channel.ChannelManager - Adding key: http://localhost:41168 for channel [id: 0x15241d46, L:/127.0.0.1:55594 - R:localhost/127.0.0.1:41168]
23:57:52.369 [Forwarding isElementDisplayed on session 6ac316c5558966c75f4f94fa935d0220 to remote] DEBUG org.asynchttpclient.netty.request.NettyRequestSender - Using pooled Channel '[id: 0x15241d46, L:/127.0.0.1:55594 - R:localhost/127.0.0.1:41168]' for 'POST' to 'http://localhost:41168/session/6ac316c5558966c75f4f94fa935d0220/execute/sync'
23:57:52.370 [Forwarding isElementDisplayed on session 6ac316c5558966c75f4f94fa935d0220 to remote] DEBUG org.asynchttpclient.netty.request.NettyRequestSender - Using open Channel [id: 0x15241d46, L:/127.0.0.1:55594 - R:localhost/127.0.0.1:41168] for POST '/session/6ac316c5558966c75f4f94fa935d0220/execute/sync'
23:57:52.393 [AsyncHttpClient-1-2] DEBUG org.asynchttpclient.netty.handler.HttpHandler - 

Request DefaultHttpRequest(decodeResult: success, version: HTTP/1.1)
POST /session/6ac316c5558966c75f4f94fa935d0220/execute/sync HTTP/1.1
User-Agent: selenium/4.8.1 (java windows)
Content-Length: 48814
Content-Type: application/json; charset=utf-8
host: localhost:41168
accept: */*

Response DefaultHttpResponse(decodeResult: success, version: HTTP/1.1)
HTTP/1.1 200 OK
Content-Length: 14
Content-Type: application/json; charset=utf-8
cache-control: no-cache

23:57:52.393 [AsyncHttpClient-1-2] DEBUG org.asynchttpclient.netty.channel.ChannelManager - Adding key: http://localhost:41168 for channel [id: 0x15241d46, L:/127.0.0.1:55594 - R:localhost/127.0.0.1:41168]
23:57:52.408 [Forwarding isElementDisplayed on session 6ac316c5558966c75f4f94fa935d0220 to remote] DEBUG org.asynchttpclient.netty.request.NettyRequestSender - Using pooled Channel '[id: 0x15241d46, L:/127.0.0.1:55594 - R:localhost/127.0.0.1:41168]' for 'POST' to 'http://localhost:41168/session/6ac316c5558966c75f4f94fa935d0220/execute/sync'
23:57:52.408 [Forwarding isElementDisplayed on session 6ac316c5558966c75f4f94fa935d0220 to remote] DEBUG org.asynchttpclient.netty.request.NettyRequestSender - Using open Channel [id: 0x15241d46, L:/127.0.0.1:55594 - R:localhost/127.0.0.1:41168] for POST '/session/6ac316c5558966c75f4f94fa935d0220/execute/sync'
23:57:52.488 [AsyncHttpClient-1-2] DEBUG org.asynchttpclient.netty.handler.HttpHandler - 

Request DefaultHttpRequest(decodeResult: success, version: HTTP/1.1)
POST /session/6ac316c5558966c75f4f94fa935d0220/execute/sync HTTP/1.1
User-Agent: selenium/4.8.1 (java windows)
Content-Length: 48814
Content-Type: application/json; charset=utf-8
host: localhost:41168
accept: */*

Response DefaultHttpResponse(decodeResult: success, version: HTTP/1.1)
HTTP/1.1 200 OK
Content-Length: 14
Content-Type: application/json; charset=utf-8
cache-control: no-cache

23:57:52.489 [AsyncHttpClient-1-2] DEBUG org.asynchttpclient.netty.channel.ChannelManager - Adding key: http://localhost:41168 for channel [id: 0x15241d46, L:/127.0.0.1:55594 - R:localhost/127.0.0.1:41168]
  &amp#27;[32mAnd &amp#27;[0m&amp#27;[32muser on dashboard to see detail transaction hotel order&amp#27;[0m       &amp#27;[90m# starter.stepdefinitions.Admin.TransaksiPesananHotel.DetailTransaksiPesananHotelSteps.userOnDashboardToSeeDetailTransactionHotelOrder()&amp#27;[0m
23:57:53.124 [AsyncHttpClient-1-1] DEBUG org.asynchttpclient.netty.channel.DefaultChannelPool - Entry count for : http://localhost:55595 : 1
23:57:53.124 [AsyncHttpClient-1-1] DEBUG org.asynchttpclient.netty.channel.DefaultChannelPool - Entry count for : http://localhost:41168 : 1
23:57:53.997 [main] DEBUG net.thucydides.core.steps.StepInterceptor - STARTING STEP: DetailPesananKASteps.userClickMenuPesananKA - clickMenuPesananKA
23:57:54.006 [Forwarding findElement on session 6ac316c5558966c75f4f94fa935d0220 to remote] DEBUG org.asynchttpclient.netty.request.NettyRequestSender - Using pooled Channel '[id: 0x15241d46, L:/127.0.0.1:55594 - R:localhost/127.0.0.1:41168]' for 'POST' to 'http://localhost:41168/session/6ac316c5558966c75f4f94fa935d0220/element'
23:57:54.006 [Forwarding findElement on session 6ac316c5558966c75f4f94fa935d0220 to remote] DEBUG org.asynchttpclient.netty.request.NettyRequestSender - Using open Channel [id: 0x15241d46, L:/127.0.0.1:55594 - R:localhost/127.0.0.1:41168] for POST '/session/6ac316c5558966c75f4f94fa935d0220/element'
23:57:54.029 [AsyncHttpClient-1-2] DEBUG org.asynchttpclient.netty.handler.HttpHandler - 

Request DefaultHttpRequest(decodeResult: success, version: HTTP/1.1)
POST /session/6ac316c5558966c75f4f94fa935d0220/element HTTP/1.1
User-Agent: selenium/4.8.1 (java windows)
Content-Length: 143
Content-Type: application/json; charset=utf-8
host: localhost:41168
accept: */*

Response DefaultHttpResponse(decodeResult: success, version: HTTP/1.1)
HTTP/1.1 200 OK
Content-Length: 95
Content-Type: application/json; charset=utf-8
cache-control: no-cache

23:57:54.030 [AsyncHttpClient-1-2] DEBUG org.asynchttpclient.netty.channel.ChannelManager - Adding key: http://localhost:41168 for channel [id: 0x15241d46, L:/127.0.0.1:55594 - R:localhost/127.0.0.1:41168]
23:57:54.033 [Forwarding getElementTagName on session 6ac316c5558966c75f4f94fa935d0220 to remote] DEBUG org.asynchttpclient.netty.request.NettyRequestSender - Using pooled Channel '[id: 0x15241d46, L:/127.0.0.1:55594 - R:localhost/127.0.0.1:41168]' for 'GET' to 'http://localhost:41168/session/6ac316c5558966c75f4f94fa935d0220/element/19054DA94465C24926CF2376C4110991_element_67/name'
23:57:54.033 [Forwarding getElementTagName on session 6ac316c5558966c75f4f94fa935d0220 to remote] DEBUG org.asynchttpclient.netty.request.NettyRequestSender - Using open Channel [id: 0x15241d46, L:/127.0.0.1:55594 - R:localhost/127.0.0.1:41168] for GET '/session/6ac316c5558966c75f4f94fa935d0220/element/19054DA94465C24926CF2376C4110991_element_67/name'
23:57:54.042 [AsyncHttpClient-1-2] DEBUG org.asynchttpclient.netty.handler.HttpHandler - 

Request DefaultFullHttpRequest(decodeResult: success, version: HTTP/1.1, content: EmptyByteBufBE)
GET /session/6ac316c5558966c75f4f94fa935d0220/element/19054DA94465C24926CF2376C4110991_element_67/name HTTP/1.1
User-Agent: selenium/4.8.1 (java windows)
Cache-Control: no-cache
Content-Type: application/json; charset=utf-8
host: localhost:41168
accept: */*

Response DefaultHttpResponse(decodeResult: success, version: HTTP/1.1)
HTTP/1.1 200 OK
Content-Length: 13
Content-Type: application/json; charset=utf-8
cache-control: no-cache

23:57:54.043 [AsyncHttpClient-1-2] DEBUG org.asynchttpclient.netty.channel.ChannelManager - Adding key: http://localhost:41168 for channel [id: 0x15241d46, L:/127.0.0.1:55594 - R:localhost/127.0.0.1:41168]
23:57:54.046 [Forwarding getElementTagName on session 6ac316c5558966c75f4f94fa935d0220 to remote] DEBUG org.asynchttpclient.netty.request.NettyRequestSender - Using pooled Channel '[id: 0x15241d46, L:/127.0.0.1:55594 - R:localhost/127.0.0.1:41168]' for 'GET' to 'http://localhost:41168/session/6ac316c5558966c75f4f94fa935d0220/element/19054DA94465C24926CF2376C4110991_element_67/name'
23:57:54.046 [Forwarding getElementTagName on session 6ac316c5558966c75f4f94fa935d0220 to remote] DEBUG org.asynchttpclient.netty.request.NettyRequestSender - Using open Channel [id: 0x15241d46, L:/127.0.0.1:55594 - R:localhost/127.0.0.1:41168] for GET '/session/6ac316c5558966c75f4f94fa935d0220/element/19054DA94465C24926CF2376C4110991_element_67/name'
23:57:54.054 [AsyncHttpClient-1-2] DEBUG org.asynchttpclient.netty.handler.HttpHandler - 

Request DefaultFullHttpRequest(decodeResult: success, version: HTTP/1.1, content: EmptyByteBufBE)
GET /session/6ac316c5558966c75f4f94fa935d0220/element/19054DA94465C24926CF2376C4110991_element_67/name HTTP/1.1
User-Agent: selenium/4.8.1 (java windows)
Cache-Control: no-cache
Content-Type: application/json; charset=utf-8
host: localhost:41168
accept: */*

Response DefaultHttpResponse(decodeResult: success, version: HTTP/1.1)
HTTP/1.1 200 OK
Content-Length: 13
Content-Type: application/json; charset=utf-8
cache-control: no-cache

23:57:54.055 [AsyncHttpClient-1-2] DEBUG org.asynchttpclient.netty.channel.ChannelManager - Adding key: http://localhost:41168 for channel [id: 0x15241d46, L:/127.0.0.1:55594 - R:localhost/127.0.0.1:41168]
23:57:54.059 [Forwarding findElement on session 6ac316c5558966c75f4f94fa935d0220 to remote] DEBUG org.asynchttpclient.netty.request.NettyRequestSender - Using pooled Channel '[id: 0x15241d46, L:/127.0.0.1:55594 - R:localhost/127.0.0.1:41168]' for 'POST' to 'http://localhost:41168/session/6ac316c5558966c75f4f94fa935d0220/element'
23:57:54.059 [Forwarding findElement on session 6ac316c5558966c75f4f94fa935d0220 to remote] DEBUG org.asynchttpclient.netty.request.NettyRequestSender - Using open Channel [id: 0x15241d46, L:/127.0.0.1:55594 - R:localhost/127.0.0.1:41168] for POST '/session/6ac316c5558966c75f4f94fa935d0220/element'
23:57:54.074 [AsyncHttpClient-1-2] DEBUG org.asynchttpclient.netty.handler.HttpHandler - 

Request DefaultHttpRequest(decodeResult: success, version: HTTP/1.1)
POST /session/6ac316c5558966c75f4f94fa935d0220/element HTTP/1.1
User-Agent: selenium/4.8.1 (java windows)
Content-Length: 143
Content-Type: application/json; charset=utf-8
host: localhost:41168
accept: */*

Response DefaultHttpResponse(decodeResult: success, version: HTTP/1.1)
HTTP/1.1 200 OK
Content-Length: 95
Content-Type: application/json; charset=utf-8
cache-control: no-cache

23:57:54.074 [AsyncHttpClient-1-2] DEBUG org.asynchttpclient.netty.channel.ChannelManager - Adding key: http://localhost:41168 for channel [id: 0x15241d46, L:/127.0.0.1:55594 - R:localhost/127.0.0.1:41168]
23:57:54.077 [Forwarding clickElement on session 6ac316c5558966c75f4f94fa935d0220 to remote] DEBUG org.asynchttpclient.netty.request.NettyRequestSender - Using pooled Channel '[id: 0x15241d46, L:/127.0.0.1:55594 - R:localhost/127.0.0.1:41168]' for 'POST' to 'http://localhost:41168/session/6ac316c5558966c75f4f94fa935d0220/element/19054DA94465C24926CF2376C4110991_element_67/click'
23:57:54.077 [Forwarding clickElement on session 6ac316c5558966c75f4f94fa935d0220 to remote] DEBUG org.asynchttpclient.netty.request.NettyRequestSender - Using open Channel [id: 0x15241d46, L:/127.0.0.1:55594 - R:localhost/127.0.0.1:41168] for POST '/session/6ac316c5558966c75f4f94fa935d0220/element/19054DA94465C24926CF2376C4110991_element_67/click'
23:57:54.191 [AsyncHttpClient-1-1] DEBUG org.asynchttpclient.netty.channel.DefaultChannelPool - Entry count for : http://localhost:55595 : 1
23:57:54.490 [AsyncHttpClient-1-2] DEBUG org.asynchttpclient.netty.handler.HttpHandler - 

Request DefaultHttpRequest(decodeResult: success, version: HTTP/1.1)
POST /session/6ac316c5558966c75f4f94fa935d0220/element/19054DA94465C24926CF2376C4110991_element_67/click HTTP/1.1
User-Agent: selenium/4.8.1 (java windows)
Content-Length: 57
Content-Type: application/json; charset=utf-8
host: localhost:41168
accept: */*

Response DefaultHttpResponse(decodeResult: success, version: HTTP/1.1)
HTTP/1.1 200 OK
Content-Length: 14
Content-Type: application/json; charset=utf-8
cache-control: no-cache

23:57:54.491 [AsyncHttpClient-1-2] DEBUG org.asynchttpclient.netty.channel.ChannelManager - Adding key: http://localhost:41168 for channel [id: 0x15241d46, L:/127.0.0.1:55594 - R:localhost/127.0.0.1:41168]
23:57:54.502 [main] DEBUG net.thucydides.core.steps.StepInterceptor - STEP DONE: clickMenuPesananKA
  &amp#27;[32mAnd &amp#27;[0m&amp#27;[32muser click menu Pesanan KA&amp#27;[0m                                    &amp#27;[90m# starter.stepdefinitions.Admin.TransaksiPesananKA.DetailPesananKASteps.userClickMenuPesananKA()&amp#27;[0m
23:57:54.525 [main] DEBUG net.thucydides.core.steps.StepInterceptor - STARTING STEP: DetailPesananKASteps.userOnPesananKAPage - onPesananKApage
23:57:54.541 [Forwarding findElement on session 6ac316c5558966c75f4f94fa935d0220 to remote] DEBUG org.asynchttpclient.netty.request.NettyRequestSender - Using pooled Channel '[id: 0x15241d46, L:/127.0.0.1:55594 - R:localhost/127.0.0.1:41168]' for 'POST' to 'http://localhost:41168/session/6ac316c5558966c75f4f94fa935d0220/element'
23:57:54.541 [Forwarding findElement on session 6ac316c5558966c75f4f94fa935d0220 to remote] DEBUG org.asynchttpclient.netty.request.NettyRequestSender - Using open Channel [id: 0x15241d46, L:/127.0.0.1:55594 - R:localhost/127.0.0.1:41168] for POST '/session/6ac316c5558966c75f4f94fa935d0220/element'
23:57:54.573 [AsyncHttpClient-1-2] DEBUG org.asynchttpclient.netty.handler.HttpHandler - 

Request DefaultHttpRequest(decodeResult: success, version: HTTP/1.1)
POST /session/6ac316c5558966c75f4f94fa935d0220/element HTTP/1.1
User-Agent: selenium/4.8.1 (java windows)
Content-Length: 135
Content-Type: application/json; charset=utf-8
host: localhost:41168
accept: */*

Response DefaultHttpResponse(decodeResult: success, version: HTTP/1.1)
HTTP/1.1 200 OK
Content-Length: 95
Content-Type: application/json; charset=utf-8
cache-control: no-cache

23:57:54.574 [AsyncHttpClient-1-2] DEBUG org.asynchttpclient.netty.channel.ChannelManager - Adding key: http://localhost:41168 for channel [id: 0x15241d46, L:/127.0.0.1:55594 - R:localhost/127.0.0.1:41168]
23:57:54.586 [Forwarding isElementDisplayed on session 6ac316c5558966c75f4f94fa935d0220 to remote] DEBUG org.asynchttpclient.netty.request.NettyRequestSender - Using pooled Channel '[id: 0x15241d46, L:/127.0.0.1:55594 - R:localhost/127.0.0.1:41168]' for 'POST' to 'http://localhost:41168/session/6ac316c5558966c75f4f94fa935d0220/execute/sync'
23:57:54.587 [Forwarding isElementDisplayed on session 6ac316c5558966c75f4f94fa935d0220 to remote] DEBUG org.asynchttpclient.netty.request.NettyRequestSender - Using open Channel [id: 0x15241d46, L:/127.0.0.1:55594 - R:localhost/127.0.0.1:41168] for POST '/session/6ac316c5558966c75f4f94fa935d0220/execute/sync'
23:57:54.607 [AsyncHttpClient-1-2] DEBUG org.asynchttpclient.netty.handler.HttpHandler - 

Request DefaultHttpRequest(decodeResult: success, version: HTTP/1.1)
POST /session/6ac316c5558966c75f4f94fa935d0220/execute/sync HTTP/1.1
User-Agent: selenium/4.8.1 (java windows)
Content-Length: 48814
Content-Type: application/json; charset=utf-8
host: localhost:41168
accept: */*

Response DefaultHttpResponse(decodeResult: success, version: HTTP/1.1)
HTTP/1.1 200 OK
Content-Length: 14
Content-Type: application/json; charset=utf-8
cache-control: no-cache

23:57:54.608 [AsyncHttpClient-1-2] DEBUG org.asynchttpclient.netty.channel.ChannelManager - Adding key: http://localhost:41168 for channel [id: 0x15241d46, L:/127.0.0.1:55594 - R:localhost/127.0.0.1:41168]
23:57:54.613 [Forwarding isElementDisplayed on session 6ac316c5558966c75f4f94fa935d0220 to remote] DEBUG org.asynchttpclient.netty.request.NettyRequestSender - Using pooled Channel '[id: 0x15241d46, L:/127.0.0.1:55594 - R:localhost/127.0.0.1:41168]' for 'POST' to 'http://localhost:41168/session/6ac316c5558966c75f4f94fa935d0220/execute/sync'
23:57:54.613 [Forwarding isElementDisplayed on session 6ac316c5558966c75f4f94fa935d0220 to remote] DEBUG org.asynchttpclient.netty.request.NettyRequestSender - Using open Channel [id: 0x15241d46, L:/127.0.0.1:55594 - R:localhost/127.0.0.1:41168] for POST '/session/6ac316c5558966c75f4f94fa935d0220/execute/sync'
23:57:54.639 [AsyncHttpClient-1-2] DEBUG org.asynchttpclient.netty.handler.HttpHandler - 

Request DefaultHttpRequest(decodeResult: success, version: HTTP/1.1)
POST /session/6ac316c5558966c75f4f94fa935d0220/execute/sync HTTP/1.1
User-Agent: selenium/4.8.1 (java windows)
Content-Length: 48814
Content-Type: application/json; charset=utf-8
host: localhost:41168
accept: */*

Response DefaultHttpResponse(decodeResult: success, version: HTTP/1.1)
HTTP/1.1 200 OK
Content-Length: 14
Content-Type: application/json; charset=utf-8
cache-control: no-cache

23:57:54.639 [AsyncHttpClient-1-2] DEBUG org.asynchttpclient.netty.channel.ChannelManager - Adding key: http://localhost:41168 for channel [id: 0x15241d46, L:/127.0.0.1:55594 - R:localhost/127.0.0.1:41168]
23:57:54.644 [main] DEBUG net.thucydides.core.steps.StepInterceptor - STEP DONE: onPesananKApage
  &amp#27;[32mAnd &amp#27;[0m&amp#27;[32muser on Pesanan KA page&amp#27;[0m                                       &amp#27;[90m# starter.stepdefinitions.Admin.TransaksiPesananKA.DetailPesananKASteps.userOnPesananKAPage()&amp#27;[0m
23:57:54.663 [main] DEBUG net.thucydides.core.steps.StepInterceptor - STARTING STEP: DetailPesananKASteps.waitingDataPesananKA - waitingDataPesananKA
23:57:54.670 [Forwarding get on session 6ac316c5558966c75f4f94fa935d0220 to remote] DEBUG org.asynchttpclient.netty.request.NettyRequestSender - Using pooled Channel '[id: 0x15241d46, L:/127.0.0.1:55594 - R:localhost/127.0.0.1:41168]' for 'POST' to 'http://localhost:41168/session/6ac316c5558966c75f4f94fa935d0220/url'
23:57:54.670 [Forwarding get on session 6ac316c5558966c75f4f94fa935d0220 to remote] DEBUG org.asynchttpclient.netty.request.NettyRequestSender - Using open Channel [id: 0x15241d46, L:/127.0.0.1:55594 - R:localhost/127.0.0.1:41168] for POST '/session/6ac316c5558966c75f4f94fa935d0220/url'
23:57:54.934 [AsyncHttpClient-1-2] DEBUG org.asynchttpclient.netty.handler.HttpHandler - 

Request DefaultHttpRequest(decodeResult: success, version: HTTP/1.1)
POST /session/6ac316c5558966c75f4f94fa935d0220/url HTTP/1.1
User-Agent: selenium/4.8.1 (java windows)
Content-Length: 64
Content-Type: application/json; charset=utf-8
host: localhost:41168
accept: */*

Response DefaultHttpResponse(decodeResult: success, version: HTTP/1.1)
HTTP/1.1 200 OK
Content-Length: 14
Content-Type: application/json; charset=utf-8
cache-control: no-cache

23:57:54.935 [AsyncHttpClient-1-2] DEBUG org.asynchttpclient.netty.channel.ChannelManager - Adding key: http://localhost:41168 for channel [id: 0x15241d46, L:/127.0.0.1:55594 - R:localhost/127.0.0.1:41168]
23:57:54.945 [Forwarding findElement on session 6ac316c5558966c75f4f94fa935d0220 to remote] DEBUG org.asynchttpclient.netty.request.NettyRequestSender - Using pooled Channel '[id: 0x15241d46, L:/127.0.0.1:55594 - R:localhost/127.0.0.1:41168]' for 'POST' to 'http://localhost:41168/session/6ac316c5558966c75f4f94fa935d0220/element'
23:57:54.946 [Forwarding findElement on session 6ac316c5558966c75f4f94fa935d0220 to remote] DEBUG org.asynchttpclient.netty.request.NettyRequestSender - Using open Channel [id: 0x15241d46, L:/127.0.0.1:55594 - R:localhost/127.0.0.1:41168] for POST '/session/6ac316c5558966c75f4f94fa935d0220/element'
23:57:54.988 [AsyncHttpClient-1-2] DEBUG org.asynchttpclient.netty.handler.HttpHandler - 

Request DefaultHttpRequest(decodeResult: success, version: HTTP/1.1)
POST /session/6ac316c5558966c75f4f94fa935d0220/element HTTP/1.1
User-Agent: selenium/4.8.1 (java windows)
Content-Length: 106
Content-Type: application/json; charset=utf-8
host: localhost:41168
accept: */*

Response DefaultHttpResponse(decodeResult: success, version: HTTP/1.1)
HTTP/1.1 200 OK
Content-Length: 96
Content-Type: application/json; charset=utf-8
cache-control: no-cache

23:57:54.989 [AsyncHttpClient-1-2] DEBUG org.asynchttpclient.netty.channel.ChannelManager - Adding key: http://localhost:41168 for channel [id: 0x15241d46, L:/127.0.0.1:55594 - R:localhost/127.0.0.1:41168]
23:57:54.995 [Forwarding isElementDisplayed on session 6ac316c5558966c75f4f94fa935d0220 to remote] DEBUG org.asynchttpclient.netty.request.NettyRequestSender - Using pooled Channel '[id: 0x15241d46, L:/127.0.0.1:55594 - R:localhost/127.0.0.1:41168]' for 'POST' to 'http://localhost:41168/session/6ac316c5558966c75f4f94fa935d0220/execute/sync'
23:57:54.995 [Forwarding isElementDisplayed on session 6ac316c5558966c75f4f94fa935d0220 to remote] DEBUG org.asynchttpclient.netty.request.NettyRequestSender - Using open Channel [id: 0x15241d46, L:/127.0.0.1:55594 - R:localhost/127.0.0.1:41168] for POST '/session/6ac316c5558966c75f4f94fa935d0220/execute/sync'
23:57:55.020 [AsyncHttpClient-1-2] DEBUG org.asynchttpclient.netty.handler.HttpHandler - 

Request DefaultHttpRequest(decodeResult: success, version: HTTP/1.1)
POST /session/6ac316c5558966c75f4f94fa935d0220/execute/sync HTTP/1.1
User-Agent: selenium/4.8.1 (java windows)
Content-Length: 48815
Content-Type: application/json; charset=utf-8
host: localhost:41168
accept: */*

Response DefaultHttpResponse(decodeResult: success, version: HTTP/1.1)
HTTP/1.1 200 OK
Content-Length: 14
Content-Type: application/json; charset=utf-8
cache-control: no-cache

23:57:55.021 [AsyncHttpClient-1-2] DEBUG org.asynchttpclient.netty.channel.ChannelManager - Adding key: http://localhost:41168 for channel [id: 0x15241d46, L:/127.0.0.1:55594 - R:localhost/127.0.0.1:41168]
23:57:55.026 [Forwarding isElementDisplayed on session 6ac316c5558966c75f4f94fa935d0220 to remote] DEBUG org.asynchttpclient.netty.request.NettyRequestSender - Using pooled Channel '[id: 0x15241d46, L:/127.0.0.1:55594 - R:localhost/127.0.0.1:41168]' for 'POST' to 'http://localhost:41168/session/6ac316c5558966c75f4f94fa935d0220/execute/sync'
23:57:55.026 [Forwarding isElementDisplayed on session 6ac316c5558966c75f4f94fa935d0220 to remote] DEBUG org.asynchttpclient.netty.request.NettyRequestSender - Using open Channel [id: 0x15241d46, L:/127.0.0.1:55594 - R:localhost/127.0.0.1:41168] for POST '/session/6ac316c5558966c75f4f94fa935d0220/execute/sync'
23:57:55.045 [AsyncHttpClient-1-2] DEBUG org.asynchttpclient.netty.handler.HttpHandler - 

Request DefaultHttpRequest(decodeResult: success, version: HTTP/1.1)
POST /session/6ac316c5558966c75f4f94fa935d0220/execute/sync HTTP/1.1
User-Agent: selenium/4.8.1 (java windows)
Content-Length: 48815
Content-Type: application/json; charset=utf-8
host: localhost:41168
accept: */*

Response DefaultHttpResponse(decodeResult: success, version: HTTP/1.1)
HTTP/1.1 200 OK
Content-Length: 14
Content-Type: application/json; charset=utf-8
cache-control: no-cache

23:57:55.046 [AsyncHttpClient-1-2] DEBUG org.asynchttpclient.netty.channel.ChannelManager - Adding key: http://localhost:41168 for channel [id: 0x15241d46, L:/127.0.0.1:55594 - R:localhost/127.0.0.1:41168]
23:57:55.051 [main] DEBUG net.thucydides.core.steps.StepInterceptor - STEP DONE: waitingDataPesananKA
  &amp#27;[32mAnd &amp#27;[0m&amp#27;[32mwaiting data pesanan KA&amp#27;[0m                                       &amp#27;[90m# starter.stepdefinitions.Admin.TransaksiPesananKA.DetailPesananKASteps.waitingDataPesananKA()&amp#27;[0m
23:57:55.066 [main] DEBUG net.thucydides.core.steps.StepInterceptor - STARTING STEP: DetailPesananKASteps.userClickDataPesananKA - clickDataPesananKA
23:57:55.074 [Forwarding findElement on session 6ac316c5558966c75f4f94fa935d0220 to remote] DEBUG org.asynchttpclient.netty.request.NettyRequestSender - Using pooled Channel '[id: 0x15241d46, L:/127.0.0.1:55594 - R:localhost/127.0.0.1:41168]' for 'POST' to 'http://localhost:41168/session/6ac316c5558966c75f4f94fa935d0220/element'
23:57:55.075 [Forwarding findElement on session 6ac316c5558966c75f4f94fa935d0220 to remote] DEBUG org.asynchttpclient.netty.request.NettyRequestSender - Using open Channel [id: 0x15241d46, L:/127.0.0.1:55594 - R:localhost/127.0.0.1:41168] for POST '/session/6ac316c5558966c75f4f94fa935d0220/element'
23:57:55.087 [AsyncHttpClient-1-2] DEBUG org.asynchttpclient.netty.handler.HttpHandler - 

Request DefaultHttpRequest(decodeResult: success, version: HTTP/1.1)
POST /session/6ac316c5558966c75f4f94fa935d0220/element HTTP/1.1
User-Agent: selenium/4.8.1 (java windows)
Content-Length: 106
Content-Type: application/json; charset=utf-8
host: localhost:41168
accept: */*

Response DefaultHttpResponse(decodeResult: success, version: HTTP/1.1)
HTTP/1.1 200 OK
Content-Length: 96
Content-Type: application/json; charset=utf-8
cache-control: no-cache

23:57:55.088 [AsyncHttpClient-1-2] DEBUG org.asynchttpclient.netty.channel.ChannelManager - Adding key: http://localhost:41168 for channel [id: 0x15241d46, L:/127.0.0.1:55594 - R:localhost/127.0.0.1:41168]
23:57:55.097 [Forwarding getElementTagName on session 6ac316c5558966c75f4f94fa935d0220 to remote] DEBUG org.asynchttpclient.netty.request.NettyRequestSender - Using pooled Channel '[id: 0x15241d46, L:/127.0.0.1:55594 - R:localhost/127.0.0.1:41168]' for 'GET' to 'http://localhost:41168/session/6ac316c5558966c75f4f94fa935d0220/element/D2CA30B3847C37C7B61755341063997D_element_109/name'
23:57:55.098 [Forwarding getElementTagName on session 6ac316c5558966c75f4f94fa935d0220 to remote] DEBUG org.asynchttpclient.netty.request.NettyRequestSender - Using open Channel [id: 0x15241d46, L:/127.0.0.1:55594 - R:localhost/127.0.0.1:41168] for GET '/session/6ac316c5558966c75f4f94fa935d0220/element/D2CA30B3847C37C7B61755341063997D_element_109/name'
23:57:55.210 [AsyncHttpClient-1-2] DEBUG org.asynchttpclient.netty.handler.HttpHandler - 

Request DefaultFullHttpRequest(decodeResult: success, version: HTTP/1.1, content: EmptyByteBufBE)
GET /session/6ac316c5558966c75f4f94fa935d0220/element/D2CA30B3847C37C7B61755341063997D_element_109/name HTTP/1.1
User-Agent: selenium/4.8.1 (java windows)
Cache-Control: no-cache
Content-Type: application/json; charset=utf-8
host: localhost:41168
accept: */*

Response DefaultHttpResponse(decodeResult: success, version: HTTP/1.1)
HTTP/1.1 200 OK
Content-Length: 15
Content-Type: application/json; charset=utf-8
cache-control: no-cache

23:57:55.211 [AsyncHttpClient-1-2] DEBUG org.asynchttpclient.netty.channel.ChannelManager - Adding key: http://localhost:41168 for channel [id: 0x15241d46, L:/127.0.0.1:55594 - R:localhost/127.0.0.1:41168]
23:57:55.216 [Forwarding getElementTagName on session 6ac316c5558966c75f4f94fa935d0220 to remote] DEBUG org.asynchttpclient.netty.request.NettyRequestSender - Using pooled Channel '[id: 0x15241d46, L:/127.0.0.1:55594 - R:localhost/127.0.0.1:41168]' for 'GET' to 'http://localhost:41168/session/6ac316c5558966c75f4f94fa935d0220/element/D2CA30B3847C37C7B61755341063997D_element_109/name'
23:57:55.216 [Forwarding getElementTagName on session 6ac316c5558966c75f4f94fa935d0220 to remote] DEBUG org.asynchttpclient.netty.request.NettyRequestSender - Using open Channel [id: 0x15241d46, L:/127.0.0.1:55594 - R:localhost/127.0.0.1:41168] for GET '/session/6ac316c5558966c75f4f94fa935d0220/element/D2CA30B3847C37C7B61755341063997D_element_109/name'
23:57:55.235 [AsyncHttpClient-1-2] DEBUG org.asynchttpclient.netty.handler.HttpHandler - 

Request DefaultFullHttpRequest(decodeResult: success, version: HTTP/1.1, content: EmptyByteBufBE)
GET /session/6ac316c5558966c75f4f94fa935d0220/element/D2CA30B3847C37C7B61755341063997D_element_109/name HTTP/1.1
User-Agent: selenium/4.8.1 (java windows)
Cache-Control: no-cache
Content-Type: application/json; charset=utf-8
host: localhost:41168
accept: */*

Response DefaultHttpResponse(decodeResult: success, version: HTTP/1.1)
HTTP/1.1 200 OK
Content-Length: 15
Content-Type: application/json; charset=utf-8
cache-control: no-cache

23:57:55.235 [AsyncHttpClient-1-2] DEBUG org.asynchttpclient.netty.channel.ChannelManager - Adding key: http://localhost:41168 for channel [id: 0x15241d46, L:/127.0.0.1:55594 - R:localhost/127.0.0.1:41168]
23:57:55.239 [Forwarding findElement on session 6ac316c5558966c75f4f94fa935d0220 to remote] DEBUG org.asynchttpclient.netty.request.NettyRequestSender - Using pooled Channel '[id: 0x15241d46, L:/127.0.0.1:55594 - R:localhost/127.0.0.1:41168]' for 'POST' to 'http://localhost:41168/session/6ac316c5558966c75f4f94fa935d0220/element'
23:57:55.239 [Forwarding findElement on session 6ac316c5558966c75f4f94fa935d0220 to remote] DEBUG org.asynchttpclient.netty.request.NettyRequestSender - Using open Channel [id: 0x15241d46, L:/127.0.0.1:55594 - R:localhost/127.0.0.1:41168] for POST '/session/6ac316c5558966c75f4f94fa935d0220/element'
23:57:55.258 [AsyncHttpClient-1-2] DEBUG org.asynchttpclient.netty.handler.HttpHandler - 

Request DefaultHttpRequest(decodeResult: success, version: HTTP/1.1)
POST /session/6ac316c5558966c75f4f94fa935d0220/element HTTP/1.1
User-Agent: selenium/4.8.1 (java windows)
Content-Length: 106
Content-Type: application/json; charset=utf-8
host: localhost:41168
accept: */*

Response DefaultHttpResponse(decodeResult: success, version: HTTP/1.1)
HTTP/1.1 200 OK
Content-Length: 96
Content-Type: application/json; charset=utf-8
cache-control: no-cache

23:57:55.258 [AsyncHttpClient-1-2] DEBUG org.asynchttpclient.netty.channel.ChannelManager - Adding key: http://localhost:41168 for channel [id: 0x15241d46, L:/127.0.0.1:55594 - R:localhost/127.0.0.1:41168]
23:57:55.261 [Forwarding clickElement on session 6ac316c5558966c75f4f94fa935d0220 to remote] DEBUG org.asynchttpclient.netty.request.NettyRequestSender - Using pooled Channel '[id: 0x15241d46, L:/127.0.0.1:55594 - R:localhost/127.0.0.1:41168]' for 'POST' to 'http://localhost:41168/session/6ac316c5558966c75f4f94fa935d0220/element/D2CA30B3847C37C7B61755341063997D_element_109/click'
23:57:55.261 [Forwarding clickElement on session 6ac316c5558966c75f4f94fa935d0220 to remote] DEBUG org.asynchttpclient.netty.request.NettyRequestSender - Using open Channel [id: 0x15241d46, L:/127.0.0.1:55594 - R:localhost/127.0.0.1:41168] for POST '/session/6ac316c5558966c75f4f94fa935d0220/element/D2CA30B3847C37C7B61755341063997D_element_109/click'
23:57:55.288 [AsyncHttpClient-1-1] DEBUG org.asynchttpclient.netty.channel.DefaultChannelPool - Entry count for : http://localhost:55595 : 1
23:57:55.364 [AsyncHttpClient-1-2] DEBUG org.asynchttpclient.netty.handler.HttpHandler - 

Request DefaultHttpRequest(decodeResult: success, version: HTTP/1.1)
POST /session/6ac316c5558966c75f4f94fa935d0220/element/D2CA30B3847C37C7B61755341063997D_element_109/click HTTP/1.1
User-Agent: selenium/4.8.1 (java windows)
Content-Length: 58
Content-Type: application/json; charset=utf-8
host: localhost:41168
accept: */*

Response DefaultHttpResponse(decodeResult: success, version: HTTP/1.1)
HTTP/1.1 200 OK
Content-Length: 14
Content-Type: application/json; charset=utf-8
cache-control: no-cache

23:57:55.365 [AsyncHttpClient-1-2] DEBUG org.asynchttpclient.netty.channel.ChannelManager - Adding key: http://localhost:41168 for channel [id: 0x15241d46, L:/127.0.0.1:55594 - R:localhost/127.0.0.1:41168]
23:57:55.373 [main] DEBUG net.thucydides.core.steps.StepInterceptor - STEP DONE: clickDataPesananKA
  &amp#27;[32mAnd &amp#27;[0m&amp#27;[32muser click data Pesanan KA&amp#27;[0m                                    &amp#27;[90m# starter.stepdefinitions.Admin.TransaksiPesananKA.DetailPesananKASteps.userClickDataPesananKA()&amp#27;[0m
23:57:55.388 [main] DEBUG net.thucydides.core.steps.StepInterceptor - STARTING STEP: DetailPesananKASteps.userCanSeeDetailPesananKAPage - seeDetailKApage
23:57:55.395 [Forwarding findElement on session 6ac316c5558966c75f4f94fa935d0220 to remote] DEBUG org.asynchttpclient.netty.request.NettyRequestSender - Using pooled Channel '[id: 0x15241d46, L:/127.0.0.1:55594 - R:localhost/127.0.0.1:41168]' for 'POST' to 'http://localhost:41168/session/6ac316c5558966c75f4f94fa935d0220/element'
23:57:55.395 [Forwarding findElement on session 6ac316c5558966c75f4f94fa935d0220 to remote] DEBUG org.asynchttpclient.netty.request.NettyRequestSender - Using open Channel [id: 0x15241d46, L:/127.0.0.1:55594 - R:localhost/127.0.0.1:41168] for POST '/session/6ac316c5558966c75f4f94fa935d0220/element'
23:57:55.411 [AsyncHttpClient-1-2] DEBUG org.asynchttpclient.netty.handler.HttpHandler - 

Request DefaultHttpRequest(decodeResult: success, version: HTTP/1.1)
POST /session/6ac316c5558966c75f4f94fa935d0220/element HTTP/1.1
User-Agent: selenium/4.8.1 (java windows)
Content-Length: 114
Content-Type: application/json; charset=utf-8
host: localhost:41168
accept: */*

Response DefaultHttpResponse(decodeResult: success, version: HTTP/1.1)
HTTP/1.1 200 OK
Content-Length: 96
Content-Type: application/json; charset=utf-8
cache-control: no-cache

23:57:55.411 [AsyncHttpClient-1-2] DEBUG org.asynchttpclient.netty.channel.ChannelManager - Adding key: http://localhost:41168 for channel [id: 0x15241d46, L:/127.0.0.1:55594 - R:localhost/127.0.0.1:41168]
23:57:55.418 [Forwarding isElementDisplayed on session 6ac316c5558966c75f4f94fa935d0220 to remote] DEBUG org.asynchttpclient.netty.request.NettyRequestSender - Using pooled Channel '[id: 0x15241d46, L:/127.0.0.1:55594 - R:localhost/127.0.0.1:41168]' for 'POST' to 'http://localhost:41168/session/6ac316c5558966c75f4f94fa935d0220/execute/sync'
23:57:55.419 [Forwarding isElementDisplayed on session 6ac316c5558966c75f4f94fa935d0220 to remote] DEBUG org.asynchttpclient.netty.request.NettyRequestSender - Using open Channel [id: 0x15241d46, L:/127.0.0.1:55594 - R:localhost/127.0.0.1:41168] for POST '/session/6ac316c5558966c75f4f94fa935d0220/execute/sync'
23:57:55.438 [AsyncHttpClient-1-2] DEBUG org.asynchttpclient.netty.handler.HttpHandler - 

Request DefaultHttpRequest(decodeResult: success, version: HTTP/1.1)
POST /session/6ac316c5558966c75f4f94fa935d0220/execute/sync HTTP/1.1
User-Agent: selenium/4.8.1 (java windows)
Content-Length: 48815
Content-Type: application/json; charset=utf-8
host: localhost:41168
accept: */*

Response DefaultHttpResponse(decodeResult: success, version: HTTP/1.1)
HTTP/1.1 200 OK
Content-Length: 14
Content-Type: application/json; charset=utf-8
cache-control: no-cache

23:57:55.439 [AsyncHttpClient-1-2] DEBUG org.asynchttpclient.netty.channel.ChannelManager - Adding key: http://localhost:41168 for channel [id: 0x15241d46, L:/127.0.0.1:55594 - R:localhost/127.0.0.1:41168]
23:57:55.444 [Forwarding isElementDisplayed on session 6ac316c5558966c75f4f94fa935d0220 to remote] DEBUG org.asynchttpclient.netty.request.NettyRequestSender - Using pooled Channel '[id: 0x15241d46, L:/127.0.0.1:55594 - R:localhost/127.0.0.1:41168]' for 'POST' to 'http://localhost:41168/session/6ac316c5558966c75f4f94fa935d0220/execute/sync'
23:57:55.444 [Forwarding isElementDisplayed on session 6ac316c5558966c75f4f94fa935d0220 to remote] DEBUG org.asynchttpclient.netty.request.NettyRequestSender - Using open Channel [id: 0x15241d46, L:/127.0.0.1:55594 - R:localhost/127.0.0.1:41168] for POST '/session/6ac316c5558966c75f4f94fa935d0220/execute/sync'
23:57:55.469 [AsyncHttpClient-1-2] DEBUG org.asynchttpclient.netty.handler.HttpHandler - 

Request DefaultHttpRequest(decodeResult: success, version: HTTP/1.1)
POST /session/6ac316c5558966c75f4f94fa935d0220/execute/sync HTTP/1.1
User-Agent: selenium/4.8.1 (java windows)
Content-Length: 48815
Content-Type: application/json; charset=utf-8
host: localhost:41168
accept: */*

Response DefaultHttpResponse(decodeResult: success, version: HTTP/1.1)
HTTP/1.1 200 OK
Content-Length: 14
Content-Type: application/json; charset=utf-8
cache-control: no-cache

23:57:55.470 [AsyncHttpClient-1-2] DEBUG org.asynchttpclient.netty.channel.ChannelManager - Adding key: http://localhost:41168 for channel [id: 0x15241d46, L:/127.0.0.1:55594 - R:localhost/127.0.0.1:41168]
23:57:55.473 [main] DEBUG net.thucydides.core.steps.StepInterceptor - STEP DONE: seeDetailKApage
  &amp#27;[32mThen &amp#27;[0m&amp#27;[32muser can see Detail Pesanan KA Page&amp#27;[0m                          &amp#27;[90m# starter.stepdefinitions.Admin.TransaksiPesananKA.DetailPesananKASteps.userCanSeeDetailPesananKAPage()&amp#27;[0m
23:57:55.485 [main] INFO  - 
  _____   ___   ___   _____     ___     _     ___   ___   ___   ___  
 |_   _| | __| / __| |_   _|   | _ \   /_\   / __| / __| | __| |   \ 
   | |   | _|  \__ \   | |     |  _/  / _ \  \__ \ \__ \ | _|  | |) |
   |_|   |___| |___/   |_|     |_|   /_/ \_\ |___/ |___/ |___| |___/ 

as admin i want to see detail transaction KA order
----------------------------------------------------------------------
23:57:55.624 [Driver Command Executor] DEBUG org.asynchttpclient.netty.request.NettyRequestSender - Using pooled Channel '[id: 0x15241d46, L:/127.0.0.1:55594 - R:localhost/127.0.0.1:41168]' for 'DELETE' to 'http://localhost:41168/session/6ac316c5558966c75f4f94fa935d0220'
23:57:55.625 [Driver Command Executor] DEBUG org.asynchttpclient.netty.request.NettyRequestSender - Using open Channel [id: 0x15241d46, L:/127.0.0.1:55594 - R:localhost/127.0.0.1:41168] for DELETE '/session/6ac316c5558966c75f4f94fa935d0220'
23:57:55.629 [AsyncHttpClient-1-4] DEBUG org.asynchttpclient.netty.handler.WebSocketHandler - Channel Closed: [id: 0xcbcf6c9f, L:/127.0.0.1:55604 ! R:localhost/127.0.0.1:55595] with attribute NettyResponseFuture{currentRetry=0,
	isDone=1,
	isCancelled=0,
	asyncHandler=org.asynchttpclient.ws.WebSocketUpgradeHandler@43441d81,
	nettyRequest=org.asynchttpclient.netty.request.NettyRequest@3378c84a,
	future=java.util.concurrent.CompletableFuture@56af040f[Completed normally],
	uri=ws://localhost:55595/devtools/browser/974c3100-bcb4-4fda-8868-704c393cc496,
	keepAlive=true,
	redirectCount=0,
	timeoutsHolder=null,
	inAuth=0,
	touch=1687366668629}
23:57:55.629 [AsyncHttpClient-1-4] DEBUG org.asynchttpclient.netty.channel.ChannelManager - Closing Channel [id: 0xcbcf6c9f, L:/127.0.0.1:55604 ! R:localhost/127.0.0.1:55595] 
23:57:55.782 [AsyncHttpClient-1-3] DEBUG org.asynchttpclient.netty.handler.HttpHandler - Unexpected I/O exception on channel [id: 0x368e6763, L:/127.0.0.1:55603 - R:localhost/127.0.0.1:55595]
java.io.IOException: An existing connection was forcibly closed by the remote host
	at sun.nio.ch.SocketDispatcher.read0(Native Method)
	at sun.nio.ch.SocketDispatcher.read(SocketDispatcher.java:43)
	at sun.nio.ch.IOUtil.readIntoNativeBuffer(IOUtil.java:223)
	at sun.nio.ch.IOUtil.read(IOUtil.java:192)
	at sun.nio.ch.SocketChannelImpl.read(SocketChannelImpl.java:380)
	at io.netty.buffer.PooledByteBuf.setBytes(PooledByteBuf.java:259)
	at io.netty.buffer.AbstractByteBuf.writeBytes(AbstractByteBuf.java:1132)
	at io.netty.channel.socket.nio.NioSocketChannel.doReadBytes(NioSocketChannel.java:357)
	at io.netty.channel.nio.AbstractNioByteChannel$NioByteUnsafe.read(AbstractNioByteChannel.java:151)
	at io.netty.channel.nio.NioEventLoop.processSelectedKey(NioEventLoop.java:788)
	at io.netty.channel.nio.NioEventLoop.processSelectedKeysOptimized(NioEventLoop.java:724)
	at io.netty.channel.nio.NioEventLoop.processSelectedKeys(NioEventLoop.java:650)
	at io.netty.channel.nio.NioEventLoop.run(NioEventLoop.java:562)
	at io.netty.util.concurrent.SingleThreadEventExecutor$4.run(SingleThreadEventExecutor.java:997)
	at io.netty.util.internal.ThreadExecutorMap$2.run(ThreadExecutorMap.java:74)
	at io.netty.util.concurrent.FastThreadLocalRunnable.run(FastThreadLocalRunnable.java:30)
	at java.lang.Thread.run(Thread.java:748)
23:57:55.782 [AsyncHttpClient-1-3] DEBUG org.asynchttpclient.netty.channel.ChannelManager - Closing Channel [id: 0x368e6763, L:/127.0.0.1:55603 - R:localhost/127.0.0.1:55595] 
23:57:55.784 [AsyncHttpClient-1-3] DEBUG org.asynchttpclient.netty.handler.HttpHandler - Channel Closed: [id: 0x368e6763, L:/127.0.0.1:55603 ! R:localhost/127.0.0.1:55595] with attribute DISCARD
23:57:55.805 [AsyncHttpClient-1-2] DEBUG org.asynchttpclient.netty.handler.HttpHandler - 

Request DefaultFullHttpRequest(decodeResult: success, version: HTTP/1.1, content: EmptyByteBufBE)
DELETE /session/6ac316c5558966c75f4f94fa935d0220 HTTP/1.1
User-Agent: selenium/4.8.1 (java windows)
Content-Type: application/json; charset=utf-8
host: localhost:41168
accept: */*

Response DefaultHttpResponse(decodeResult: success, version: HTTP/1.1)
HTTP/1.1 200 OK
Content-Length: 14
Content-Type: application/json; charset=utf-8
cache-control: no-cache

23:57:55.805 [AsyncHttpClient-1-2] DEBUG org.asynchttpclient.netty.channel.ChannelManager - Adding key: http://localhost:41168 for channel [id: 0x15241d46, L:/127.0.0.1:55594 - R:localhost/127.0.0.1:41168]
23:57:55.979 [AsyncHttpClient-1-2] DEBUG org.asynchttpclient.netty.handler.HttpHandler - Channel Closed: [id: 0x15241d46, L:/127.0.0.1:55594 ! R:localhost/127.0.0.1:41168] with attribute DISCARD
23:57:56.393 [AsyncHttpClient-1-1] DEBUG org.asynchttpclient.netty.channel.DefaultChannelPool - Entry count for : http://localhost:55595 : 1
23:57:56.393 [AsyncHttpClient-1-1] DEBUG org.asynchttpclient.netty.channel.DefaultChannelPool - Entry count for : http://localhost:41168 : 1
23:57:56.393 [AsyncHttpClient-1-1] DEBUG org.asynchttpclient.netty.channel.DefaultChannelPool - Adding Candidate expired Channel [id: 0x368e6763, L:/127.0.0.1:55603 ! R:localhost/127.0.0.1:55595] isIdleTimeoutExpired=false isRemotelyClosed=true isTtlExpired=false
23:57:56.393 [AsyncHttpClient-1-1] DEBUG org.asynchttpclient.netty.channel.DefaultChannelPool - Closing Idle Channel [id: 0x368e6763, L:/127.0.0.1:55603 ! R:localhost/127.0.0.1:55595]
23:57:56.393 [AsyncHttpClient-1-1] DEBUG org.asynchttpclient.netty.channel.DefaultChannelPool - Adding Candidate expired Channel [id: 0x15241d46, L:/127.0.0.1:55594 ! R:localhost/127.0.0.1:41168] isIdleTimeoutExpired=false isRemotelyClosed=true isTtlExpired=false
23:57:56.393 [AsyncHttpClient-1-1] DEBUG org.asynchttpclient.netty.channel.DefaultChannelPool - Closing Idle Channel [id: 0x15241d46, L:/127.0.0.1:55594 ! R:localhost/127.0.0.1:41168]
23:57:56.393 [AsyncHttpClient-1-1] DEBUG org.asynchttpclient.netty.channel.DefaultChannelPool - Closed 2 connections out of 2 in 0 ms
]]></system-out>
    <system-err><![CDATA[Starting ChromeDriver 114.0.5735.90 (386bc09e8f4f2e025eddae123f36f6263096ae49-refs/branch-heads/5735@{#1052}) on port 41168
Only local connections are allowed.
Please see https://chromedriver.chromium.org/security-considerations for suggestions on keeping ChromeDriver safe.
ChromeDriver was started successfully.
Jun 21, 2023 11:57:48 PM org.openqa.selenium.devtools.CdpVersionFinder findNearestMatch
WARNING: Unable to find an exact match for CDP version 114, so returning the closest version found: 110
]]></system-err>
  </testcase>
</testsuite>