<?xml version="1.0" encoding="UTF-8"?>
<testsuite xmlns:xsi="http://www.w3.org/2001/XMLSchema-instance" xsi:noNamespaceSchemaLocation="https://maven.apache.org/surefire/maven-failsafe-plugin/xsd/failsafe-test-report-3.0.xsd" version="3.0" name="starter.CucumberTestSuite" time="18.451" tests="1" errors="0" skipped="0" failures="1">
  <properties>
[...]
</properties>
  <testcase name="as user i want to see Daftar KA Page" classname="As a user i want to success see detail data KA" time="11.817">
    <failure type="java.lang.AssertionError"><![CDATA[java.lang.AssertionError: Element should be visible
]]></failure>
    <system-out><![CDATA[19:37:00.509 [main] DEBUG net.thucydides.core.guice.Injectors - Created injector for module net.thucydides.core.guice.ThucydidesModule
19:37:00.934 [main] DEBUG io.cucumber.core.plugin.SerenityReporter - Running feature from file:///D:/D/QE_Alta/capstone/web-automation-test/src/test/resources/features/DaftarKA.feature
19:37:01.199 [main] DEBUG net.thucydides.core.guice.Injectors - Created injector for module net.thucydides.core.guice.webdriver.WebDriverModule
19:37:01.227 [main] INFO  - 

-------------------------------------------------------------------------------------
     _______. _______ .______       _______ .__   __.  __  .___________.____    ____ 
    /       ||   ____||   _  \     |   ____||  \ |  | |  | |           |\   \  /   / 
   |   (----`|  |__   |  |_)  |    |  |__   |   \|  | |  | `---|  |----` \   \/   /  
    \   \    |   __|  |      /     |   __|  |  . `  | |  |     |  |       \_    _/   
.----)   |   |  |____ |  |\  \----.|  |____ |  |\   | |  |     |  |         |  |     
|_______/    |_______|| _| `._____||_______||__| \__| |__|     |__|         |__|    
                                                                                     
 News and tutorials at http://www.serenity-bdd.info                                  
 Documentation at https://wakaleo.gitbooks.io/the-serenity-book/content/             
 Join the Serenity Community on Gitter: https://gitter.im/serenity-bdd/serenity-core 
 Serenity BDD Support and Training at http://serenity-bdd.info/#/trainingandsupport  
-------------------------------------------------------------------------------------

19:37:01.230 [main] DEBUG net.thucydides.core.steps.StepEventBus - Test suite started for story net.thucydides.core.model.Story@8dc19545
19:37:01.274 [main] INFO  - Test Suite Started: As a user i want to success see detail data KA
19:37:01.296 [main] DEBUG io.cucumber.core.plugin.SerenityReporter - Running feature from file:///D:/D/QE_Alta/capstone/web-automation-test/src/test/resources/features/DaftarKA.feature
19:37:01.300 [main] DEBUG net.thucydides.core.steps.StepEventBus - Test suite started for story net.thucydides.core.model.Story@8dc19545
19:37:01.300 [main] INFO  - Test Suite Started: As a user i want to success see detail data KA

@DaftarKA-Page
Scenario: as user i want to see Daftar KA Page &amp#27;[90m# src/test/resources/features/DaftarKA.feature:4&amp#27;[0m
19:37:01.418 [main] DEBUG io.cucumber.core.plugin.SerenityReporter - Running feature from file:///D:/D/QE_Alta/capstone/web-automation-test/src/test/resources/features/DaftarKA.feature
19:37:01.663 [main] INFO  - 
  _____   ___   ___   _____     ___   _____     _     ___   _____   ___   ___  
 |_   _| | __| / __| |_   _|   / __| |_   _|   /_\   | _ \ |_   _| | __| |   \ 
   | |   | _|  \__ \   | |     \__ \   | |    / _ \  |   /   | |   | _|  | |) |
   |_|   |___| |___/   |_|     |___/   |_|   /_/ \_\ |_|_\   |_|   |___| |___/ 

as user i want to see Daftar KA Page(as-a-user-i-want-to-success-see-detail-data-ka;as-user-i-want-to-see-daftar-ka-page)
--------------------------------------------------------------------------------
19:37:01.737 [main] DEBUG net.thucydides.core.requirements.model.cucumber.CucumberParser - Loading feature D:\D\QE_Alta\capstone\web-automation-test\src\test\resources\features\DaftarKA.feature
19:37:02.980 [main] DEBUG net.thucydides.core.steps.StepInterceptor - STARTING STEP: DetailKASteps.userOnHomePage - onHomePage
19:37:03.053 [main] INFO net.serenitybdd.core.webdriver.driverproviders.DriverProvider - Using WebDriverManager configuration for chrome
19:37:04.096 [main] DEBUG io.github.bonigarcia.wdm.cache.ResolutionCache - Resolution chrome=113 in cache (valid until 20:32:45 19/05/2023 ICT)
19:37:04.098 [main] DEBUG io.github.bonigarcia.wdm.cache.ResolutionCache - Resolution chrome113=113.0.5672.63 in cache (valid until 19:32:45 20/05/2023 ICT)
19:37:04.099 [main] INFO io.github.bonigarcia.wdm.WebDriverManager - Using chromedriver 113.0.5672.63 (resolved driver for Chrome 113)
19:37:04.136 [main] DEBUG io.github.bonigarcia.wdm.WebDriverManager - Driver chromedriver 113.0.5672.63 found in cache
19:37:04.137 [main] INFO io.github.bonigarcia.wdm.WebDriverManager - Exporting webdriver.chrome.driver as C:\Users\ADW User ACR\.cache\selenium\chromedriver\win32\113.0.5672.63\chromedriver.exe
19:37:04.244 [main] INFO net.serenitybdd.core.webdriver.driverproviders.ChromeDriverProvider - Starting Chrome driver instance with capabilities:
19:37:04.249 [main] INFO net.serenitybdd.core.webdriver.driverproviders.ChromeDriverProvider - Capabilities {acceptInsecureCerts: true, browserName: chrome, goog:chromeOptions: {args: [remote-allow-origins=*, test-type, no-sandbox, ignore-certificate-errors, start-maximized, incognito, disable-infobars, disable-gpu, disable-default-apps, disable-popup-blocking, remote-allow-origins=*, test-type, no-sandbox, ignore-certificate-errors, start-maximized, incognito, disable-infobars, disable-gpu, disable-default-apps, disable-popup-blocking, remote-allow-origins=*], extensions: []}}
19:37:04.392 [main] DEBUG io.netty.util.internal.logging.InternalLoggerFactory - Using SLF4J as the default logging framework
19:37:04.399 [main] DEBUG io.netty.util.ResourceLeakDetector - -Dio.netty.leakDetection.level: simple
19:37:04.399 [main] DEBUG io.netty.util.ResourceLeakDetector - -Dio.netty.leakDetection.targetRecords: 4
19:37:04.406 [main] DEBUG io.netty.util.ResourceLeakDetectorFactory - Loaded default ResourceLeakDetector: io.netty.util.ResourceLeakDetector@1b6924cb
19:37:04.439 [main] DEBUG io.netty.util.internal.PlatformDependent0 - -Dio.netty.noUnsafe: false
19:37:04.440 [main] DEBUG io.netty.util.internal.PlatformDependent0 - Java version: 8
19:37:04.441 [main] DEBUG io.netty.util.internal.PlatformDependent0 - sun.misc.Unsafe.theUnsafe: available
19:37:04.442 [main] DEBUG io.netty.util.internal.PlatformDependent0 - sun.misc.Unsafe.copyMemory: available
19:37:04.442 [main] DEBUG io.netty.util.internal.PlatformDependent0 - sun.misc.Unsafe.storeFence: available
19:37:04.443 [main] DEBUG io.netty.util.internal.PlatformDependent0 - java.nio.Buffer.address: available
19:37:04.444 [main] DEBUG io.netty.util.internal.PlatformDependent0 - direct buffer constructor: available
19:37:04.445 [main] DEBUG io.netty.util.internal.PlatformDependent0 - java.nio.Bits.unaligned: available, true
19:37:04.445 [main] DEBUG io.netty.util.internal.PlatformDependent0 - jdk.internal.misc.Unsafe.allocateUninitializedArray(int): unavailable prior to Java9
19:37:04.445 [main] DEBUG io.netty.util.internal.PlatformDependent0 - java.nio.DirectByteBuffer.<init>(long, int): available
19:37:04.445 [main] DEBUG io.netty.util.internal.PlatformDependent - sun.misc.Unsafe: available
19:37:04.446 [main] DEBUG io.netty.util.internal.PlatformDependent - -Dio.netty.tmpdir: C:\Users\ADWUSE~1\AppData\Local\Temp (java.io.tmpdir)
19:37:04.446 [main] DEBUG io.netty.util.internal.PlatformDependent - -Dio.netty.bitMode: 64 (sun.arch.data.model)
19:37:04.447 [main] DEBUG io.netty.util.internal.PlatformDependent - Platform: Windows
19:37:04.448 [main] DEBUG io.netty.util.internal.PlatformDependent - -Dio.netty.maxDirectMemory: 1840250880 bytes
19:37:04.448 [main] DEBUG io.netty.util.internal.PlatformDependent - -Dio.netty.uninitializedArrayAllocationThreshold: -1
19:37:04.450 [main] DEBUG io.netty.util.internal.CleanerJava6 - java.nio.ByteBuffer.cleaner(): available
19:37:04.451 [main] DEBUG io.netty.util.internal.PlatformDependent - -Dio.netty.noPreferDirect: false
19:37:04.464 [main] DEBUG io.netty.util.internal.PlatformDependent - org.jctools-core.MpscChunkedArrayQueue: available
19:37:04.512 [main] DEBUG io.netty.util.internal.InternalThreadLocalMap - -Dio.netty.threadLocalMap.stringBuilder.initialSize: 1024
19:37:04.512 [main] DEBUG io.netty.util.internal.InternalThreadLocalMap - -Dio.netty.threadLocalMap.stringBuilder.maxSize: 4096
19:37:04.591 [main] DEBUG io.netty.handler.ssl.JdkSslContext - Default protocols (JDK): [TLSv1.2, TLSv1.1, TLSv1] 
19:37:04.591 [main] DEBUG io.netty.handler.ssl.JdkSslContext - Default cipher suites (JDK): [TLS_ECDHE_ECDSA_WITH_AES_256_GCM_SHA384, TLS_ECDHE_ECDSA_WITH_AES_128_GCM_SHA256, TLS_ECDHE_RSA_WITH_AES_128_GCM_SHA256, TLS_ECDHE_RSA_WITH_AES_256_GCM_SHA384, TLS_ECDHE_RSA_WITH_AES_128_CBC_SHA, TLS_ECDHE_RSA_WITH_AES_256_CBC_SHA, TLS_RSA_WITH_AES_128_GCM_SHA256, TLS_RSA_WITH_AES_128_CBC_SHA, TLS_RSA_WITH_AES_256_CBC_SHA]
19:37:04.644 [main] DEBUG io.netty.channel.MultithreadEventLoopGroup - -Dio.netty.eventLoopThreads: 8
19:37:04.659 [main] DEBUG io.netty.channel.nio.NioEventLoop - -Dio.netty.noKeySetOptimization: false
19:37:04.659 [main] DEBUG io.netty.channel.nio.NioEventLoop - -Dio.netty.selectorAutoRebuildThreshold: 512
19:37:04.782 [main] DEBUG io.netty.buffer.PooledByteBufAllocator - -Dio.netty.allocator.numHeapArenas: 8
19:37:04.782 [main] DEBUG io.netty.buffer.PooledByteBufAllocator - -Dio.netty.allocator.numDirectArenas: 8
19:37:04.782 [main] DEBUG io.netty.buffer.PooledByteBufAllocator - -Dio.netty.allocator.pageSize: 8192
19:37:04.782 [main] DEBUG io.netty.buffer.PooledByteBufAllocator - -Dio.netty.allocator.maxOrder: 9
19:37:04.782 [main] DEBUG io.netty.buffer.PooledByteBufAllocator - -Dio.netty.allocator.chunkSize: 4194304
19:37:04.782 [main] DEBUG io.netty.buffer.PooledByteBufAllocator - -Dio.netty.allocator.smallCacheSize: 256
19:37:04.782 [main] DEBUG io.netty.buffer.PooledByteBufAllocator - -Dio.netty.allocator.normalCacheSize: 64
19:37:04.782 [main] DEBUG io.netty.buffer.PooledByteBufAllocator - -Dio.netty.allocator.maxCachedBufferCapacity: 32768
19:37:04.782 [main] DEBUG io.netty.buffer.PooledByteBufAllocator - -Dio.netty.allocator.cacheTrimInterval: 8192
19:37:04.782 [main] DEBUG io.netty.buffer.PooledByteBufAllocator - -Dio.netty.allocator.cacheTrimIntervalMillis: 0
19:37:04.782 [main] DEBUG io.netty.buffer.PooledByteBufAllocator - -Dio.netty.allocator.useCacheForAllThreads: false
19:37:04.782 [main] DEBUG io.netty.buffer.PooledByteBufAllocator - -Dio.netty.allocator.maxCachedByteBuffersPerChunk: 1023
19:37:04.797 [main] DEBUG io.netty.buffer.ByteBufUtil - -Dio.netty.allocator.type: pooled
19:37:04.797 [main] DEBUG io.netty.buffer.ByteBufUtil - -Dio.netty.threadLocalDirectBufferSize: 0
19:37:04.797 [main] DEBUG io.netty.buffer.ByteBufUtil - -Dio.netty.maxThreadLocalCharBufferSize: 16384
19:37:05.831 [Forwarding newSession on session null to remote] DEBUG io.netty.channel.DefaultChannelId - -Dio.netty.processId: 25104 (auto-detected)
19:37:05.834 [Forwarding newSession on session null to remote] DEBUG io.netty.util.NetUtil - -Djava.net.preferIPv4Stack: false
19:37:05.834 [Forwarding newSession on session null to remote] DEBUG io.netty.util.NetUtil - -Djava.net.preferIPv6Addresses: false
19:37:06.192 [Forwarding newSession on session null to remote] DEBUG io.netty.util.NetUtilInitializations - Loopback interface: lo (Software Loopback Interface 1, 127.0.0.1)
19:37:06.193 [Forwarding newSession on session null to remote] DEBUG io.netty.util.NetUtil - Failed to get SOMAXCONN from sysctl and file \proc\sys\net\core\somaxconn. Default: 200
19:37:06.218 [Forwarding newSession on session null to remote] DEBUG io.netty.channel.DefaultChannelId - -Dio.netty.machineId: a4:02:b9:ff:fe:26:7f:1e (auto-detected)
19:37:06.321 [AsyncHttpClient-1-2] DEBUG io.netty.buffer.AbstractByteBuf - -Dio.netty.buffer.checkAccessible: true
19:37:06.321 [AsyncHttpClient-1-2] DEBUG io.netty.buffer.AbstractByteBuf - -Dio.netty.buffer.checkBounds: true
19:37:06.321 [AsyncHttpClient-1-2] DEBUG io.netty.util.ResourceLeakDetectorFactory - Loaded default ResourceLeakDetector: io.netty.util.ResourceLeakDetector@4dd1aa1
19:37:06.348 [AsyncHttpClient-1-2] DEBUG org.asynchttpclient.netty.channel.NettyConnectListener - Using new Channel '[id: 0xa58a7efb, L:/127.0.0.1:59838 - R:localhost/127.0.0.1:33441]' for 'POST' to '/session'
19:37:06.380 [AsyncHttpClient-1-2] DEBUG io.netty.util.Recycler - -Dio.netty.recycler.maxCapacityPerThread: 4096
19:37:06.380 [AsyncHttpClient-1-2] DEBUG io.netty.util.Recycler - -Dio.netty.recycler.ratio: 8
19:37:06.380 [AsyncHttpClient-1-2] DEBUG io.netty.util.Recycler - -Dio.netty.recycler.chunkSize: 32
19:37:06.380 [AsyncHttpClient-1-2] DEBUG io.netty.util.Recycler - -Dio.netty.recycler.blocking: false
19:37:08.668 [AsyncHttpClient-1-2] DEBUG io.netty.handler.codec.compression.Brotli - brotli4j not in the classpath; Brotli support will be unavailable.
19:37:08.669 [AsyncHttpClient-1-2] DEBUG org.asynchttpclient.netty.handler.HttpHandler - 

Request DefaultHttpRequest(decodeResult: success, version: HTTP/1.1)
POST /session HTTP/1.1
User-Agent: selenium/4.8.1 (java windows)
Content-Length: 1701
Content-Type: application/json; charset=utf-8
host: localhost:33441
accept: */*

Response DefaultHttpResponse(decodeResult: success, version: HTTP/1.1)
HTTP/1.1 200 OK
Content-Length: 859
Content-Type: application/json; charset=utf-8
cache-control: no-cache

19:37:08.700 [AsyncHttpClient-1-2] DEBUG org.asynchttpclient.netty.channel.ChannelManager - Adding key: http://localhost:33441 for channel [id: 0xa58a7efb, L:/127.0.0.1:59838 - R:localhost/127.0.0.1:33441]
19:37:08.927 [AsyncHttpClient-1-3] DEBUG org.asynchttpclient.netty.channel.NettyConnectListener - Using new Channel '[id: 0x02ba94df, L:/127.0.0.1:59848 - R:localhost/127.0.0.1:59840]' for 'GET' to '/json/version'
19:37:08.930 [AsyncHttpClient-1-3] DEBUG org.asynchttpclient.netty.handler.HttpHandler - 

Request DefaultFullHttpRequest(decodeResult: success, version: HTTP/1.1, content: EmptyByteBufBE)
GET /json/version HTTP/1.1
User-Agent: selenium/4.8.1 (java windows)
host: localhost:59840
accept: */*

Response DefaultHttpResponse(decodeResult: success, version: HTTP/1.1)
HTTP/1.1 200 OK
Content-Security-Policy: frame-ancestors 'none'
Content-Length: 422
Content-Type: application/json; charset=UTF-8

19:37:08.931 [AsyncHttpClient-1-3] DEBUG org.asynchttpclient.netty.channel.ChannelManager - Adding key: http://localhost:59840 for channel [id: 0x02ba94df, L:/127.0.0.1:59848 - R:localhost/127.0.0.1:59840]
19:37:08.949 [main] DEBUG io.netty.util.internal.ThreadLocalRandom - -Dio.netty.initialSeedUniquifier: 0x758565dfde813fe6
19:37:08.959 [AsyncHttpClient-1-4] DEBUG org.asynchttpclient.netty.channel.NettyConnectListener - Using new Channel '[id: 0x6369d027, L:/127.0.0.1:59849 - R:localhost/127.0.0.1:59840]' for 'GET' to '/devtools/browser/82eee960-64de-462a-bb7f-876e3edb9989'
19:37:08.962 [AsyncHttpClient-1-4] DEBUG org.asynchttpclient.netty.handler.WebSocketHandler - 

Request DefaultFullHttpRequest(decodeResult: success, version: HTTP/1.1, content: EmptyByteBufBE)
GET /devtools/browser/82eee960-64de-462a-bb7f-876e3edb9989 HTTP/1.1
upgrade: websocket
connection: upgrade
sec-websocket-key: vP34rZHCTJZhFPxAIaWVkg==
sec-websocket-version: 13
origin: http://localhost:59840
host: localhost:59840
accept: */*
user-agent: AHC/2.1

Response DefaultHttpResponse(decodeResult: success, version: HTTP/1.1)
HTTP/1.1 101 WebSocket Protocol Handshake
Upgrade: WebSocket
Connection: Upgrade
Sec-WebSocket-Accept: rthzaSDc4sA926kBLtMzZ46vQl8=

19:37:09.001 [AsyncHttpClient-1-1] DEBUG org.asynchttpclient.netty.channel.DefaultChannelPool - Entry count for : http://localhost:59840 : 1
19:37:09.002 [AsyncHttpClient-1-1] DEBUG org.asynchttpclient.netty.channel.DefaultChannelPool - Entry count for : http://localhost:33441 : 1
19:37:09.288 [Forwarding get on session 28dfc3f9d83e41f0f219780affd700ac to remote] DEBUG org.asynchttpclient.netty.request.NettyRequestSender - Using pooled Channel '[id: 0xa58a7efb, L:/127.0.0.1:59838 - R:localhost/127.0.0.1:33441]' for 'POST' to 'http://localhost:33441/session/28dfc3f9d83e41f0f219780affd700ac/url'
19:37:09.288 [Forwarding get on session 28dfc3f9d83e41f0f219780affd700ac to remote] DEBUG org.asynchttpclient.netty.request.NettyRequestSender - Using open Channel [id: 0xa58a7efb, L:/127.0.0.1:59838 - R:localhost/127.0.0.1:33441] for POST '/session/28dfc3f9d83e41f0f219780affd700ac/url'
19:37:09.773 [AsyncHttpClient-1-2] DEBUG org.asynchttpclient.netty.handler.HttpHandler - 

Request DefaultHttpRequest(decodeResult: success, version: HTTP/1.1)
POST /session/28dfc3f9d83e41f0f219780affd700ac/url HTTP/1.1
User-Agent: selenium/4.8.1 (java windows)
Content-Length: 68
Content-Type: application/json; charset=utf-8
host: localhost:33441
accept: */*

Response DefaultHttpResponse(decodeResult: success, version: HTTP/1.1)
HTTP/1.1 200 OK
Content-Length: 14
Content-Type: application/json; charset=utf-8
cache-control: no-cache

19:37:09.774 [AsyncHttpClient-1-2] DEBUG org.asynchttpclient.netty.channel.ChannelManager - Adding key: http://localhost:33441 for channel [id: 0xa58a7efb, L:/127.0.0.1:59838 - R:localhost/127.0.0.1:33441]
19:37:09.786 [Forwarding setTimeout on session 28dfc3f9d83e41f0f219780affd700ac to remote] DEBUG org.asynchttpclient.netty.request.NettyRequestSender - Using pooled Channel '[id: 0xa58a7efb, L:/127.0.0.1:59838 - R:localhost/127.0.0.1:33441]' for 'POST' to 'http://localhost:33441/session/28dfc3f9d83e41f0f219780affd700ac/timeouts'
19:37:09.786 [Forwarding setTimeout on session 28dfc3f9d83e41f0f219780affd700ac to remote] DEBUG org.asynchttpclient.netty.request.NettyRequestSender - Using open Channel [id: 0xa58a7efb, L:/127.0.0.1:59838 - R:localhost/127.0.0.1:33441] for POST '/session/28dfc3f9d83e41f0f219780affd700ac/timeouts'
19:37:09.792 [AsyncHttpClient-1-2] DEBUG org.asynchttpclient.netty.handler.HttpHandler - 

Request DefaultHttpRequest(decodeResult: success, version: HTTP/1.1)
POST /session/28dfc3f9d83e41f0f219780affd700ac/timeouts HTTP/1.1
User-Agent: selenium/4.8.1 (java windows)
Content-Length: 22
Content-Type: application/json; charset=utf-8
host: localhost:33441
accept: */*

Response DefaultHttpResponse(decodeResult: success, version: HTTP/1.1)
HTTP/1.1 200 OK
Content-Length: 14
Content-Type: application/json; charset=utf-8
cache-control: no-cache

19:37:09.793 [AsyncHttpClient-1-2] DEBUG org.asynchttpclient.netty.channel.ChannelManager - Adding key: http://localhost:33441 for channel [id: 0xa58a7efb, L:/127.0.0.1:59838 - R:localhost/127.0.0.1:33441]
19:37:09.827 [Forwarding findElement on session 28dfc3f9d83e41f0f219780affd700ac to remote] DEBUG org.asynchttpclient.netty.request.NettyRequestSender - Using pooled Channel '[id: 0xa58a7efb, L:/127.0.0.1:59838 - R:localhost/127.0.0.1:33441]' for 'POST' to 'http://localhost:33441/session/28dfc3f9d83e41f0f219780affd700ac/element'
19:37:09.827 [Forwarding findElement on session 28dfc3f9d83e41f0f219780affd700ac to remote] DEBUG org.asynchttpclient.netty.request.NettyRequestSender - Using open Channel [id: 0xa58a7efb, L:/127.0.0.1:59838 - R:localhost/127.0.0.1:33441] for POST '/session/28dfc3f9d83e41f0f219780affd700ac/element'
19:37:09.873 [AsyncHttpClient-1-2] DEBUG org.asynchttpclient.netty.handler.HttpHandler - 

Request DefaultHttpRequest(decodeResult: success, version: HTTP/1.1)
POST /session/28dfc3f9d83e41f0f219780affd700ac/element HTTP/1.1
User-Agent: selenium/4.8.1 (java windows)
Content-Length: 74
Content-Type: application/json; charset=utf-8
host: localhost:33441
accept: */*

Response DefaultHttpResponse(decodeResult: success, version: HTTP/1.1)
HTTP/1.1 400 Bad Request
Content-Length: 1212
Content-Type: application/json; charset=utf-8
cache-control: no-cache

19:37:09.874 [AsyncHttpClient-1-2] DEBUG org.asynchttpclient.netty.channel.ChannelManager - Adding key: http://localhost:33441 for channel [id: 0xa58a7efb, L:/127.0.0.1:59838 - R:localhost/127.0.0.1:33441]
19:37:09.940 [main] DEBUG net.serenitybdd.core.photography.Darkroom - Opening darkroom
19:37:09.942 [Darkroom Processing Line] DEBUG net.serenitybdd.core.photography.DarkroomProcessingLine - Darkroom processing line starting up
19:37:09.980 [Forwarding getAlertText on session 28dfc3f9d83e41f0f219780affd700ac to remote] DEBUG org.asynchttpclient.netty.request.NettyRequestSender - Using pooled Channel '[id: 0xa58a7efb, L:/127.0.0.1:59838 - R:localhost/127.0.0.1:33441]' for 'GET' to 'http://localhost:33441/session/28dfc3f9d83e41f0f219780affd700ac/alert/text'
19:37:09.981 [Forwarding getAlertText on session 28dfc3f9d83e41f0f219780affd700ac to remote] DEBUG org.asynchttpclient.netty.request.NettyRequestSender - Using open Channel [id: 0xa58a7efb, L:/127.0.0.1:59838 - R:localhost/127.0.0.1:33441] for GET '/session/28dfc3f9d83e41f0f219780affd700ac/alert/text'
19:37:09.989 [AsyncHttpClient-1-2] DEBUG org.asynchttpclient.netty.handler.HttpHandler - 

Request DefaultFullHttpRequest(decodeResult: success, version: HTTP/1.1, content: EmptyByteBufBE)
GET /session/28dfc3f9d83e41f0f219780affd700ac/alert/text HTTP/1.1
User-Agent: selenium/4.8.1 (java windows)
Cache-Control: no-cache
Content-Type: application/json; charset=utf-8
host: localhost:33441
accept: */*

Response DefaultHttpResponse(decodeResult: success, version: HTTP/1.1)
HTTP/1.1 404 Not Found
Content-Length: 847
Content-Type: application/json; charset=utf-8
cache-control: no-cache

19:37:09.989 [AsyncHttpClient-1-2] DEBUG org.asynchttpclient.netty.channel.ChannelManager - Adding key: http://localhost:33441 for channel [id: 0xa58a7efb, L:/127.0.0.1:59838 - R:localhost/127.0.0.1:33441]
19:37:09.999 [Forwarding getCurrentUrl on session 28dfc3f9d83e41f0f219780affd700ac to remote] DEBUG org.asynchttpclient.netty.request.NettyRequestSender - Using pooled Channel '[id: 0xa58a7efb, L:/127.0.0.1:59838 - R:localhost/127.0.0.1:33441]' for 'GET' to 'http://localhost:33441/session/28dfc3f9d83e41f0f219780affd700ac/url'
19:37:09.999 [Forwarding getCurrentUrl on session 28dfc3f9d83e41f0f219780affd700ac to remote] DEBUG org.asynchttpclient.netty.request.NettyRequestSender - Using open Channel [id: 0xa58a7efb, L:/127.0.0.1:59838 - R:localhost/127.0.0.1:33441] for GET '/session/28dfc3f9d83e41f0f219780affd700ac/url'
19:37:10.009 [AsyncHttpClient-1-2] DEBUG org.asynchttpclient.netty.handler.HttpHandler - 

Request DefaultFullHttpRequest(decodeResult: success, version: HTTP/1.1, content: EmptyByteBufBE)
GET /session/28dfc3f9d83e41f0f219780affd700ac/url HTTP/1.1
User-Agent: selenium/4.8.1 (java windows)
Cache-Control: no-cache
Content-Type: application/json; charset=utf-8
host: localhost:33441
accept: */*

Response DefaultHttpResponse(decodeResult: success, version: HTTP/1.1)
HTTP/1.1 200 OK
Content-Length: 50
Content-Type: application/json; charset=utf-8
cache-control: no-cache

19:37:10.009 [AsyncHttpClient-1-2] DEBUG org.asynchttpclient.netty.channel.ChannelManager - Adding key: http://localhost:33441 for channel [id: 0xa58a7efb, L:/127.0.0.1:59838 - R:localhost/127.0.0.1:33441]
19:37:10.021 [Forwarding screenshot on session 28dfc3f9d83e41f0f219780affd700ac to remote] DEBUG org.asynchttpclient.netty.request.NettyRequestSender - Using pooled Channel '[id: 0xa58a7efb, L:/127.0.0.1:59838 - R:localhost/127.0.0.1:33441]' for 'GET' to 'http://localhost:33441/session/28dfc3f9d83e41f0f219780affd700ac/screenshot'
19:37:10.021 [Forwarding screenshot on session 28dfc3f9d83e41f0f219780affd700ac to remote] DEBUG org.asynchttpclient.netty.request.NettyRequestSender - Using open Channel [id: 0xa58a7efb, L:/127.0.0.1:59838 - R:localhost/127.0.0.1:33441] for GET '/session/28dfc3f9d83e41f0f219780affd700ac/screenshot'
19:37:10.073 [AsyncHttpClient-1-1] DEBUG org.asynchttpclient.netty.channel.DefaultChannelPool - Entry count for : http://localhost:59840 : 1
19:37:10.181 [AsyncHttpClient-1-2] DEBUG org.asynchttpclient.netty.handler.HttpHandler - 

Request DefaultFullHttpRequest(decodeResult: success, version: HTTP/1.1, content: EmptyByteBufBE)
GET /session/28dfc3f9d83e41f0f219780affd700ac/screenshot HTTP/1.1
User-Agent: selenium/4.8.1 (java windows)
Cache-Control: no-cache
Content-Type: application/json; charset=utf-8
host: localhost:33441
accept: */*

Response DefaultHttpResponse(decodeResult: success, version: HTTP/1.1)
HTTP/1.1 200 OK
Content-Length: 22796
Content-Type: application/json; charset=utf-8
cache-control: no-cache

19:37:10.183 [AsyncHttpClient-1-2] DEBUG org.asynchttpclient.netty.channel.ChannelManager - Adding key: http://localhost:33441 for channel [id: 0xa58a7efb, L:/127.0.0.1:59838 - R:localhost/127.0.0.1:33441]
19:37:10.432 [main] DEBUG net.serenitybdd.core.photography.Darkroom - Send negative for processing for target\site\serenity\c36f4f1fd81945de35375d0de8f7737c3c7c306d30c204a60de550252829d8c0.png
19:37:10.441 [Darkroom Processing Line] DEBUG net.serenitybdd.core.photography.DarkroomProcessingLine - Processing screenshot image in /var/screenshots/screenshot-7189485029456315873
19:37:10.441 [Darkroom Processing Line] DEBUG net.serenitybdd.core.photography.DarkroomProcessingLine - Saving screenshot to target\site\serenity\c36f4f1fd81945de35375d0de8f7737c3c7c306d30c204a60de550252829d8c0.png
19:37:10.453 [Forwarding getPageSource on session 28dfc3f9d83e41f0f219780affd700ac to remote] DEBUG org.asynchttpclient.netty.request.NettyRequestSender - Using pooled Channel '[id: 0xa58a7efb, L:/127.0.0.1:59838 - R:localhost/127.0.0.1:33441]' for 'POST' to 'http://localhost:33441/session/28dfc3f9d83e41f0f219780affd700ac/execute/sync'
19:37:10.454 [Forwarding getPageSource on session 28dfc3f9d83e41f0f219780affd700ac to remote] DEBUG org.asynchttpclient.netty.request.NettyRequestSender - Using open Channel [id: 0xa58a7efb, L:/127.0.0.1:59838 - R:localhost/127.0.0.1:33441] for POST '/session/28dfc3f9d83e41f0f219780affd700ac/execute/sync'
19:37:10.521 [AsyncHttpClient-1-2] DEBUG org.asynchttpclient.netty.handler.HttpHandler - 

Request DefaultHttpRequest(decodeResult: success, version: HTTP/1.1)
POST /session/28dfc3f9d83e41f0f219780affd700ac/execute/sync HTTP/1.1
User-Agent: selenium/4.8.1 (java windows)
Content-Length: 176
Content-Type: application/json; charset=utf-8
host: localhost:33441
accept: */*

Response DefaultHttpResponse(decodeResult: success, version: HTTP/1.1)
HTTP/1.1 200 OK
Content-Length: 4282
Content-Type: application/json; charset=utf-8
cache-control: no-cache

19:37:10.522 [AsyncHttpClient-1-2] DEBUG org.asynchttpclient.netty.channel.ChannelManager - Adding key: http://localhost:33441 for channel [id: 0xa58a7efb, L:/127.0.0.1:59838 - R:localhost/127.0.0.1:33441]
19:37:10.796 [Forwarding getCurrentUrl on session 28dfc3f9d83e41f0f219780affd700ac to remote] DEBUG org.asynchttpclient.netty.request.NettyRequestSender - Using pooled Channel '[id: 0xa58a7efb, L:/127.0.0.1:59838 - R:localhost/127.0.0.1:33441]' for 'GET' to 'http://localhost:33441/session/28dfc3f9d83e41f0f219780affd700ac/url'
19:37:10.796 [Forwarding getCurrentUrl on session 28dfc3f9d83e41f0f219780affd700ac to remote] DEBUG org.asynchttpclient.netty.request.NettyRequestSender - Using open Channel [id: 0xa58a7efb, L:/127.0.0.1:59838 - R:localhost/127.0.0.1:33441] for GET '/session/28dfc3f9d83e41f0f219780affd700ac/url'
19:37:10.807 [AsyncHttpClient-1-2] DEBUG org.asynchttpclient.netty.handler.HttpHandler - 

Request DefaultFullHttpRequest(decodeResult: success, version: HTTP/1.1, content: EmptyByteBufBE)
GET /session/28dfc3f9d83e41f0f219780affd700ac/url HTTP/1.1
User-Agent: selenium/4.8.1 (java windows)
Cache-Control: no-cache
Content-Type: application/json; charset=utf-8
host: localhost:33441
accept: */*

Response DefaultHttpResponse(decodeResult: success, version: HTTP/1.1)
HTTP/1.1 200 OK
Content-Length: 50
Content-Type: application/json; charset=utf-8
cache-control: no-cache

19:37:10.809 [AsyncHttpClient-1-2] DEBUG org.asynchttpclient.netty.channel.ChannelManager - Adding key: http://localhost:33441 for channel [id: 0xa58a7efb, L:/127.0.0.1:59838 - R:localhost/127.0.0.1:33441]
  &amp#27;[31mGiven &amp#27;[0m&amp#27;[31muser on home page&amp#27;[0m                      &amp#27;[90m# starter.stepdefinitions.DetailKASteps.userOnHomePage()&amp#27;[0m
      &amp#27;[31mjava.lang.AssertionError: Element should be visible
	at net.serenitybdd.core.pages.WebElementFacadeImpl.failWithMessage(WebElementFacadeImpl.java:980)
	at net.serenitybdd.core.pages.WebElementFacadeImpl.shouldBeVisible(WebElementFacadeImpl.java:433)
	at starter.pages.DetailKAPage.onHomePage(DetailKAPage.java:27)
	at starter.pages.DetailKAPage$ByteBuddy$G4D6BUm2.onHomePage$accessor$1hegO9ms(Unknown Source)
	at sun.reflect.NativeMethodAccessorImpl.invoke0(Native Method)
	at sun.reflect.NativeMethodAccessorImpl.invoke(NativeMethodAccessorImpl.java:62)
	at sun.reflect.DelegatingMethodAccessorImpl.invoke(DelegatingMethodAccessorImpl.java:43)
	at java.lang.reflect.Method.invoke(Method.java:498)
	at net.thucydides.core.steps.StepInterceptor.invokeMethod(StepInterceptor.java:518)
	at net.thucydides.core.steps.StepInterceptor.executeTestStepMethod(StepInterceptor.java:498)
	at net.thucydides.core.steps.StepInterceptor.runTestStep(StepInterceptor.java:472)
	at net.thucydides.core.steps.StepInterceptor.runOrSkipMethod(StepInterceptor.java:211)
	at net.thucydides.core.steps.StepInterceptor.testStepResult(StepInterceptor.java:198)
	at net.thucydides.core.steps.StepInterceptor.intercept(StepInterceptor.java:86)
	at net.thucydides.core.steps.ProxyConfiguration$InterceptorDispatcher.intercept(ProxyConfiguration.java:51)
	at starter.pages.DetailKAPage$ByteBuddy$G4D6BUm2.onHomePage(Unknown Source)
	at starter.stepdefinitions.DetailKASteps.userOnHomePage(DetailKASteps.java:15)
	at âœ½.user on home page(file:///D:/D/QE_Alta/capstone/web-automation-test/src/test/resources/features/DaftarKA.feature:5)
&amp#27;[0m
  &amp#27;[36mWhen &amp#27;[0m&amp#27;[36muser click menu Daftar KA&amp#27;[0m               &amp#27;[90m# starter.stepdefinitions.DetailKASteps.userClickMenuDaftarKA()&amp#27;[0m
  &amp#27;[36mAnd &amp#27;[0m&amp#27;[36muser click data KA on Daftar KA page&amp#27;[0m     &amp#27;[90m# starter.stepdefinitions.DetailKASteps.userClickDataKAOnDaftarKAPage()&amp#27;[0m
  &amp#27;[36mThen &amp#27;[0m&amp#27;[36muser see detail KA page&amp#27;[0m                 &amp#27;[90m# starter.stepdefinitions.DetailKASteps.userSeeDetailKAPage()&amp#27;[0m
19:37:10.961 [main] ERROR  - 
  _____   ___   ___   _____     ___     _     ___   _      ___   ___  
 |_   _| | __| / __| |_   _|   | __|   /_\   |_ _| | |    | __| |   \ 
   | |   | _|  \__ \   | |     | _|   / _ \   | |  | |__  | _|  | |) |
   |_|   |___| |___/   |_|     |_|   /_/ \_\ |___| |____| |___| |___/ 

as user i want to see Daftar KA Page
-----------------------------------------------------------------------
19:37:10.966 [main] DEBUG  - RELATED ISSUES: 
19:37:10.969 [main] ERROR  -     Test failed at step: On home page
19:37:10.970 [main] ERROR  -     Element should be visible
19:37:11.119 [AsyncHttpClient-1-4] DEBUG org.asynchttpclient.netty.handler.WebSocketHandler - Channel Closed: [id: 0x6369d027, L:/127.0.0.1:59849 ! R:localhost/127.0.0.1:59840] with attribute NettyResponseFuture{currentRetry=0,
	isDone=1,
	isCancelled=0,
	asyncHandler=org.asynchttpclient.ws.WebSocketUpgradeHandler@78605596,
	nettyRequest=org.asynchttpclient.netty.request.NettyRequest@274e1aa,
	future=java.util.concurrent.CompletableFuture@4922c88d[Completed normally],
	uri=ws://localhost:59840/devtools/browser/82eee960-64de-462a-bb7f-876e3edb9989,
	keepAlive=true,
	redirectCount=0,
	timeoutsHolder=null,
	inAuth=0,
	touch=1684499828988}
19:37:11.120 [AsyncHttpClient-1-4] DEBUG org.asynchttpclient.netty.channel.ChannelManager - Closing Channel [id: 0x6369d027, L:/127.0.0.1:59849 ! R:localhost/127.0.0.1:59840] 
19:37:11.208 [Driver Command Executor] DEBUG org.asynchttpclient.netty.request.NettyRequestSender - Using pooled Channel '[id: 0xa58a7efb, L:/127.0.0.1:59838 - R:localhost/127.0.0.1:33441]' for 'DELETE' to 'http://localhost:33441/session/28dfc3f9d83e41f0f219780affd700ac'
19:37:11.208 [Driver Command Executor] DEBUG org.asynchttpclient.netty.request.NettyRequestSender - Using open Channel [id: 0xa58a7efb, L:/127.0.0.1:59838 - R:localhost/127.0.0.1:33441] for DELETE '/session/28dfc3f9d83e41f0f219780affd700ac'
19:37:11.222 [AsyncHttpClient-1-1] DEBUG org.asynchttpclient.netty.channel.DefaultChannelPool - Entry count for : http://localhost:59840 : 1
19:37:11.967 [AsyncHttpClient-1-3] DEBUG org.asynchttpclient.netty.handler.HttpHandler - Unexpected I/O exception on channel [id: 0x02ba94df, L:/127.0.0.1:59848 - R:localhost/127.0.0.1:59840]
java.io.IOException: An existing connection was forcibly closed by the remote host
	at sun.nio.ch.SocketDispatcher.read0(Native Method)
	at sun.nio.ch.SocketDispatcher.read(SocketDispatcher.java:43)
	at sun.nio.ch.IOUtil.readIntoNativeBuffer(IOUtil.java:223)
	at sun.nio.ch.IOUtil.read(IOUtil.java:192)
	at sun.nio.ch.SocketChannelImpl.read(SocketChannelImpl.java:380)
	at io.netty.buffer.PooledByteBuf.setBytes(PooledByteBuf.java:259)
	at io.netty.buffer.AbstractByteBuf.writeBytes(AbstractByteBuf.java:1132)
	at io.netty.channel.socket.nio.NioSocketChannel.doReadBytes(NioSocketChannel.java:357)
	at io.netty.channel.nio.AbstractNioByteChannel$NioByteUnsafe.read(AbstractNioByteChannel.java:151)
	at io.netty.channel.nio.NioEventLoop.processSelectedKey(NioEventLoop.java:788)
	at io.netty.channel.nio.NioEventLoop.processSelectedKeysOptimized(NioEventLoop.java:724)
	at io.netty.channel.nio.NioEventLoop.processSelectedKeys(NioEventLoop.java:650)
	at io.netty.channel.nio.NioEventLoop.run(NioEventLoop.java:562)
	at io.netty.util.concurrent.SingleThreadEventExecutor$4.run(SingleThreadEventExecutor.java:997)
	at io.netty.util.internal.ThreadExecutorMap$2.run(ThreadExecutorMap.java:74)
	at io.netty.util.concurrent.FastThreadLocalRunnable.run(FastThreadLocalRunnable.java:30)
	at java.lang.Thread.run(Thread.java:748)
19:37:11.968 [AsyncHttpClient-1-3] DEBUG org.asynchttpclient.netty.channel.ChannelManager - Closing Channel [id: 0x02ba94df, L:/127.0.0.1:59848 - R:localhost/127.0.0.1:59840] 
19:37:11.972 [AsyncHttpClient-1-3] DEBUG org.asynchttpclient.netty.handler.HttpHandler - Channel Closed: [id: 0x02ba94df, L:/127.0.0.1:59848 ! R:localhost/127.0.0.1:59840] with attribute DISCARD
19:37:12.023 [AsyncHttpClient-1-2] DEBUG org.asynchttpclient.netty.handler.HttpHandler - 

Request DefaultFullHttpRequest(decodeResult: success, version: HTTP/1.1, content: EmptyByteBufBE)
DELETE /session/28dfc3f9d83e41f0f219780affd700ac HTTP/1.1
User-Agent: selenium/4.8.1 (java windows)
Content-Type: application/json; charset=utf-8
host: localhost:33441
accept: */*

Response DefaultHttpResponse(decodeResult: success, version: HTTP/1.1)
HTTP/1.1 200 OK
Content-Length: 14
Content-Type: application/json; charset=utf-8
cache-control: no-cache

19:37:12.023 [AsyncHttpClient-1-2] DEBUG org.asynchttpclient.netty.channel.ChannelManager - Adding key: http://localhost:33441 for channel [id: 0xa58a7efb, L:/127.0.0.1:59838 - R:localhost/127.0.0.1:33441]
19:37:12.477 [AsyncHttpClient-1-1] DEBUG org.asynchttpclient.netty.channel.DefaultChannelPool - Entry count for : http://localhost:59840 : 1
19:37:12.477 [AsyncHttpClient-1-1] DEBUG org.asynchttpclient.netty.channel.DefaultChannelPool - Entry count for : http://localhost:33441 : 1
19:37:12.477 [AsyncHttpClient-1-1] DEBUG org.asynchttpclient.netty.channel.DefaultChannelPool - Adding Candidate expired Channel [id: 0x02ba94df, L:/127.0.0.1:59848 ! R:localhost/127.0.0.1:59840] isIdleTimeoutExpired=false isRemotelyClosed=true isTtlExpired=false
19:37:12.477 [AsyncHttpClient-1-1] DEBUG org.asynchttpclient.netty.channel.DefaultChannelPool - Closing Idle Channel [id: 0x02ba94df, L:/127.0.0.1:59848 ! R:localhost/127.0.0.1:59840]
19:37:12.477 [AsyncHttpClient-1-1] DEBUG org.asynchttpclient.netty.channel.DefaultChannelPool - Closed 1 connections out of 2 in 0 ms
19:37:13.059 [AsyncHttpClient-1-2] DEBUG org.asynchttpclient.netty.handler.HttpHandler - Unexpected I/O exception on channel [id: 0xa58a7efb, L:/127.0.0.1:59838 - R:localhost/127.0.0.1:33441]
java.io.IOException: An existing connection was forcibly closed by the remote host
	at sun.nio.ch.SocketDispatcher.read0(Native Method)
	at sun.nio.ch.SocketDispatcher.read(SocketDispatcher.java:43)
	at sun.nio.ch.IOUtil.readIntoNativeBuffer(IOUtil.java:223)
	at sun.nio.ch.IOUtil.read(IOUtil.java:192)
	at sun.nio.ch.SocketChannelImpl.read(SocketChannelImpl.java:380)
	at io.netty.buffer.PooledByteBuf.setBytes(PooledByteBuf.java:259)
	at io.netty.buffer.AbstractByteBuf.writeBytes(AbstractByteBuf.java:1132)
	at io.netty.channel.socket.nio.NioSocketChannel.doReadBytes(NioSocketChannel.java:357)
	at io.netty.channel.nio.AbstractNioByteChannel$NioByteUnsafe.read(AbstractNioByteChannel.java:151)
	at io.netty.channel.nio.NioEventLoop.processSelectedKey(NioEventLoop.java:788)
	at io.netty.channel.nio.NioEventLoop.processSelectedKeysOptimized(NioEventLoop.java:724)
	at io.netty.channel.nio.NioEventLoop.processSelectedKeys(NioEventLoop.java:650)
	at io.netty.channel.nio.NioEventLoop.run(NioEventLoop.java:562)
	at io.netty.util.concurrent.SingleThreadEventExecutor$4.run(SingleThreadEventExecutor.java:997)
	at io.netty.util.internal.ThreadExecutorMap$2.run(ThreadExecutorMap.java:74)
	at io.netty.util.concurrent.FastThreadLocalRunnable.run(FastThreadLocalRunnable.java:30)
	at java.lang.Thread.run(Thread.java:748)
19:37:13.059 [AsyncHttpClient-1-2] DEBUG org.asynchttpclient.netty.channel.ChannelManager - Closing Channel [id: 0xa58a7efb, L:/127.0.0.1:59838 - R:localhost/127.0.0.1:33441] 
19:37:13.060 [AsyncHttpClient-1-2] DEBUG org.asynchttpclient.netty.handler.HttpHandler - Channel Closed: [id: 0xa58a7efb, L:/127.0.0.1:59838 ! R:localhost/127.0.0.1:33441] with attribute DISCARD
]]></system-out>
    <system-err><![CDATA[Starting ChromeDriver 113.0.5672.63 (0e1a4471d5ae5bf128b1bd8f4d627c8cbd55f70c-refs/branch-heads/5672@{#912}) on port 33441
Only local connections are allowed.
Please see https://chromedriver.chromium.org/security-considerations for suggestions on keeping ChromeDriver safe.
ChromeDriver was started successfully.
May 19, 2023 7:37:09 PM org.openqa.selenium.devtools.CdpVersionFinder findNearestMatch
WARNING: Unable to find an exact match for CDP version 113, so returning the closest version found: 110
]]></system-err>
  </testcase>
</testsuite>